31.05.13 03:22:24 >> Сервер запущен. Ожидание входящих подключений.
31.05.13 03:22:32 >> Подключен клиент: 127.0.0.1
31.05.13 03:23:55 >> Подключен клиент: 192.168.10.39
31.05.13 03:24:54 >> Web Server отключен. Причина: Удаленный хост принудительно разорвал существующее подключение
31.05.13 03:26:23 >> Подключен клиент: 127.0.0.1
31.05.13 03:26:44 >> HookCon_Service сообщает : Game#1025141 Start
31.05.13 03:27:14 >> HookCon_Service сообщает : Game#1025141 Win Number: [8]
31.05.13 03:27:14 >> HookCon_Service сообщает : Game#1025141 End
31.05.13 03:27:44 >> HookCon_Service сообщает : Game#1025142 Start
31.05.13 03:28:12 >> HookCon_Service сообщает : Game#1025142 Win Number: [0]
31.05.13 03:28:12 >> HookCon_Service сообщает : Game#1025142 End
31.05.13 03:28:49 >> HookCon_Service сообщает : Game#1025143 Start
31.05.13 03:29:50 >> Сервер запущен. Ожидание входящих подключений.
31.05.13 03:30:30 >> Подключен клиент: 192.168.10.39
31.05.13 03:30:42 >> HookCon_Service сообщает : Game#1025145 Start
31.05.13 03:30:42 >> Подключен клиент: 127.0.0.1
31.05.13 03:31:11 >> HookCon_Service сообщает : Game#1025145 Win Number: [7]
31.05.13 03:31:11 >> HookCon_Service сообщает : Game#1025145 End
31.05.13 03:31:41 >> HookCon_Service сообщает : Game#1025146 Start
31.05.13 03:32:13 >> HookCon_Service сообщает : Game#1025146 Win Number: [31]
31.05.13 03:32:14 >> HookCon_Service сообщает : Game#1025146 End
31.05.13 03:32:43 >> HookCon_Service сообщает : Game#1025147 Start
31.05.13 03:33:12 >> HookCon_Service сообщает : Game#1025147 Win Number: [9]
31.05.13 03:33:13 >> HookCon_Service сообщает : Game#1025147 End
31.05.13 03:33:42 >> HookCon_Service сообщает : Game#1025148 Start
31.05.13 03:34:12 >> HookCon_Service сообщает : Game#1025148 Win Number: [9]
31.05.13 03:34:12 >> HookCon_Service сообщает : Game#1025148 End
31.05.13 03:34:49 >> HookCon_Service сообщает : Game#1025149 Start
31.05.13 03:35:17 >> HookCon_Service сообщает : Game#1025149 Win Number: [27]
31.05.13 03:35:18 >> HookCon_Service сообщает : Game#1025149 End
31.05.13 03:35:48 >> HookCon_Service сообщает : Game#1025150 Start
31.05.13 03:36:16 >> HookCon_Service сообщает : Game#1025150 Win Number: [6]
31.05.13 03:36:16 >> HookCon_Service сообщает : Game#1025150 End
31.05.13 03:36:46 >> HookCon_Service сообщает : Game#1025151 Start
31.05.13 03:37:05 >> Web Server отключен. Причина: Удаленный хост принудительно разорвал существующее подключение
31.05.13 03:37:16 >> HookCon_Service сообщает : Game#1025151 Win Number: [3]
31.05.13 03:37:17 >> HookCon_Service сообщает : Game#1025151 End
31.05.13 03:37:46 >> HookCon_Service сообщает : Game#1025152 Start
31.05.13 03:38:17 >> HookCon_Service сообщает : Game#1025152 Win Number: [33]
31.05.13 03:38:17 >> HookCon_Service сообщает : Game#1025152 End
31.05.13 03:38:47 >> HookCon_Service сообщает : Game#1025153 Start
31.05.13 03:39:18 >> HookCon_Service сообщает : Game#1025153 Win Number: [22]
31.05.13 03:39:19 >> HookCon_Service сообщает : Game#1025153 End
31.05.13 03:39:49 >> HookCon_Service сообщает : Game#1025154 Start
31.05.13 03:40:19 >> HookCon_Service сообщает : Game#1025154 Win Number: [29]
31.05.13 03:40:19 >> HookCon_Service сообщает : Game#1025154 End
31.05.13 03:40:49 >> HookCon_Service сообщает : Game#1025155 Start
31.05.13 03:41:21 >> HookCon_Service сообщает : Game#1025155 Win Number: [27]
31.05.13 03:41:21 >> HookCon_Service сообщает : Game#1025155 End
31.05.13 03:41:51 >> HookCon_Service сообщает : Game#1025156 Start
31.05.13 03:42:19 >> HookCon_Service сообщает : Game#1025156 Win Number: [27]
31.05.13 03:42:19 >> HookCon_Service сообщает : Game#1025156 End
31.05.13 03:42:49 >> HookCon_Service сообщает : Game#1025157 Start
31.05.13 03:43:16 >> HookCon_Service сообщает : Game#1025157 Win Number: [26]
31.05.13 03:43:17 >> HookCon_Service сообщает : Game#1025157 End
31.05.13 03:43:46 >> HookCon_Service сообщает : Game#1025158 Start
31.05.13 03:44:16 >> HookCon_Service сообщает : Game#1025158 Win Number: [19]
31.05.13 03:44:16 >> HookCon_Service сообщает : Game#1025158 End
31.05.13 03:44:46 >> HookCon_Service сообщает : Game#1025159 Start
31.05.13 03:45:13 >> HookCon_Service сообщает : Game#1025159 Win Number: [2]
31.05.13 03:45:14 >> HookCon_Service сообщает : Game#1025159 End
31.05.13 03:45:45 >> HookCon_Service сообщает : Game#1025160 Start
31.05.13 03:46:15 >> HookCon_Service сообщает : Game#1025160 Win Number: [21]
31.05.13 03:46:16 >> HookCon_Service сообщает : Game#1025160 End
31.05.13 03:46:45 >> HookCon_Service сообщает : Game#1025161 Start
31.05.13 03:47:15 >> HookCon_Service сообщает : Game#1025161 Win Number: [29]
31.05.13 03:47:16 >> HookCon_Service сообщает : Game#1025161 End
31.05.13 03:47:45 >> HookCon_Service сообщает : Game#1025162 Start
31.05.13 03:48:17 >> HookCon_Service сообщает : Game#1025162 Win Number: [7]
31.05.13 03:48:17 >> HookCon_Service сообщает : Game#1025162 End
31.05.13 03:48:47 >> HookCon_Service сообщает : Game#1025163 Start
31.05.13 03:49:15 >> HookCon_Service сообщает : Game#1025163 Win Number: [1]
31.05.13 03:49:16 >> HookCon_Service сообщает : Game#1025163 End
31.05.13 03:49:45 >> HookCon_Service сообщает : Game#1025164 Start
31.05.13 03:50:14 >> HookCon_Service сообщает : Game#1025164 Win Number: [23]
31.05.13 03:50:15 >> HookCon_Service сообщает : Game#1025164 End
31.05.13 03:50:44 >> HookCon_Service сообщает : Game#1025165 Start
31.05.13 03:51:16 >> HookCon_Service сообщает : Game#1025165 Win Number: [11]
31.05.13 03:51:16 >> HookCon_Service сообщает : Game#1025165 End
31.05.13 03:51:45 >> HookCon_Service сообщает : Game#1025166 Start
31.05.13 03:52:15 >> HookCon_Service сообщает : Game#1025166 Win Number: [34]
31.05.13 03:52:16 >> HookCon_Service сообщает : Game#1025166 End
31.05.13 03:52:45 >> HookCon_Service сообщает : Game#1025167 Start
31.05.13 03:53:18 >> HookCon_Service сообщает : Game#1025167 Win Number: [6]
31.05.13 03:53:18 >> HookCon_Service сообщает : Game#1025167 End
31.05.13 03:53:48 >> HookCon_Service сообщает : Game#1025168 Start
31.05.13 03:54:18 >> HookCon_Service сообщает : Game#1025168 Win Number: [7]
31.05.13 03:54:18 >> HookCon_Service сообщает : Game#1025168 End
31.05.13 03:54:51 >> HookCon_Service сообщает : Game#1025169 Start
31.05.13 03:55:16 >> HookCon_Service сообщает : Game#1025169 Win Number: [13]
31.05.13 03:55:16 >> HookCon_Service сообщает : Game#1025169 End
31.05.13 03:55:47 >> HookCon_Service сообщает : Game#1025170 Start
31.05.13 03:56:14 >> HookCon_Service сообщает : Game#1025170 Win Number: [10]
31.05.13 03:56:15 >> HookCon_Service сообщает : Game#1025170 End
31.05.13 03:56:44 >> HookCon_Service сообщает : Game#1025171 Start
31.05.13 03:57:15 >> HookCon_Service сообщает : Game#1025171 Win Number: [28]
31.05.13 03:57:15 >> HookCon_Service сообщает : Game#1025171 End
31.05.13 03:57:45 >> HookCon_Service сообщает : Game#1025172 Start
31.05.13 03:58:15 >> HookCon_Service сообщает : Game#1025172 Win Number: [28]
31.05.13 03:58:16 >> HookCon_Service сообщает : Game#1025172 End
31.05.13 03:58:45 >> HookCon_Service сообщает : Game#1025173 Start
31.05.13 03:59:16 >> HookCon_Service сообщает : Game#1025173 Win Number: [35]
31.05.13 03:59:16 >> HookCon_Service сообщает : Game#1025173 End
31.05.13 03:59:46 >> HookCon_Service сообщает : Game#1025174 Start
31.05.13 04:00:17 >> HookCon_Service сообщает : Game#1025174 Win Number: [19]
31.05.13 04:00:18 >> HookCon_Service сообщает : Game#1025174 End
31.05.13 04:00:47 >> HookCon_Service сообщает : Game#1025175 Start
31.05.13 04:01:15 >> HookCon_Service сообщает : Game#1025175 Win Number: [13]
31.05.13 04:01:15 >> HookCon_Service сообщает : Game#1025175 End
31.05.13 04:01:45 >> HookCon_Service сообщает : Game#1025176 Start
31.05.13 04:02:16 >> HookCon_Service сообщает : Game#1025176 Win Number: [16]
31.05.13 04:02:16 >> HookCon_Service сообщает : Game#1025176 End
31.05.13 04:02:46 >> HookCon_Service сообщает : Game#1025177 Start
31.05.13 04:03:16 >> HookCon_Service сообщает : Game#1025177 Win Number: [12]
31.05.13 04:03:16 >> HookCon_Service сообщает : Game#1025177 End
31.05.13 04:03:45 >> HookCon_Service сообщает : Game#1025178 Start
31.05.13 04:04:18 >> HookCon_Service сообщает : Game#1025178 Win Number: [14]
31.05.13 04:04:19 >> HookCon_Service сообщает : Game#1025178 End
31.05.13 04:04:48 >> HookCon_Service сообщает : Game#1025179 Start
31.05.13 04:05:17 >> HookCon_Service сообщает : Game#1025179 Win Number: [23]
31.05.13 04:05:19 >> HookCon_Service сообщает : Game#1025179 End
31.05.13 04:05:48 >> HookCon_Service сообщает : Game#1025180 Start
31.05.13 04:06:19 >> Подключен клиент: 127.0.0.1
31.05.13 04:06:21 >> HookCon_Service сообщает : Game#1025180 Win Number: [15]
31.05.13 04:06:21 >> HookCon_Service сообщает : Game#1025180 End
31.05.13 04:06:50 >> HookCon_Service сообщает : Game#1025181 Start
31.05.13 04:07:18 >> HookCon_Service сообщает : Game#1025181 Win Number: [1]
31.05.13 04:07:19 >> HookCon_Service сообщает : Game#1025181 End
31.05.13 04:07:48 >> HookCon_Service сообщает : Game#1025182 Start
31.05.13 04:08:18 >> HookCon_Service сообщает : Game#1025182 Win Number: [7]
31.05.13 04:08:19 >> HookCon_Service сообщает : Game#1025182 End
31.05.13 04:08:48 >> HookCon_Service сообщает : Game#1025183 Start
31.05.13 04:09:18 >> HookCon_Service сообщает : Game#1025183 Win Number: [35]
31.05.13 04:09:18 >> HookCon_Service сообщает : Game#1025183 End
31.05.13 04:09:48 >> HookCon_Service сообщает : Game#1025184 Start
31.05.13 04:10:18 >> HookCon_Service сообщает : Game#1025184 Win Number: [27]
31.05.13 04:10:19 >> HookCon_Service сообщает : Game#1025184 End
31.05.13 04:10:48 >> HookCon_Service сообщает : Game#1025185 Start
31.05.13 04:11:18 >> HookCon_Service сообщает : Game#1025185 Win Number: [4]
31.05.13 04:11:19 >> HookCon_Service сообщает : Game#1025185 End
31.05.13 04:11:48 >> HookCon_Service сообщает : Game#1025186 Start
31.05.13 04:12:19 >> HookCon_Service сообщает : Game#1025186 Win Number: [33]
31.05.13 04:12:19 >> HookCon_Service сообщает : Game#1025186 End
31.05.13 04:12:48 >> HookCon_Service сообщает : Game#1025187 Start
31.05.13 04:13:18 >> HookCon_Service сообщает : Game#1025187 Win Number: [4]
31.05.13 04:13:19 >> HookCon_Service сообщает : Game#1025187 End
31.05.13 04:13:48 >> HookCon_Service сообщает : Game#1025188 Start
31.05.13 04:14:16 >> HookCon_Service сообщает : Game#1025188 Win Number: [24]
31.05.13 04:14:17 >> HookCon_Service сообщает : Game#1025188 End
31.05.13 04:14:46 >> HookCon_Service сообщает : Game#1025189 Start
31.05.13 04:16:09 >> Web Server отключен. Причина: Удаленный хост принудительно разорвал существующее подключение
31.05.13 04:16:23 >> Подключен клиент: 127.0.0.1
31.05.13 04:20:03 >> Web Server отключен. Причина: Удаленный хост принудительно разорвал существующее подключение
