13.07.18 12:00:18 >> [HookCon_Service] : Game#176424 Start
13.07.18 12:00:53 >> [HookCon_Service] : Game#176424 Win Number: [27]
13.07.18 12:00:53 >> [HookCon_Service] : Game#176424 End
13.07.18 12:04:19 >> [HookCon_Service] : Game#176425 Start
13.07.18 12:04:52 >> [HookCon_Service] : Game#176425 Win Number: [8]
13.07.18 12:04:52 >> [HookCon_Service] : Game#176425 End
13.07.18 12:08:20 >> [HookCon_Service] : Game#176426 Start
13.07.18 12:08:52 >> [HookCon_Service] : Game#176426 Win Number: [30]
13.07.18 12:08:52 >> [HookCon_Service] : Game#176426 End
13.07.18 12:12:19 >> [HookCon_Service] : Game#176427 Start
13.07.18 12:12:51 >> [HookCon_Service] : Game#176427 Win Number: [26]
13.07.18 12:12:51 >> [HookCon_Service] : Game#176427 End
13.07.18 12:16:18 >> [HookCon_Service] : Game#176428 Start
13.07.18 12:16:50 >> [HookCon_Service] : Game#176428 Win Number: [0]
13.07.18 12:16:50 >> [HookCon_Service] : Game#176428 End
13.07.18 12:20:16 >> [HookCon_Service] : Game#176429 Start
13.07.18 12:20:50 >> [HookCon_Service] : Game#176429 Win Number: [10]
13.07.18 12:20:51 >> [HookCon_Service] : Game#176429 End
13.07.18 12:24:13 >> [HookCon_Service] : Game#176430 Start
13.07.18 12:24:55 >> [HookCon_Service] : Game#176430 Win Number: [36]
13.07.18 12:24:55 >> [HookCon_Service] : Game#176430 End
13.07.18 12:28:21 >> [HookCon_Service] : Game#176431 Start
13.07.18 12:28:54 >> [HookCon_Service] : Game#176431 Win Number: [16]
13.07.18 12:28:54 >> [HookCon_Service] : Game#176431 End
13.07.18 12:32:19 >> [HookCon_Service] : Game#176432 Start
13.07.18 12:32:58 >> [HookCon_Service] : Game#176432 Win Number: [3]
13.07.18 12:32:58 >> [HookCon_Service] : Game#176432 End
13.07.18 12:36:25 >> [HookCon_Service] : Game#176433 Start
13.07.18 12:37:01 >> [HookCon_Service] : Game#176433 Win Number: [36]
13.07.18 12:37:01 >> [HookCon_Service] : Game#176433 End
13.07.18 12:40:27 >> [HookCon_Service] : Game#176434 Start
13.07.18 12:41:02 >> [HookCon_Service] : Game#176434 Win Number: [28]
13.07.18 12:41:03 >> [HookCon_Service] : Game#176434 End
13.07.18 12:44:29 >> [HookCon_Service] : Game#176435 Start
13.07.18 12:45:03 >> [HookCon_Service] : Game#176435 Win Number: [20]
13.07.18 12:45:03 >> [HookCon_Service] : Game#176435 End
13.07.18 12:48:30 >> [HookCon_Service] : Game#176436 Start
13.07.18 12:49:05 >> [HookCon_Service] : Game#176436 Win Number: [29]
13.07.18 12:49:06 >> [HookCon_Service] : Game#176436 End
13.07.18 12:52:32 >> [HookCon_Service] : Game#176437 Start
13.07.18 12:53:08 >> [HookCon_Service] : Game#176437 Win Number: [2]
13.07.18 12:53:08 >> [HookCon_Service] : Game#176437 End
13.07.18 12:56:31 >> [HookCon_Service] : Game#176438 Start
13.07.18 12:57:14 >> [HookCon_Service] : Game#176438 Win Number: [20]
13.07.18 12:57:14 >> [HookCon_Service] : Game#176438 End
13.07.18 01:00:40 >> [HookCon_Service] : Game#176439 Start
13.07.18 01:01:17 >> [HookCon_Service] : Game#176439 Win Number: [17]
13.07.18 01:01:18 >> [HookCon_Service] : Game#176439 End
13.07.18 01:04:44 >> [HookCon_Service] : Game#176440 Start
13.07.18 01:05:24 >> [HookCon_Service] : Game#176440 Win Number: [13]
13.07.18 01:05:24 >> [HookCon_Service] : Game#176440 End
13.07.18 01:08:51 >> [HookCon_Service] : Game#176441 Start
13.07.18 01:09:25 >> [HookCon_Service] : Game#176441 Win Number: [24]
13.07.18 01:09:25 >> [HookCon_Service] : Game#176441 End
13.07.18 01:12:51 >> [HookCon_Service] : Game#176442 Start
13.07.18 01:13:25 >> [HookCon_Service] : Game#176442 Win Number: [9]
13.07.18 01:13:26 >> [HookCon_Service] : Game#176442 End
13.07.18 01:16:53 >> [HookCon_Service] : Game#176443 Start
13.07.18 01:17:28 >> [HookCon_Service] : Game#176443 Win Number: [0]
13.07.18 01:17:28 >> [HookCon_Service] : Game#176443 End
13.07.18 01:20:54 >> [HookCon_Service] : Game#176444 Start
13.07.18 01:21:27 >> [HookCon_Service] : Game#176444 Win Number: [2]
13.07.18 01:21:27 >> [HookCon_Service] : Game#176444 End
13.07.18 01:24:53 >> [HookCon_Service] : Game#176445 Start
13.07.18 01:25:27 >> [HookCon_Service] : Game#176445 Win Number: [1]
13.07.18 01:25:28 >> [HookCon_Service] : Game#176445 End
13.07.18 01:28:53 >> [HookCon_Service] : Game#176446 Start
13.07.18 01:29:29 >> [HookCon_Service] : Game#176446 Win Number: [0]
13.07.18 01:29:29 >> [HookCon_Service] : Game#176446 End
13.07.18 01:32:55 >> [HookCon_Service] : Game#176447 Start
13.07.18 01:33:33 >> [HookCon_Service] : Game#176447 Win Number: [3]
13.07.18 01:33:34 >> [HookCon_Service] : Game#176447 End
13.07.18 01:36:59 >> [HookCon_Service] : Game#176448 Start
13.07.18 01:37:36 >> [HookCon_Service] : Game#176448 Win Number: [15]
13.07.18 01:37:36 >> [HookCon_Service] : Game#176448 End
13.07.18 01:41:02 >> [HookCon_Service] : Game#176449 Start
13.07.18 01:41:37 >> [HookCon_Service] : Game#176449 Win Number: [10]
13.07.18 01:41:37 >> [HookCon_Service] : Game#176449 End
13.07.18 01:45:03 >> [HookCon_Service] : Game#176450 Start
13.07.18 01:45:38 >> [HookCon_Service] : Game#176450 Win Number: [36]
13.07.18 01:45:39 >> [HookCon_Service] : Game#176450 End
13.07.18 01:49:05 >> [HookCon_Service] : Game#176451 Start
13.07.18 01:49:40 >> [HookCon_Service] : Game#176451 Win Number: [7]
13.07.18 01:49:40 >> [HookCon_Service] : Game#176451 End
13.07.18 01:53:06 >> [HookCon_Service] : Game#176452 Start
13.07.18 01:53:38 >> [HookCon_Service] : Game#176452 Win Number: [32]
13.07.18 01:53:38 >> [HookCon_Service] : Game#176452 End
13.07.18 01:57:05 >> [HookCon_Service] : Game#176453 Start
13.07.18 01:57:39 >> [HookCon_Service] : Game#176453 Win Number: [15]
13.07.18 01:57:40 >> [HookCon_Service] : Game#176453 End
13.07.18 02:01:05 >> [HookCon_Service] : Game#176454 Start
13.07.18 02:01:43 >> [HookCon_Service] : Game#176454 Win Number: [12]
13.07.18 02:01:44 >> [HookCon_Service] : Game#176454 End
13.07.18 02:05:08 >> [HookCon_Service] : Game#176455 Start
13.07.18 02:05:45 >> [HookCon_Service] : Game#176455 Win Number: [22]
13.07.18 02:05:45 >> [HookCon_Service] : Game#176455 End
13.07.18 02:09:11 >> [HookCon_Service] : Game#176456 Start
13.07.18 02:09:47 >> [HookCon_Service] : Game#176456 Win Number: [8]
13.07.18 02:09:47 >> [HookCon_Service] : Game#176456 End
13.07.18 02:13:11 >> [HookCon_Service] : Game#176457 Start
13.07.18 02:13:54 >> [HookCon_Service] : Game#176457 Win Number: [9]
13.07.18 02:13:54 >> [HookCon_Service] : Game#176457 End
13.07.18 02:17:20 >> [HookCon_Service] : Game#176458 Start
13.07.18 02:17:55 >> [HookCon_Service] : Game#176458 Win Number: [3]
13.07.18 02:17:55 >> [HookCon_Service] : Game#176458 End
13.07.18 02:21:21 >> [HookCon_Service] : Game#176459 Start
13.07.18 02:21:55 >> [HookCon_Service] : Game#176459 Win Number: [34]
13.07.18 02:21:56 >> [HookCon_Service] : Game#176459 End
13.07.18 02:25:22 >> [HookCon_Service] : Game#176460 Start
13.07.18 02:25:58 >> [HookCon_Service] : Game#176460 Win Number: [34]
13.07.18 02:25:58 >> [HookCon_Service] : Game#176460 End
13.07.18 02:29:22 >> [HookCon_Service] : Game#176461 Start
13.07.18 02:30:01 >> [HookCon_Service] : Game#176461/STOP_EVENT 176461 Win Number: [33]
13.07.18 02:33:26 >> [HookCon_Service] : Game#176462 Start
13.07.18 02:34:02 >> [HookCon_Service] : Game#176462 Win Number: [6]
13.07.18 02:34:02 >> [HookCon_Service] : Game#176462 End
13.07.18 02:37:30 >> [HookCon_Service] : Game#176463 Start
13.07.18 02:38:02 >> [HookCon_Service] : Game#176463 Win Number: [4]
13.07.18 02:38:02 >> [HookCon_Service] : Game#176463 End
13.07.18 02:41:26 >> [HookCon_Service] : Game#176464 Start
13.07.18 02:42:02 >> [HookCon_Service] : Game#176464 Win Number: [34]
13.07.18 02:42:02 >> [HookCon_Service] : Game#176464 End
13.07.18 02:45:29 >> [HookCon_Service] : Game#176465 Start
13.07.18 02:46:03 >> [HookCon_Service] : Game#176465 Win Number: [17]
13.07.18 02:46:03 >> [HookCon_Service] : Game#176465 End
13.07.18 02:49:30 >> [HookCon_Service] : Game#176466 Start
13.07.18 02:50:03 >> [HookCon_Service] : Game#176466 Win Number: [6]
13.07.18 02:50:04 >> [HookCon_Service] : Game#176466 End
13.07.18 02:53:30 >> [HookCon_Service] : Game#176467 Start
13.07.18 02:54:04 >> [HookCon_Service] : Game#176467 Win Number: [0]
13.07.18 02:54:05 >> [HookCon_Service] : Game#176467 End
13.07.18 02:57:30 >> [HookCon_Service] : Game#176468 Start
13.07.18 02:58:02 >> [HookCon_Service] : Game#176468 Win Number: [35]
13.07.18 02:58:03 >> [HookCon_Service] : Game#176468 End
13.07.18 03:01:29 >> [HookCon_Service] : Game#176469 Start
13.07.18 03:02:03 >> [HookCon_Service] : Game#176469 Win Number: [30]
13.07.18 03:02:04 >> [HookCon_Service] : Game#176469 End
13.07.18 03:05:30 >> [HookCon_Service] : Game#176470 Start
13.07.18 03:06:05 >> [HookCon_Service] : Game#176470 Win Number: [24]
13.07.18 03:06:05 >> [HookCon_Service] : Game#176470 End
13.07.18 03:09:31 >> [HookCon_Service] : Game#176471 Start
13.07.18 03:10:04 >> [HookCon_Service] : Game#176471 Win Number: [36]
13.07.18 03:10:04 >> [HookCon_Service] : Game#176471 End
13.07.18 03:13:31 >> [HookCon_Service] : Game#176472 Start
13.07.18 03:14:04 >> [HookCon_Service] : Game#176472 Win Number: [0]
13.07.18 03:14:04 >> [HookCon_Service] : Game#176472 End
13.07.18 03:17:32 >> [HookCon_Service] : Game#176473 Start
13.07.18 03:18:06 >> [HookCon_Service] : Game#176473 Win Number: [30]
13.07.18 03:18:06 >> [HookCon_Service] : Game#176473 End
13.07.18 03:21:31 >> [HookCon_Service] : Game#176474 Start
13.07.18 03:22:12 >> [HookCon_Service] : Game#176474 Win Number: [12]
13.07.18 03:22:12 >> [HookCon_Service] : Game#176474 End
13.07.18 03:25:38 >> [HookCon_Service] : Game#176475 Start
13.07.18 03:26:12 >> [HookCon_Service] : Game#176475 Win Number: [32]
13.07.18 03:26:13 >> [HookCon_Service] : Game#176475 End
13.07.18 03:29:37 >> [HookCon_Service] : Game#176476 Start
13.07.18 03:30:16 >> [HookCon_Service] : Game#176476 Win Number: [13]
13.07.18 03:30:16 >> [HookCon_Service] : Game#176476 End
13.07.18 03:33:41 >> [HookCon_Service] : Game#176477 Start
13.07.18 03:34:15 >> [HookCon_Service] : Game#176477 Win Number: [32]
13.07.18 03:34:15 >> [HookCon_Service] : Game#176477 End
13.07.18 03:37:41 >> [HookCon_Service] : Game#176478 Start
13.07.18 03:38:12 >> [HookCon_Service] : Game#176478 Win Number: [27]
13.07.18 03:38:12 >> [HookCon_Service] : Game#176478 End
13.07.18 03:41:38 >> [HookCon_Service] : Game#176479 Start
13.07.18 03:42:14 >> [HookCon_Service] : Game#176479 Win Number: [23]
13.07.18 03:45:40 >> [HookCon_Service] : Game#176480 Start
13.07.18 03:46:13 >> [HookCon_Service] : Game#176480 Win Number: [16]
13.07.18 03:46:14 >> [HookCon_Service] : Game#176480 End
13.07.18 03:49:40 >> [HookCon_Service] : Game#176481 Start
13.07.18 03:50:12 >> [HookCon_Service] : Game#176481 Win Number: [3]
13.07.18 03:50:13 >> [HookCon_Service] : Game#176481 End
13.07.18 03:53:39 >> [HookCon_Service] : Game#176482 Start
13.07.18 03:54:14 >> [HookCon_Service] : Game#176482 Win Number: [5]
13.07.18 03:54:14 >> [HookCon_Service] : Game#176482 End
13.07.18 03:57:39 >> [HookCon_Service] : Game#176483 Start
13.07.18 03:58:15 >> [HookCon_Service] : Game#176483 Win Number: [0]
13.07.18 03:58:16 >> [HookCon_Service] : Game#176483 End
13.07.18 04:01:41 >> [HookCon_Service] : Game#176484 Start
13.07.18 04:02:16 >> [HookCon_Service] : Game#176484 Win Number: [0]
13.07.18 04:02:17 >> [HookCon_Service] : Game#176484 End
13.07.18 04:05:43 >> [HookCon_Service] : Game#176485 Start
13.07.18 04:06:16 >> [HookCon_Service] : Game#176485 Win Number: [7]
13.07.18 04:06:16 >> [HookCon_Service] : Game#176485 End
13.07.18 04:09:41 >> [HookCon_Service] : Game#176486 Start
13.07.18 04:10:20 >> [HookCon_Service] : Game#176486 Win Number: [17]
13.07.18 04:10:20 >> [HookCon_Service] : Game#176486 End
13.07.18 04:13:47 >> [HookCon_Service] : Game#176487 Start
13.07.18 04:14:21 >> [HookCon_Service] : Game#176487 Win Number: [35]
13.07.18 04:14:21 >> [HookCon_Service] : Game#176487 End
13.07.18 04:17:47 >> [HookCon_Service] : Game#176488 Start
13.07.18 04:18:23 >> [HookCon_Service] : Game#176488 Win Number: [32]
13.07.18 04:18:23 >> [HookCon_Service] : Game#176488 End
13.07.18 04:21:50 >> [HookCon_Service] : Game#176489 Start
13.07.18 04:22:23 >> [HookCon_Service] : Game#176489 Win Number: [29]
13.07.18 04:22:23 >> [HookCon_Service] : Game#176489 End
13.07.18 04:25:50 >> [HookCon_Service] : Game#176490 Start
13.07.18 04:26:27 >> [HookCon_Service] : Game#176490 Win Number: [19]
13.07.18 04:26:27 >> [HookCon_Service] : Game#176490 End
13.07.18 04:29:54 >> [HookCon_Service] : Game#176491 Start
13.07.18 04:30:28 >> [HookCon_Service] : Game#176491 Win Number: [15]
13.07.18 04:30:28 >> [HookCon_Service] : Game#176491 End
13.07.18 04:33:56 >> [HookCon_Service] : Game#176492 Start
13.07.18 04:34:28 >> [HookCon_Service] : Game#176492 Win Number: [28]
13.07.18 04:34:28 >> [HookCon_Service] : Game#176492 End
13.07.18 04:37:56 >> [HookCon_Service] : Game#176493 Start
13.07.18 04:38:28 >> [HookCon_Service] : Game#176493 Win Number: [25]
13.07.18 04:38:29 >> [HookCon_Service] : Game#176493 End
13.07.18 04:41:55 >> [HookCon_Service] : Game#176494 Start
13.07.18 04:42:32 >> [HookCon_Service] : Game#176494 Win Number: [4]
13.07.18 04:42:32 >> [HookCon_Service] : Game#176494 End
13.07.18 04:45:59 >> [HookCon_Service] : Game#176495 Start
13.07.18 04:46:32 >> [HookCon_Service] : Game#176495 Win Number: [9]
13.07.18 04:46:32 >> [HookCon_Service] : Game#176495 End
13.07.18 04:49:59 >> [HookCon_Service] : Game#176496 Start
13.07.18 04:50:31 >> [HookCon_Service] : Game#176496 Win Number: [4]
13.07.18 04:50:31 >> [HookCon_Service] : Game#176496 End
13.07.18 04:53:57 >> [HookCon_Service] : Game#176497 Start
13.07.18 04:54:34 >> [HookCon_Service] : Game#176497 Win Number: [33]
13.07.18 04:54:34 >> [HookCon_Service] : Game#176497 End
13.07.18 04:58:02 >> [HookCon_Service] : Game#176498 Start
13.07.18 04:58:35 >> [HookCon_Service] : Game#176498 Win Number: [5]
13.07.18 04:58:35 >> [HookCon_Service] : Game#176498 End
13.07.18 05:02:02 >> [HookCon_Service] : Game#176499 Start
13.07.18 05:02:35 >> [HookCon_Service] : Game#176499 Win Number: [36]
13.07.18 05:02:36 >> [HookCon_Service] : Game#176499 End
13.07.18 05:06:03 >> [HookCon_Service] : Game#176500 Start
13.07.18 05:06:37 >> [HookCon_Service] : Game#176500 Win Number: [29]
13.07.18 05:06:38 >> [HookCon_Service] : Game#176500 End
13.07.18 05:10:05 >> [HookCon_Service] : Game#176501 Start
13.07.18 05:10:39 >> [HookCon_Service] : Game#176501 Win Number: [26]
13.07.18 05:10:40 >> [HookCon_Service] : Game#176501 End
13.07.18 05:14:04 >> [HookCon_Service] : Game#176502 Start
13.07.18 05:14:37 >> [HookCon_Service] : Game#176502 Win Number: [16]
13.07.18 05:14:37 >> [HookCon_Service] : Game#176502 End
13.07.18 05:18:03 >> [HookCon_Service] : Game#176503 Start
13.07.18 05:18:40 >> [HookCon_Service] : Game#176503 Win Number: [5]
13.07.18 05:18:40 >> [HookCon_Service] : Game#176503 End
13.07.18 05:22:05 >> [HookCon_Service] : Game#176504 Start
13.07.18 05:22:42 >> [HookCon_Service] : Game#176504 Win Number: [10]
13.07.18 05:22:42 >> [HookCon_Service] : Game#176504 End
13.07.18 05:26:08 >> [HookCon_Service] : Game#176505 Start
13.07.18 05:26:45 >> [HookCon_Service] : Game#176505 Win Number: [32]
13.07.18 05:26:45 >> [HookCon_Service] : Game#176505 End
13.07.18 05:30:10 >> [HookCon_Service] : Game#176506 Start
13.07.18 05:30:47 >> [HookCon_Service] : Game#176506 Win Number: [29]
13.07.18 05:30:48 >> [HookCon_Service] : Game#176506 End
13.07.18 05:34:16 >> [HookCon_Service] : Game#176507 Start
13.07.18 05:34:46 >> [HookCon_Service] : Game#176507 Win Number: [27]
13.07.18 05:34:47 >> [HookCon_Service] : Game#176507 End
13.07.18 05:38:13 >> [HookCon_Service] : Game#176508 Start
13.07.18 05:38:48 >> [HookCon_Service] : Game#176508 Win Number: [6]
13.07.18 05:38:48 >> [HookCon_Service] : Game#176508 End
13.07.18 05:42:15 >> [HookCon_Service] : Game#176509 Start
13.07.18 05:42:51 >> [HookCon_Service] : Game#176509 Win Number: [34]
13.07.18 05:42:51 >> [HookCon_Service] : Game#176509 End
13.07.18 05:46:19 >> [HookCon_Service] : Game#176510 Start
13.07.18 05:46:51 >> [HookCon_Service] : Game#176510 Win Number: [12]
13.07.18 05:46:52 >> [HookCon_Service] : Game#176510 End
13.07.18 05:50:16 >> [HookCon_Service] : Game#176511 Start
13.07.18 05:50:55 >> [HookCon_Service] : Game#176511 Win Number: [26]
13.07.18 05:50:55 >> [HookCon_Service] : Game#176511 End
13.07.18 05:54:22 >> [HookCon_Service] : Game#176512 Start
13.07.18 05:54:54 >> [HookCon_Service] : Game#176512 Win Number: [34]
13.07.18 05:54:55 >> [HookCon_Service] : Game#176512 End
13.07.18 05:58:22 >> [HookCon_Service] : Game#176513 Start
13.07.18 05:58:56 >> [HookCon_Service] : Game#176513 Win Number: [29]
13.07.18 05:58:56 >> [HookCon_Service] : Game#176513 End
13.07.18 06:02:23 >> [HookCon_Service] : Game#176514 Start
13.07.18 06:02:58 >> [HookCon_Service] : Game#176514 Win Number: [8]
13.07.18 06:02:58 >> [HookCon_Service] : Game#176514 End
13.07.18 06:06:23 >> [HookCon_Service] : Game#176515 Start
13.07.18 06:06:58 >> [HookCon_Service] : Game#176515 Win Number: [35]
13.07.18 06:06:58 >> [HookCon_Service] : Game#176515 End
13.07.18 06:10:25 >> [HookCon_Service] : Game#176516 Start
13.07.18 06:11:01 >> [HookCon_Service] : Game#176516 Win Number: [24]
13.07.18 06:11:01 >> [HookCon_Service] : Game#176516 End
13.07.18 06:14:27 >> [HookCon_Service] : Game#176517 Start
13.07.18 06:15:01 >> [HookCon_Service] : Game#176517 Win Number: [6]
13.07.18 06:15:01 >> [HookCon_Service] : Game#176517 End
13.07.18 06:18:27 >> [HookCon_Service] : Game#176518 Start
13.07.18 06:19:02 >> [HookCon_Service] : Game#176518 Win Number: [2]
13.07.18 06:19:02 >> [HookCon_Service] : Game#176518 End
13.07.18 06:22:28 >> [HookCon_Service] : Game#176519 Start
13.07.18 06:23:03 >> [HookCon_Service] : Game#176519 Win Number: [8]
13.07.18 06:23:04 >> [HookCon_Service] : Game#176519 End
13.07.18 06:26:29 >> [HookCon_Service] : Game#176520 Start
13.07.18 06:27:05 >> [HookCon_Service] : Game#176520 Win Number: [27]
13.07.18 06:27:05 >> [HookCon_Service] : Game#176520 End
13.07.18 06:30:32 >> [HookCon_Service] : Game#176521 Start
13.07.18 06:31:05 >> [HookCon_Service] : Game#176521 Win Number: [20]
13.07.18 06:31:05 >> [HookCon_Service] : Game#176521 End
13.07.18 06:34:32 >> [HookCon_Service] : Game#176522 Start
13.07.18 06:35:07 >> [HookCon_Service] : Game#176522 Win Number: [3]
13.07.18 06:35:07 >> [HookCon_Service] : Game#176522 End
13.07.18 06:38:34 >> [HookCon_Service] : Game#176523 Start
13.07.18 06:39:12 >> [HookCon_Service] : Game#176523 Win Number: [5]
13.07.18 06:39:12 >> [HookCon_Service] : Game#176523 End
13.07.18 06:42:38 >> [HookCon_Service] : Game#176524 Start
13.07.18 06:43:12 >> [HookCon_Service] : Game#176524 Win Number: [16]
13.07.18 06:43:13 >> [HookCon_Service] : Game#176524 End
13.07.18 06:46:40 >> [HookCon_Service] : Game#176525 Start
13.07.18 06:47:13 >> [HookCon_Service] : Game#176525 Win Number: [24]
13.07.18 06:47:13 >> [HookCon_Service] : Game#176525 End
13.07.18 06:50:40 >> [HookCon_Service] : Game#176526 Start
13.07.18 06:51:14 >> [HookCon_Service] : Game#176526 Win Number: [10]
13.07.18 06:51:14 >> [HookCon_Service] : Game#176526 End
13.07.18 06:54:40 >> [HookCon_Service] : Game#176527 Start
13.07.18 06:55:14 >> [HookCon_Service] : Game#176527 Win Number: [22]
13.07.18 06:55:15 >> [HookCon_Service] : Game#176527 End
13.07.18 06:58:41 >> [HookCon_Service] : Game#176528 Start
13.07.18 06:59:18 >> [HookCon_Service] : Game#176528 Win Number: [12]
13.07.18 06:59:18 >> [HookCon_Service] : Game#176528 End
13.07.18 07:02:46 >> [HookCon_Service] : Game#176529 Start
13.07.18 07:03:18 >> [HookCon_Service] : Game#176529 Win Number: [20]
13.07.18 07:03:18 >> [HookCon_Service] : Game#176529 End
13.07.18 07:06:44 >> [HookCon_Service] : Game#176530 Start
13.07.18 07:07:15 >> [HookCon_Service] : Game#176530 Win Number: [14]
13.07.18 07:07:15 >> [HookCon_Service] : Game#176530 End
13.07.18 07:10:42 >> [HookCon_Service] : Game#176531 Start
13.07.18 07:11:16 >> [HookCon_Service] : Game#176531 Win Number: [1]
13.07.18 07:11:16 >> [HookCon_Service] : Game#176531 End
13.07.18 07:14:42 >> [HookCon_Service] : Game#176532 Start
13.07.18 07:15:15 >> [HookCon_Service] : Game#176532 Win Number: [23]
13.07.18 07:15:16 >> [HookCon_Service] : Game#176532 End
13.07.18 07:18:43 >> [HookCon_Service] : Game#176533 Start
13.07.18 07:19:19 >> [HookCon_Service] : Game#176533 Win Number: [29]
13.07.18 07:19:19 >> [HookCon_Service] : Game#176533 End
13.07.18 07:22:45 >> [HookCon_Service] : Game#176534 Start
13.07.18 07:23:22 >> [HookCon_Service] : Game#176534 Win Number: [24]
13.07.18 07:23:22 >> [HookCon_Service] : Game#176534 End
13.07.18 07:26:50 >> [HookCon_Service] : Game#176535 Start
13.07.18 07:27:23 >> [HookCon_Service] : Game#176535 Win Number: [3]
13.07.18 07:27:23 >> [HookCon_Service] : Game#176535 End
13.07.18 07:30:48 >> [HookCon_Service] : Game#176536 Start
13.07.18 07:31:26 >> [HookCon_Service] : Game#176536 Win Number: [15]
13.07.18 07:31:26 >> [HookCon_Service] : Game#176536 End
13.07.18 07:34:52 >> [HookCon_Service] : Game#176537 Start
13.07.18 07:35:28 >> [HookCon_Service] : Game#176537 Win Number: [4]
13.07.18 07:35:28 >> [HookCon_Service] : Game#176537 End
13.07.18 07:37:30 >> [HookCon_Service] : Roulette server is down!
13.07.18 07:37:31 >> [HookCon_Service] : Disconnected. Reason: System.EventArgs. All Web-clients disconnected.
13.07.18 07:37:31 >> [HookCon_Service] : Disconnected. Reason: Удаленный хост принудительно разорвал существующее подключение
13.07.18 01:20:04 >> Client was connected: 192.168.159.192
13.07.18 01:20:04 >> HookCon LastNums:-1
13.07.18 01:20:04 >> Server LastNums:4,15,3,24,29,23,1,14,20,12,22,10,24,
13.07.18 01:20:49 >> [HookCon_Service] : Game#176753 Start
13.07.18 01:21:24 >> [HookCon_Service] : Game#176753 Win Number: [1]
13.07.18 01:21:24 >> [HookCon_Service] : Game#176753 End
13.07.18 01:24:50 >> [HookCon_Service] : Game#176754 Start
13.07.18 01:25:23 >> [HookCon_Service] : Game#176754 Win Number: [28]
13.07.18 01:25:23 >> [HookCon_Service] : Game#176754 End
13.07.18 01:28:51 >> [HookCon_Service] : Game#176755 Start
13.07.18 01:29:22 >> [HookCon_Service] : Game#176755 Win Number: [30]
13.07.18 01:29:22 >> [HookCon_Service] : Game#176755 End
13.07.18 01:32:48 >> [HookCon_Service] : Game#176756 Start
13.07.18 01:33:22 >> [HookCon_Service] : Game#176756 Win Number: [29]
13.07.18 01:33:22 >> [HookCon_Service] : Game#176756 End
13.07.18 01:36:48 >> [HookCon_Service] : Game#176757 Start
13.07.18 01:37:20 >> [HookCon_Service] : Game#176757 Win Number: [19]
13.07.18 01:37:21 >> [HookCon_Service] : Game#176757 End
13.07.18 01:40:48 >> [HookCon_Service] : Game#176758 Start
13.07.18 01:41:21 >> [HookCon_Service] : Game#176758 Win Number: [8]
13.07.18 01:41:21 >> [HookCon_Service] : Game#176758 End
13.07.18 01:44:46 >> [HookCon_Service] : Game#176759 Start
13.07.18 01:45:21 >> [HookCon_Service] : Game#176759 Win Number: [13]
13.07.18 01:45:21 >> [HookCon_Service] : Game#176759 End
13.07.18 01:48:47 >> [HookCon_Service] : Game#176760 Start
13.07.18 01:49:24 >> [HookCon_Service] : Game#176760 Win Number: [35]
13.07.18 01:49:24 >> [HookCon_Service] : Game#176760 End
13.07.18 01:52:49 >> [HookCon_Service] : Game#176761 Start
13.07.18 01:53:26 >> [HookCon_Service] : Game#176761 Win Number: [20]
13.07.18 01:53:26 >> [HookCon_Service] : Game#176761 End
13.07.18 01:56:51 >> [HookCon_Service] : Game#176762 Start
13.07.18 01:57:27 >> [HookCon_Service] : Game#176762 Win Number: [6]
13.07.18 01:57:27 >> [HookCon_Service] : Game#176762 End
13.07.18 02:00:52 >> [HookCon_Service] : Game#176763 Start
13.07.18 02:01:26 >> [HookCon_Service] : Game#176763 Win Number: [7]
13.07.18 02:01:26 >> [HookCon_Service] : Game#176763 End
13.07.18 02:04:53 >> [HookCon_Service] : Game#176764 Start
13.07.18 02:05:25 >> [HookCon_Service] : Game#176764 Win Number: [34]
13.07.18 02:05:26 >> [HookCon_Service] : Game#176764 End
13.07.18 02:08:52 >> [HookCon_Service] : Game#176765 Start
13.07.18 02:09:24 >> [HookCon_Service] : Game#176765 Win Number: [31]
13.07.18 02:09:24 >> [HookCon_Service] : Game#176765 End
13.07.18 02:12:51 >> [HookCon_Service] : Game#176766 Start
13.07.18 02:13:21 >> [HookCon_Service] : Game#176766 Win Number: [5]
13.07.18 02:13:22 >> [HookCon_Service] : Game#176766 End
13.07.18 02:16:47 >> [HookCon_Service] : Game#176767 Start
13.07.18 02:17:22 >> [HookCon_Service] : Game#176767 Win Number: [9]
13.07.18 02:17:23 >> [HookCon_Service] : Game#176767 End
13.07.18 02:20:48 >> [HookCon_Service] : Game#176768 Start
13.07.18 02:21:25 >> [HookCon_Service] : Game#176768 Win Number: [9]
13.07.18 02:21:25 >> [HookCon_Service] : Game#176768 End
13.07.18 02:24:52 >> [HookCon_Service] : Game#176769 Start
13.07.18 02:25:27 >> [HookCon_Service] : Game#176769 Win Number: [25]
13.07.18 02:25:27 >> [HookCon_Service] : Game#176769 End
13.07.18 02:28:53 >> [HookCon_Service] : Game#176770 Start
13.07.18 02:29:28 >> [HookCon_Service] : Game#176770 Win Number: [27]
13.07.18 02:29:28 >> [HookCon_Service] : Game#176770 End
13.07.18 02:32:55 >> [HookCon_Service] : Game#176771 Start
13.07.18 02:33:28 >> [HookCon_Service] : Game#176771 Win Number: [28]
13.07.18 02:33:28 >> [HookCon_Service] : Game#176771 End
13.07.18 02:36:54 >> [HookCon_Service] : Game#176772 Start
13.07.18 02:37:26 >> [HookCon_Service] : Game#176772 Win Number: [11]
13.07.18 02:37:27 >> [HookCon_Service] : Game#176772 End
13.07.18 02:40:52 >> [HookCon_Service] : Game#176773 Start
13.07.18 02:41:27 >> [HookCon_Service] : Game#176773 Win Number: [2]
13.07.18 02:41:27 >> [HookCon_Service] : Game#176773 End
13.07.18 02:44:54 >> [HookCon_Service] : Game#176774 Start
13.07.18 02:45:27 >> [HookCon_Service] : Game#176774 Win Number: [16]
13.07.18 02:45:28 >> [HookCon_Service] : Game#176774 End
13.07.18 02:48:54 >> [HookCon_Service] : Game#176775 Start
13.07.18 02:49:29 >> [HookCon_Service] : Game#176775 Win Number: [2]
13.07.18 02:49:29 >> [HookCon_Service] : Game#176775 End
13.07.18 02:52:57 >> [HookCon_Service] : Game#176776 Start
13.07.18 02:53:29 >> [HookCon_Service] : Game#176776 Win Number: [7]
13.07.18 02:53:29 >> [HookCon_Service] : Game#176776 End
13.07.18 02:56:55 >> [HookCon_Service] : Game#176777 Start
13.07.18 02:57:30 >> [HookCon_Service] : Game#176777 Win Number: [34]
13.07.18 02:57:31 >> [HookCon_Service] : Game#176777 End
13.07.18 03:00:56 >> [HookCon_Service] : Game#176778 Start
13.07.18 03:01:33 >> [HookCon_Service] : Game#176778 Win Number: [15]
13.07.18 03:01:33 >> [HookCon_Service] : Game#176778 End
13.07.18 03:04:59 >> [HookCon_Service] : Game#176779 Start
13.07.18 03:05:34 >> [HookCon_Service] : Game#176779 Win Number: [4]
13.07.18 03:05:35 >> [HookCon_Service] : Game#176779 End
13.07.18 03:09:02 >> [HookCon_Service] : Game#176780 Start
13.07.18 03:09:33 >> [HookCon_Service] : Game#176780 Win Number: [0]
13.07.18 03:09:33 >> [HookCon_Service] : Game#176780 End
13.07.18 03:13:01 >> [HookCon_Service] : Game#176781 Start
13.07.18 03:13:31 >> [HookCon_Service] : Game#176781 Win Number: [2]
13.07.18 03:13:31 >> [HookCon_Service] : Game#176781 End
13.07.18 03:16:58 >> [HookCon_Service] : Game#176782 Start
13.07.18 03:17:31 >> [HookCon_Service] : Game#176782 Win Number: [31]
13.07.18 03:17:31 >> [HookCon_Service] : Game#176782 End
13.07.18 03:20:58 >> [HookCon_Service] : Game#176783 Start
13.07.18 03:21:28 >> [HookCon_Service] : Game#176783 Win Number: [17]
13.07.18 03:21:28 >> [HookCon_Service] : Game#176783 End
13.07.18 03:24:55 >> [HookCon_Service] : Game#176784 Start
13.07.18 03:25:29 >> [HookCon_Service] : Game#176784 Win Number: [20]
13.07.18 03:25:29 >> [HookCon_Service] : Game#176784 End
13.07.18 03:28:57 >> [HookCon_Service] : Game#176785 Start
13.07.18 03:29:31 >> [HookCon_Service] : Game#176785 Win Number: [22]
13.07.18 03:29:32 >> [HookCon_Service] : Game#176785 End
13.07.18 03:32:59 >> [HookCon_Service] : Game#176786 Start
13.07.18 03:33:31 >> [HookCon_Service] : Game#176786 Win Number: [35]
13.07.18 03:33:31 >> [HookCon_Service] : Game#176786 End
13.07.18 03:36:55 >> [HookCon_Service] : Game#176787 Start
13.07.18 03:37:32 >> [HookCon_Service] : Game#176787 Win Number: [25]
13.07.18 03:37:32 >> [HookCon_Service] : Game#176787 End
13.07.18 03:40:58 >> [HookCon_Service] : Game#176788 Start
13.07.18 03:41:33 >> [HookCon_Service] : Game#176788 Win Number: [25]
13.07.18 03:41:33 >> [HookCon_Service] : Game#176788 End
13.07.18 03:44:58 >> [HookCon_Service] : Game#176789 Start
13.07.18 03:45:33 >> [HookCon_Service] : Game#176789 Win Number: [2]
13.07.18 03:45:33 >> [HookCon_Service] : Game#176789 End
13.07.18 03:49:00 >> [HookCon_Service] : Game#176790 Start
13.07.18 03:49:37 >> [HookCon_Service] : Game#176790 Win Number: [27]
13.07.18 03:49:37 >> [HookCon_Service] : Game#176790 End
13.07.18 03:53:05 >> [HookCon_Service] : Game#176791 Start
13.07.18 03:53:37 >> [HookCon_Service] : Game#176791 Win Number: [28]
13.07.18 03:53:37 >> [HookCon_Service] : Game#176791 End
13.07.18 03:57:04 >> [HookCon_Service] : Game#176792 Start
13.07.18 03:57:35 >> [HookCon_Service] : Game#176792 Win Number: [8]
13.07.18 03:57:35 >> [HookCon_Service] : Game#176792 End
13.07.18 04:01:02 >> [HookCon_Service] : Game#176793 Start
13.07.18 04:01:36 >> [HookCon_Service] : Game#176793 Win Number: [12]
13.07.18 04:01:36 >> [HookCon_Service] : Game#176793 End
13.07.18 04:05:03 >> [HookCon_Service] : Game#176794 Start
13.07.18 04:05:36 >> [HookCon_Service] : Game#176794 Win Number: [0]
13.07.18 04:05:36 >> [HookCon_Service] : Game#176794 End
13.07.18 04:09:02 >> [HookCon_Service] : Game#176795 Start
13.07.18 04:09:38 >> [HookCon_Service] : Game#176795 Win Number: [13]
13.07.18 04:09:38 >> [HookCon_Service] : Game#176795 End
13.07.18 04:13:05 >> [HookCon_Service] : Game#176796 Start
13.07.18 04:13:38 >> [HookCon_Service] : Game#176796 Win Number: [16]
13.07.18 04:13:38 >> [HookCon_Service] : Game#176796 End
13.07.18 04:17:03 >> [HookCon_Service] : Game#176797 Start
13.07.18 04:17:40 >> [HookCon_Service] : Game#176797 Win Number: [36]
13.07.18 04:17:40 >> [HookCon_Service] : Game#176797 End
13.07.18 04:21:03 >> [HookCon_Service] : Game#176798 Start
13.07.18 04:21:42 >> [HookCon_Service] : Game#176798 Win Number: [7]
13.07.18 04:21:42 >> [HookCon_Service] : Game#176798 End
13.07.18 04:25:07 >> [HookCon_Service] : Game#176799 Start
13.07.18 04:25:44 >> [HookCon_Service] : Game#176799 Win Number: [2]
13.07.18 04:25:44 >> [HookCon_Service] : Game#176799 End
13.07.18 04:29:11 >> [HookCon_Service] : Game#176800 Start
13.07.18 04:29:45 >> [HookCon_Service] : Game#176800 Win Number: [18]
13.07.18 04:29:45 >> [HookCon_Service] : Game#176800 End
13.07.18 04:33:10 >> [HookCon_Service] : Game#176801 Start
13.07.18 04:33:48 >> [HookCon_Service] : Game#176801 Win Number: [13]
13.07.18 04:33:48 >> [HookCon_Service] : Game#176801 End
13.07.18 04:34:34 >> [HookCon_Service] : Game#176802 Start
13.07.18 04:35:12 >> [HookCon_Service] : Game#176802 Win Number: [7]
13.07.18 04:35:19 >> [HookCon_Service] : Game#176802 End
13.07.18 04:35:44 >> [HookCon_Service] : Game#176803 Start
13.07.18 04:36:18 >> [HookCon_Service] : Game#176803 Win Number: [14]
13.07.18 04:36:26 >> [HookCon_Service] : Game#176803 End
13.07.18 04:36:50 >> [HookCon_Service] : Game#176804 Start
13.07.18 04:37:26 >> [HookCon_Service] : Game#176804 Win Number: [23]
13.07.18 04:37:34 >> [HookCon_Service] : Game#176804 End
13.07.18 04:37:59 >> [HookCon_Service] : Game#176805 Start
13.07.18 04:38:31 >> [HookCon_Service] : Game#176805 Win Number: [26]
13.07.18 04:38:39 >> [HookCon_Service] : Game#176805 End
13.07.18 04:39:03 >> [HookCon_Service] : Game#176806 Start
13.07.18 04:39:41 >> [HookCon_Service] : Game#176806 Win Number: [8]
13.07.18 04:39:49 >> [HookCon_Service] : Game#176806 End
13.07.18 04:40:14 >> [HookCon_Service] : Game#176807 Start
13.07.18 04:40:48 >> [HookCon_Service] : Game#176807 Win Number: [18]
13.07.18 04:40:56 >> [HookCon_Service] : Game#176807 End
13.07.18 04:41:19 >> [HookCon_Service] : Game#176808 Start
13.07.18 04:41:56 >> [HookCon_Service] : Game#176808 Win Number: [8]
13.07.18 04:42:03 >> [HookCon_Service] : Game#176808 End
13.07.18 04:42:25 >> [HookCon_Service] : Game#176809 Start
13.07.18 04:43:01 >> [HookCon_Service] : Game#176809 Win Number: [4]
13.07.18 04:43:08 >> [HookCon_Service] : Game#176809 End
13.07.18 04:43:32 >> [HookCon_Service] : Game#176810 Start
13.07.18 04:44:09 >> [HookCon_Service] : Game#176810 Win Number: [15]
13.07.18 04:44:17 >> [HookCon_Service] : Game#176810 End
13.07.18 04:44:42 >> [HookCon_Service] : Game#176811 Start
13.07.18 04:45:15 >> [HookCon_Service] : Game#176811 Win Number: [5]
13.07.18 04:45:22 >> [HookCon_Service] : Game#176811 End
13.07.18 04:45:48 >> [HookCon_Service] : Game#176812 Start
13.07.18 04:46:23 >> [HookCon_Service] : Game#176812 Win Number: [27]
13.07.18 04:46:31 >> [HookCon_Service] : Game#176812 End
13.07.18 04:46:54 >> [HookCon_Service] : Game#176813 Start
13.07.18 04:47:28 >> [HookCon_Service] : Game#176813 Win Number: [26]
13.07.18 04:47:36 >> [HookCon_Service] : Game#176813 End
13.07.18 04:48:01 >> [HookCon_Service] : Game#176814 Start
13.07.18 04:48:33 >> [HookCon_Service] : Game#176814 Win Number: [18]
13.07.18 04:48:41 >> [HookCon_Service] : Game#176814 End
13.07.18 04:49:05 >> [HookCon_Service] : Game#176815 Start
13.07.18 04:49:40 >> [HookCon_Service] : Game#176815 Win Number: [33]
13.07.18 04:49:48 >> [HookCon_Service] : Game#176815 End
13.07.18 04:50:10 >> [HookCon_Service] : Game#176816 Start
13.07.18 04:50:48 >> [HookCon_Service] : Game#176816 Win Number: [13]
13.07.18 04:50:56 >> [HookCon_Service] : Game#176816 End
13.07.18 04:51:21 >> [HookCon_Service] : Game#176817 Start
13.07.18 04:51:57 >> [HookCon_Service] : Game#176817 Win Number: [24]
13.07.18 04:52:05 >> [HookCon_Service] : Game#176817 End
13.07.18 04:52:30 >> [HookCon_Service] : Game#176818 Start
13.07.18 04:53:05 >> [HookCon_Service] : Game#176818 Win Number: [6]
13.07.18 04:53:12 >> [HookCon_Service] : Game#176818 End
13.07.18 04:53:38 >> [HookCon_Service] : Game#176819 Start
13.07.18 04:54:12 >> [HookCon_Service] : Game#176819 Win Number: [16]
13.07.18 04:54:20 >> [HookCon_Service] : Game#176819 End
13.07.18 04:54:45 >> [HookCon_Service] : Game#176820 Start
13.07.18 04:55:23 >> [HookCon_Service] : Game#176820 Win Number: [11]
13.07.18 04:55:31 >> [HookCon_Service] : Game#176820 End
13.07.18 04:55:57 >> [HookCon_Service] : Game#176821 Start
13.07.18 04:56:29 >> [HookCon_Service] : Game#176821 Win Number: [24]
13.07.18 04:56:37 >> [HookCon_Service] : Game#176821 End
13.07.18 04:57:01 >> [HookCon_Service] : Game#176822 Start
13.07.18 04:57:40 >> [HookCon_Service] : Game#176822 Win Number: [21]
13.07.18 04:57:48 >> [HookCon_Service] : Game#176822 End
13.07.18 04:58:10 >> [HookCon_Service] : Game#176823 Start
13.07.18 04:58:48 >> [HookCon_Service] : Game#176823 Win Number: [26]
13.07.18 04:58:56 >> [HookCon_Service] : Game#176823 End
13.07.18 04:59:18 >> [HookCon_Service] : Game#176824 Start
13.07.18 04:59:58 >> [HookCon_Service] : Game#176824 Win Number: [2]
13.07.18 05:00:06 >> [HookCon_Service] : Game#176824 End
13.07.18 05:00:31 >> [HookCon_Service] : Game#176825 Start
13.07.18 05:01:02 >> [HookCon_Service] : Game#176825 Win Number: [32]
13.07.18 05:01:10 >> [HookCon_Service] : Game#176825 End
13.07.18 05:01:35 >> [HookCon_Service] : Game#176826 Start
13.07.18 05:02:10 >> [HookCon_Service] : Game#176826 Win Number: [18]
13.07.18 05:02:17 >> [HookCon_Service] : Game#176826 End
13.07.18 05:02:43 >> [HookCon_Service] : Game#176827 Start
13.07.18 05:03:18 >> [HookCon_Service] : Game#176827 Win Number: [20]
13.07.18 05:03:25 >> [HookCon_Service] : Game#176827 End
13.07.18 05:03:50 >> [HookCon_Service] : Game#176828 Start
13.07.18 05:04:27 >> [HookCon_Service] : Game#176828 Win Number: [12]
13.07.18 05:04:35 >> [HookCon_Service] : Game#176828 End
13.07.18 05:05:01 >> [HookCon_Service] : Game#176829 Start
13.07.18 05:05:34 >> [HookCon_Service] : Game#176829 Win Number: [13]
13.07.18 05:05:42 >> [HookCon_Service] : Game#176829 End
13.07.18 05:06:06 >> [HookCon_Service] : Game#176830 Start
13.07.18 05:06:39 >> [HookCon_Service] : Game#176830 Win Number: [33]
13.07.18 05:06:47 >> [HookCon_Service] : Game#176830 End
13.07.18 05:07:13 >> [HookCon_Service] : Game#176831 Start
13.07.18 05:07:45 >> [HookCon_Service] : Game#176831 Win Number: [26]
13.07.18 05:07:53 >> [HookCon_Service] : Game#176831 End
13.07.18 05:08:17 >> [HookCon_Service] : Game#176832 Start
13.07.18 05:08:51 >> [HookCon_Service] : Game#176832 Win Number: [2]
13.07.18 05:08:59 >> [HookCon_Service] : Game#176832 End
13.07.18 05:09:23 >> [HookCon_Service] : Game#176833 Start
13.07.18 05:09:58 >> [HookCon_Service] : Game#176833 Win Number: [35]
13.07.18 05:10:06 >> [HookCon_Service] : Game#176833 End
13.07.18 05:10:28 >> [HookCon_Service] : Game#176834 Start
13.07.18 05:11:06 >> [HookCon_Service] : Game#176834 Win Number: [30]
13.07.18 05:11:14 >> [HookCon_Service] : Game#176834 End
13.07.18 05:11:39 >> [HookCon_Service] : Game#176835 Start
13.07.18 05:12:13 >> [HookCon_Service] : Game#176835 Win Number: [6]
13.07.18 05:12:20 >> [HookCon_Service] : Game#176835 End
13.07.18 05:12:44 >> [HookCon_Service] : Game#176836 Start
13.07.18 05:13:19 >> [HookCon_Service] : Game#176836 Win Number: [25]
13.07.18 05:13:52 >> [HookCon_Service] : Game#176837 Start
13.07.18 05:14:25 >> [HookCon_Service] : Game#176837 Win Number: [20]
13.07.18 05:14:33 >> [HookCon_Service] : Game#176837 End
13.07.18 05:14:56 >> [HookCon_Service] : Game#176838 Start
13.07.18 05:15:30 >> [HookCon_Service] : Game#176838 Win Number: [34]
13.07.18 05:15:37 >> [HookCon_Service] : Game#176838 End
13.07.18 05:16:01 >> [HookCon_Service] : Game#176839 Start
13.07.18 05:16:36 >> [HookCon_Service] : Game#176839 Win Number: [33]
13.07.18 05:16:44 >> [HookCon_Service] : Game#176839 End
13.07.18 05:17:08 >> [HookCon_Service] : Game#176840 Start
13.07.18 05:17:44 >> [HookCon_Service] : Game#176840 Win Number: [12]
13.07.18 05:17:52 >> [HookCon_Service] : Game#176840 End
13.07.18 05:18:16 >> [HookCon_Service] : Game#176841 Start
13.07.18 05:18:52 >> [HookCon_Service] : Game#176841 Win Number: [34]
13.07.18 05:19:00 >> [HookCon_Service] : Game#176841 End
13.07.18 05:19:22 >> [HookCon_Service] : Game#176842 Start
13.07.18 05:20:03 >> [HookCon_Service] : Game#176842 Win Number: [5]
13.07.18 05:20:10 >> [HookCon_Service] : Game#176842 End
13.07.18 05:20:35 >> [HookCon_Service] : Game#176843 Start
13.07.18 05:21:06 >> [HookCon_Service] : Game#176843 Win Number: [6]
13.07.18 05:21:13 >> [HookCon_Service] : Game#176843 End
13.07.18 05:21:38 >> [HookCon_Service] : Game#176844 Start
13.07.18 05:22:15 >> [HookCon_Service] : Game#176844 Win Number: [24]
13.07.18 05:22:23 >> [HookCon_Service] : Game#176844 End
13.07.18 05:22:48 >> [HookCon_Service] : Game#176845 Start
13.07.18 05:23:21 >> [HookCon_Service] : Game#176845 Win Number: [9]
13.07.18 05:23:29 >> [HookCon_Service] : Game#176845 End
13.07.18 05:23:50 >> [HookCon_Service] : Game#176846 Start
13.07.18 05:24:29 >> [HookCon_Service] : Game#176846 Win Number: [9]
13.07.18 05:24:36 >> [HookCon_Service] : Game#176846 End
13.07.18 05:24:58 >> [HookCon_Service] : Game#176847 Start
13.07.18 05:25:44 >> [HookCon_Service] : Game#176847 Win Number: [16]
13.07.18 05:25:51 >> [HookCon_Service] : Game#176847 End
13.07.18 05:26:15 >> [HookCon_Service] : Game#176848 Start
13.07.18 05:26:51 >> [HookCon_Service] : Game#176848 Win Number: [11]
13.07.18 05:26:59 >> [HookCon_Service] : Game#176848 End
13.07.18 05:27:24 >> [HookCon_Service] : Game#176849 Start
13.07.18 05:27:59 >> [HookCon_Service] : Game#176849 Win Number: [13]
13.07.18 05:28:07 >> [HookCon_Service] : Game#176849 End
13.07.18 05:28:32 >> [HookCon_Service] : Game#176850 Start
13.07.18 05:29:07 >> [HookCon_Service] : Game#176850 Win Number: [10]
13.07.18 05:29:14 >> [HookCon_Service] : Game#176850 End
13.07.18 05:29:39 >> [HookCon_Service] : Game#176851 Start
13.07.18 05:30:15 >> [HookCon_Service] : Game#176851 Win Number: [22]
13.07.18 05:30:23 >> [HookCon_Service] : Game#176851 End
13.07.18 05:30:46 >> [HookCon_Service] : Game#176852 Start
13.07.18 05:31:22 >> [HookCon_Service] : Game#176852 Win Number: [5]
13.07.18 05:31:29 >> [HookCon_Service] : Game#176852 End
13.07.18 05:31:53 >> [HookCon_Service] : Game#176853 Start
13.07.18 05:32:28 >> [HookCon_Service] : Game#176853 Win Number: [19]
13.07.18 05:32:36 >> [HookCon_Service] : Game#176853 End
13.07.18 05:33:02 >> [HookCon_Service] : Game#176854 Start
13.07.18 05:33:36 >> [HookCon_Service] : Game#176854 Win Number: [34]
13.07.18 05:33:44 >> [HookCon_Service] : Game#176854 End
13.07.18 05:34:09 >> [HookCon_Service] : Game#176855 Start
13.07.18 05:34:45 >> [HookCon_Service] : Game#176855 Win Number: [8]
13.07.18 05:34:52 >> [HookCon_Service] : Game#176855 End
13.07.18 05:35:17 >> [HookCon_Service] : Game#176856 Start
13.07.18 05:35:51 >> [HookCon_Service] : Game#176856 Win Number: [25]
13.07.18 05:35:59 >> [HookCon_Service] : Game#176856 End
13.07.18 05:36:21 >> [HookCon_Service] : Game#176857 Start
13.07.18 05:36:59 >> [HookCon_Service] : Game#176857 Win Number: [29]
13.07.18 05:37:06 >> [HookCon_Service] : Game#176857 End
13.07.18 05:37:30 >> [HookCon_Service] : Game#176858 Start
13.07.18 05:38:09 >> [HookCon_Service] : Game#176858 Win Number: [23]
13.07.18 05:38:17 >> [HookCon_Service] : Game#176858 End
13.07.18 05:38:41 >> [HookCon_Service] : Game#176859 Start
13.07.18 05:39:15 >> [HookCon_Service] : Game#176859 Win Number: [25]
13.07.18 05:39:23 >> [HookCon_Service] : Game#176859 End
13.07.18 05:39:47 >> [HookCon_Service] : Game#176860 Start
13.07.18 05:40:23 >> [HookCon_Service] : Game#176860 Win Number: [30]
13.07.18 05:40:30 >> [HookCon_Service] : Game#176860 End
13.07.18 05:40:54 >> [HookCon_Service] : Game#176861 Start
13.07.18 05:41:29 >> [HookCon_Service] : Game#176861 Win Number: [21]
13.07.18 05:41:38 >> [HookCon_Service] : Game#176861 End
13.07.18 05:42:03 >> [HookCon_Service] : Game#176862 Start
13.07.18 05:42:36 >> [HookCon_Service] : Game#176862 Win Number: [14]
13.07.18 05:42:44 >> [HookCon_Service] : Game#176862 End
13.07.18 05:46:10 >> [HookCon_Service] : Game#176863 Start
13.07.18 05:46:44 >> [HookCon_Service] : Game#176863 Win Number: [7]
13.07.18 05:46:45 >> [HookCon_Service] : Game#176863 End
13.07.18 05:50:12 >> [HookCon_Service] : Game#176864 Start
13.07.18 05:50:45 >> [HookCon_Service] : Game#176864 Win Number: [15]
13.07.18 05:50:45 >> [HookCon_Service] : Game#176864 End
13.07.18 05:54:10 >> [HookCon_Service] : Game#176865 Start
13.07.18 05:54:50 >> [HookCon_Service] : Game#176865 Win Number: [2]
13.07.18 05:54:50 >> [HookCon_Service] : Game#176865 End
13.07.18 05:58:16 >> [HookCon_Service] : Game#176866 Start
13.07.18 05:58:50 >> [HookCon_Service] : Game#176866 Win Number: [36]
13.07.18 05:58:50 >> [HookCon_Service] : Game#176866 End
13.07.18 06:02:17 >> [HookCon_Service] : Game#176867 Start
13.07.18 06:02:50 >> [HookCon_Service] : Game#176867 Win Number: [24]
13.07.18 06:02:50 >> [HookCon_Service] : Game#176867 End
13.07.18 06:06:13 >> [HookCon_Service] : Game#176868 Start
13.07.18 06:06:55 >> [HookCon_Service] : Game#176868 Win Number: [16]
13.07.18 06:06:55 >> [HookCon_Service] : Game#176868 End
13.07.18 06:10:22 >> [HookCon_Service] : Game#176869 Start
13.07.18 06:10:56 >> [HookCon_Service] : Game#176869 Win Number: [0]
13.07.18 06:10:57 >> [HookCon_Service] : Game#176869 End
13.07.18 06:14:22 >> [HookCon_Service] : Game#176870 Start
13.07.18 06:14:59 >> [HookCon_Service] : Game#176870 Win Number: [15]
13.07.18 06:14:59 >> [HookCon_Service] : Game#176870 End
13.07.18 06:18:26 >> [HookCon_Service] : Game#176871 Start
13.07.18 06:19:01 >> [HookCon_Service] : Game#176871 Win Number: [33]
13.07.18 06:19:02 >> [HookCon_Service] : Game#176871 End
13.07.18 06:22:28 >> [HookCon_Service] : Game#176872 Start
13.07.18 06:23:01 >> [HookCon_Service] : Game#176872 Win Number: [35]
13.07.18 06:23:02 >> [HookCon_Service] : Game#176872 End
13.07.18 06:26:29 >> [HookCon_Service] : Game#176873 Start
13.07.18 06:27:01 >> [HookCon_Service] : Game#176873 Win Number: [0]
13.07.18 06:27:01 >> [HookCon_Service] : Game#176873 End
13.07.18 06:30:26 >> [HookCon_Service] : Game#176874 Start
13.07.18 06:31:04 >> [HookCon_Service] : Game#176874 Win Number: [18]
13.07.18 06:31:04 >> [HookCon_Service] : Game#176874 End
13.07.18 06:34:30 >> [HookCon_Service] : Game#176875 Start
13.07.18 06:35:08 >> [HookCon_Service] : Game#176875 Win Number: [19]
13.07.18 06:35:08 >> [HookCon_Service] : Game#176875 End
13.07.18 06:38:33 >> [HookCon_Service] : Game#176876 Start
13.07.18 06:39:10 >> [HookCon_Service] : Game#176876 Win Number: [26]
13.07.18 06:39:10 >> [HookCon_Service] : Game#176876 End
13.07.18 06:42:38 >> [HookCon_Service] : Game#176877 Start
13.07.18 06:43:12 >> [HookCon_Service] : Game#176877 Win Number: [5]
13.07.18 06:43:12 >> [HookCon_Service] : Game#176877 End
13.07.18 06:46:39 >> [HookCon_Service] : Game#176878 Start
13.07.18 06:47:12 >> [HookCon_Service] : Game#176878 Win Number: [27]
13.07.18 06:47:12 >> [HookCon_Service] : Game#176878 End
13.07.18 06:50:39 >> [HookCon_Service] : Game#176879 Start
13.07.18 06:51:12 >> [HookCon_Service] : Game#176879 Win Number: [5]
13.07.18 06:51:12 >> [HookCon_Service] : Game#176879 End
13.07.18 06:54:39 >> [HookCon_Service] : Game#176880 Start
13.07.18 06:55:12 >> [HookCon_Service] : Game#176880 Win Number: [33]
13.07.18 06:55:12 >> [HookCon_Service] : Game#176880 End
13.07.18 06:58:38 >> [HookCon_Service] : Game#176881 Start
13.07.18 06:59:15 >> [HookCon_Service] : Game#176881 Win Number: [9]
13.07.18 06:59:16 >> [HookCon_Service] : Game#176881 End
13.07.18 07:02:40 >> [HookCon_Service] : Game#176882 Start
13.07.18 07:03:15 >> [HookCon_Service] : Game#176882 Win Number: [6]
13.07.18 07:03:15 >> [HookCon_Service] : Game#176882 End
13.07.18 07:06:42 >> [HookCon_Service] : Game#176883 Start
13.07.18 07:07:14 >> [HookCon_Service] : Game#176883 Win Number: [14]
13.07.18 07:07:15 >> [HookCon_Service] : Game#176883 End
13.07.18 07:10:42 >> [HookCon_Service] : Game#176884 Start
13.07.18 07:11:13 >> [HookCon_Service] : Game#176884 Win Number: [0]
13.07.18 07:11:13 >> [HookCon_Service] : Game#176884 End
13.07.18 07:14:40 >> [HookCon_Service] : Game#176885 Start
13.07.18 07:15:14 >> [HookCon_Service] : Game#176885 Win Number: [14]
13.07.18 07:15:14 >> [HookCon_Service] : Game#176885 End
13.07.18 07:18:41 >> [HookCon_Service] : Game#176886 Start
13.07.18 07:19:17 >> [HookCon_Service] : Game#176886 Win Number: [33]
13.07.18 07:19:17 >> [HookCon_Service] : Game#176886 End
13.07.18 07:22:44 >> [HookCon_Service] : Game#176887 Start
13.07.18 07:23:16 >> [HookCon_Service] : Game#176887 Win Number: [16]
13.07.18 07:23:16 >> [HookCon_Service] : Game#176887 End
13.07.18 07:26:42 >> [HookCon_Service] : Game#176888 Start
13.07.18 07:27:16 >> [HookCon_Service] : Game#176888 Win Number: [4]
13.07.18 07:27:16 >> [HookCon_Service] : Game#176888 End
13.07.18 07:30:43 >> [HookCon_Service] : Game#176889 Start
13.07.18 07:31:15 >> [HookCon_Service] : Game#176889 Win Number: [20]
13.07.18 07:31:16 >> [HookCon_Service] : Game#176889 End
13.07.18 07:34:42 >> [HookCon_Service] : Game#176890 Start
13.07.18 07:35:17 >> [HookCon_Service] : Game#176890 Win Number: [17]
13.07.18 07:35:18 >> [HookCon_Service] : Game#176890 End
