08.07.18 12:03:20 >> [HookCon_Service] : Game#174482 Start
08.07.18 12:03:54 >> [HookCon_Service] : Game#174482 Win Number: [17]
08.07.18 12:03:54 >> [HookCon_Service] : Game#174482 End
08.07.18 12:07:21 >> [HookCon_Service] : Game#174483 Start
08.07.18 12:07:55 >> [HookCon_Service] : Game#174483 Win Number: [26]
08.07.18 12:07:55 >> [HookCon_Service] : Game#174483 End
08.07.18 12:11:21 >> [HookCon_Service] : Game#174484 Start
08.07.18 12:11:56 >> [HookCon_Service] : Game#174484 Win Number: [2]
08.07.18 12:11:56 >> [HookCon_Service] : Game#174484 End
08.07.18 12:15:23 >> [HookCon_Service] : Game#174485 Start
08.07.18 12:15:53 >> [HookCon_Service] : Game#174485 Win Number: [25]
08.07.18 12:15:53 >> [HookCon_Service] : Game#174485 End
08.07.18 12:19:19 >> [HookCon_Service] : Game#174486 Start
08.07.18 12:19:54 >> [HookCon_Service] : Game#174486 Win Number: [2]
08.07.18 12:19:55 >> [HookCon_Service] : Game#174486 End
08.07.18 12:23:22 >> [HookCon_Service] : Game#174487 Start
08.07.18 12:23:55 >> [HookCon_Service] : Game#174487 Win Number: [4]
08.07.18 12:23:56 >> [HookCon_Service] : Game#174487 End
08.07.18 12:27:23 >> [HookCon_Service] : Game#174488 Start
08.07.18 12:27:57 >> [HookCon_Service] : Game#174488 Win Number: [24]
08.07.18 12:27:57 >> [HookCon_Service] : Game#174488 End
08.07.18 12:31:24 >> [HookCon_Service] : Game#174489 Start
08.07.18 12:31:57 >> [HookCon_Service] : Game#174489 Win Number: [31]
08.07.18 12:31:57 >> [HookCon_Service] : Game#174489 End
08.07.18 12:35:25 >> [HookCon_Service] : Game#174490 Start
08.07.18 12:36:02 >> [HookCon_Service] : Game#174490 Win Number: [17]
08.07.18 12:36:02 >> [HookCon_Service] : Game#174490 End
08.07.18 12:39:27 >> [HookCon_Service] : Game#174491 Start
08.07.18 12:40:02 >> [HookCon_Service] : Game#174491 Win Number: [12]
08.07.18 12:40:02 >> [HookCon_Service] : Game#174491 End
08.07.18 12:43:27 >> [HookCon_Service] : Game#174492 Start
08.07.18 12:44:04 >> [HookCon_Service] : Game#174492 Win Number: [8]
08.07.18 12:44:04 >> [HookCon_Service] : Game#174492 End
08.07.18 12:47:30 >> [HookCon_Service] : Game#174493 Start
08.07.18 12:48:05 >> [HookCon_Service] : Game#174493 Win Number: [8]
08.07.18 12:48:05 >> [HookCon_Service] : Game#174493 End
08.07.18 12:51:32 >> [HookCon_Service] : Game#174494 Start
08.07.18 12:52:05 >> [HookCon_Service] : Game#174494 Win Number: [12]
08.07.18 12:52:05 >> [HookCon_Service] : Game#174494 End
08.07.18 12:55:31 >> [HookCon_Service] : Game#174495 Start
08.07.18 12:56:07 >> [HookCon_Service] : Game#174495 Win Number: [27]
08.07.18 12:56:07 >> [HookCon_Service] : Game#174495 End
08.07.18 12:59:34 >> [HookCon_Service] : Game#174496 Start
08.07.18 01:00:10 >> [HookCon_Service] : Game#174496 Win Number: [26]
08.07.18 01:00:10 >> [HookCon_Service] : Game#174496 End
08.07.18 01:03:35 >> [HookCon_Service] : Game#174497 Start
08.07.18 01:04:10 >> [HookCon_Service] : Game#174497 Win Number: [35]
08.07.18 01:04:10 >> [HookCon_Service] : Game#174497 End
08.07.18 01:07:35 >> [HookCon_Service] : Game#174498 Start
08.07.18 01:08:13 >> [HookCon_Service] : Game#174498 Win Number: [36]
08.07.18 01:08:14 >> [HookCon_Service] : Game#174498 End
08.07.18 01:11:40 >> [HookCon_Service] : Game#174499 Start
08.07.18 01:12:13 >> [HookCon_Service] : Game#174499 Win Number: [18]
08.07.18 01:12:13 >> [HookCon_Service] : Game#174499 End
08.07.18 01:15:39 >> [HookCon_Service] : Game#174500 Start
08.07.18 01:16:15 >> [HookCon_Service] : Game#174500 Win Number: [25]
08.07.18 01:16:15 >> [HookCon_Service] : Game#174500 End
08.07.18 01:19:41 >> [HookCon_Service] : Game#174501 Start
08.07.18 01:20:17 >> [HookCon_Service] : Game#174501 Win Number: [35]
08.07.18 01:20:17 >> [HookCon_Service] : Game#174501 End
08.07.18 01:23:44 >> [HookCon_Service] : Game#174502 Start
08.07.18 01:24:18 >> [HookCon_Service] : Game#174502 Win Number: [3]
08.07.18 01:24:18 >> [HookCon_Service] : Game#174502 End
08.07.18 01:27:44 >> [HookCon_Service] : Game#174503 Start
08.07.18 01:28:18 >> [HookCon_Service] : Game#174503 Win Number: [20]
08.07.18 01:28:18 >> [HookCon_Service] : Game#174503 End
08.07.18 01:31:45 >> [HookCon_Service] : Game#174504 Start
08.07.18 01:32:18 >> [HookCon_Service] : Game#174504 Win Number: [26]
08.07.18 01:32:18 >> [HookCon_Service] : Game#174504 End
08.07.18 01:35:44 >> [HookCon_Service] : Game#174505 Start
08.07.18 01:36:20 >> [HookCon_Service] : Game#174505 Win Number: [30]
08.07.18 01:36:20 >> [HookCon_Service] : Game#174505 End
08.07.18 01:39:46 >> [HookCon_Service] : Game#174506 Start
08.07.18 01:40:20 >> [HookCon_Service] : Game#174506 Win Number: [30]
08.07.18 01:40:21 >> [HookCon_Service] : Game#174506 End
08.07.18 01:43:46 >> [HookCon_Service] : Game#174507 Start
08.07.18 01:44:23 >> [HookCon_Service] : Game#174507 Win Number: [18]
08.07.18 01:44:23 >> [HookCon_Service] : Game#174507 End
08.07.18 01:47:51 >> [HookCon_Service] : Game#174508 Start
08.07.18 01:48:22 >> [HookCon_Service] : Game#174508 Win Number: [9]
08.07.18 01:48:22 >> [HookCon_Service] : Game#174508 End
08.07.18 01:51:47 >> [HookCon_Service] : Game#174509 Start
08.07.18 01:52:23 >> [HookCon_Service] : Game#174509 Win Number: [9]
08.07.18 01:52:24 >> [HookCon_Service] : Game#174509 End
08.07.18 01:55:50 >> [HookCon_Service] : Game#174510 Start
08.07.18 01:56:25 >> [HookCon_Service] : Game#174510 Win Number: [12]
08.07.18 01:56:26 >> [HookCon_Service] : Game#174510 End
08.07.18 01:59:52 >> [HookCon_Service] : Game#174511 Start
08.07.18 02:00:27 >> [HookCon_Service] : Game#174511 Win Number: [28]
08.07.18 02:00:28 >> [HookCon_Service] : Game#174511 End
08.07.18 02:03:52 >> [HookCon_Service] : Game#174512 Start
08.07.18 02:04:29 >> [HookCon_Service] : Game#174512 Win Number: [25]
08.07.18 02:04:29 >> [HookCon_Service] : Game#174512 End
08.07.18 02:07:55 >> [HookCon_Service] : Game#174513 Start
08.07.18 02:08:35 >> [HookCon_Service] : Game#174513 Win Number: [24]
08.07.18 02:08:35 >> [HookCon_Service] : Game#174513 End
08.07.18 02:12:03 >> [HookCon_Service] : Game#174514 Start
08.07.18 02:12:36 >> [HookCon_Service] : Game#174514 Win Number: [0]
08.07.18 02:12:37 >> [HookCon_Service] : Game#174514 End
08.07.18 02:16:04 >> [HookCon_Service] : Game#174515 Start
08.07.18 02:16:33 >> [HookCon_Service] : Game#174515 Win Number: [5]
08.07.18 02:16:33 >> [HookCon_Service] : Game#174515 End
08.07.18 02:19:57 >> [HookCon_Service] : Game#174516 Start
08.07.18 02:20:34 >> [HookCon_Service] : Game#174516 Win Number: [28]
08.07.18 02:20:35 >> [HookCon_Service] : Game#174516 End
08.07.18 02:24:02 >> [HookCon_Service] : Game#174517 Start
08.07.18 02:24:35 >> [HookCon_Service] : Game#174517 Win Number: [21]
08.07.18 02:24:35 >> [HookCon_Service] : Game#174517 End
08.07.18 02:28:01 >> [HookCon_Service] : Game#174518 Start
08.07.18 02:28:36 >> [HookCon_Service] : Game#174518 Win Number: [18]
08.07.18 02:28:36 >> [HookCon_Service] : Game#174518 End
08.07.18 02:32:02 >> [HookCon_Service] : Game#174519 Start
08.07.18 02:32:37 >> [HookCon_Service] : Game#174519 Win Number: [25]
08.07.18 02:32:37 >> [HookCon_Service] : Game#174519 End
08.07.18 02:36:03 >> [HookCon_Service] : Game#174520 Start
08.07.18 02:36:40 >> [HookCon_Service] : Game#174520 Win Number: [35]
08.07.18 02:36:40 >> [HookCon_Service] : Game#174520 End
08.07.18 02:40:07 >> [HookCon_Service] : Game#174521 Start
08.07.18 02:40:42 >> [HookCon_Service] : Game#174521 Win Number: [2]
08.07.18 02:40:42 >> [HookCon_Service] : Game#174521 End
08.07.18 02:44:08 >> [HookCon_Service] : Game#174522 Start
08.07.18 02:44:40 >> [HookCon_Service] : Game#174522 Win Number: [34]
08.07.18 02:44:41 >> [HookCon_Service] : Game#174522 End
08.07.18 02:48:05 >> [HookCon_Service] : Game#174523 Start
08.07.18 02:48:40 >> [HookCon_Service] : Game#174523 Win Number: [30]
08.07.18 02:48:40 >> [HookCon_Service] : Game#174523 End
08.07.18 02:52:07 >> [HookCon_Service] : Game#174524 Start
08.07.18 02:52:41 >> [HookCon_Service] : Game#174524 Win Number: [20]
08.07.18 02:52:41 >> [HookCon_Service] : Game#174524 End
08.07.18 02:56:07 >> [HookCon_Service] : Game#174525 Start
08.07.18 02:56:40 >> [HookCon_Service] : Game#174525 Win Number: [5]
08.07.18 02:56:41 >> [HookCon_Service] : Game#174525 End
08.07.18 03:00:07 >> [HookCon_Service] : Game#174526 Start
08.07.18 03:00:45 >> [HookCon_Service] : Game#174526 Win Number: [5]
08.07.18 03:00:46 >> [HookCon_Service] : Game#174526 End
08.07.18 03:04:10 >> [HookCon_Service] : Game#174527 Start
08.07.18 03:04:47 >> [HookCon_Service] : Game#174527 Win Number: [32]
08.07.18 03:04:47 >> [HookCon_Service] : Game#174527 End
08.07.18 03:08:14 >> [HookCon_Service] : Game#174528 Start
08.07.18 03:08:48 >> [HookCon_Service] : Game#174528 Win Number: [3]
08.07.18 03:08:48 >> [HookCon_Service] : Game#174528 End
08.07.18 03:12:15 >> [HookCon_Service] : Game#174529 Start
08.07.18 03:12:47 >> [HookCon_Service] : Game#174529 Win Number: [25]
08.07.18 03:12:47 >> [HookCon_Service] : Game#174529 End
08.07.18 03:16:13 >> [HookCon_Service] : Game#174530 Start
08.07.18 03:16:50 >> [HookCon_Service] : Game#174530 Win Number: [11]
08.07.18 03:16:50 >> [HookCon_Service] : Game#174530 End
08.07.18 03:20:14 >> [HookCon_Service] : Game#174531 Start
08.07.18 03:20:51 >> [HookCon_Service] : Game#174531 Win Number: [8]
08.07.18 03:20:51 >> [HookCon_Service] : Game#174531 End
08.07.18 03:24:16 >> [HookCon_Service] : Game#174532 Start
08.07.18 03:24:54 >> [HookCon_Service] : Game#174532 Win Number: [17]
08.07.18 03:24:55 >> [HookCon_Service] : Game#174532 End
08.07.18 03:28:22 >> [HookCon_Service] : Game#174533 Start
08.07.18 03:28:57 >> [HookCon_Service] : Game#174533 Win Number: [13]
08.07.18 03:28:57 >> [HookCon_Service] : Game#174533 End
08.07.18 03:32:22 >> [HookCon_Service] : Game#174534 Start
08.07.18 03:33:00 >> [HookCon_Service] : Game#174534 Win Number: [1]
08.07.18 03:33:00 >> [HookCon_Service] : Game#174534 End
08.07.18 03:36:25 >> [HookCon_Service] : Game#174535 Start
08.07.18 03:37:01 >> [HookCon_Service] : Game#174535 Win Number: [1]
08.07.18 03:37:01 >> [HookCon_Service] : Game#174535 End
08.07.18 03:40:27 >> [HookCon_Service] : Game#174536 Start
08.07.18 03:41:00 >> [HookCon_Service] : Game#174536 Win Number: [10]
08.07.18 03:41:00 >> [HookCon_Service] : Game#174536 End
08.07.18 03:44:24 >> [HookCon_Service] : Game#174537 Start
08.07.18 03:45:07 >> [HookCon_Service] : Game#174537 Win Number: [20]
08.07.18 03:45:08 >> [HookCon_Service] : Game#174537 End
08.07.18 03:48:32 >> [HookCon_Service] : Game#174538 Start
08.07.18 03:49:09 >> [HookCon_Service] : Game#174538 Win Number: [9]
08.07.18 03:49:09 >> [HookCon_Service] : Game#174538 End
08.07.18 03:52:37 >> [HookCon_Service] : Game#174539 Start
08.07.18 03:53:09 >> [HookCon_Service] : Game#174539 Win Number: [23]
08.07.18 03:53:09 >> [HookCon_Service] : Game#174539 End
08.07.18 03:56:35 >> [HookCon_Service] : Game#174540 Start
08.07.18 03:57:10 >> [HookCon_Service] : Game#174540 Win Number: [6]
08.07.18 03:57:10 >> [HookCon_Service] : Game#174540 End
08.07.18 04:00:36 >> [HookCon_Service] : Game#174541 Start
08.07.18 04:01:06 >> [HookCon_Service] : Game#174541 Win Number: [23]
08.07.18 04:01:06 >> [HookCon_Service] : Game#174541 End
08.07.18 04:04:32 >> [HookCon_Service] : Game#174542 Start
08.07.18 04:05:09 >> [HookCon_Service] : Game#174542 Win Number: [2]
08.07.18 04:05:10 >> [HookCon_Service] : Game#174542 End
08.07.18 04:08:36 >> [HookCon_Service] : Game#174543 Start
08.07.18 04:09:07 >> [HookCon_Service] : Game#174543 Win Number: [18]
08.07.18 04:09:08 >> [HookCon_Service] : Game#174543 End
08.07.18 04:12:33 >> [HookCon_Service] : Game#174544 Start
08.07.18 04:13:08 >> [HookCon_Service] : Game#174544 Win Number: [12]
08.07.18 04:13:08 >> [HookCon_Service] : Game#174544 End
08.07.18 04:16:35 >> [HookCon_Service] : Game#174545 Start
08.07.18 04:17:09 >> [HookCon_Service] : Game#174545 Win Number: [19]
08.07.18 04:17:10 >> [HookCon_Service] : Game#174545 End
08.07.18 04:20:37 >> [HookCon_Service] : Game#174546 Start
08.07.18 04:21:07 >> [HookCon_Service] : Game#174546 Win Number: [35]
08.07.18 04:21:07 >> [HookCon_Service] : Game#174546 End
08.07.18 04:24:33 >> [HookCon_Service] : Game#174547 Start
08.07.18 04:25:06 >> [HookCon_Service] : Game#174547 Win Number: [35]
08.07.18 04:25:06 >> [HookCon_Service] : Game#174547 End
08.07.18 04:28:34 >> [HookCon_Service] : Game#174548 Start
08.07.18 04:29:03 >> [HookCon_Service] : Game#174548 Win Number: [17]
08.07.18 04:29:04 >> [HookCon_Service] : Game#174548 End
08.07.18 04:32:30 >> [HookCon_Service] : Game#174549 Start
08.07.18 04:33:04 >> [HookCon_Service] : Game#174549 Win Number: [8]
08.07.18 04:33:04 >> [HookCon_Service] : Game#174549 End
08.07.18 04:36:30 >> [HookCon_Service] : Game#174550 Start
08.07.18 04:37:02 >> [HookCon_Service] : Game#174550 Win Number: [4]
08.07.18 04:37:02 >> [HookCon_Service] : Game#174550 End
08.07.18 04:40:28 >> [HookCon_Service] : Game#174551 Start
08.07.18 04:41:02 >> [HookCon_Service] : Game#174551 Win Number: [36]
08.07.18 04:41:02 >> [HookCon_Service] : Game#174551 End
08.07.18 04:44:29 >> [HookCon_Service] : Game#174552 Start
08.07.18 04:45:05 >> [HookCon_Service] : Game#174552 Win Number: [14]
08.07.18 04:45:05 >> [HookCon_Service] : Game#174552 End
08.07.18 04:48:31 >> [HookCon_Service] : Game#174553 Start
08.07.18 04:49:05 >> [HookCon_Service] : Game#174553 Win Number: [27]
08.07.18 04:49:05 >> [HookCon_Service] : Game#174553 End
08.07.18 04:52:30 >> [HookCon_Service] : Game#174554 Start
08.07.18 04:53:08 >> [HookCon_Service] : Game#174554 Win Number: [19]
08.07.18 04:53:08 >> [HookCon_Service] : Game#174554 End
08.07.18 04:56:34 >> [HookCon_Service] : Game#174555 Start
08.07.18 04:57:09 >> [HookCon_Service] : Game#174555 Win Number: [3]
08.07.18 04:57:09 >> [HookCon_Service] : Game#174555 End
08.07.18 05:00:36 >> [HookCon_Service] : Game#174556 Start
08.07.18 05:01:09 >> [HookCon_Service] : Game#174556 Win Number: [13]
08.07.18 05:01:09 >> [HookCon_Service] : Game#174556 End
08.07.18 05:04:36 >> [HookCon_Service] : Game#174557 Start
08.07.18 05:05:13 >> [HookCon_Service] : Game#174557 Win Number: [32]
08.07.18 05:05:13 >> [HookCon_Service] : Game#174557 End
08.07.18 05:08:39 >> [HookCon_Service] : Game#174558 Start
08.07.18 05:09:15 >> [HookCon_Service] : Game#174558 Win Number: [19]
08.07.18 05:09:16 >> [HookCon_Service] : Game#174558 End
08.07.18 05:12:42 >> [HookCon_Service] : Game#174559 Start
08.07.18 05:13:15 >> [HookCon_Service] : Game#174559 Win Number: [22]
08.07.18 05:13:15 >> [HookCon_Service] : Game#174559 End
08.07.18 05:16:41 >> [HookCon_Service] : Game#174560 Start
08.07.18 05:17:15 >> [HookCon_Service] : Game#174560 Win Number: [18]
08.07.18 05:17:15 >> [HookCon_Service] : Game#174560 End
08.07.18 05:20:42 >> [HookCon_Service] : Game#174561 Start
08.07.18 05:21:17 >> [HookCon_Service] : Game#174561 Win Number: [10]
08.07.18 05:24:44 >> [HookCon_Service] : Game#174562 Start
08.07.18 05:25:17 >> [HookCon_Service] : Game#174562 Win Number: [10]
08.07.18 05:25:17 >> [HookCon_Service] : Game#174562 End
08.07.18 05:28:40 >> [HookCon_Service] : Game#174563 Start
08.07.18 05:29:20 >> [HookCon_Service] : Game#174563 Win Number: [29]
08.07.18 05:29:20 >> [HookCon_Service] : Game#174563 End
08.07.18 05:32:46 >> [HookCon_Service] : Game#174564 Start
08.07.18 05:33:23 >> [HookCon_Service] : Game#174564 Win Number: [12]
08.07.18 05:33:23 >> [HookCon_Service] : Game#174564 End
08.07.18 05:36:50 >> [HookCon_Service] : Game#174565 Start
08.07.18 05:37:22 >> [HookCon_Service] : Game#174565 Win Number: [13]
08.07.18 05:37:22 >> [HookCon_Service] : Game#174565 End
08.07.18 05:40:49 >> [HookCon_Service] : Game#174566 Start
08.07.18 05:41:22 >> [HookCon_Service] : Game#174566 Win Number: [3]
08.07.18 05:41:22 >> [HookCon_Service] : Game#174566 End
08.07.18 05:44:49 >> [HookCon_Service] : Game#174567 Start
08.07.18 05:45:22 >> [HookCon_Service] : Game#174567 Win Number: [19]
08.07.18 05:45:22 >> [HookCon_Service] : Game#174567 End
08.07.18 05:48:49 >> [HookCon_Service] : Game#174568 Start
08.07.18 05:49:22 >> [HookCon_Service] : Game#174568 Win Number: [29]
08.07.18 05:49:22 >> [HookCon_Service] : Game#174568 End
08.07.18 05:52:47 >> [HookCon_Service] : Game#174569 Start
08.07.18 05:53:22 >> [HookCon_Service] : Game#174569 Win Number: [16]
08.07.18 05:53:22 >> [HookCon_Service] : Game#174569 End
08.07.18 05:56:49 >> [HookCon_Service] : Game#174570 Start
08.07.18 05:57:22 >> [HookCon_Service] : Game#174570 Win Number: [29]
08.07.18 05:57:22 >> [HookCon_Service] : Game#174570 End
08.07.18 06:00:47 >> [HookCon_Service] : Game#174571 Start
08.07.18 06:01:20 >> [HookCon_Service] : Game#174571 Win Number: [27]
08.07.18 06:01:21 >> [HookCon_Service] : Game#174571 End
08.07.18 06:04:45 >> [HookCon_Service] : Game#174572 Start
08.07.18 06:05:23 >> [HookCon_Service] : Game#174572 Win Number: [13]
08.07.18 06:05:23 >> [HookCon_Service] : Game#174572 End
08.07.18 06:08:46 >> [HookCon_Service] : Game#174573 Start
08.07.18 06:09:23 >> [HookCon_Service] : Game#174573 Win Number: [32]
08.07.18 06:09:23 >> [HookCon_Service] : Game#174573 End
08.07.18 06:12:50 >> [HookCon_Service] : Game#174574 Start
08.07.18 06:13:24 >> [HookCon_Service] : Game#174574 Win Number: [34]
08.07.18 06:13:24 >> [HookCon_Service] : Game#174574 End
08.07.18 06:16:50 >> [HookCon_Service] : Game#174575 Start
08.07.18 06:17:25 >> [HookCon_Service] : Game#174575 Win Number: [12]
08.07.18 06:17:26 >> [HookCon_Service] : Game#174575 End
08.07.18 06:20:52 >> [HookCon_Service] : Game#174576 Start
08.07.18 06:21:23 >> [HookCon_Service] : Game#174576 Win Number: [34]
08.07.18 06:21:24 >> [HookCon_Service] : Game#174576 End
08.07.18 06:24:48 >> [HookCon_Service] : Game#174577 Start
08.07.18 06:25:26 >> [HookCon_Service] : Game#174577 Win Number: [6]
08.07.18 06:25:26 >> [HookCon_Service] : Game#174577 End
08.07.18 06:28:53 >> [HookCon_Service] : Game#174578 Start
08.07.18 06:29:28 >> [HookCon_Service] : Game#174578 Win Number: [4]
08.07.18 06:29:29 >> [HookCon_Service] : Game#174578 End
08.07.18 06:32:56 >> [HookCon_Service] : Game#174579 Start
08.07.18 06:33:29 >> [HookCon_Service] : Game#174579 Win Number: [1]
08.07.18 06:33:29 >> [HookCon_Service] : Game#174579 End
08.07.18 06:36:56 >> [HookCon_Service] : Game#174580 Start
08.07.18 06:37:27 >> [HookCon_Service] : Game#174580 Win Number: [13]
08.07.18 06:37:27 >> [HookCon_Service] : Game#174580 End
08.07.18 06:40:53 >> [HookCon_Service] : Game#174581 Start
08.07.18 06:41:29 >> [HookCon_Service] : Game#174581 Win Number: [17]
08.07.18 06:41:29 >> [HookCon_Service] : Game#174581 End
08.07.18 06:44:54 >> [HookCon_Service] : Game#174582 Start
08.07.18 06:45:32 >> [HookCon_Service] : Game#174582 Win Number: [24]
08.07.18 06:45:32 >> [HookCon_Service] : Game#174582 End
08.07.18 06:48:58 >> [HookCon_Service] : Game#174583 Start
08.07.18 06:49:32 >> [HookCon_Service] : Game#174583 Win Number: [8]
08.07.18 06:49:32 >> [HookCon_Service] : Game#174583 End
08.07.18 06:52:56 >> [HookCon_Service] : Game#174584 Start
08.07.18 06:53:32 >> [HookCon_Service] : Game#174584 Win Number: [6]
08.07.18 06:53:32 >> [HookCon_Service] : Game#174584 End
08.07.18 06:56:57 >> [HookCon_Service] : Game#174585 Start
08.07.18 06:57:33 >> [HookCon_Service] : Game#174585 Win Number: [25]
08.07.18 06:57:33 >> [HookCon_Service] : Game#174585 End
08.07.18 07:01:00 >> [HookCon_Service] : Game#174586 Start
08.07.18 07:01:34 >> [HookCon_Service] : Game#174586 Win Number: [13]
08.07.18 07:01:34 >> [HookCon_Service] : Game#174586 End
08.07.18 07:05:01 >> [HookCon_Service] : Game#174587 Start
08.07.18 07:05:35 >> [HookCon_Service] : Game#174587 Win Number: [30]
08.07.18 07:05:35 >> [HookCon_Service] : Game#174587 End
08.07.18 07:09:01 >> [HookCon_Service] : Game#174588 Start
08.07.18 07:09:35 >> [HookCon_Service] : Game#174588 Win Number: [0]
08.07.18 07:09:35 >> [HookCon_Service] : Game#174588 End
08.07.18 07:13:01 >> [HookCon_Service] : Game#174589 Start
08.07.18 07:13:34 >> [HookCon_Service] : Game#174589 Win Number: [1]
08.07.18 07:13:34 >> [HookCon_Service] : Game#174589 End
08.07.18 07:17:01 >> [HookCon_Service] : Game#174590 Start
08.07.18 07:17:38 >> [HookCon_Service] : Game#174590 Win Number: [24]
08.07.18 07:17:38 >> [HookCon_Service] : Game#174590 End
08.07.18 07:21:01 >> [HookCon_Service] : Game#174591 Start
08.07.18 07:21:42 >> [HookCon_Service] : Game#174591 Win Number: [1]
08.07.18 07:21:42 >> [HookCon_Service] : Game#174591 End
08.07.18 07:25:06 >> [HookCon_Service] : Game#174592 Start
08.07.18 07:25:43 >> [HookCon_Service] : Game#174592 Win Number: [11]
08.07.18 07:25:43 >> [HookCon_Service] : Game#174592 End
08.07.18 07:29:09 >> [HookCon_Service] : Game#174593 Start
08.07.18 07:29:46 >> [HookCon_Service] : Game#174593 Win Number: [15]
08.07.18 07:29:47 >> [HookCon_Service] : Game#174593 End
08.07.18 07:33:10 >> [HookCon_Service] : Game#174594 Start
08.07.18 07:33:45 >> [HookCon_Service] : Game#174594 Win Number: [1]
08.07.18 07:33:46 >> [HookCon_Service] : Game#174594 End
08.07.18 07:37:12 >> [HookCon_Service] : Game#174595 Start
08.07.18 07:37:45 >> [HookCon_Service] : Game#174595 Win Number: [4]
08.07.18 07:37:46 >> [HookCon_Service] : Game#174595 End
08.07.18 07:41:13 >> [HookCon_Service] : Game#174596 Start
08.07.18 07:41:43 >> [HookCon_Service] : Game#174596 Win Number: [10]
08.07.18 07:41:43 >> [HookCon_Service] : Game#174596 End
08.07.18 07:45:10 >> [HookCon_Service] : Game#174597 Start
08.07.18 07:45:43 >> [HookCon_Service] : Game#174597 Win Number: [20]
08.07.18 07:45:43 >> [HookCon_Service] : Game#174597 End
08.07.18 07:49:09 >> [HookCon_Service] : Game#174598 Start
08.07.18 07:49:48 >> [HookCon_Service] : Game#174598 Win Number: [30]
08.07.18 07:49:48 >> [HookCon_Service] : Game#174598 End
08.07.18 07:53:12 >> [HookCon_Service] : Game#174599 Start
08.07.18 07:53:46 >> [HookCon_Service] : Game#174599 Win Number: [9]
08.07.18 07:53:46 >> [HookCon_Service] : Game#174599 End
08.07.18 07:57:13 >> [HookCon_Service] : Game#174600 Start
08.07.18 07:57:45 >> [HookCon_Service] : Game#174600 Win Number: [7]
08.07.18 07:57:45 >> [HookCon_Service] : Game#174600 End
08.07.18 08:01:12 >> [HookCon_Service] : Game#174601 Start
08.07.18 08:01:47 >> [HookCon_Service] : Game#174601 Win Number: [11]
08.07.18 08:01:47 >> [HookCon_Service] : Game#174601 End
08.07.18 08:05:14 >> [HookCon_Service] : Game#174602 Start
08.07.18 08:05:48 >> [HookCon_Service] : Game#174602 Win Number: [24]
08.07.18 08:05:49 >> [HookCon_Service] : Game#174602 End
08.07.18 08:09:14 >> [HookCon_Service] : Game#174603 Start
08.07.18 08:09:50 >> [HookCon_Service] : Game#174603 Win Number: [32]
08.07.18 08:09:50 >> [HookCon_Service] : Game#174603 End
08.07.18 08:13:17 >> [HookCon_Service] : Game#174604 Start
08.07.18 08:13:49 >> [HookCon_Service] : Game#174604 Win Number: [7]
08.07.18 08:13:50 >> [HookCon_Service] : Game#174604 End
08.07.18 08:17:17 >> [HookCon_Service] : Game#174605 Start
08.07.18 08:17:51 >> [HookCon_Service] : Game#174605 Win Number: [7]
08.07.18 08:17:51 >> [HookCon_Service] : Game#174605 End
08.07.18 08:21:17 >> [HookCon_Service] : Game#174606 Start
08.07.18 08:21:53 >> [HookCon_Service] : Game#174606 Win Number: [31]
08.07.18 08:21:54 >> [HookCon_Service] : Game#174606 End
08.07.18 08:25:21 >> [HookCon_Service] : Game#174607 Start
08.07.18 08:25:54 >> [HookCon_Service] : Game#174607 Win Number: [17]
08.07.18 08:25:54 >> [HookCon_Service] : Game#174607 End
08.07.18 08:29:21 >> [HookCon_Service] : Game#174608 Start
08.07.18 08:29:55 >> [HookCon_Service] : Game#174608 Win Number: [2]
08.07.18 08:29:56 >> [HookCon_Service] : Game#174608 End
08.07.18 08:33:20 >> [HookCon_Service] : Game#174609 Start
08.07.18 08:33:57 >> [HookCon_Service] : Game#174609 Win Number: [4]
08.07.18 08:33:57 >> [HookCon_Service] : Game#174609 End
08.07.18 08:37:24 >> [HookCon_Service] : Game#174610 Start
08.07.18 08:37:56 >> [HookCon_Service] : Game#174610 Win Number: [16]
08.07.18 08:37:57 >> [HookCon_Service] : Game#174610 End
08.07.18 07:03:33 >> Server is running. Waiting for incoming connections.
08.07.18 07:04:02 >> Client was connected: 192.168.159.192
08.07.18 07:04:02 >> HookCon LastNums:36,35,26,20,11,33,25,26,21,11,16,26,1,21,32,24,
08.07.18 07:04:02 >> Server LastNums:24,32,21,1,26,16,11,21,26,25,33,11,20,
08.07.18 07:04:37 >> [HookCon_Service] : Game#174766 Win Number: [8]
08.07.18 07:04:38 >> [HookCon_Service] : Game#174766 End
08.07.18 07:08:01 >> [HookCon_Service] : Game#174767 Start
08.07.18 07:08:40 >> [HookCon_Service] : Game#174767 Win Number: [2]
08.07.18 07:08:40 >> [HookCon_Service] : Game#174767 End
08.07.18 07:12:07 >> [HookCon_Service] : Game#174768 Start
08.07.18 07:12:41 >> [HookCon_Service] : Game#174768 Win Number: [6]
08.07.18 07:12:41 >> [HookCon_Service] : Game#174768 End
08.07.18 07:16:09 >> [HookCon_Service] : Game#174769 Start
08.07.18 07:16:40 >> [HookCon_Service] : Game#174769 Win Number: [2]
08.07.18 07:16:40 >> [HookCon_Service] : Game#174769 End
08.07.18 07:20:07 >> [HookCon_Service] : Game#174770 Start
08.07.18 07:20:41 >> [HookCon_Service] : Game#174770 Win Number: [29]
08.07.18 07:20:41 >> [HookCon_Service] : Game#174770 End
08.07.18 07:24:06 >> [HookCon_Service] : Game#174771 Start
08.07.18 07:24:45 >> [HookCon_Service] : Game#174771 Win Number: [36]
08.07.18 07:24:45 >> [HookCon_Service] : Game#174771 End
08.07.18 07:28:11 >> [HookCon_Service] : Game#174772 Start
08.07.18 07:28:45 >> [HookCon_Service] : Game#174772 Win Number: [31]
08.07.18 07:28:45 >> [HookCon_Service] : Game#174772 End
08.07.18 07:32:12 >> [HookCon_Service] : Game#174773 Start
08.07.18 07:32:44 >> [HookCon_Service] : Game#174773 Win Number: [36]
08.07.18 07:32:45 >> [HookCon_Service] : Game#174773 End
08.07.18 07:36:10 >> [HookCon_Service] : Game#174774 Start
08.07.18 07:36:44 >> [HookCon_Service] : Game#174774 Win Number: [21]
08.07.18 07:36:44 >> [HookCon_Service] : Game#174774 End
08.07.18 07:40:10 >> [HookCon_Service] : Game#174775 Start
08.07.18 07:40:46 >> [HookCon_Service] : Game#174775 Win Number: [2]
08.07.18 07:40:46 >> [HookCon_Service] : Game#174775 End
08.07.18 07:44:12 >> [HookCon_Service] : Game#174776 Start
08.07.18 07:44:47 >> [HookCon_Service] : Game#174776 Win Number: [35]
08.07.18 07:44:47 >> [HookCon_Service] : Game#174776 End
08.07.18 07:48:10 >> [HookCon_Service] : Game#174777 Start
08.07.18 07:48:47 >> [HookCon_Service] : Game#174777 Win Number: [11]
08.07.18 07:48:47 >> [HookCon_Service] : Game#174777 End
08.07.18 07:52:13 >> [HookCon_Service] : Game#174778 Start
08.07.18 07:52:46 >> [HookCon_Service] : Game#174778 Win Number: [12]
08.07.18 07:52:46 >> [HookCon_Service] : Game#174778 End
08.07.18 07:56:13 >> [HookCon_Service] : Game#174779 Start
08.07.18 07:56:45 >> [HookCon_Service] : Game#174779 Win Number: [35]
08.07.18 07:56:45 >> [HookCon_Service] : Game#174779 End
08.07.18 08:00:11 >> [HookCon_Service] : Game#174780 Start
08.07.18 08:00:47 >> [HookCon_Service] : Game#174780 Win Number: [7]
08.07.18 08:00:47 >> [HookCon_Service] : Game#174780 End
08.07.18 08:04:13 >> [HookCon_Service] : Game#174781 Start
08.07.18 08:04:47 >> [HookCon_Service] : Game#174781 Win Number: [2]
08.07.18 08:04:47 >> [HookCon_Service] : Game#174781 End
08.07.18 08:08:14 >> [HookCon_Service] : Game#174782 Start
08.07.18 08:08:48 >> [HookCon_Service] : Game#174782 Win Number: [36]
08.07.18 08:08:48 >> [HookCon_Service] : Game#174782 End
08.07.18 08:12:15 >> [HookCon_Service] : Game#174783 Start
08.07.18 08:12:46 >> [HookCon_Service] : Game#174783 Win Number: [3]
08.07.18 08:12:47 >> [HookCon_Service] : Game#174783 End
08.07.18 08:16:13 >> [HookCon_Service] : Game#174784 Start
08.07.18 08:16:49 >> [HookCon_Service] : Game#174784 Win Number: [8]
08.07.18 08:16:50 >> [HookCon_Service] : Game#174784 End
08.07.18 08:20:13 >> [HookCon_Service] : Game#174785 Start
08.07.18 08:20:54 >> [HookCon_Service] : Game#174785 Win Number: [21]
08.07.18 08:20:54 >> [HookCon_Service] : Game#174785 End
08.07.18 08:24:21 >> [HookCon_Service] : Game#174786 Start
08.07.18 08:24:57 >> [HookCon_Service] : Game#174786 Win Number: [25]
08.07.18 08:24:57 >> [HookCon_Service] : Game#174786 End
08.07.18 08:28:24 >> [HookCon_Service] : Game#174787 Start
08.07.18 08:29:00 >> [HookCon_Service] : Game#174787 Win Number: [17]
08.07.18 08:29:00 >> [HookCon_Service] : Game#174787 End
08.07.18 08:32:28 >> [HookCon_Service] : Game#174788 Start
08.07.18 08:33:00 >> [HookCon_Service] : Game#174788 Win Number: [33]
08.07.18 08:33:00 >> [HookCon_Service] : Game#174788 End
08.07.18 08:36:26 >> [HookCon_Service] : Game#174789 Start
08.07.18 08:37:02 >> [HookCon_Service] : Game#174789 Win Number: [22]
08.07.18 08:37:02 >> [HookCon_Service] : Game#174789 End
08.07.18 08:40:28 >> [HookCon_Service] : Game#174790 Start
08.07.18 08:41:03 >> [HookCon_Service] : Game#174790 Win Number: [8]
08.07.18 08:41:03 >> [HookCon_Service] : Game#174790 End
08.07.18 08:44:28 >> [HookCon_Service] : Game#174791 Start
08.07.18 08:45:07 >> [HookCon_Service] : Game#174791 Win Number: [32]
08.07.18 08:45:07 >> [HookCon_Service] : Game#174791 End
08.07.18 08:48:34 >> [HookCon_Service] : Game#174792 Start
08.07.18 08:49:09 >> [HookCon_Service] : Game#174792 Win Number: [2]
08.07.18 08:49:10 >> [HookCon_Service] : Game#174792 End
08.07.18 08:52:34 >> [HookCon_Service] : Game#174793 Start
08.07.18 08:53:08 >> [HookCon_Service] : Game#174793 Win Number: [35]
08.07.18 08:53:08 >> [HookCon_Service] : Game#174793 End
08.07.18 08:56:35 >> [HookCon_Service] : Game#174794 Start
08.07.18 08:57:06 >> [HookCon_Service] : Game#174794 Win Number: [18]
08.07.18 08:57:07 >> [HookCon_Service] : Game#174794 End
08.07.18 09:00:34 >> [HookCon_Service] : Game#174795 Start
08.07.18 09:01:06 >> [HookCon_Service] : Game#174795 Win Number: [30]
08.07.18 09:01:06 >> [HookCon_Service] : Game#174795 End
08.07.18 09:04:33 >> [HookCon_Service] : Game#174796 Start
08.07.18 09:05:06 >> [HookCon_Service] : Game#174796 Win Number: [1]
08.07.18 09:05:06 >> [HookCon_Service] : Game#174796 End
08.07.18 09:08:33 >> [HookCon_Service] : Game#174797 Start
08.07.18 09:09:05 >> [HookCon_Service] : Game#174797 Win Number: [23]
08.07.18 09:09:06 >> [HookCon_Service] : Game#174797 End
08.07.18 09:12:32 >> [HookCon_Service] : Game#174798 Start
08.07.18 09:13:04 >> [HookCon_Service] : Game#174798 Win Number: [15]
08.07.18 09:13:04 >> [HookCon_Service] : Game#174798 End
08.07.18 09:16:32 >> [HookCon_Service] : Game#174799 Start
08.07.18 09:17:07 >> [HookCon_Service] : Game#174799 Win Number: [14]
08.07.18 09:17:07 >> [HookCon_Service] : Game#174799 End
08.07.18 09:20:31 >> [HookCon_Service] : Game#174800 Start
08.07.18 09:21:08 >> [HookCon_Service] : Game#174800 Win Number: [31]
08.07.18 09:21:08 >> [HookCon_Service] : Game#174800 End
08.07.18 09:24:35 >> [HookCon_Service] : Game#174801 Start
08.07.18 09:25:09 >> [HookCon_Service] : Game#174801 Win Number: [19]
08.07.18 09:25:09 >> [HookCon_Service] : Game#174801 End
08.07.18 09:28:35 >> [HookCon_Service] : Game#174802 Start
08.07.18 09:29:08 >> [HookCon_Service] : Game#174802 Win Number: [7]
08.07.18 09:29:08 >> [HookCon_Service] : Game#174802 End
08.07.18 09:32:33 >> [HookCon_Service] : Game#174803 Start
08.07.18 09:33:09 >> [HookCon_Service] : Game#174803 Win Number: [16]
08.07.18 09:33:10 >> [HookCon_Service] : Game#174803 End
08.07.18 09:36:34 >> [HookCon_Service] : Game#174804 Start
08.07.18 09:37:11 >> [HookCon_Service] : Game#174804 Win Number: [25]
08.07.18 09:37:11 >> [HookCon_Service] : Game#174804 End
08.07.18 09:40:38 >> [HookCon_Service] : Game#174805 Start
08.07.18 09:41:11 >> [HookCon_Service] : Game#174805 Win Number: [4]
08.07.18 09:41:12 >> [HookCon_Service] : Game#174805 End
08.07.18 09:44:36 >> [HookCon_Service] : Game#174806 Start
08.07.18 09:45:12 >> [HookCon_Service] : Game#174806 Win Number: [4]
08.07.18 09:45:12 >> [HookCon_Service] : Game#174806 End
08.07.18 09:48:39 >> [HookCon_Service] : Game#174807 Start
08.07.18 09:49:14 >> [HookCon_Service] : Game#174807 Win Number: [4]
08.07.18 09:49:14 >> [HookCon_Service] : Game#174807 End
08.07.18 09:52:40 >> [HookCon_Service] : Game#174808 Start
08.07.18 09:53:14 >> [HookCon_Service] : Game#174808 Win Number: [30]
08.07.18 09:53:14 >> [HookCon_Service] : Game#174808 End
08.07.18 09:56:41 >> [HookCon_Service] : Game#174809 Start
08.07.18 09:57:11 >> [HookCon_Service] : Game#174809 Win Number: [31]
08.07.18 09:57:11 >> [HookCon_Service] : Game#174809 End
08.07.18 10:00:38 >> [HookCon_Service] : Game#174810 Start
08.07.18 10:01:09 >> [HookCon_Service] : Game#174810 Win Number: [4]
08.07.18 10:01:09 >> [HookCon_Service] : Game#174810 End
08.07.18 10:04:35 >> [HookCon_Service] : Game#174811 Start
08.07.18 10:05:09 >> [HookCon_Service] : Game#174811 Win Number: [32]
08.07.18 10:05:09 >> [HookCon_Service] : Game#174811 End
08.07.18 10:08:35 >> [HookCon_Service] : Game#174812 Start
08.07.18 10:09:10 >> [HookCon_Service] : Game#174812 Win Number: [13]
08.07.18 10:09:10 >> [HookCon_Service] : Game#174812 End
08.07.18 10:12:35 >> [HookCon_Service] : Game#174813 Start
08.07.18 10:13:11 >> [HookCon_Service] : Game#174813 Win Number: [23]
08.07.18 10:13:12 >> [HookCon_Service] : Game#174813 End
08.07.18 10:16:39 >> [HookCon_Service] : Game#174814 Start
08.07.18 10:17:13 >> [HookCon_Service] : Game#174814 Win Number: [13]
08.07.18 10:17:13 >> [HookCon_Service] : Game#174814 End
08.07.18 10:20:40 >> [HookCon_Service] : Game#174815 Start
08.07.18 10:21:16 >> [HookCon_Service] : Game#174815 Win Number: [2]
08.07.18 10:21:16 >> [HookCon_Service] : Game#174815 End
08.07.18 10:24:40 >> [HookCon_Service] : Game#174816 Start
08.07.18 10:25:17 >> [HookCon_Service] : Game#174816 Win Number: [2]
08.07.18 10:25:17 >> [HookCon_Service] : Game#174816 End
08.07.18 10:28:42 >> [HookCon_Service] : Game#174817 Start
08.07.18 10:29:22 >> [HookCon_Service] : Game#174817 Win Number: [7]
08.07.18 10:29:22 >> [HookCon_Service] : Game#174817 End
08.07.18 10:32:46 >> [HookCon_Service] : Game#174818 Start
08.07.18 10:33:23 >> [HookCon_Service] : Game#174818 Win Number: [12]
08.07.18 10:33:24 >> [HookCon_Service] : Game#174818 End
08.07.18 10:36:49 >> [HookCon_Service] : Game#174819 Start
08.07.18 10:37:23 >> [HookCon_Service] : Game#174819 Win Number: [8]
08.07.18 10:37:23 >> [HookCon_Service] : Game#174819 End
08.07.18 10:40:48 >> [HookCon_Service] : Game#174820 Start
08.07.18 10:41:24 >> [HookCon_Service] : Game#174820 Win Number: [25]
08.07.18 10:41:25 >> [HookCon_Service] : Game#174820 End
08.07.18 10:44:51 >> [HookCon_Service] : Game#174821 Start
08.07.18 10:45:30 >> [HookCon_Service] : Game#174821 Win Number: [19]
08.07.18 10:45:30 >> [HookCon_Service] : Game#174821 End
08.07.18 10:48:56 >> [HookCon_Service] : Game#174822 Start
08.07.18 10:49:31 >> [HookCon_Service] : Game#174822 Win Number: [20]
08.07.18 10:49:31 >> [HookCon_Service] : Game#174822 End
08.07.18 10:52:56 >> [HookCon_Service] : Game#174823 Start
08.07.18 10:53:34 >> [HookCon_Service] : Game#174823 Win Number: [15]
08.07.18 10:53:34 >> [HookCon_Service] : Game#174823 End
08.07.18 10:57:00 >> [HookCon_Service] : Game#174824 Start
08.07.18 10:57:33 >> [HookCon_Service] : Game#174824 Win Number: [7]
08.07.18 10:57:34 >> [HookCon_Service] : Game#174824 End
08.07.18 11:00:58 >> [HookCon_Service] : Game#174825 Start
08.07.18 11:01:32 >> [HookCon_Service] : Game#174825 Win Number: [5]
08.07.18 11:01:32 >> [HookCon_Service] : Game#174825 End
08.07.18 11:04:59 >> [HookCon_Service] : Game#174826 Start
08.07.18 11:05:32 >> [HookCon_Service] : Game#174826 Win Number: [18]
08.07.18 11:05:32 >> [HookCon_Service] : Game#174826 End
08.07.18 11:08:58 >> [HookCon_Service] : Game#174827 Start
08.07.18 11:09:30 >> [HookCon_Service] : Game#174827 Win Number: [22]
08.07.18 11:09:30 >> [HookCon_Service] : Game#174827 End
08.07.18 11:12:57 >> [HookCon_Service] : Game#174828 Start
08.07.18 11:13:31 >> [HookCon_Service] : Game#174828 Win Number: [8]
08.07.18 11:13:32 >> [HookCon_Service] : Game#174828 End
08.07.18 11:16:59 >> [HookCon_Service] : Game#174829 Start
08.07.18 11:17:32 >> [HookCon_Service] : Game#174829 Win Number: [21]
08.07.18 11:17:33 >> [HookCon_Service] : Game#174829 End
08.07.18 11:21:00 >> [HookCon_Service] : Game#174830 Start
08.07.18 11:21:34 >> [HookCon_Service] : Game#174830 Win Number: [0]
08.07.18 11:21:35 >> [HookCon_Service] : Game#174830 End
08.07.18 11:25:01 >> [HookCon_Service] : Game#174831 Start
08.07.18 11:25:35 >> [HookCon_Service] : Game#174831 Win Number: [26]
08.07.18 11:25:35 >> [HookCon_Service] : Game#174831 End
08.07.18 11:29:01 >> [HookCon_Service] : Game#174832 Start
08.07.18 11:29:33 >> [HookCon_Service] : Game#174832 Win Number: [20]
08.07.18 11:29:33 >> [HookCon_Service] : Game#174832 End
08.07.18 11:33:01 >> [HookCon_Service] : Game#174833 Start
08.07.18 11:33:35 >> [HookCon_Service] : Game#174833 Win Number: [30]
08.07.18 11:33:36 >> [HookCon_Service] : Game#174833 End
08.07.18 11:37:03 >> [HookCon_Service] : Game#174834 Start
08.07.18 11:37:34 >> [HookCon_Service] : Game#174834 Win Number: [7]
08.07.18 11:37:34 >> [HookCon_Service] : Game#174834 End
08.07.18 11:41:01 >> [HookCon_Service] : Game#174835 Start
08.07.18 11:41:32 >> [HookCon_Service] : Game#174835 Win Number: [15]
08.07.18 11:41:32 >> [HookCon_Service] : Game#174835 End
08.07.18 11:44:58 >> [HookCon_Service] : Game#174836 Start
08.07.18 11:45:34 >> [HookCon_Service] : Game#174836 Win Number: [11]
08.07.18 11:45:34 >> [HookCon_Service] : Game#174836 End
08.07.18 11:49:01 >> [HookCon_Service] : Game#174837 Start
08.07.18 11:49:35 >> [HookCon_Service] : Game#174837 Win Number: [1]
08.07.18 11:49:35 >> [HookCon_Service] : Game#174837 End
08.07.18 11:53:02 >> [HookCon_Service] : Game#174838 Start
08.07.18 11:53:32 >> [HookCon_Service] : Game#174838 Win Number: [5]
08.07.18 11:53:32 >> [HookCon_Service] : Game#174838 End
08.07.18 11:56:56 >> [HookCon_Service] : Game#174839 Start
08.07.18 11:57:34 >> [HookCon_Service] : Game#174839 Win Number: [0]
08.07.18 11:57:35 >> [HookCon_Service] : Game#174839 End
