07.07.18 12:01:42 >> [HookCon_Service] : Game#174161 Start
07.07.18 12:02:19 >> [HookCon_Service] : Game#174161 Win Number: [1]
07.07.18 12:02:19 >> [HookCon_Service] : Game#174161 End
07.07.18 12:05:46 >> [HookCon_Service] : Game#174162 Start
07.07.18 12:06:18 >> [HookCon_Service] : Game#174162 Win Number: [18]
07.07.18 12:06:19 >> [HookCon_Service] : Game#174162 End
07.07.18 12:09:44 >> [HookCon_Service] : Game#174163 Start
07.07.18 12:10:19 >> [HookCon_Service] : Game#174163 Win Number: [5]
07.07.18 12:10:20 >> [HookCon_Service] : Game#174163 End
07.07.18 12:13:44 >> [HookCon_Service] : Game#174164 Start
07.07.18 12:14:20 >> [HookCon_Service] : Game#174164 Win Number: [3]
07.07.18 12:14:20 >> [HookCon_Service] : Game#174164 End
07.07.18 12:17:47 >> [HookCon_Service] : Game#174165 Start
07.07.18 12:18:23 >> [HookCon_Service] : Game#174165 Win Number: [22]
07.07.18 12:18:24 >> [HookCon_Service] : Game#174165 End
07.07.18 12:21:51 >> [HookCon_Service] : Game#174166 Start
07.07.18 12:22:26 >> [HookCon_Service] : Game#174166 Win Number: [17]
07.07.18 12:22:26 >> [HookCon_Service] : Game#174166 End
07.07.18 12:25:53 >> [HookCon_Service] : Game#174167 Start
07.07.18 12:26:23 >> [HookCon_Service] : Game#174167 Win Number: [21]
07.07.18 12:26:24 >> [HookCon_Service] : Game#174167 End
07.07.18 12:29:49 >> [HookCon_Service] : Game#174168 Start
07.07.18 12:30:23 >> [HookCon_Service] : Game#174168 Win Number: [13]
07.07.18 12:30:23 >> [HookCon_Service] : Game#174168 End
07.07.18 12:33:50 >> [HookCon_Service] : Game#174169 Start
07.07.18 12:34:24 >> [HookCon_Service] : Game#174169 Win Number: [29]
07.07.18 12:34:25 >> [HookCon_Service] : Game#174169 End
07.07.18 12:37:50 >> [HookCon_Service] : Game#174170 Start
07.07.18 12:38:24 >> [HookCon_Service] : Game#174170 Win Number: [29]
07.07.18 12:38:24 >> [HookCon_Service] : Game#174170 End
07.07.18 12:41:49 >> [HookCon_Service] : Game#174171 Start
07.07.18 12:42:25 >> [HookCon_Service] : Game#174171 Win Number: [7]
07.07.18 12:42:26 >> [HookCon_Service] : Game#174171 End
07.07.18 12:45:53 >> [HookCon_Service] : Game#174172 Start
07.07.18 12:46:25 >> [HookCon_Service] : Game#174172 Win Number: [36]
07.07.18 12:46:25 >> [HookCon_Service] : Game#174172 End
07.07.18 12:49:53 >> [HookCon_Service] : Game#174173 Start
07.07.18 12:50:25 >> [HookCon_Service] : Game#174173 Win Number: [3]
07.07.18 12:50:25 >> [HookCon_Service] : Game#174173 End
07.07.18 12:53:51 >> [HookCon_Service] : Game#174174 Start
07.07.18 12:54:25 >> [HookCon_Service] : Game#174174 Win Number: [31]
07.07.18 12:57:51 >> [HookCon_Service] : Game#174175 Start
07.07.18 12:58:25 >> [HookCon_Service] : Game#174175 Win Number: [7]
07.07.18 12:58:25 >> [HookCon_Service] : Game#174175 End
07.07.18 01:01:48 >> [HookCon_Service] : Game#174176 Start
07.07.18 01:02:25 >> [HookCon_Service] : Game#174176 Win Number: [33]
07.07.18 01:02:25 >> [HookCon_Service] : Game#174176 End
07.07.18 01:05:50 >> [HookCon_Service] : Game#174177 Start
07.07.18 01:06:25 >> [HookCon_Service] : Game#174177 Win Number: [22]
07.07.18 01:06:25 >> [HookCon_Service] : Game#174177 End
07.07.18 01:09:52 >> [HookCon_Service] : Game#174178 Start
07.07.18 01:10:25 >> [HookCon_Service] : Game#174178 Win Number: [4]
07.07.18 01:10:25 >> [HookCon_Service] : Game#174178 End
07.07.18 01:13:51 >> [HookCon_Service] : Game#174179 Start
07.07.18 01:14:26 >> [HookCon_Service] : Game#174179 Win Number: [27]
07.07.18 01:14:26 >> [HookCon_Service] : Game#174179 End
07.07.18 01:17:53 >> [HookCon_Service] : Game#174180 Start
07.07.18 01:18:27 >> [HookCon_Service] : Game#174180 Win Number: [2]
07.07.18 01:18:27 >> [HookCon_Service] : Game#174180 End
07.07.18 01:21:53 >> [HookCon_Service] : Game#174181 Start
07.07.18 01:22:28 >> [HookCon_Service] : Game#174181 Win Number: [1]
07.07.18 01:22:28 >> [HookCon_Service] : Game#174181 End
07.07.18 01:25:56 >> [HookCon_Service] : Game#174182 Start
07.07.18 01:26:27 >> [HookCon_Service] : Game#174182 Win Number: [20]
07.07.18 01:26:27 >> [HookCon_Service] : Game#174182 End
07.07.18 01:29:54 >> [HookCon_Service] : Game#174183 Start
07.07.18 01:30:24 >> [HookCon_Service] : Game#174183 Win Number: [2]
07.07.18 01:30:25 >> [HookCon_Service] : Game#174183 End
07.07.18 01:33:51 >> [HookCon_Service] : Game#174184 Start
07.07.18 01:34:24 >> [HookCon_Service] : Game#174184 Win Number: [9]
07.07.18 01:34:24 >> [HookCon_Service] : Game#174184 End
07.07.18 01:37:49 >> [HookCon_Service] : Game#174185 Start
07.07.18 01:38:28 >> [HookCon_Service] : Game#174185 Win Number: [11]
07.07.18 01:38:28 >> [HookCon_Service] : Game#174185 End
07.07.18 01:41:54 >> [HookCon_Service] : Game#174186 Start
07.07.18 01:42:29 >> [HookCon_Service] : Game#174186 Win Number: [12]
07.07.18 01:42:29 >> [HookCon_Service] : Game#174186 End
07.07.18 01:45:56 >> [HookCon_Service] : Game#174187 Start
07.07.18 01:46:32 >> [HookCon_Service] : Game#174187 Win Number: [8]
07.07.18 01:46:32 >> [HookCon_Service] : Game#174187 End
07.07.18 01:49:56 >> [HookCon_Service] : Game#174188 Start
07.07.18 01:50:33 >> [HookCon_Service] : Game#174188 Win Number: [11]
07.07.18 01:50:33 >> [HookCon_Service] : Game#174188 End
07.07.18 01:54:00 >> [HookCon_Service] : Game#174189 Start
07.07.18 01:54:33 >> [HookCon_Service] : Game#174189 Win Number: [14]
07.07.18 01:54:33 >> [HookCon_Service] : Game#174189 End
07.07.18 01:57:59 >> [HookCon_Service] : Game#174190 Start
07.07.18 01:58:34 >> [HookCon_Service] : Game#174190 Win Number: [7]
07.07.18 01:58:34 >> [HookCon_Service] : Game#174190 End
07.07.18 02:01:59 >> [HookCon_Service] : Game#174191 Start
07.07.18 02:02:38 >> [HookCon_Service] : Game#174191 Win Number: [14]
07.07.18 02:02:38 >> [HookCon_Service] : Game#174191 End
07.07.18 02:06:02 >> [HookCon_Service] : Game#174192 Start
07.07.18 02:06:38 >> [HookCon_Service] : Game#174192 Win Number: [14]
07.07.18 02:06:39 >> [HookCon_Service] : Game#174192 End
07.07.18 02:10:05 >> [HookCon_Service] : Game#174193 Start
07.07.18 02:10:37 >> [HookCon_Service] : Game#174193 Win Number: [24]
07.07.18 02:10:38 >> [HookCon_Service] : Game#174193 End
07.07.18 02:14:03 >> [HookCon_Service] : Game#174194 Start
07.07.18 02:14:36 >> [HookCon_Service] : Game#174194 Win Number: [15]
07.07.18 02:14:37 >> [HookCon_Service] : Game#174194 End
07.07.18 02:18:01 >> [HookCon_Service] : Game#174195 Start
07.07.18 02:18:35 >> [HookCon_Service] : Game#174195 Win Number: [14]
07.07.18 02:18:36 >> [HookCon_Service] : Game#174195 End
07.07.18 02:22:00 >> [HookCon_Service] : Game#174196 Start
07.07.18 02:22:37 >> [HookCon_Service] : Game#174196 Win Number: [1]
07.07.18 02:22:37 >> [HookCon_Service] : Game#174196 End
07.07.18 02:26:04 >> [HookCon_Service] : Game#174197 Start
07.07.18 02:26:37 >> [HookCon_Service] : Game#174197 Win Number: [5]
07.07.18 02:26:38 >> [HookCon_Service] : Game#174197 End
07.07.18 02:30:05 >> [HookCon_Service] : Game#174198 Start
07.07.18 02:30:37 >> [HookCon_Service] : Game#174198 Win Number: [36]
07.07.18 02:30:37 >> [HookCon_Service] : Game#174198 End
07.07.18 02:34:03 >> [HookCon_Service] : Game#174199 Start
07.07.18 02:34:37 >> [HookCon_Service] : Game#174199 Win Number: [28]
07.07.18 02:34:37 >> [HookCon_Service] : Game#174199 End
07.07.18 02:38:03 >> [HookCon_Service] : Game#174200 Start
07.07.18 02:38:39 >> [HookCon_Service] : Game#174200 Win Number: [30]
07.07.18 02:38:40 >> [HookCon_Service] : Game#174200 End
07.07.18 02:42:05 >> [HookCon_Service] : Game#174201 Start
07.07.18 02:42:39 >> [HookCon_Service] : Game#174201 Win Number: [15]
07.07.18 02:42:39 >> [HookCon_Service] : Game#174201 End
07.07.18 02:46:05 >> [HookCon_Service] : Game#174202 Start
07.07.18 02:46:42 >> [HookCon_Service] : Game#174202 Win Number: [22]
07.07.18 02:46:42 >> [HookCon_Service] : Game#174202 End
07.07.18 02:50:09 >> [HookCon_Service] : Game#174203 Start
07.07.18 02:50:43 >> [HookCon_Service] : Game#174203 Win Number: [16]
07.07.18 02:50:43 >> [HookCon_Service] : Game#174203 End
07.07.18 02:54:10 >> [HookCon_Service] : Game#174204 Start
07.07.18 02:54:48 >> [HookCon_Service] : Game#174204 Win Number: [14]
07.07.18 02:54:48 >> [HookCon_Service] : Game#174204 End
07.07.18 02:58:15 >> [HookCon_Service] : Game#174205 Start
07.07.18 02:58:48 >> [HookCon_Service] : Game#174205 Win Number: [27]
07.07.18 02:58:48 >> [HookCon_Service] : Game#174205 End
07.07.18 03:02:14 >> [HookCon_Service] : Game#174206 Start
07.07.18 03:02:51 >> [HookCon_Service] : Game#174206 Win Number: [22]
07.07.18 03:02:51 >> [HookCon_Service] : Game#174206 End
07.07.18 03:06:18 >> [HookCon_Service] : Game#174207 Start
07.07.18 03:06:53 >> [HookCon_Service] : Game#174207 Win Number: [22]
07.07.18 03:06:53 >> [HookCon_Service] : Game#174207 End
07.07.18 03:10:20 >> [HookCon_Service] : Game#174208 Start
07.07.18 03:10:56 >> [HookCon_Service] : Game#174208 Win Number: [3]
07.07.18 03:10:57 >> [HookCon_Service] : Game#174208 End
07.07.18 03:14:24 >> [HookCon_Service] : Game#174209 Start
07.07.18 03:14:55 >> [HookCon_Service] : Game#174209 Win Number: [18]
07.07.18 03:14:56 >> [HookCon_Service] : Game#174209 End
07.07.18 03:18:22 >> [HookCon_Service] : Game#174210 Start
07.07.18 03:18:57 >> [HookCon_Service] : Game#174210 Win Number: [8]
07.07.18 03:18:57 >> [HookCon_Service] : Game#174210 End
07.07.18 03:22:23 >> [HookCon_Service] : Game#174211 Start
07.07.18 03:22:58 >> [HookCon_Service] : Game#174211 Win Number: [19]
07.07.18 03:22:58 >> [HookCon_Service] : Game#174211 End
07.07.18 03:26:23 >> [HookCon_Service] : Game#174212 Start
07.07.18 03:27:02 >> [HookCon_Service] : Game#174212 Win Number: [6]
07.07.18 03:27:02 >> [HookCon_Service] : Game#174212 End
07.07.18 03:30:24 >> [HookCon_Service] : Game#174213 Start
07.07.18 03:31:05 >> [HookCon_Service] : Game#174213 Win Number: [31]
07.07.18 03:31:05 >> [HookCon_Service] : Game#174213 End
07.07.18 03:34:32 >> [HookCon_Service] : Game#174214 Start
07.07.18 03:35:08 >> [HookCon_Service] : Game#174214 Win Number: [29]
07.07.18 03:35:08 >> [HookCon_Service] : Game#174214 End
07.07.18 03:38:34 >> [HookCon_Service] : Game#174215 Start
07.07.18 03:39:07 >> [HookCon_Service] : Game#174215 Win Number: [36]
07.07.18 03:39:07 >> [HookCon_Service] : Game#174215 End
07.07.18 03:42:32 >> [HookCon_Service] : Game#174216 Start
07.07.18 03:43:09 >> [HookCon_Service] : Game#174216 Win Number: [24]
07.07.18 03:43:09 >> [HookCon_Service] : Game#174216 End
07.07.18 03:46:36 >> [HookCon_Service] : Game#174217 Start
07.07.18 03:47:10 >> [HookCon_Service] : Game#174217 Win Number: [11]
07.07.18 03:47:10 >> [HookCon_Service] : Game#174217 End
07.07.18 03:50:37 >> [HookCon_Service] : Game#174218 Start
07.07.18 03:51:13 >> [HookCon_Service] : Game#174218 Win Number: [30]
07.07.18 03:51:13 >> [HookCon_Service] : Game#174218 End
07.07.18 03:54:40 >> [HookCon_Service] : Game#174219 Start
07.07.18 03:55:17 >> [HookCon_Service] : Game#174219 Win Number: [11]
07.07.18 03:55:18 >> [HookCon_Service] : Game#174219 End
07.07.18 03:58:42 >> [HookCon_Service] : Game#174220 Start
07.07.18 03:59:21 >> [HookCon_Service] : Game#174220 Win Number: [8]
07.07.18 03:59:22 >> [HookCon_Service] : Game#174220 End
07.07.18 04:02:48 >> [HookCon_Service] : Game#174221 Start
07.07.18 04:03:22 >> [HookCon_Service] : Game#174221 Win Number: [23]
07.07.18 04:03:22 >> [HookCon_Service] : Game#174221 End
07.07.18 04:06:49 >> [HookCon_Service] : Game#174222 Start
07.07.18 04:07:23 >> [HookCon_Service] : Game#174222 Win Number: [36]
07.07.18 04:07:23 >> [HookCon_Service] : Game#174222 End
07.07.18 04:10:49 >> [HookCon_Service] : Game#174223 Start
07.07.18 04:11:25 >> [HookCon_Service] : Game#174223 Win Number: [5]
07.07.18 04:11:25 >> [HookCon_Service] : Game#174223 End
07.07.18 04:14:48 >> [HookCon_Service] : Game#174224 Start
07.07.18 04:15:26 >> [HookCon_Service] : Game#174224 Win Number: [23]
07.07.18 04:15:26 >> [HookCon_Service] : Game#174224 End
07.07.18 04:18:54 >> [HookCon_Service] : Game#174225 Start
07.07.18 04:19:26 >> [HookCon_Service] : Game#174225 Win Number: [12]
07.07.18 04:19:26 >> [HookCon_Service] : Game#174225 End
07.07.18 04:22:54 >> [HookCon_Service] : Game#174226 Start
07.07.18 04:23:29 >> [HookCon_Service] : Game#174226 Win Number: [8]
07.07.18 04:23:29 >> [HookCon_Service] : Game#174226 End
07.07.18 04:26:55 >> [HookCon_Service] : Game#174227 Start
07.07.18 04:27:30 >> [HookCon_Service] : Game#174227 Win Number: [17]
07.07.18 04:27:30 >> [HookCon_Service] : Game#174227 End
07.07.18 04:30:57 >> [HookCon_Service] : Game#174228 Start
07.07.18 04:31:30 >> [HookCon_Service] : Game#174228 Win Number: [29]
07.07.18 04:31:30 >> [HookCon_Service] : Game#174228 End
07.07.18 04:34:56 >> [HookCon_Service] : Game#174229 Start
07.07.18 04:35:30 >> [HookCon_Service] : Game#174229 Win Number: [34]
07.07.18 04:35:30 >> [HookCon_Service] : Game#174229 End
07.07.18 04:38:56 >> [HookCon_Service] : Game#174230 Start
07.07.18 04:39:32 >> [HookCon_Service] : Game#174230 Win Number: [22]
07.07.18 04:39:33 >> [HookCon_Service] : Game#174230 End
07.07.18 04:43:00 >> [HookCon_Service] : Game#174231 Start
07.07.18 04:43:34 >> [HookCon_Service] : Game#174231 Win Number: [2]
07.07.18 04:43:34 >> [HookCon_Service] : Game#174231 End
07.07.18 04:46:58 >> [HookCon_Service] : Game#174232 Start
07.07.18 04:47:36 >> [HookCon_Service] : Game#174232 Win Number: [10]
07.07.18 04:47:36 >> [HookCon_Service] : Game#174232 End
07.07.18 04:51:01 >> [HookCon_Service] : Game#174233 Start
07.07.18 04:51:38 >> [HookCon_Service] : Game#174233 Win Number: [35]
07.07.18 04:51:38 >> [HookCon_Service] : Game#174233 End
07.07.18 04:55:05 >> [HookCon_Service] : Game#174234 Start
07.07.18 04:55:39 >> [HookCon_Service] : Game#174234 Win Number: [23]
07.07.18 04:55:39 >> [HookCon_Service] : Game#174234 End
07.07.18 04:59:04 >> [HookCon_Service] : Game#174235 Start
07.07.18 04:59:40 >> [HookCon_Service] : Game#174235 Win Number: [9]
07.07.18 04:59:41 >> [HookCon_Service] : Game#174235 End
07.07.18 05:03:06 >> [HookCon_Service] : Game#174236 Start
07.07.18 05:03:41 >> [HookCon_Service] : Game#174236 Win Number: [12]
07.07.18 05:03:41 >> [HookCon_Service] : Game#174236 End
07.07.18 05:07:07 >> [HookCon_Service] : Game#174237 Start
07.07.18 05:07:42 >> [HookCon_Service] : Game#174237 Win Number: [13]
07.07.18 05:07:42 >> [HookCon_Service] : Game#174237 End
07.07.18 05:11:10 >> [HookCon_Service] : Game#174238 Start
07.07.18 05:11:44 >> [HookCon_Service] : Game#174238 Win Number: [35]
07.07.18 05:11:44 >> [HookCon_Service] : Game#174238 End
07.07.18 05:15:10 >> [HookCon_Service] : Game#174239 Start
07.07.18 05:15:44 >> [HookCon_Service] : Game#174239 Win Number: [4]
07.07.18 05:15:44 >> [HookCon_Service] : Game#174239 End
07.07.18 05:19:08 >> [HookCon_Service] : Game#174240 Start
07.07.18 05:19:45 >> [HookCon_Service] : Game#174240 Win Number: [5]
07.07.18 05:19:45 >> [HookCon_Service] : Game#174240 End
07.07.18 05:23:11 >> [HookCon_Service] : Game#174241 Start
07.07.18 05:23:46 >> [HookCon_Service] : Game#174241 Win Number: [21]
07.07.18 05:23:46 >> [HookCon_Service] : Game#174241 End
07.07.18 05:27:11 >> [HookCon_Service] : Game#174242 Start
07.07.18 05:27:45 >> [HookCon_Service] : Game#174242 Win Number: [13]
07.07.18 05:27:45 >> [HookCon_Service] : Game#174242 End
07.07.18 05:31:11 >> [HookCon_Service] : Game#174243 Start
07.07.18 05:31:48 >> [HookCon_Service] : Game#174243 Win Number: [24]
07.07.18 05:31:48 >> [HookCon_Service] : Game#174243 End
07.07.18 05:35:15 >> [HookCon_Service] : Game#174244 Start
07.07.18 05:35:46 >> [HookCon_Service] : Game#174244 Win Number: [8]
07.07.18 05:35:46 >> [HookCon_Service] : Game#174244 End
07.07.18 05:39:13 >> [HookCon_Service] : Game#174245 Start
07.07.18 05:39:49 >> [HookCon_Service] : Game#174245 Win Number: [19]
07.07.18 05:39:50 >> [HookCon_Service] : Game#174245 End
07.07.18 05:43:16 >> [HookCon_Service] : Game#174246 Start
07.07.18 05:43:56 >> [HookCon_Service] : Game#174246 Win Number: [22]
07.07.18 05:43:56 >> [HookCon_Service] : Game#174246 End
07.07.18 05:47:23 >> [HookCon_Service] : Game#174247 Start
07.07.18 05:47:58 >> [HookCon_Service] : Game#174247 Win Number: [33]
07.07.18 05:47:58 >> [HookCon_Service] : Game#174247 End
07.07.18 05:51:22 >> [HookCon_Service] : Game#174248 Start
07.07.18 05:51:58 >> [HookCon_Service] : Game#174248 Win Number: [25]
07.07.18 05:51:58 >> [HookCon_Service] : Game#174248 End
07.07.18 05:55:25 >> [HookCon_Service] : Game#174249 Start
07.07.18 05:55:59 >> [HookCon_Service] : Game#174249 Win Number: [20]
07.07.18 05:55:59 >> [HookCon_Service] : Game#174249 End
07.07.18 05:59:26 >> [HookCon_Service] : Game#174250 Start
07.07.18 06:00:00 >> [HookCon_Service] : Game#174250 Win Number: [34]
07.07.18 06:00:00 >> [HookCon_Service] : Game#174250 End
07.07.18 06:03:25 >> [HookCon_Service] : Game#174251 Start
07.07.18 06:04:01 >> [HookCon_Service] : Game#174251 Win Number: [15]
07.07.18 06:04:01 >> [HookCon_Service] : Game#174251 End
07.07.18 06:07:27 >> [HookCon_Service] : Game#174252 Start
07.07.18 06:07:59 >> [HookCon_Service] : Game#174252 Win Number: [17]
07.07.18 06:07:59 >> [HookCon_Service] : Game#174252 End
07.07.18 06:11:23 >> [HookCon_Service] : Game#174253 Start
07.07.18 06:12:01 >> [HookCon_Service] : Game#174253 Win Number: [20]
07.07.18 06:12:02 >> [HookCon_Service] : Game#174253 End
07.07.18 06:15:27 >> [HookCon_Service] : Game#174254 Start
07.07.18 06:15:59 >> [HookCon_Service] : Game#174254 Win Number: [2]
07.07.18 06:15:59 >> [HookCon_Service] : Game#174254 End
07.07.18 06:19:23 >> [HookCon_Service] : Game#174255 Start
07.07.18 06:20:04 >> [HookCon_Service] : Game#174255 Win Number: [7]
07.07.18 06:20:04 >> [HookCon_Service] : Game#174255 End
07.07.18 06:23:31 >> [HookCon_Service] : Game#174256 Start
07.07.18 06:24:22 >> [HookCon_Service] : Game#174256 Win Number: [9]
07.07.18 06:24:22 >> [HookCon_Service] : Game#174256 End
07.07.18 06:27:49 >> [HookCon_Service] : Game#174257 Start
07.07.18 06:28:22 >> [HookCon_Service] : Game#174257 Win Number: [12]
07.07.18 06:28:22 >> [HookCon_Service] : Game#174257 End
07.07.18 06:31:48 >> [HookCon_Service] : Game#174258 Start
07.07.18 06:32:26 >> [HookCon_Service] : Game#174258 Win Number: [28]
07.07.18 06:32:27 >> [HookCon_Service] : Game#174258 End
07.07.18 06:35:52 >> [HookCon_Service] : Game#174259 Start
07.07.18 06:36:25 >> [HookCon_Service] : Game#174259 Win Number: [35]
07.07.18 06:36:26 >> [HookCon_Service] : Game#174259 End
07.07.18 06:39:52 >> [HookCon_Service] : Game#174260 Start
07.07.18 06:40:25 >> [HookCon_Service] : Game#174260 Win Number: [22]
07.07.18 06:40:25 >> [HookCon_Service] : Game#174260 End
07.07.18 06:43:51 >> [HookCon_Service] : Game#174261 Start
07.07.18 06:44:26 >> [HookCon_Service] : Game#174261 Win Number: [19]
07.07.18 06:44:26 >> [HookCon_Service] : Game#174261 End
07.07.18 06:47:52 >> [HookCon_Service] : Game#174262 Start
07.07.18 06:48:27 >> [HookCon_Service] : Game#174262 Win Number: [3]
07.07.18 06:48:27 >> [HookCon_Service] : Game#174262 End
07.07.18 10:01:16 >> Client was connected: 192.168.159.192
07.07.18 10:01:16 >> HookCon LastNums:-1
07.07.18 10:01:16 >> Server LastNums:3,19,22,35,28,12,9,7,2,20,17,15,34,
07.07.18 10:01:42 >> [HookCon_Service] : Disconnected. Reason: System.EventArgs. All Web-clients disconnected.
07.07.18 10:01:42 >> [HookCon_Service] : Disconnected. Reason: System.EventArgs. All Web-clients disconnected.
07.07.18 10:01:42 >> Server stopped! All clients disconnected.
07.07.18 10:01:47 >> Error: Подключение не было закрыто. Подключение открыто. in MSSQL.vb. More Info:System.InvalidOperationException: Подключение не было закрыто. Подключение открыто.
   в System.Data.ProviderBase.DbConnectionInternal.OpenConnection(DbConnection outerConnection, DbConnectionFactory connectionFactory)
   в System.Data.SqlClient.SqlConnection.Open()
   в RRServer.MSSQL.Connect() в D:\PROJECT\RRServer-beta1\RRServer\RRServer\MSSQL.vb:строка 14
07.07.18 10:01:47 >> Server is running. Waiting for incoming connections.
07.07.18 10:02:12 >> Client was connected: 192.168.159.192
07.07.18 10:02:12 >> HookCon LastNums:-1
07.07.18 10:02:12 >> Server LastNums:3,19,22,35,28,12,9,7,2,20,17,15,34,
07.07.18 10:03:32 >> [HookCon_Service] : Game#174273 Start
07.07.18 10:04:10 >> [HookCon_Service] : Game#174273 Win Number: [23]
07.07.18 10:04:10 >> [HookCon_Service] : Game#174273 End
07.07.18 10:07:35 >> [HookCon_Service] : Game#174274 Start
07.07.18 10:08:10 >> [HookCon_Service] : Game#174274 Win Number: [11]
07.07.18 10:08:10 >> [HookCon_Service] : Game#174274 End
07.07.18 10:11:35 >> [HookCon_Service] : Game#174275 Start
07.07.18 10:12:10 >> [HookCon_Service] : Game#174275 Win Number: [11]
07.07.18 10:12:10 >> [HookCon_Service] : Game#174275 End
07.07.18 10:15:36 >> [HookCon_Service] : Game#174276 Start
07.07.18 10:16:09 >> [HookCon_Service] : Game#174276 Win Number: [10]
07.07.18 10:16:10 >> [HookCon_Service] : Game#174276 End
07.07.18 10:19:36 >> [HookCon_Service] : Game#174277 Start
07.07.18 10:20:12 >> [HookCon_Service] : Game#174277 Win Number: [36]
07.07.18 10:20:13 >> [HookCon_Service] : Game#174277 End
07.07.18 10:23:39 >> [HookCon_Service] : Game#174278 Start
07.07.18 10:24:11 >> [HookCon_Service] : Game#174278 Win Number: [10]
07.07.18 10:24:12 >> [HookCon_Service] : Game#174278 End
07.07.18 10:27:39 >> [HookCon_Service] : Game#174279 Start
07.07.18 10:28:12 >> [HookCon_Service] : Game#174279 Win Number: [18]
07.07.18 10:28:13 >> [HookCon_Service] : Game#174279 End
07.07.18 10:31:39 >> [HookCon_Service] : Game#174280 Start
07.07.18 10:32:13 >> [HookCon_Service] : Game#174280 Win Number: [25]
07.07.18 10:32:13 >> [HookCon_Service] : Game#174280 End
07.07.18 10:35:37 >> [HookCon_Service] : Game#174281 Start
07.07.18 10:36:16 >> [HookCon_Service] : Game#174281 Win Number: [8]
07.07.18 10:36:16 >> [HookCon_Service] : Game#174281 End
07.07.18 10:39:40 >> [HookCon_Service] : Game#174282 Start
07.07.18 10:40:17 >> [HookCon_Service] : Game#174282 Win Number: [8]
07.07.18 10:40:17 >> [HookCon_Service] : Game#174282 End
07.07.18 10:43:44 >> [HookCon_Service] : Game#174283 Start
07.07.18 10:44:18 >> [HookCon_Service] : Game#174283 Win Number: [33]
07.07.18 10:44:19 >> [HookCon_Service] : Game#174283 End
07.07.18 10:47:46 >> [HookCon_Service] : Game#174284 Start
07.07.18 10:48:18 >> [HookCon_Service] : Game#174284 Win Number: [32]
07.07.18 10:48:19 >> [HookCon_Service] : Game#174284 End
07.07.18 10:51:45 >> [HookCon_Service] : Game#174285 Start
07.07.18 10:52:22 >> [HookCon_Service] : Game#174285 Win Number: [18]
07.07.18 10:52:22 >> [HookCon_Service] : Game#174285 End
07.07.18 10:55:48 >> [HookCon_Service] : Game#174286 Start
07.07.18 10:56:22 >> [HookCon_Service] : Game#174286 Win Number: [13]
07.07.18 10:56:22 >> [HookCon_Service] : Game#174286 End
07.07.18 10:59:48 >> [HookCon_Service] : Game#174287 Start
07.07.18 11:00:21 >> [HookCon_Service] : Game#174287 Win Number: [23]
07.07.18 11:00:21 >> [HookCon_Service] : Game#174287 End
07.07.18 11:03:48 >> [HookCon_Service] : Game#174288 Start
07.07.18 11:04:20 >> [HookCon_Service] : Game#174288 Win Number: [17]
07.07.18 11:04:21 >> [HookCon_Service] : Game#174288 End
07.07.18 11:07:46 >> [HookCon_Service] : Game#174289 Start
07.07.18 11:08:21 >> [HookCon_Service] : Game#174289 Win Number: [36]
07.07.18 11:08:21 >> [HookCon_Service] : Game#174289 End
07.07.18 11:11:47 >> [HookCon_Service] : Game#174290 Start
07.07.18 11:12:22 >> [HookCon_Service] : Game#174290 Win Number: [27]
07.07.18 11:12:22 >> [HookCon_Service] : Game#174290 End
07.07.18 11:15:48 >> [HookCon_Service] : Game#174291 Start
07.07.18 11:16:21 >> [HookCon_Service] : Game#174291 Win Number: [4]
07.07.18 11:16:21 >> [HookCon_Service] : Game#174291 End
07.07.18 11:19:47 >> [HookCon_Service] : Game#174292 Start
07.07.18 11:20:26 >> [HookCon_Service] : Game#174292 Win Number: [6]
07.07.18 11:20:26 >> [HookCon_Service] : Game#174292 End
07.07.18 11:23:53 >> [HookCon_Service] : Game#174293 Start
07.07.18 11:24:26 >> [HookCon_Service] : Game#174293 Win Number: [17]
07.07.18 11:24:26 >> [HookCon_Service] : Game#174293 End
07.07.18 11:27:52 >> [HookCon_Service] : Game#174294 Start
07.07.18 11:28:26 >> [HookCon_Service] : Game#174294 Win Number: [26]
07.07.18 11:28:26 >> [HookCon_Service] : Game#174294 End
07.07.18 11:31:52 >> [HookCon_Service] : Game#174295 Start
07.07.18 11:32:27 >> [HookCon_Service] : Game#174295 Win Number: [26]
07.07.18 11:32:28 >> [HookCon_Service] : Game#174295 End
07.07.18 11:35:54 >> [HookCon_Service] : Game#174296 Start
07.07.18 11:36:26 >> [HookCon_Service] : Game#174296 Win Number: [16]
07.07.18 11:36:27 >> [HookCon_Service] : Game#174296 End
07.07.18 11:39:53 >> [HookCon_Service] : Game#174297 Start
07.07.18 11:40:28 >> [HookCon_Service] : Game#174297 Win Number: [20]
07.07.18 11:40:29 >> [HookCon_Service] : Game#174297 End
07.07.18 11:43:56 >> [HookCon_Service] : Game#174298 Start
07.07.18 11:44:28 >> [HookCon_Service] : Game#174298 Win Number: [15]
07.07.18 11:44:28 >> [HookCon_Service] : Game#174298 End
07.07.18 11:47:55 >> [HookCon_Service] : Game#174299 Start
07.07.18 11:48:26 >> [HookCon_Service] : Game#174299 Win Number: [5]
07.07.18 11:48:27 >> [HookCon_Service] : Game#174299 End
07.07.18 11:51:54 >> [HookCon_Service] : Game#174300 Start
07.07.18 11:52:26 >> [HookCon_Service] : Game#174300 Win Number: [5]
07.07.18 11:52:26 >> [HookCon_Service] : Game#174300 End
07.07.18 11:55:52 >> [HookCon_Service] : Game#174301 Start
07.07.18 11:56:24 >> [HookCon_Service] : Game#174301 Win Number: [5]
07.07.18 11:56:24 >> [HookCon_Service] : Game#174301 End
07.07.18 11:59:51 >> [HookCon_Service] : Game#174302 Start
07.07.18 12:00:24 >> [HookCon_Service] : Game#174302 Win Number: [31]
07.07.18 12:00:24 >> [HookCon_Service] : Game#174302 End
07.07.18 12:03:51 >> [HookCon_Service] : Game#174303 Start
07.07.18 12:04:23 >> [HookCon_Service] : Game#174303 Win Number: [20]
07.07.18 12:04:24 >> [HookCon_Service] : Game#174303 End
07.07.18 12:07:48 >> [HookCon_Service] : Game#174304 Start
07.07.18 12:08:24 >> [HookCon_Service] : Game#174304 Win Number: [35]
07.07.18 12:08:25 >> [HookCon_Service] : Game#174304 End
07.07.18 12:11:51 >> [HookCon_Service] : Game#174305 Start
07.07.18 12:12:25 >> [HookCon_Service] : Game#174305 Win Number: [29]
07.07.18 12:12:25 >> [HookCon_Service] : Game#174305 End
07.07.18 12:15:52 >> [HookCon_Service] : Game#174306 Start
07.07.18 12:16:25 >> [HookCon_Service] : Game#174306 Win Number: [31]
07.07.18 12:16:25 >> [HookCon_Service] : Game#174306 End
07.07.18 12:19:51 >> [HookCon_Service] : Game#174307 Start
07.07.18 12:20:28 >> [HookCon_Service] : Game#174307 Win Number: [8]
07.07.18 12:20:29 >> [HookCon_Service] : Game#174307 End
07.07.18 12:23:56 >> [HookCon_Service] : Game#174308 Start
07.07.18 12:24:29 >> [HookCon_Service] : Game#174308 Win Number: [5]
07.07.18 12:24:29 >> [HookCon_Service] : Game#174308 End
07.07.18 12:27:55 >> [HookCon_Service] : Game#174309 Start
07.07.18 12:28:29 >> [HookCon_Service] : Game#174309 Win Number: [24]
07.07.18 12:28:30 >> [HookCon_Service] : Game#174309 End
07.07.18 12:31:54 >> [HookCon_Service] : Game#174310 Start
07.07.18 12:32:32 >> [HookCon_Service] : Game#174310 Win Number: [20]
07.07.18 12:32:32 >> [HookCon_Service] : Game#174310 End
07.07.18 12:36:00 >> [HookCon_Service] : Game#174311 Start
07.07.18 12:36:34 >> [HookCon_Service] : Game#174311 Win Number: [24]
07.07.18 12:36:34 >> [HookCon_Service] : Game#174311 End
07.07.18 12:40:01 >> [HookCon_Service] : Game#174312 Start
07.07.18 12:40:36 >> [HookCon_Service] : Game#174312 Win Number: [17]
07.07.18 12:40:36 >> [HookCon_Service] : Game#174312 End
07.07.18 12:44:02 >> [HookCon_Service] : Game#174313 Start
07.07.18 12:44:37 >> [HookCon_Service] : Game#174313 Win Number: [23]
07.07.18 12:44:37 >> [HookCon_Service] : Game#174313 End
07.07.18 12:48:03 >> [HookCon_Service] : Game#174314 Start
07.07.18 12:48:38 >> [HookCon_Service] : Game#174314 Win Number: [29]
07.07.18 12:48:39 >> [HookCon_Service] : Game#174314 End
07.07.18 12:52:06 >> [HookCon_Service] : Game#174315 Start
07.07.18 12:52:39 >> [HookCon_Service] : Game#174315 Win Number: [21]
07.07.18 12:52:40 >> [HookCon_Service] : Game#174315 End
07.07.18 12:56:05 >> [HookCon_Service] : Game#174316 Start
07.07.18 12:56:43 >> [HookCon_Service] : Game#174316 Win Number: [27]
07.07.18 12:56:43 >> [HookCon_Service] : Game#174316 End
07.07.18 01:00:10 >> [HookCon_Service] : Game#174317 Start
07.07.18 01:00:45 >> [HookCon_Service] : Game#174317 Win Number: [15]
07.07.18 01:00:46 >> [HookCon_Service] : Game#174317 End
07.07.18 01:04:13 >> [HookCon_Service] : Game#174318 Start
07.07.18 01:04:45 >> [HookCon_Service] : Game#174318 Win Number: [23]
07.07.18 01:04:46 >> [HookCon_Service] : Game#174318 End
07.07.18 01:08:12 >> [HookCon_Service] : Game#174319 Start
07.07.18 01:08:48 >> [HookCon_Service] : Game#174319 Win Number: [19]
07.07.18 01:08:49 >> [HookCon_Service] : Game#174319 End
07.07.18 01:12:16 >> [HookCon_Service] : Game#174320 Start
07.07.18 01:12:49 >> [HookCon_Service] : Game#174320 Win Number: [29]
07.07.18 01:12:49 >> [HookCon_Service] : Game#174320 End
07.07.18 01:16:15 >> [HookCon_Service] : Game#174321 Start
07.07.18 01:16:51 >> [HookCon_Service] : Game#174321 Win Number: [23]
07.07.18 01:16:51 >> [HookCon_Service] : Game#174321 End
07.07.18 01:20:16 >> [HookCon_Service] : Game#174322 Start
07.07.18 01:20:54 >> [HookCon_Service] : Game#174322 Win Number: [28]
07.07.18 01:20:54 >> [HookCon_Service] : Game#174322 End
07.07.18 01:24:19 >> [HookCon_Service] : Game#174323 Start
07.07.18 01:24:54 >> [HookCon_Service] : Game#174323 Win Number: [6]
07.07.18 01:24:54 >> [HookCon_Service] : Game#174323 End
07.07.18 01:28:20 >> [HookCon_Service] : Game#174324 Start
07.07.18 01:28:56 >> [HookCon_Service] : Game#174324 Win Number: [20]
07.07.18 01:28:56 >> [HookCon_Service] : Game#174324 End
07.07.18 01:32:21 >> [HookCon_Service] : Game#174325 Start
07.07.18 01:32:56 >> [HookCon_Service] : Game#174325 Win Number: [10]
07.07.18 01:32:56 >> [HookCon_Service] : Game#174325 End
07.07.18 01:36:23 >> [HookCon_Service] : Game#174326 Start
07.07.18 01:36:54 >> [HookCon_Service] : Game#174326 Win Number: [30]
07.07.18 01:36:54 >> [HookCon_Service] : Game#174326 End
07.07.18 01:40:21 >> [HookCon_Service] : Game#174327 Start
07.07.18 01:40:52 >> [HookCon_Service] : Game#174327 Win Number: [6]
07.07.18 01:40:52 >> [HookCon_Service] : Game#174327 End
07.07.18 01:44:18 >> [HookCon_Service] : Game#174328 Start
07.07.18 01:44:51 >> [HookCon_Service] : Game#174328 Win Number: [14]
07.07.18 01:44:52 >> [HookCon_Service] : Game#174328 End
07.07.18 01:48:18 >> [HookCon_Service] : Game#174329 Start
07.07.18 01:48:50 >> [HookCon_Service] : Game#174329 Win Number: [12]
07.07.18 01:48:51 >> [HookCon_Service] : Game#174329 End
07.07.18 01:52:18 >> [HookCon_Service] : Game#174330 Start
07.07.18 01:52:51 >> [HookCon_Service] : Game#174330 Win Number: [28]
07.07.18 01:52:51 >> [HookCon_Service] : Game#174330 End
07.07.18 01:56:16 >> [HookCon_Service] : Game#174331 Start
07.07.18 01:56:51 >> [HookCon_Service] : Game#174331 Win Number: [17]
07.07.18 01:56:51 >> [HookCon_Service] : Game#174331 End
07.07.18 02:00:17 >> [HookCon_Service] : Game#174332 Start
07.07.18 02:00:55 >> [HookCon_Service] : Game#174332 Win Number: [8]
07.07.18 02:00:55 >> [HookCon_Service] : Game#174332 End
07.07.18 02:04:21 >> [HookCon_Service] : Game#174333 Start
07.07.18 02:04:55 >> [HookCon_Service] : Game#174333 Win Number: [3]
07.07.18 02:04:55 >> [HookCon_Service] : Game#174333 End
07.07.18 02:08:21 >> [HookCon_Service] : Game#174334 Start
07.07.18 02:08:52 >> [HookCon_Service] : Game#174334 Win Number: [2]
07.07.18 02:08:52 >> [HookCon_Service] : Game#174334 End
07.07.18 02:12:19 >> [HookCon_Service] : Game#174335 Start
07.07.18 02:12:49 >> [HookCon_Service] : Game#174335 Win Number: [25]
07.07.18 02:12:50 >> [HookCon_Service] : Game#174335 End
07.07.18 02:16:16 >> [HookCon_Service] : Game#174336 Start
07.07.18 02:16:51 >> [HookCon_Service] : Game#174336 Win Number: [15]
07.07.18 02:16:51 >> [HookCon_Service] : Game#174336 End
07.07.18 02:20:16 >> [HookCon_Service] : Game#174337 Start
07.07.18 02:20:52 >> [HookCon_Service] : Game#174337 Win Number: [22]
07.07.18 02:20:52 >> [HookCon_Service] : Game#174337 End
07.07.18 02:24:16 >> [HookCon_Service] : Game#174338 Start
07.07.18 02:24:56 >> [HookCon_Service] : Game#174338 Win Number: [33]
07.07.18 02:24:56 >> [HookCon_Service] : Game#174338 End
07.07.18 02:28:21 >> [HookCon_Service] : Game#174339 Start
07.07.18 02:28:55 >> [HookCon_Service] : Game#174339 Win Number: [1]
07.07.18 02:28:55 >> [HookCon_Service] : Game#174339 End
07.07.18 02:32:20 >> [HookCon_Service] : Game#174340 Start
07.07.18 02:32:51 >> [HookCon_Service] : Game#174340 Win Number: [15]
07.07.18 02:32:52 >> [HookCon_Service] : Game#174340 End
07.07.18 02:36:18 >> [HookCon_Service] : Game#174341 Start
07.07.18 02:36:54 >> [HookCon_Service] : Game#174341 Win Number: [24]
07.07.18 02:36:54 >> [HookCon_Service] : Game#174341 End
07.07.18 02:40:20 >> [HookCon_Service] : Game#174342 Start
07.07.18 02:40:55 >> [HookCon_Service] : Game#174342 Win Number: [12]
07.07.18 02:40:55 >> [HookCon_Service] : Game#174342 End
07.07.18 02:44:22 >> [HookCon_Service] : Game#174343 Start
07.07.18 02:44:54 >> [HookCon_Service] : Game#174343 Win Number: [9]
07.07.18 02:44:54 >> [HookCon_Service] : Game#174343 End
07.07.18 02:48:20 >> [HookCon_Service] : Game#174344 Start
07.07.18 02:48:55 >> [HookCon_Service] : Game#174344 Win Number: [33]
07.07.18 02:48:55 >> [HookCon_Service] : Game#174344 End
07.07.18 02:52:22 >> [HookCon_Service] : Game#174345 Start
07.07.18 02:52:57 >> [HookCon_Service] : Game#174345 Win Number: [26]
07.07.18 02:52:57 >> [HookCon_Service] : Game#174345 End
07.07.18 02:56:22 >> [HookCon_Service] : Game#174346 Start
07.07.18 02:56:58 >> [HookCon_Service] : Game#174346 Win Number: [31]
07.07.18 02:56:58 >> [HookCon_Service] : Game#174346 End
07.07.18 03:00:23 >> [HookCon_Service] : Game#174347 Start
07.07.18 03:01:03 >> [HookCon_Service] : Game#174347 Win Number: [13]
07.07.18 03:01:04 >> [HookCon_Service] : Game#174347 End
07.07.18 03:04:29 >> [HookCon_Service] : Game#174348 Start
07.07.18 03:05:09 >> [HookCon_Service] : Game#174348 Win Number: [12]
07.07.18 03:05:09 >> [HookCon_Service] : Game#174348 End
07.07.18 03:08:35 >> [HookCon_Service] : Game#174349 Start
07.07.18 03:09:10 >> [HookCon_Service] : Game#174349 Win Number: [28]
07.07.18 03:09:10 >> [HookCon_Service] : Game#174349 End
07.07.18 03:12:37 >> [HookCon_Service] : Game#174350 Start
07.07.18 03:13:12 >> [HookCon_Service] : Game#174350 Win Number: [17]
07.07.18 03:13:12 >> [HookCon_Service] : Game#174350 End
07.07.18 03:16:40 >> [HookCon_Service] : Game#174351 Start
07.07.18 03:17:13 >> [HookCon_Service] : Game#174351 Win Number: [10]
07.07.18 03:17:13 >> [HookCon_Service] : Game#174351 End
07.07.18 03:20:41 >> [HookCon_Service] : Game#174352 Start
07.07.18 03:21:15 >> [HookCon_Service] : Game#174352 Win Number: [35]
07.07.18 03:21:16 >> [HookCon_Service] : Game#174352 End
07.07.18 03:24:40 >> [HookCon_Service] : Game#174353 Start
07.07.18 03:25:17 >> [HookCon_Service] : Game#174353 Win Number: [0]
07.07.18 03:25:17 >> [HookCon_Service] : Game#174353 End
07.07.18 03:28:43 >> [HookCon_Service] : Game#174354 Start
07.07.18 03:29:19 >> [HookCon_Service] : Game#174354 Win Number: [31]
07.07.18 03:29:19 >> [HookCon_Service] : Game#174354 End
07.07.18 03:32:46 >> [HookCon_Service] : Game#174355 Start
07.07.18 03:33:19 >> [HookCon_Service] : Game#174355 Win Number: [26]
07.07.18 03:33:20 >> [HookCon_Service] : Game#174355 End
07.07.18 03:36:45 >> [HookCon_Service] : Game#174356 Start
07.07.18 03:37:21 >> [HookCon_Service] : Game#174356 Win Number: [5]
07.07.18 03:37:21 >> [HookCon_Service] : Game#174356 End
07.07.18 03:40:48 >> [HookCon_Service] : Game#174357 Start
07.07.18 03:41:21 >> [HookCon_Service] : Game#174357 Win Number: [35]
07.07.18 03:41:21 >> [HookCon_Service] : Game#174357 End
07.07.18 03:44:47 >> [HookCon_Service] : Game#174358 Start
07.07.18 03:45:20 >> [HookCon_Service] : Game#174358 Win Number: [35]
07.07.18 03:45:20 >> [HookCon_Service] : Game#174358 End
07.07.18 03:48:46 >> [HookCon_Service] : Game#174359 Start
07.07.18 03:49:23 >> [HookCon_Service] : Game#174359 Win Number: [33]
07.07.18 03:49:23 >> [HookCon_Service] : Game#174359 End
07.07.18 03:52:49 >> [HookCon_Service] : Game#174360 Start
07.07.18 03:53:25 >> [HookCon_Service] : Game#174360 Win Number: [10]
07.07.18 03:53:25 >> [HookCon_Service] : Game#174360 End
07.07.18 03:56:52 >> [HookCon_Service] : Game#174361 Start
07.07.18 03:57:27 >> [HookCon_Service] : Game#174361 Win Number: [14]
07.07.18 04:00:53 >> [HookCon_Service] : Game#174362 Start
07.07.18 04:01:28 >> [HookCon_Service] : Game#174362 Win Number: [4]
07.07.18 04:01:28 >> [HookCon_Service] : Game#174362 End
07.07.18 04:04:56 >> [HookCon_Service] : Game#174363 Start
07.07.18 04:05:30 >> [HookCon_Service] : Game#174363 Win Number: [16]
07.07.18 04:05:31 >> [HookCon_Service] : Game#174363 End
07.07.18 04:08:58 >> [HookCon_Service] : Game#174364 Start
07.07.18 04:09:32 >> [HookCon_Service] : Game#174364 Win Number: [5]
07.07.18 04:09:32 >> [HookCon_Service] : Game#174364 End
07.07.18 04:12:58 >> [HookCon_Service] : Game#174365 Start
07.07.18 04:13:34 >> [HookCon_Service] : Game#174365 Win Number: [26]
07.07.18 04:13:34 >> [HookCon_Service] : Game#174365 End
07.07.18 04:17:01 >> [HookCon_Service] : Game#174366 Start
07.07.18 04:17:32 >> [HookCon_Service] : Game#174366 Win Number: [5]
07.07.18 04:17:32 >> [HookCon_Service] : Game#174366 End
07.07.18 04:21:00 >> [HookCon_Service] : Game#174367 Start
07.07.18 04:21:30 >> [HookCon_Service] : Game#174367 Win Number: [2]
07.07.18 04:21:30 >> [HookCon_Service] : Game#174367 End
07.07.18 04:24:53 >> [HookCon_Service] : Game#174368 Start
07.07.18 04:25:33 >> [HookCon_Service] : Game#174368 Win Number: [21]
07.07.18 04:25:34 >> [HookCon_Service] : Game#174368 End
07.07.18 04:29:01 >> [HookCon_Service] : Game#174369 Start
07.07.18 04:29:35 >> [HookCon_Service] : Game#174369 Win Number: [13]
07.07.18 04:29:36 >> [HookCon_Service] : Game#174369 End
07.07.18 04:33:03 >> [HookCon_Service] : Game#174370 Start
07.07.18 04:33:37 >> [HookCon_Service] : Game#174370 Win Number: [28]
07.07.18 04:33:38 >> [HookCon_Service] : Game#174370 End
07.07.18 04:37:03 >> [HookCon_Service] : Game#174371 Start
07.07.18 04:37:39 >> [HookCon_Service] : Game#174371 Win Number: [9]
07.07.18 04:37:39 >> [HookCon_Service] : Game#174371 End
07.07.18 04:41:05 >> [HookCon_Service] : Game#174372 Start
07.07.18 04:41:38 >> [HookCon_Service] : Game#174372 Win Number: [35]
07.07.18 04:41:38 >> [HookCon_Service] : Game#174372 End
07.07.18 04:45:06 >> [HookCon_Service] : Game#174373 Start
07.07.18 04:45:39 >> [HookCon_Service] : Game#174373 Win Number: [12]
07.07.18 04:45:39 >> [HookCon_Service] : Game#174373 End
07.07.18 04:49:06 >> [HookCon_Service] : Game#174374 Start
07.07.18 04:49:38 >> [HookCon_Service] : Game#174374 Win Number: [16]
07.07.18 04:49:38 >> [HookCon_Service] : Game#174374 End
07.07.18 04:53:04 >> [HookCon_Service] : Game#174375 Start
07.07.18 04:53:40 >> [HookCon_Service] : Game#174375 Win Number: [1]
07.07.18 04:53:40 >> [HookCon_Service] : Game#174375 End
07.07.18 04:57:06 >> [HookCon_Service] : Game#174376 Start
07.07.18 04:57:40 >> [HookCon_Service] : Game#174376 Win Number: [22]
07.07.18 04:57:40 >> [HookCon_Service] : Game#174376 End
07.07.18 05:01:07 >> [HookCon_Service] : Game#174377 Start
07.07.18 05:01:39 >> [HookCon_Service] : Game#174377 Win Number: [26]
07.07.18 05:01:39 >> [HookCon_Service] : Game#174377 End
07.07.18 05:05:04 >> [HookCon_Service] : Game#174378 Start
07.07.18 05:05:43 >> [HookCon_Service] : Game#174378 Win Number: [20]
07.07.18 05:05:44 >> [HookCon_Service] : Game#174378 End
07.07.18 05:09:09 >> [HookCon_Service] : Game#174379 Start
07.07.18 05:09:44 >> [HookCon_Service] : Game#174379 Win Number: [23]
07.07.18 05:09:44 >> [HookCon_Service] : Game#174379 End
07.07.18 05:13:11 >> [HookCon_Service] : Game#174380 Start
07.07.18 05:13:45 >> [HookCon_Service] : Game#174380 Win Number: [32]
07.07.18 05:13:45 >> [HookCon_Service] : Game#174380 End
07.07.18 05:17:11 >> [HookCon_Service] : Game#174381 Start
07.07.18 05:17:44 >> [HookCon_Service] : Game#174381 Win Number: [20]
07.07.18 05:17:44 >> [HookCon_Service] : Game#174381 End
07.07.18 05:21:11 >> [HookCon_Service] : Game#174382 Start
07.07.18 05:21:49 >> [HookCon_Service] : Game#174382 Win Number: [24]
07.07.18 05:21:49 >> [HookCon_Service] : Game#174382 End
07.07.18 05:25:15 >> [HookCon_Service] : Game#174383 Start
07.07.18 05:25:47 >> [HookCon_Service] : Game#174383 Win Number: [7]
07.07.18 05:25:47 >> [HookCon_Service] : Game#174383 End
07.07.18 05:29:12 >> [HookCon_Service] : Game#174384 Start
07.07.18 05:29:51 >> [HookCon_Service] : Game#174384 Win Number: [16]
07.07.18 05:29:52 >> [HookCon_Service] : Game#174384 End
07.07.18 05:33:19 >> [HookCon_Service] : Game#174385 Start
07.07.18 05:33:56 >> [HookCon_Service] : Game#174385 Win Number: [2]
07.07.18 05:33:56 >> [HookCon_Service] : Game#174385 End
07.07.18 05:37:21 >> [HookCon_Service] : Game#174386 Start
07.07.18 05:37:59 >> [HookCon_Service] : Game#174386 Win Number: [35]
07.07.18 05:38:00 >> [HookCon_Service] : Game#174386 End
07.07.18 05:41:27 >> [HookCon_Service] : Game#174387 Start
07.07.18 05:42:02 >> [HookCon_Service] : Game#174387 Win Number: [21]
07.07.18 05:42:02 >> [HookCon_Service] : Game#174387 End
07.07.18 05:45:29 >> [HookCon_Service] : Game#174388 Start
07.07.18 05:46:00 >> [HookCon_Service] : Game#174388 Win Number: [5]
07.07.18 05:46:00 >> [HookCon_Service] : Game#174388 End
07.07.18 05:49:25 >> [HookCon_Service] : Game#174389 Start
07.07.18 05:50:01 >> [HookCon_Service] : Game#174389 Win Number: [32]
07.07.18 05:50:02 >> [HookCon_Service] : Game#174389 End
07.07.18 05:53:27 >> [HookCon_Service] : Game#174390 Start
07.07.18 05:54:04 >> [HookCon_Service] : Game#174390 Win Number: [13]
07.07.18 05:54:04 >> [HookCon_Service] : Game#174390 End
07.07.18 05:57:31 >> [HookCon_Service] : Game#174391 Start
07.07.18 05:58:03 >> [HookCon_Service] : Game#174391 Win Number: [8]
07.07.18 05:58:04 >> [HookCon_Service] : Game#174391 End
07.07.18 06:01:31 >> [HookCon_Service] : Game#174392 Start
07.07.18 06:02:04 >> [HookCon_Service] : Game#174392 Win Number: [11]
07.07.18 06:02:04 >> [HookCon_Service] : Game#174392 End
07.07.18 06:05:28 >> [HookCon_Service] : Game#174393 Start
07.07.18 06:06:05 >> [HookCon_Service] : Game#174393 Win Number: [7]
07.07.18 06:06:05 >> [HookCon_Service] : Game#174393 End
07.07.18 06:09:32 >> [HookCon_Service] : Game#174394 Start
07.07.18 06:10:06 >> [HookCon_Service] : Game#174394 Win Number: [28]
07.07.18 06:10:06 >> [HookCon_Service] : Game#174394 End
07.07.18 06:13:30 >> [HookCon_Service] : Game#174395 Start
07.07.18 06:14:08 >> [HookCon_Service] : Game#174395 Win Number: [8]
07.07.18 06:14:08 >> [HookCon_Service] : Game#174395 End
07.07.18 06:17:34 >> [HookCon_Service] : Game#174396 Start
07.07.18 06:18:09 >> [HookCon_Service] : Game#174396 Win Number: [10]
07.07.18 06:18:09 >> [HookCon_Service] : Game#174396 End
07.07.18 06:21:35 >> [HookCon_Service] : Game#174397 Start
07.07.18 06:22:12 >> [HookCon_Service] : Game#174397 Win Number: [3]
07.07.18 06:22:13 >> [HookCon_Service] : Game#174397 End
07.07.18 06:25:38 >> [HookCon_Service] : Game#174398 Start
07.07.18 06:26:14 >> [HookCon_Service] : Game#174398 Win Number: [25]
07.07.18 06:26:14 >> [HookCon_Service] : Game#174398 End
07.07.18 06:29:41 >> [HookCon_Service] : Game#174399 Start
07.07.18 06:30:16 >> [HookCon_Service] : Game#174399 Win Number: [14]
07.07.18 06:30:17 >> [HookCon_Service] : Game#174399 End
07.07.18 06:33:42 >> [HookCon_Service] : Game#174400 Start
07.07.18 06:34:19 >> [HookCon_Service] : Game#174400 Win Number: [9]
07.07.18 06:34:19 >> [HookCon_Service] : Game#174400 End
07.07.18 06:37:45 >> [HookCon_Service] : Game#174401 Start
07.07.18 06:38:19 >> [HookCon_Service] : Game#174401 Win Number: [13]
07.07.18 06:38:20 >> [HookCon_Service] : Game#174401 End
07.07.18 06:41:46 >> [HookCon_Service] : Game#174402 Start
07.07.18 06:42:20 >> [HookCon_Service] : Game#174402 Win Number: [28]
07.07.18 06:42:20 >> [HookCon_Service] : Game#174402 End
07.07.18 06:45:47 >> [HookCon_Service] : Game#174403 Start
07.07.18 06:46:20 >> [HookCon_Service] : Game#174403 Win Number: [34]
07.07.18 06:46:20 >> [HookCon_Service] : Game#174403 End
07.07.18 06:49:46 >> [HookCon_Service] : Game#174404 Start
07.07.18 06:50:19 >> [HookCon_Service] : Game#174404 Win Number: [34]
07.07.18 06:50:19 >> [HookCon_Service] : Game#174404 End
07.07.18 06:53:46 >> [HookCon_Service] : Game#174405 Start
07.07.18 06:54:19 >> [HookCon_Service] : Game#174405 Win Number: [36]
07.07.18 06:54:19 >> [HookCon_Service] : Game#174405 End
07.07.18 06:57:43 >> [HookCon_Service] : Game#174406 Start
07.07.18 06:58:26 >> [HookCon_Service] : Game#174406 Win Number: [1]
07.07.18 06:58:27 >> [HookCon_Service] : Game#174406 End
07.07.18 07:01:52 >> [HookCon_Service] : Game#174407 Start
07.07.18 07:02:28 >> [HookCon_Service] : Game#174407 Win Number: [21]
07.07.18 07:02:28 >> [HookCon_Service] : Game#174407 End
07.07.18 07:05:54 >> [HookCon_Service] : Game#174408 Start
07.07.18 07:06:28 >> [HookCon_Service] : Game#174408 Win Number: [6]
07.07.18 07:06:28 >> [HookCon_Service] : Game#174408 End
07.07.18 07:09:52 >> [HookCon_Service] : Game#174409 Start
07.07.18 07:10:28 >> [HookCon_Service] : Game#174409 Win Number: [5]
07.07.18 07:10:29 >> [HookCon_Service] : Game#174409 End
07.07.18 07:13:54 >> [HookCon_Service] : Game#174410 Start
07.07.18 07:14:30 >> [HookCon_Service] : Game#174410 Win Number: [34]
07.07.18 07:14:31 >> [HookCon_Service] : Game#174410 End
07.07.18 07:17:56 >> [HookCon_Service] : Game#174411 Start
07.07.18 07:18:31 >> [HookCon_Service] : Game#174411 Win Number: [5]
07.07.18 07:18:31 >> [HookCon_Service] : Game#174411 End
07.07.18 07:21:58 >> [HookCon_Service] : Game#174412 Start
07.07.18 07:22:35 >> [HookCon_Service] : Game#174412 Win Number: [36]
07.07.18 07:22:35 >> [HookCon_Service] : Game#174412 End
07.07.18 07:26:02 >> [HookCon_Service] : Game#174413 Start
07.07.18 07:26:34 >> [HookCon_Service] : Game#174413 Win Number: [12]
07.07.18 07:26:34 >> [HookCon_Service] : Game#174413 End
07.07.18 07:29:58 >> [HookCon_Service] : Game#174414 Start
07.07.18 07:30:36 >> [HookCon_Service] : Game#174414 Win Number: [16]
07.07.18 07:30:36 >> [HookCon_Service] : Game#174414 End
07.07.18 07:34:03 >> [HookCon_Service] : Game#174415 Start
07.07.18 07:34:35 >> [HookCon_Service] : Game#174415 Win Number: [20]
07.07.18 07:34:35 >> [HookCon_Service] : Game#174415 End
07.07.18 07:38:01 >> [HookCon_Service] : Game#174416 Start
07.07.18 07:38:42 >> [HookCon_Service] : Game#174416 Win Number: [7]
07.07.18 07:38:42 >> [HookCon_Service] : Game#174416 End
07.07.18 07:42:09 >> [HookCon_Service] : Game#174417 Start
07.07.18 07:42:43 >> [HookCon_Service] : Game#174417 Win Number: [7]
07.07.18 07:42:43 >> [HookCon_Service] : Game#174417 End
07.07.18 07:46:08 >> [HookCon_Service] : Game#174418 Start
07.07.18 07:46:44 >> [HookCon_Service] : Game#174418 Win Number: [34]
07.07.18 07:46:44 >> [HookCon_Service] : Game#174418 End
07.07.18 07:50:11 >> [HookCon_Service] : Game#174419 Start
07.07.18 07:50:43 >> [HookCon_Service] : Game#174419 Win Number: [23]
07.07.18 07:50:44 >> [HookCon_Service] : Game#174419 End
07.07.18 07:54:09 >> [HookCon_Service] : Game#174420 Start
07.07.18 07:54:46 >> [HookCon_Service] : Game#174420 Win Number: [14]
07.07.18 07:54:46 >> [HookCon_Service] : Game#174420 End
07.07.18 07:58:12 >> [HookCon_Service] : Game#174421 Start
07.07.18 07:58:46 >> [HookCon_Service] : Game#174421 Win Number: [34]
07.07.18 07:58:46 >> [HookCon_Service] : Game#174421 End
07.07.18 08:02:13 >> [HookCon_Service] : Game#174422 Start
07.07.18 08:02:48 >> [HookCon_Service] : Game#174422 Win Number: [5]
07.07.18 08:02:48 >> [HookCon_Service] : Game#174422 End
07.07.18 08:06:15 >> [HookCon_Service] : Game#174423 Start
07.07.18 08:06:53 >> [HookCon_Service] : Game#174423 Win Number: [28]
07.07.18 08:06:53 >> [HookCon_Service] : Game#174423 End
07.07.18 08:10:19 >> [HookCon_Service] : Game#174424 Start
07.07.18 08:10:57 >> [HookCon_Service] : Game#174424 Win Number: [15]
07.07.18 08:10:57 >> [HookCon_Service] : Game#174424 End
07.07.18 08:14:25 >> [HookCon_Service] : Game#174425 Start
07.07.18 08:14:57 >> [HookCon_Service] : Game#174425 Win Number: [12]
07.07.18 08:14:57 >> [HookCon_Service] : Game#174425 End
07.07.18 08:18:24 >> [HookCon_Service] : Game#174426 Start
07.07.18 08:18:56 >> [HookCon_Service] : Game#174426 Win Number: [5]
07.07.18 08:18:56 >> [HookCon_Service] : Game#174426 End
07.07.18 08:22:22 >> [HookCon_Service] : Game#174427 Start
07.07.18 08:22:57 >> [HookCon_Service] : Game#174427 Win Number: [33]
07.07.18 08:22:57 >> [HookCon_Service] : Game#174427 End
07.07.18 08:26:23 >> [HookCon_Service] : Game#174428 Start
07.07.18 08:26:59 >> [HookCon_Service] : Game#174428 Win Number: [21]
07.07.18 08:27:00 >> [HookCon_Service] : Game#174428 End
07.07.18 08:30:26 >> [HookCon_Service] : Game#174429 Start
07.07.18 08:31:01 >> [HookCon_Service] : Game#174429 Win Number: [35]
07.07.18 08:31:02 >> [HookCon_Service] : Game#174429 End
07.07.18 08:34:27 >> [HookCon_Service] : Game#174430 Start
07.07.18 08:35:02 >> [HookCon_Service] : Game#174430 Win Number: [28]
07.07.18 08:35:02 >> [HookCon_Service] : Game#174430 End
07.07.18 08:38:28 >> [HookCon_Service] : Game#174431 Start
07.07.18 08:39:03 >> [HookCon_Service] : Game#174431 Win Number: [27]
07.07.18 08:39:03 >> [HookCon_Service] : Game#174431 End
07.07.18 08:42:29 >> [HookCon_Service] : Game#174432 Start
07.07.18 08:43:05 >> [HookCon_Service] : Game#174432 Win Number: [35]
07.07.18 08:43:05 >> [HookCon_Service] : Game#174432 End
07.07.18 08:46:31 >> [HookCon_Service] : Game#174433 Start
07.07.18 08:47:06 >> [HookCon_Service] : Game#174433 Win Number: [1]
07.07.18 08:47:06 >> [HookCon_Service] : Game#174433 End
07.07.18 08:50:33 >> [HookCon_Service] : Game#174434 Start
07.07.18 08:51:07 >> [HookCon_Service] : Game#174434 Win Number: [25]
07.07.18 08:51:07 >> [HookCon_Service] : Game#174434 End
07.07.18 08:54:35 >> [HookCon_Service] : Game#174435 Start
07.07.18 08:55:09 >> [HookCon_Service] : Game#174435 Win Number: [7]
07.07.18 08:55:09 >> [HookCon_Service] : Game#174435 End
07.07.18 08:58:36 >> [HookCon_Service] : Game#174436 Start
07.07.18 08:59:07 >> [HookCon_Service] : Game#174436 Win Number: [10]
07.07.18 08:59:07 >> [HookCon_Service] : Game#174436 End
07.07.18 09:02:33 >> [HookCon_Service] : Game#174437 Start
07.07.18 09:03:06 >> [HookCon_Service] : Game#174437 Win Number: [22]
07.07.18 09:03:06 >> [HookCon_Service] : Game#174437 End
07.07.18 09:06:33 >> [HookCon_Service] : Game#174438 Start
07.07.18 09:07:06 >> [HookCon_Service] : Game#174438 Win Number: [11]
07.07.18 09:07:06 >> [HookCon_Service] : Game#174438 End
07.07.18 09:10:32 >> [HookCon_Service] : Game#174439 Start
07.07.18 09:11:07 >> [HookCon_Service] : Game#174439 Win Number: [11]
07.07.18 09:11:08 >> [HookCon_Service] : Game#174439 End
07.07.18 09:14:32 >> [HookCon_Service] : Game#174440 Start
07.07.18 09:15:06 >> [HookCon_Service] : Game#174440 Win Number: [18]
07.07.18 09:15:07 >> [HookCon_Service] : Game#174440 End
07.07.18 09:18:33 >> [HookCon_Service] : Game#174441 Start
07.07.18 09:19:06 >> [HookCon_Service] : Game#174441 Win Number: [23]
07.07.18 09:19:06 >> [HookCon_Service] : Game#174441 End
07.07.18 09:22:31 >> [HookCon_Service] : Game#174442 Start
07.07.18 09:23:09 >> [HookCon_Service] : Game#174442 Win Number: [12]
07.07.18 09:23:09 >> [HookCon_Service] : Game#174442 End
07.07.18 09:26:35 >> [HookCon_Service] : Game#174443 Start
07.07.18 09:27:09 >> [HookCon_Service] : Game#174443 Win Number: [28]
07.07.18 09:27:09 >> [HookCon_Service] : Game#174443 End
07.07.18 09:30:36 >> [HookCon_Service] : Game#174444 Start
07.07.18 09:31:10 >> [HookCon_Service] : Game#174444 Win Number: [26]
07.07.18 09:31:10 >> [HookCon_Service] : Game#174444 End
07.07.18 09:34:38 >> [HookCon_Service] : Game#174445 Start
07.07.18 09:35:10 >> [HookCon_Service] : Game#174445 Win Number: [1]
07.07.18 09:35:10 >> [HookCon_Service] : Game#174445 End
07.07.18 09:38:36 >> [HookCon_Service] : Game#174446 Start
07.07.18 09:39:10 >> [HookCon_Service] : Game#174446 Win Number: [25]
07.07.18 09:39:10 >> [HookCon_Service] : Game#174446 End
07.07.18 09:42:35 >> [HookCon_Service] : Game#174447 Start
07.07.18 09:43:13 >> [HookCon_Service] : Game#174447 Win Number: [2]
07.07.18 09:43:13 >> [HookCon_Service] : Game#174447 End
07.07.18 09:46:39 >> [HookCon_Service] : Game#174448 Start
07.07.18 09:47:15 >> [HookCon_Service] : Game#174448 Win Number: [1]
07.07.18 09:47:15 >> [HookCon_Service] : Game#174448 End
07.07.18 09:50:40 >> [HookCon_Service] : Game#174449 Start
07.07.18 09:51:17 >> [HookCon_Service] : Game#174449 Win Number: [13]
07.07.18 09:51:17 >> [HookCon_Service] : Game#174449 End
07.07.18 09:54:44 >> [HookCon_Service] : Game#174450 Start
07.07.18 09:55:20 >> [HookCon_Service] : Game#174450 Win Number: [11]
07.07.18 09:55:20 >> [HookCon_Service] : Game#174450 End
07.07.18 09:58:46 >> [HookCon_Service] : Game#174451 Start
07.07.18 09:59:23 >> [HookCon_Service] : Game#174451 Win Number: [9]
07.07.18 09:59:23 >> [HookCon_Service] : Game#174451 End
07.07.18 10:02:50 >> [HookCon_Service] : Game#174452 Start
07.07.18 10:03:23 >> [HookCon_Service] : Game#174452 Win Number: [7]
07.07.18 10:03:24 >> [HookCon_Service] : Game#174452 End
07.07.18 10:06:49 >> [HookCon_Service] : Game#174453 Start
07.07.18 10:07:26 >> [HookCon_Service] : Game#174453 Win Number: [27]
07.07.18 10:07:27 >> [HookCon_Service] : Game#174453 End
07.07.18 10:10:52 >> [HookCon_Service] : Game#174454 Start
07.07.18 10:11:27 >> [HookCon_Service] : Game#174454 Win Number: [34]
07.07.18 10:11:27 >> [HookCon_Service] : Game#174454 End
07.07.18 10:14:51 >> [HookCon_Service] : Game#174455 Start
07.07.18 10:15:29 >> [HookCon_Service] : Game#174455 Win Number: [34]
07.07.18 10:15:29 >> [HookCon_Service] : Game#174455 End
07.07.18 10:18:55 >> [HookCon_Service] : Game#174456 Start
07.07.18 10:19:29 >> [HookCon_Service] : Game#174456 Win Number: [17]
07.07.18 10:19:29 >> [HookCon_Service] : Game#174456 End
07.07.18 10:22:54 >> [HookCon_Service] : Game#174457 Start
07.07.18 10:23:32 >> [HookCon_Service] : Game#174457 Win Number: [28]
07.07.18 10:23:32 >> [HookCon_Service] : Game#174457 End
07.07.18 10:26:58 >> [HookCon_Service] : Game#174458 Start
07.07.18 10:27:31 >> [HookCon_Service] : Game#174458 Win Number: [3]
07.07.18 10:27:31 >> [HookCon_Service] : Game#174458 End
07.07.18 10:30:56 >> [HookCon_Service] : Game#174459 Start
07.07.18 10:31:29 >> [HookCon_Service] : Game#174459 Win Number: [5]
07.07.18 10:31:30 >> [HookCon_Service] : Game#174459 End
07.07.18 10:34:57 >> [HookCon_Service] : Game#174460 Start
07.07.18 10:35:30 >> [HookCon_Service] : Game#174460 Win Number: [12]
07.07.18 10:35:30 >> [HookCon_Service] : Game#174460 End
07.07.18 10:38:55 >> [HookCon_Service] : Game#174461 Start
07.07.18 10:39:33 >> [HookCon_Service] : Game#174461 Win Number: [21]
07.07.18 10:42:59 >> [HookCon_Service] : Game#174462 Start
07.07.18 10:43:33 >> [HookCon_Service] : Game#174462 Win Number: [4]
07.07.18 10:43:33 >> [HookCon_Service] : Game#174462 End
07.07.18 10:47:00 >> [HookCon_Service] : Game#174463 Start
07.07.18 10:47:35 >> [HookCon_Service] : Game#174463 Win Number: [4]
07.07.18 10:47:35 >> [HookCon_Service] : Game#174463 End
07.07.18 10:51:02 >> [HookCon_Service] : Game#174464 Start
07.07.18 10:51:38 >> [HookCon_Service] : Game#174464 Win Number: [31]
07.07.18 10:51:38 >> [HookCon_Service] : Game#174464 End
07.07.18 10:55:03 >> [HookCon_Service] : Game#174465 Start
07.07.18 10:55:38 >> [HookCon_Service] : Game#174465 Win Number: [28]
07.07.18 10:55:38 >> [HookCon_Service] : Game#174465 End
07.07.18 10:59:05 >> [HookCon_Service] : Game#174466 Start
07.07.18 10:59:39 >> [HookCon_Service] : Game#174466 Win Number: [9]
07.07.18 10:59:39 >> [HookCon_Service] : Game#174466 End
07.07.18 11:03:05 >> [HookCon_Service] : Game#174467 Start
07.07.18 11:03:45 >> [HookCon_Service] : Game#174467 Win Number: [27]
07.07.18 11:03:45 >> [HookCon_Service] : Game#174467 End
07.07.18 11:07:12 >> [HookCon_Service] : Game#174468 Start
07.07.18 11:07:43 >> [HookCon_Service] : Game#174468 Win Number: [23]
07.07.18 11:07:43 >> [HookCon_Service] : Game#174468 End
07.07.18 11:11:09 >> [HookCon_Service] : Game#174469 Start
07.07.18 11:11:42 >> [HookCon_Service] : Game#174469 Win Number: [14]
07.07.18 11:11:42 >> [HookCon_Service] : Game#174469 End
07.07.18 11:15:10 >> [HookCon_Service] : Game#174470 Start
07.07.18 11:15:43 >> [HookCon_Service] : Game#174470 Win Number: [32]
07.07.18 11:15:43 >> [HookCon_Service] : Game#174470 End
07.07.18 11:19:09 >> [HookCon_Service] : Game#174471 Start
07.07.18 11:19:45 >> [HookCon_Service] : Game#174471 Win Number: [13]
07.07.18 11:19:45 >> [HookCon_Service] : Game#174471 End
07.07.18 11:23:11 >> [HookCon_Service] : Game#174472 Start
07.07.18 11:23:43 >> [HookCon_Service] : Game#174472 Win Number: [28]
07.07.18 11:23:43 >> [HookCon_Service] : Game#174472 End
07.07.18 11:27:10 >> [HookCon_Service] : Game#174473 Start
07.07.18 11:27:45 >> [HookCon_Service] : Game#174473 Win Number: [2]
07.07.18 11:27:45 >> [HookCon_Service] : Game#174473 End
07.07.18 11:31:12 >> [HookCon_Service] : Game#174474 Start
07.07.18 11:31:45 >> [HookCon_Service] : Game#174474 Win Number: [17]
07.07.18 11:31:45 >> [HookCon_Service] : Game#174474 End
07.07.18 11:35:12 >> [HookCon_Service] : Game#174475 Start
07.07.18 11:35:45 >> [HookCon_Service] : Game#174475 Win Number: [35]
07.07.18 11:35:46 >> [HookCon_Service] : Game#174475 End
07.07.18 11:39:12 >> [HookCon_Service] : Game#174476 Start
07.07.18 11:39:45 >> [HookCon_Service] : Game#174476 Win Number: [17]
07.07.18 11:39:46 >> [HookCon_Service] : Game#174476 End
07.07.18 11:43:13 >> [HookCon_Service] : Game#174477 Start
07.07.18 11:43:48 >> [HookCon_Service] : Game#174477 Win Number: [28]
07.07.18 11:43:48 >> [HookCon_Service] : Game#174477 End
07.07.18 11:47:15 >> [HookCon_Service] : Game#174478 Start
07.07.18 11:47:48 >> [HookCon_Service] : Game#174478 Win Number: [11]
07.07.18 11:47:48 >> [HookCon_Service] : Game#174478 End
07.07.18 11:51:12 >> [HookCon_Service] : Game#174479 Start
07.07.18 11:51:51 >> [HookCon_Service] : Game#174479 Win Number: [22]
07.07.18 11:51:51 >> [HookCon_Service] : Game#174479 End
07.07.18 11:55:18 >> [HookCon_Service] : Game#174480 Start
07.07.18 11:55:52 >> [HookCon_Service] : Game#174480 Win Number: [15]
07.07.18 11:55:52 >> [HookCon_Service] : Game#174480 End
07.07.18 11:59:17 >> [HookCon_Service] : Game#174481 Start
07.07.18 11:59:53 >> [HookCon_Service] : Game#174481 Win Number: [23]
07.07.18 11:59:53 >> [HookCon_Service] : Game#174481 End
