09.07.18 12:00:58 >> [HookCon_Service] : Game#174840 Start
09.07.18 12:01:38 >> [HookCon_Service] : Game#174840 Win Number: [9]
09.07.18 12:01:38 >> [HookCon_Service] : Game#174840 End
09.07.18 12:05:04 >> [HookCon_Service] : Game#174841 Start
09.07.18 12:05:36 >> [HookCon_Service] : Game#174841 Win Number: [25]
09.07.18 12:05:37 >> [HookCon_Service] : Game#174841 End
09.07.18 12:09:03 >> [HookCon_Service] : Game#174842 Start
09.07.18 12:09:36 >> [HookCon_Service] : Game#174842 Win Number: [2]
09.07.18 12:09:37 >> [HookCon_Service] : Game#174842 End
09.07.18 12:13:04 >> [HookCon_Service] : Game#174843 Start
09.07.18 12:13:37 >> [HookCon_Service] : Game#174843 Win Number: [36]
09.07.18 12:13:38 >> [HookCon_Service] : Game#174843 End
09.07.18 12:17:05 >> [HookCon_Service] : Game#174844 Start
09.07.18 12:17:37 >> [HookCon_Service] : Game#174844 Win Number: [17]
09.07.18 12:17:37 >> [HookCon_Service] : Game#174844 End
09.07.18 12:21:03 >> [HookCon_Service] : Game#174845 Start
09.07.18 12:21:35 >> [HookCon_Service] : Game#174845 Win Number: [32]
09.07.18 12:21:36 >> [HookCon_Service] : Game#174845 End
09.07.18 12:25:01 >> [HookCon_Service] : Game#174846 Start
09.07.18 12:25:38 >> [HookCon_Service] : Game#174846 Win Number: [33]
09.07.18 12:25:38 >> [HookCon_Service] : Game#174846 End
09.07.18 12:29:05 >> [HookCon_Service] : Game#174847 Start
09.07.18 12:29:38 >> [HookCon_Service] : Game#174847 Win Number: [8]
09.07.18 12:29:38 >> [HookCon_Service] : Game#174847 End
09.07.18 12:33:05 >> [HookCon_Service] : Game#174848 Start
09.07.18 12:33:38 >> [HookCon_Service] : Game#174848 Win Number: [4]
09.07.18 12:33:38 >> [HookCon_Service] : Game#174848 End
09.07.18 12:35:10 >> [HookCon_Service] : Game#174849 Start
09.07.18 12:35:50 >> [HookCon_Service] : Game#174849 Win Number: [10]
09.07.18 12:35:58 >> [HookCon_Service] : Game#174849 End
09.07.18 12:36:20 >> [HookCon_Service] : Game#174850 Start
09.07.18 12:36:56 >> [HookCon_Service] : Game#174850 Win Number: [1]
09.07.18 12:37:03 >> [HookCon_Service] : Game#174850 End
09.07.18 12:37:28 >> [HookCon_Service] : Game#174851 Start
09.07.18 12:38:02 >> [HookCon_Service] : Game#174851 Win Number: [33]
09.07.18 12:38:10 >> [HookCon_Service] : Game#174851 End
09.07.18 12:38:34 >> [HookCon_Service] : Game#174852 Start
09.07.18 12:39:12 >> [HookCon_Service] : Game#174852 Win Number: [28]
09.07.18 12:39:12 >> [HookCon_Service] : Game#174852 End
09.07.18 12:39:38 >> [HookCon_Service] : Game#174853 Start
09.07.18 12:40:09 >> [HookCon_Service] : Game#174853 Win Number: [9]
09.07.18 12:40:17 >> [HookCon_Service] : Game#174853 End
09.07.18 12:43:42 >> [HookCon_Service] : Game#174854 Start
09.07.18 12:44:16 >> [HookCon_Service] : Game#174854 Win Number: [25]
09.07.18 12:44:16 >> [HookCon_Service] : Game#174854 End
09.07.18 12:47:43 >> [HookCon_Service] : Game#174855 Start
09.07.18 12:48:17 >> [HookCon_Service] : Game#174855 Win Number: [2]
09.07.18 12:48:17 >> [HookCon_Service] : Game#174855 End
09.07.18 12:51:42 >> [HookCon_Service] : Game#174856 Start
09.07.18 12:52:18 >> [HookCon_Service] : Game#174856 Win Number: [19]
09.07.18 12:52:18 >> [HookCon_Service] : Game#174856 End
09.07.18 12:55:44 >> [HookCon_Service] : Game#174857 Start
09.07.18 12:56:18 >> [HookCon_Service] : Game#174857 Win Number: [8]
09.07.18 12:56:18 >> [HookCon_Service] : Game#174857 End
09.07.18 12:59:45 >> [HookCon_Service] : Game#174858 Start
09.07.18 01:00:18 >> [HookCon_Service] : Game#174858 Win Number: [22]
09.07.18 01:00:19 >> [HookCon_Service] : Game#174858 End
09.07.18 01:03:46 >> [HookCon_Service] : Game#174859 Start
09.07.18 01:04:16 >> [HookCon_Service] : Game#174859 Win Number: [1]
09.07.18 01:04:17 >> [HookCon_Service] : Game#174859 End
09.07.18 01:07:44 >> [HookCon_Service] : Game#174860 Start
09.07.18 01:08:17 >> [HookCon_Service] : Game#174860 Win Number: [20]
09.07.18 01:08:18 >> [HookCon_Service] : Game#174860 End
09.07.18 01:11:44 >> [HookCon_Service] : Game#174861 Start
09.07.18 01:12:18 >> [HookCon_Service] : Game#174861 Win Number: [2]
09.07.18 01:15:45 >> [HookCon_Service] : Game#174862 Start
09.07.18 01:16:20 >> [HookCon_Service] : Game#174862 Win Number: [7]
09.07.18 01:16:20 >> [HookCon_Service] : Game#174862 End
09.07.18 01:19:45 >> [HookCon_Service] : Game#174863 Start
09.07.18 01:20:21 >> [HookCon_Service] : Game#174863 Win Number: [14]
09.07.18 01:20:21 >> [HookCon_Service] : Game#174863 End
09.07.18 01:23:45 >> [HookCon_Service] : Game#174864 Start
09.07.18 01:24:22 >> [HookCon_Service] : Game#174864 Win Number: [6]
09.07.18 01:24:23 >> [HookCon_Service] : Game#174864 End
09.07.18 01:27:50 >> [HookCon_Service] : Game#174865 Start
09.07.18 01:28:25 >> [HookCon_Service] : Game#174865 Win Number: [2]
09.07.18 01:28:25 >> [HookCon_Service] : Game#174865 End
09.07.18 01:31:52 >> [HookCon_Service] : Game#174866 Start
09.07.18 01:32:26 >> [HookCon_Service] : Game#174866 Win Number: [22]
09.07.18 01:32:27 >> [HookCon_Service] : Game#174866 End
09.07.18 01:35:53 >> [HookCon_Service] : Game#174867 Start
09.07.18 01:36:25 >> [HookCon_Service] : Game#174867 Win Number: [19]
09.07.18 01:36:25 >> [HookCon_Service] : Game#174867 End
09.07.18 01:39:50 >> [HookCon_Service] : Game#174868 Start
09.07.18 01:40:26 >> [HookCon_Service] : Game#174868 Win Number: [27]
09.07.18 01:40:27 >> [HookCon_Service] : Game#174868 End
09.07.18 01:43:52 >> [HookCon_Service] : Game#174869 Start
09.07.18 01:44:28 >> [HookCon_Service] : Game#174869 Win Number: [7]
09.07.18 01:44:28 >> [HookCon_Service] : Game#174869 End
09.07.18 01:47:55 >> [HookCon_Service] : Game#174870 Start
09.07.18 01:48:29 >> [HookCon_Service] : Game#174870 Win Number: [25]
09.07.18 01:48:29 >> [HookCon_Service] : Game#174870 End
09.07.18 01:51:56 >> [HookCon_Service] : Game#174871 Start
09.07.18 01:52:32 >> [HookCon_Service] : Game#174871 Win Number: [20]
09.07.18 01:52:32 >> [HookCon_Service] : Game#174871 End
09.07.18 01:55:58 >> [HookCon_Service] : Game#174872 Start
09.07.18 01:56:35 >> [HookCon_Service] : Game#174872 Win Number: [33]
09.07.18 01:56:36 >> [HookCon_Service] : Game#174872 End
09.07.18 02:00:02 >> [HookCon_Service] : Game#174873 Start
09.07.18 02:00:37 >> [HookCon_Service] : Game#174873 Win Number: [23]
09.07.18 02:00:37 >> [HookCon_Service] : Game#174873 End
09.07.18 02:04:01 >> [HookCon_Service] : Game#174874 Start
09.07.18 02:04:37 >> [HookCon_Service] : Game#174874 Win Number: [23]
09.07.18 02:04:37 >> [HookCon_Service] : Game#174874 End
09.07.18 02:08:04 >> [HookCon_Service] : Game#174875 Start
09.07.18 02:08:38 >> [HookCon_Service] : Game#174875 Win Number: [22]
09.07.18 02:08:39 >> [HookCon_Service] : Game#174875 End
09.07.18 02:12:04 >> [HookCon_Service] : Game#174876 Start
09.07.18 02:12:38 >> [HookCon_Service] : Game#174876 Win Number: [18]
09.07.18 02:12:38 >> [HookCon_Service] : Game#174876 End
09.07.18 02:16:04 >> [HookCon_Service] : Game#174877 Start
09.07.18 02:16:41 >> [HookCon_Service] : Game#174877 Win Number: [6]
09.07.18 02:16:41 >> [HookCon_Service] : Game#174877 End
09.07.18 02:20:07 >> [HookCon_Service] : Game#174878 Start
09.07.18 02:20:42 >> [HookCon_Service] : Game#174878 Win Number: [15]
09.07.18 02:20:42 >> [HookCon_Service] : Game#174878 End
09.07.18 02:24:07 >> [HookCon_Service] : Game#174879 Start
09.07.18 02:24:42 >> [HookCon_Service] : Game#174879 Win Number: [33]
09.07.18 02:24:43 >> [HookCon_Service] : Game#174879 End
09.07.18 02:28:11 >> [HookCon_Service] : Game#174880 Start
09.07.18 02:28:43 >> [HookCon_Service] : Game#174880/STOP_EVENT 174880 Win Number: [31]
09.07.18 02:32:10 >> [HookCon_Service] : Game#174881 Start
09.07.18 02:32:45 >> [HookCon_Service] : Game#174881 Win Number: [11]
09.07.18 02:32:45 >> [HookCon_Service] : Game#174881 End
09.07.18 02:36:12 >> [HookCon_Service] : Game#174882 Start
09.07.18 02:36:45 >> [HookCon_Service] : Game#174882 Win Number: [15]
09.07.18 02:36:45 >> [HookCon_Service] : Game#174882 End
09.07.18 02:40:11 >> [HookCon_Service] : Game#174883 Start
09.07.18 02:40:45 >> [HookCon_Service] : Game#174883 Win Number: [33]
09.07.18 02:40:45 >> [HookCon_Service] : Game#174883 End
09.07.18 02:44:12 >> [HookCon_Service] : Game#174884 Start
09.07.18 02:44:47 >> [HookCon_Service] : Game#174884 Win Number: [6]
09.07.18 02:44:47 >> [HookCon_Service] : Game#174884 End
09.07.18 02:48:14 >> [HookCon_Service] : Game#174885 Start
09.07.18 02:48:47 >> [HookCon_Service] : Game#174885 Win Number: [17]
09.07.18 02:48:48 >> [HookCon_Service] : Game#174885 End
09.07.18 02:52:14 >> [HookCon_Service] : Game#174886 Start
09.07.18 02:52:48 >> [HookCon_Service] : Game#174886 Win Number: [2]
09.07.18 02:52:49 >> [HookCon_Service] : Game#174886 End
09.07.18 02:56:15 >> [HookCon_Service] : Game#174887 Start
09.07.18 02:56:50 >> [HookCon_Service] : Game#174887 Win Number: [12]
09.07.18 02:56:50 >> [HookCon_Service] : Game#174887 End
09.07.18 03:00:17 >> [HookCon_Service] : Game#174888 Start
09.07.18 03:00:52 >> [HookCon_Service] : Game#174888 Win Number: [22]
09.07.18 03:00:53 >> [HookCon_Service] : Game#174888 End
09.07.18 03:04:18 >> [HookCon_Service] : Game#174889 Start
09.07.18 03:04:53 >> [HookCon_Service] : Game#174889 Win Number: [7]
09.07.18 03:04:54 >> [HookCon_Service] : Game#174889 End
09.07.18 03:08:20 >> [HookCon_Service] : Game#174890 Start
09.07.18 03:08:57 >> [HookCon_Service] : Game#174890 Win Number: [17]
09.07.18 03:08:57 >> [HookCon_Service] : Game#174890 End
09.07.18 03:12:23 >> [HookCon_Service] : Game#174891 Start
09.07.18 03:13:03 >> [HookCon_Service] : Game#174891 Win Number: [25]
09.07.18 03:13:03 >> [HookCon_Service] : Game#174891 End
09.07.18 03:16:30 >> [HookCon_Service] : Game#174892 Start
09.07.18 03:17:00 >> [HookCon_Service] : Game#174892 Win Number: [15]
09.07.18 03:17:00 >> [HookCon_Service] : Game#174892 End
09.07.18 03:20:26 >> [HookCon_Service] : Game#174893 Start
09.07.18 03:21:03 >> [HookCon_Service] : Game#174893 Win Number: [24]
09.07.18 03:21:03 >> [HookCon_Service] : Game#174893 End
09.07.18 03:24:29 >> [HookCon_Service] : Game#174894 Start
09.07.18 03:25:05 >> [HookCon_Service] : Game#174894 Win Number: [30]
09.07.18 03:25:05 >> [HookCon_Service] : Game#174894 End
09.07.18 03:28:29 >> [HookCon_Service] : Game#174895 Start
09.07.18 03:29:06 >> [HookCon_Service] : Game#174895 Win Number: [36]
09.07.18 03:29:07 >> [HookCon_Service] : Game#174895 End
09.07.18 03:32:33 >> [HookCon_Service] : Game#174896 Start
09.07.18 03:33:08 >> [HookCon_Service] : Game#174896 Win Number: [12]
09.07.18 03:33:09 >> [HookCon_Service] : Game#174896 End
09.07.18 03:36:35 >> [HookCon_Service] : Game#174897 Start
09.07.18 03:37:11 >> [HookCon_Service] : Game#174897 Win Number: [6]
09.07.18 03:37:12 >> [HookCon_Service] : Game#174897 End
09.07.18 03:40:37 >> [HookCon_Service] : Game#174898 Start
09.07.18 03:41:12 >> [HookCon_Service] : Game#174898 Win Number: [7]
09.07.18 03:41:12 >> [HookCon_Service] : Game#174898 End
09.07.18 03:44:37 >> [HookCon_Service] : Game#174899 Start
09.07.18 03:45:16 >> [HookCon_Service] : Game#174899 Win Number: [24]
09.07.18 03:45:17 >> [HookCon_Service] : Game#174899 End
09.07.18 03:48:43 >> [HookCon_Service] : Game#174900 Start
09.07.18 03:49:14 >> [HookCon_Service] : Game#174900 Win Number: [17]
09.07.18 03:49:14 >> [HookCon_Service] : Game#174900 End
09.07.18 03:52:41 >> [HookCon_Service] : Game#174901 Start
09.07.18 03:53:13 >> [HookCon_Service] : Game#174901 Win Number: [7]
09.07.18 03:53:14 >> [HookCon_Service] : Game#174901 End
09.07.18 03:56:40 >> [HookCon_Service] : Game#174902 Start
09.07.18 03:57:12 >> [HookCon_Service] : Game#174902 Win Number: [11]
09.07.18 03:57:12 >> [HookCon_Service] : Game#174902 End
09.07.18 04:00:38 >> [HookCon_Service] : Game#174903 Start
09.07.18 04:01:14 >> [HookCon_Service] : Game#174903 Win Number: [16]
09.07.18 04:01:14 >> [HookCon_Service] : Game#174903 End
09.07.18 04:04:37 >> [HookCon_Service] : Game#174904 Start
09.07.18 04:05:17 >> [HookCon_Service] : Game#174904 Win Number: [5]
09.07.18 04:05:18 >> [HookCon_Service] : Game#174904 End
09.07.18 04:08:43 >> [HookCon_Service] : Game#174905 Start
09.07.18 04:09:18 >> [HookCon_Service] : Game#174905 Win Number: [26]
09.07.18 04:09:18 >> [HookCon_Service] : Game#174905 End
09.07.18 04:12:46 >> [HookCon_Service] : Game#174906 Start
09.07.18 04:13:20 >> [HookCon_Service] : Game#174906 Win Number: [28]
09.07.18 04:13:20 >> [HookCon_Service] : Game#174906 End
09.07.18 04:16:44 >> [HookCon_Service] : Game#174907 Start
09.07.18 04:17:19 >> [HookCon_Service] : Game#174907 Win Number: [30]
09.07.18 04:17:19 >> [HookCon_Service] : Game#174907 End
09.07.18 04:20:47 >> [HookCon_Service] : Game#174908 Start
09.07.18 04:21:20 >> [HookCon_Service] : Game#174908 Win Number: [24]
09.07.18 04:21:20 >> [HookCon_Service] : Game#174908 End
09.07.18 04:24:46 >> [HookCon_Service] : Game#174909 Start
09.07.18 04:25:25 >> [HookCon_Service] : Game#174909 Win Number: [4]
09.07.18 04:25:25 >> [HookCon_Service] : Game#174909 End
09.07.18 04:28:52 >> [HookCon_Service] : Game#174910 Start
09.07.18 04:29:25 >> [HookCon_Service] : Game#174910 Win Number: [34]
09.07.18 04:29:26 >> [HookCon_Service] : Game#174910 End
09.07.18 04:32:52 >> [HookCon_Service] : Game#174911 Start
09.07.18 04:33:29 >> [HookCon_Service] : Game#174911 Win Number: [12]
09.07.18 04:33:30 >> [HookCon_Service] : Game#174911 End
09.07.18 04:36:57 >> [HookCon_Service] : Game#174912 Start
09.07.18 04:37:31 >> [HookCon_Service] : Game#174912 Win Number: [31]
09.07.18 04:37:31 >> [HookCon_Service] : Game#174912 End
09.07.18 04:40:56 >> [HookCon_Service] : Game#174913 Start
09.07.18 04:41:32 >> [HookCon_Service] : Game#174913 Win Number: [10]
09.07.18 04:41:32 >> [HookCon_Service] : Game#174913 End
09.07.18 04:44:58 >> [HookCon_Service] : Game#174914 Start
09.07.18 04:45:32 >> [HookCon_Service] : Game#174914 Win Number: [13]
09.07.18 04:45:32 >> [HookCon_Service] : Game#174914 End
09.07.18 04:48:58 >> [HookCon_Service] : Game#174915 Start
09.07.18 04:49:35 >> [HookCon_Service] : Game#174915 Win Number: [33]
09.07.18 04:49:35 >> [HookCon_Service] : Game#174915 End
09.07.18 04:51:54 >> [HookCon_Service] : Game#174916 Start
09.07.18 04:52:27 >> [HookCon_Service] : Game#174916 Win Number: [32]
09.07.18 04:52:28 >> [HookCon_Service] : Game#174916 End
09.07.18 04:52:51 >> [HookCon_Service] : Game#174917 Start
09.07.18 04:53:34 >> [HookCon_Service] : Game#174917 Win Number: [3]
09.07.18 04:53:41 >> [HookCon_Service] : Game#174917 End
09.07.18 04:54:06 >> [HookCon_Service] : Game#174918 Start
09.07.18 04:54:40 >> [HookCon_Service] : Game#174918 Win Number: [11]
09.07.18 04:54:48 >> [HookCon_Service] : Game#174918 End
09.07.18 04:55:13 >> [HookCon_Service] : Game#174919 Start
09.07.18 04:55:47 >> [HookCon_Service] : Game#174919 Win Number: [5]
09.07.18 04:55:54 >> [HookCon_Service] : Game#174919 End
09.07.18 04:56:17 >> [HookCon_Service] : Game#174920 Start
09.07.18 04:56:57 >> [HookCon_Service] : Game#174920 Win Number: [33]
09.07.18 04:57:04 >> [HookCon_Service] : Game#174920 End
09.07.18 04:57:27 >> [HookCon_Service] : Game#174921 Start
09.07.18 04:58:04 >> [HookCon_Service] : Game#174921 Win Number: [21]
09.07.18 04:58:12 >> [HookCon_Service] : Game#174921 End
09.07.18 04:58:38 >> [HookCon_Service] : Game#174922 Start
09.07.18 04:59:14 >> [HookCon_Service] : Game#174922 Win Number: [1]
09.07.18 04:59:21 >> [HookCon_Service] : Game#174922 End
09.07.18 04:59:47 >> [HookCon_Service] : Game#174923 Start
09.07.18 05:00:20 >> [HookCon_Service] : Game#174923 Win Number: [9]
09.07.18 05:00:27 >> [HookCon_Service] : Game#174923 End
09.07.18 05:00:49 >> [HookCon_Service] : Game#174924 Start
09.07.18 05:01:28 >> [HookCon_Service] : Game#174924 Win Number: [27]
09.07.18 05:01:36 >> [HookCon_Service] : Game#174924 End
09.07.18 05:02:00 >> [HookCon_Service] : Game#174925 Start
09.07.18 05:02:38 >> [HookCon_Service] : Game#174925 Win Number: [36]
09.07.18 05:02:46 >> [HookCon_Service] : Game#174925 End
09.07.18 05:03:09 >> [HookCon_Service] : Game#174926 Start
09.07.18 05:03:44 >> [HookCon_Service] : Game#174926 Win Number: [18]
09.07.18 05:03:52 >> [HookCon_Service] : Game#174926 End
09.07.18 05:04:15 >> [HookCon_Service] : Game#174927 Start
09.07.18 05:04:55 >> [HookCon_Service] : Game#174927 Win Number: [29]
09.07.18 05:05:03 >> [HookCon_Service] : Game#174927 End
09.07.18 05:05:27 >> [HookCon_Service] : Game#174928 Start
09.07.18 05:05:59 >> [HookCon_Service] : Game#174928 Win Number: [16]
09.07.18 05:06:06 >> [HookCon_Service] : Game#174928 End
09.07.18 05:06:31 >> [HookCon_Service] : Game#174929 Start
09.07.18 05:07:04 >> [HookCon_Service] : Game#174929 Win Number: [2]
09.07.18 05:07:11 >> [HookCon_Service] : Game#174929 End
09.07.18 05:07:36 >> [HookCon_Service] : Game#174930 Start
09.07.18 05:08:12 >> [HookCon_Service] : Game#174930 Win Number: [27]
09.07.18 05:08:20 >> [HookCon_Service] : Game#174930 End
09.07.18 05:08:44 >> [HookCon_Service] : Game#174931 Start
09.07.18 05:09:22 >> [HookCon_Service] : Game#174931 Win Number: [20]
09.07.18 05:09:30 >> [HookCon_Service] : Game#174931 End
09.07.18 05:09:55 >> [HookCon_Service] : Game#174932 Start
09.07.18 05:10:29 >> [HookCon_Service] : Game#174932 Win Number: [24]
09.07.18 05:10:37 >> [HookCon_Service] : Game#174932 End
09.07.18 05:11:02 >> [HookCon_Service] : Game#174933 Start
09.07.18 05:11:35 >> [HookCon_Service] : Game#174933 Win Number: [12]
09.07.18 05:11:44 >> [HookCon_Service] : Game#174933 End
09.07.18 05:12:09 >> [HookCon_Service] : Game#174934 Start
09.07.18 05:12:44 >> [HookCon_Service] : Game#174934 Win Number: [10]
09.07.18 05:12:52 >> [HookCon_Service] : Game#174934 End
09.07.18 05:13:15 >> [HookCon_Service] : Game#174935 Start
09.07.18 05:13:51 >> [HookCon_Service] : Game#174935 Win Number: [33]
09.07.18 05:13:59 >> [HookCon_Service] : Game#174935 End
09.07.18 05:14:25 >> [HookCon_Service] : Game#174936 Start
09.07.18 05:14:58 >> [HookCon_Service] : Game#174936 Win Number: [5]
09.07.18 05:15:05 >> [HookCon_Service] : Game#174936 End
09.07.18 05:15:27 >> [HookCon_Service] : Game#174937 Start
09.07.18 05:16:03 >> [HookCon_Service] : Game#174937 Win Number: [2]
09.07.18 05:16:11 >> [HookCon_Service] : Game#174937 End
09.07.18 05:16:33 >> [HookCon_Service] : Game#174938 Start
09.07.18 05:17:12 >> [HookCon_Service] : Game#174938 Win Number: [32]
09.07.18 05:17:19 >> [HookCon_Service] : Game#174938 End
09.07.18 05:17:44 >> [HookCon_Service] : Game#174939 Start
09.07.18 05:18:20 >> [HookCon_Service] : Game#174939 Win Number: [2]
09.07.18 05:18:28 >> [HookCon_Service] : Game#174939 End
09.07.18 05:18:52 >> [HookCon_Service] : Game#174940 Start
09.07.18 05:19:27 >> [HookCon_Service] : Game#174940 Win Number: [36]
09.07.18 05:19:35 >> [HookCon_Service] : Game#174940 End
09.07.18 05:19:59 >> [HookCon_Service] : Game#174941 Start
09.07.18 05:20:36 >> [HookCon_Service] : Game#174941 Win Number: [29]
09.07.18 05:20:44 >> [HookCon_Service] : Game#174941 End
09.07.18 05:21:08 >> [HookCon_Service] : Game#174942 Start
09.07.18 05:21:43 >> [HookCon_Service] : Game#174942 Win Number: [2]
09.07.18 05:21:51 >> [HookCon_Service] : Game#174942 End
09.07.18 05:22:16 >> [HookCon_Service] : Game#174943 Start
09.07.18 05:22:48 >> [HookCon_Service] : Game#174943 Win Number: [10]
09.07.18 05:22:55 >> [HookCon_Service] : Game#174943 End
09.07.18 05:23:21 >> [HookCon_Service] : Game#174944 Start
09.07.18 05:23:56 >> [HookCon_Service] : Game#174944 Win Number: [33]
09.07.18 05:24:03 >> [HookCon_Service] : Game#174944 End
09.07.18 05:24:26 >> [HookCon_Service] : Game#174945 Start
09.07.18 05:25:04 >> [HookCon_Service] : Game#174945 Win Number: [30]
09.07.18 05:25:12 >> [HookCon_Service] : Game#174945 End
09.07.18 05:25:36 >> [HookCon_Service] : Game#174946 Start
09.07.18 05:26:11 >> [HookCon_Service] : Game#174946 Win Number: [9]
09.07.18 05:26:18 >> [HookCon_Service] : Game#174946 End
09.07.18 05:26:44 >> [HookCon_Service] : Game#174947 Start
09.07.18 05:27:17 >> [HookCon_Service] : Game#174947 Win Number: [33]
09.07.18 05:27:25 >> [HookCon_Service] : Game#174947 End
09.07.18 05:30:52 >> [HookCon_Service] : Game#174948 Start
09.07.18 05:31:27 >> [HookCon_Service] : Game#174948 Win Number: [8]
09.07.18 05:31:28 >> [HookCon_Service] : Game#174948 End
09.07.18 05:34:52 >> [HookCon_Service] : Game#174949 Start
09.07.18 05:35:30 >> [HookCon_Service] : Game#174949 Win Number: [1]
09.07.18 05:35:31 >> [HookCon_Service] : Game#174949 End
09.07.18 05:38:57 >> [HookCon_Service] : Game#174950 Start
09.07.18 05:39:34 >> [HookCon_Service] : Game#174950 Win Number: [4]
09.07.18 05:39:34 >> [HookCon_Service] : Game#174950 End
09.07.18 05:43:01 >> [HookCon_Service] : Game#174951 Start
09.07.18 05:43:35 >> [HookCon_Service] : Game#174951 Win Number: [18]
09.07.18 05:43:42 >> [HookCon_Service] : Game#174951 End
09.07.18 05:44:08 >> [HookCon_Service] : Game#174952 Start
09.07.18 05:44:41 >> [HookCon_Service] : Game#174952 Win Number: [31]
09.07.18 05:44:49 >> [HookCon_Service] : Game#174952 End
09.07.18 05:45:15 >> [HookCon_Service] : Game#174953 Start
09.07.18 05:45:49 >> [HookCon_Service] : Game#174953 Win Number: [7]
09.07.18 05:45:56 >> [HookCon_Service] : Game#174953 End
09.07.18 05:46:20 >> [HookCon_Service] : Game#174954 Start
09.07.18 05:46:59 >> [HookCon_Service] : Game#174954 Win Number: [28]
09.07.18 05:47:07 >> [HookCon_Service] : Game#174954 End
09.07.18 05:47:32 >> [HookCon_Service] : Game#174955 Start
09.07.18 05:48:05 >> [HookCon_Service] : Game#174955 Win Number: [9]
09.07.18 05:48:13 >> [HookCon_Service] : Game#174955 End
09.07.18 05:48:37 >> [HookCon_Service] : Game#174956 Start
09.07.18 05:49:13 >> [HookCon_Service] : Game#174956 Win Number: [27]
09.07.18 05:49:21 >> [HookCon_Service] : Game#174956 End
09.07.18 05:49:45 >> [HookCon_Service] : Game#174957 Start
09.07.18 05:50:23 >> [HookCon_Service] : Game#174957 Win Number: [2]
09.07.18 05:50:30 >> [HookCon_Service] : Game#174957 End
09.07.18 05:50:56 >> [HookCon_Service] : Game#174958 Start
09.07.18 05:51:31 >> [HookCon_Service] : Game#174958 Win Number: [32]
09.07.18 05:51:39 >> [HookCon_Service] : Game#174958 End
09.07.18 05:52:04 >> [HookCon_Service] : Game#174959 Start
09.07.18 05:52:40 >> [HookCon_Service] : Game#174959 Win Number: [11]
09.07.18 05:52:48 >> [HookCon_Service] : Game#174959 End
09.07.18 05:53:12 >> [HookCon_Service] : Game#174960 Start
09.07.18 05:53:45 >> [HookCon_Service] : Game#174960 Win Number: [32]
09.07.18 05:53:53 >> [HookCon_Service] : Game#174960 End
09.07.18 05:54:18 >> [HookCon_Service] : Game#174961 Start
09.07.18 05:54:50 >> [HookCon_Service] : Game#174961 Win Number: [28]
09.07.18 05:55:22 >> [HookCon_Service] : Game#174962 Start
09.07.18 05:55:57 >> [HookCon_Service] : Game#174962 Win Number: [4]
09.07.18 05:56:05 >> [HookCon_Service] : Game#174962 End
09.07.18 05:56:28 >> [HookCon_Service] : Game#174963 Start
09.07.18 05:57:05 >> [HookCon_Service] : Game#174963 Win Number: [0]
09.07.18 05:57:11 >> [HookCon_Service] : Game#174963 End
09.07.18 05:57:35 >> [HookCon_Service] : Game#174964 Start
09.07.18 05:58:14 >> [HookCon_Service] : Game#174964 Win Number: [25]
09.07.18 05:58:22 >> [HookCon_Service] : Game#174964 End
09.07.18 05:58:46 >> [HookCon_Service] : Game#174965 Start
09.07.18 05:59:22 >> [HookCon_Service] : Game#174965 Win Number: [22]
09.07.18 05:59:30 >> [HookCon_Service] : Game#174965 End
09.07.18 05:59:54 >> [HookCon_Service] : Game#174966 Start
09.07.18 06:00:26 >> [HookCon_Service] : Game#174966 Win Number: [34]
09.07.18 06:00:34 >> [HookCon_Service] : Game#174966 End
09.07.18 06:00:59 >> [HookCon_Service] : Game#174967 Start
09.07.18 06:01:36 >> [HookCon_Service] : Game#174967 Win Number: [1]
09.07.18 06:01:37 >> [HookCon_Service] : Game#174967 End
09.07.18 06:02:02 >> [HookCon_Service] : Game#174968 Start
09.07.18 06:02:34 >> [HookCon_Service] : Game#174968 Win Number: [21]
09.07.18 06:02:42 >> [HookCon_Service] : Game#174968 End
09.07.18 06:03:09 >> [HookCon_Service] : Game#174969 Start
09.07.18 06:03:41 >> [HookCon_Service] : Game#174969 Win Number: [18]
09.07.18 06:03:49 >> [HookCon_Service] : Game#174969 End
09.07.18 06:04:13 >> [HookCon_Service] : Game#174970 Start
09.07.18 06:04:46 >> [HookCon_Service] : Game#174970 Win Number: [35]
09.07.18 06:04:54 >> [HookCon_Service] : Game#174970 End
09.07.18 06:05:19 >> [HookCon_Service] : Game#174971 Start
09.07.18 06:05:52 >> [HookCon_Service] : Game#174971 Win Number: [0]
09.07.18 06:05:57 >> [HookCon_Service] : Game#174971 End
09.07.18 06:06:22 >> [HookCon_Service] : Game#174972 Start
09.07.18 06:06:56 >> [HookCon_Service] : Game#174972 Win Number: [34]
09.07.18 06:07:04 >> [HookCon_Service] : Game#174972 End
09.07.18 06:07:29 >> [HookCon_Service] : Game#174973 Start
09.07.18 06:08:03 >> [HookCon_Service] : Game#174973 Win Number: [12]
09.07.18 06:08:11 >> [HookCon_Service] : Game#174973 End
09.07.18 06:08:34 >> [HookCon_Service] : Game#174974 Start
09.07.18 06:09:13 >> [HookCon_Service] : Game#174974 Win Number: [1]
09.07.18 06:09:20 >> [HookCon_Service] : Game#174974 End
09.07.18 06:09:42 >> [HookCon_Service] : Game#174975 Start
09.07.18 06:10:23 >> [HookCon_Service] : Game#174975 Win Number: [9]
09.07.18 06:10:30 >> [HookCon_Service] : Game#174975 End
09.07.18 06:10:54 >> [HookCon_Service] : Game#174976 Start
09.07.18 06:11:32 >> [HookCon_Service] : Game#174976 Win Number: [6]
09.07.18 06:11:39 >> [HookCon_Service] : Game#174976 End
09.07.18 06:12:05 >> [HookCon_Service] : Game#174977 Start
09.07.18 06:12:38 >> [HookCon_Service] : Game#174977 Win Number: [6]
09.07.18 06:12:45 >> [HookCon_Service] : Game#174977 End
09.07.18 06:13:11 >> [HookCon_Service] : Game#174978 Start
09.07.18 06:13:41 >> [HookCon_Service] : Game#174978 Win Number: [23]
09.07.18 06:13:49 >> [HookCon_Service] : Game#174978 End
09.07.18 06:14:14 >> [HookCon_Service] : Game#174979 Start
09.07.18 06:14:47 >> [HookCon_Service] : Game#174979 Win Number: [35]
09.07.18 06:14:54 >> [HookCon_Service] : Game#174979 End
09.07.18 06:15:19 >> [HookCon_Service] : Game#174980 Start
09.07.18 06:15:54 >> [HookCon_Service] : Game#174980 Win Number: [9]
09.07.18 06:16:01 >> [HookCon_Service] : Game#174980 End
09.07.18 06:16:26 >> [HookCon_Service] : Game#174981 Start
09.07.18 06:17:00 >> [HookCon_Service] : Game#174981 Win Number: [8]
09.07.18 06:17:07 >> [HookCon_Service] : Game#174981 End
09.07.18 06:17:33 >> [HookCon_Service] : Game#174982 Start
09.07.18 06:18:06 >> [HookCon_Service] : Game#174982 Win Number: [17]
09.07.18 06:18:14 >> [HookCon_Service] : Game#174982 End
09.07.18 06:18:39 >> [HookCon_Service] : Game#174983 Start
09.07.18 06:19:19 >> [HookCon_Service] : Game#174983 Win Number: [8]
09.07.18 06:19:26 >> [HookCon_Service] : Game#174983 End
09.07.18 06:22:49 >> [HookCon_Service] : Game#174984 Start
09.07.18 06:23:29 >> [HookCon_Service] : Game#174984 Win Number: [27]
09.07.18 06:23:29 >> [HookCon_Service] : Game#174984 End
09.07.18 06:26:55 >> [HookCon_Service] : Game#174985 Start
09.07.18 06:27:32 >> [HookCon_Service] : Game#174985 Win Number: [31]
09.07.18 06:27:33 >> [HookCon_Service] : Game#174985 End
09.07.18 06:30:59 >> [HookCon_Service] : Game#174986 Start
09.07.18 06:31:33 >> [HookCon_Service] : Game#174986 Win Number: [19]
09.07.18 06:31:33 >> [HookCon_Service] : Game#174986 End
09.07.18 06:34:57 >> [HookCon_Service] : Game#174987 Start
09.07.18 06:35:34 >> [HookCon_Service] : Game#174987 Win Number: [34]
09.07.18 06:35:34 >> [HookCon_Service] : Game#174987 End
09.07.18 06:39:00 >> [HookCon_Service] : Game#174988 Start
09.07.18 06:39:38 >> [HookCon_Service] : Game#174988 Win Number: [0]
09.07.18 06:39:38 >> [HookCon_Service] : Game#174988 End
09.07.18 06:43:04 >> [HookCon_Service] : Game#174989 Start
09.07.18 06:43:38 >> [HookCon_Service] : Game#174989 Win Number: [1]
09.07.18 06:43:38 >> [HookCon_Service] : Game#174989 End
09.07.18 06:47:04 >> [HookCon_Service] : Game#174990 Start
09.07.18 06:47:38 >> [HookCon_Service] : Game#174990 Win Number: [12]
09.07.18 06:47:38 >> [HookCon_Service] : Game#174990 End
09.07.18 06:51:03 >> [HookCon_Service] : Game#174991 Start
09.07.18 06:51:41 >> [HookCon_Service] : Game#174991 Win Number: [4]
09.07.18 06:51:41 >> [HookCon_Service] : Game#174991 End
09.07.18 06:55:05 >> [HookCon_Service] : Game#174992 Start
09.07.18 06:55:44 >> [HookCon_Service] : Game#174992 Win Number: [15]
09.07.18 06:55:44 >> [HookCon_Service] : Game#174992 End
09.07.18 06:59:09 >> [HookCon_Service] : Game#174993 Start
09.07.18 06:59:45 >> [HookCon_Service] : Game#174993 Win Number: [31]
09.07.18 06:59:45 >> [HookCon_Service] : Game#174993 End
09.07.18 07:03:11 >> [HookCon_Service] : Game#174994 Start
09.07.18 07:03:44 >> [HookCon_Service] : Game#174994 Win Number: [12]
09.07.18 07:03:44 >> [HookCon_Service] : Game#174994 End
09.07.18 07:07:10 >> [HookCon_Service] : Game#174995 Start
09.07.18 07:07:46 >> [HookCon_Service] : Game#174995 Win Number: [34]
09.07.18 07:07:46 >> [HookCon_Service] : Game#174995 End
09.07.18 07:09:54 >> [HookCon_Service] : Game#174996 Start
09.07.18 07:10:35 >> [HookCon_Service] : Game#174996 Win Number: [11]
09.07.18 07:10:43 >> [HookCon_Service] : Game#174996 End
09.07.18 07:11:08 >> [HookCon_Service] : Game#174997 Start
09.07.18 07:11:44 >> [HookCon_Service] : Game#174997 Win Number: [22]
09.07.18 07:11:52 >> [HookCon_Service] : Game#174997 End
09.07.18 07:12:18 >> [HookCon_Service] : Game#174998 Start
09.07.18 07:12:50 >> [HookCon_Service] : Game#174998 Win Number: [36]
09.07.18 07:12:58 >> [HookCon_Service] : Game#174998 End
09.07.18 07:13:24 >> [HookCon_Service] : Game#174999 Start
09.07.18 07:13:57 >> [HookCon_Service] : Game#174999 Win Number: [23]
09.07.18 07:14:05 >> [HookCon_Service] : Game#174999 End
09.07.18 07:14:32 >> [HookCon_Service] : Game#175000 Start
09.07.18 07:15:05 >> [HookCon_Service] : Game#175000 Win Number: [16]
09.07.18 07:15:12 >> [HookCon_Service] : Game#175000 End
09.07.18 07:15:37 >> [HookCon_Service] : Game#175001 Start
09.07.18 07:16:14 >> [HookCon_Service] : Game#175001 Win Number: [35]
09.07.18 07:16:21 >> [HookCon_Service] : Game#175001 End
09.07.18 07:16:47 >> [HookCon_Service] : Game#175002 Start
09.07.18 07:17:21 >> [HookCon_Service] : Game#175002 Win Number: [11]
09.07.18 07:17:29 >> [HookCon_Service] : Game#175002 End
09.07.18 07:17:54 >> [HookCon_Service] : Game#175003 Start
09.07.18 07:18:26 >> [HookCon_Service] : Game#175003 Win Number: [5]
09.07.18 07:18:33 >> [HookCon_Service] : Game#175003 End
09.07.18 07:21:59 >> [HookCon_Service] : Game#175004 Start
09.07.18 07:22:33 >> [HookCon_Service] : Game#175004 Win Number: [32]
09.07.18 07:22:34 >> [HookCon_Service] : Game#175004 End
09.07.18 07:26:01 >> [HookCon_Service] : Game#175005 Start
09.07.18 07:26:33 >> [HookCon_Service] : Game#175005 Win Number: [34]
09.07.18 07:26:33 >> [HookCon_Service] : Game#175005 End
09.07.18 07:29:59 >> [HookCon_Service] : Game#175006 Start
09.07.18 07:30:37 >> [HookCon_Service] : Game#175006 Win Number: [17]
09.07.18 07:30:37 >> [HookCon_Service] : Game#175006 End
09.07.18 07:34:03 >> [HookCon_Service] : Game#175007 Start
09.07.18 07:34:39 >> [HookCon_Service] : Game#175007 Win Number: [9]
09.07.18 07:34:39 >> [HookCon_Service] : Game#175007 End
09.07.18 07:37:15 >> [HookCon_Service] : Roulette server is down!
09.07.18 07:37:16 >> [HookCon_Service] : Disconnected. Reason: System.EventArgs. All Web-clients disconnected.
09.07.18 07:37:16 >> [HookCon_Service] : Disconnected. Reason: Удаленный хост принудительно разорвал существующее подключение
09.07.18 09:16:24 >> Server is running. Waiting for incoming connections.
09.07.18 09:30:03 >> Client was connected: 192.168.159.192
09.07.18 09:30:03 >> HookCon LastNums:15,23,5,2,14,6,34,36,32,22,34,6,28,22,11,11,
09.07.18 09:30:03 >> Server LastNums:11,11,22,28,6,34,22,32,36,34,6,14,2,
09.07.18 09:30:05 >> [HookCon_Service] : Game#175034 Start
09.07.18 09:32:06 >> [HookCon_Service] : Game#175035 Start
09.07.18 09:32:39 >> [HookCon_Service] : Game#175035 Win Number: [23]
09.07.18 09:32:39 >> [HookCon_Service] : Game#175035 End
09.07.18 09:36:05 >> [HookCon_Service] : Game#175036 Start
09.07.18 09:36:41 >> [HookCon_Service] : Game#175036 Win Number: [9]
09.07.18 09:36:41 >> [HookCon_Service] : Game#175036 End
09.07.18 09:40:06 >> [HookCon_Service] : Game#175037 Start
09.07.18 09:40:39 >> [HookCon_Service] : Game#175037 Win Number: [15]
09.07.18 09:40:40 >> [HookCon_Service] : Game#175037 End
09.07.18 09:44:06 >> [HookCon_Service] : Game#175038 Start
09.07.18 09:44:39 >> [HookCon_Service] : Game#175038 Win Number: [24]
09.07.18 09:44:39 >> [HookCon_Service] : Game#175038 End
09.07.18 09:48:05 >> [HookCon_Service] : Game#175039 Start
09.07.18 09:48:39 >> [HookCon_Service] : Game#175039 Win Number: [22]
09.07.18 09:48:39 >> [HookCon_Service] : Game#175039 End
09.07.18 09:52:05 >> [HookCon_Service] : Game#175040 Start
09.07.18 09:52:40 >> [HookCon_Service] : Game#175040 Win Number: [0]
09.07.18 09:52:40 >> [HookCon_Service] : Game#175040 End
09.07.18 09:56:05 >> [HookCon_Service] : Game#175041 Start
09.07.18 09:56:37 >> [HookCon_Service] : Game#175041 Win Number: [15]
09.07.18 09:56:37 >> [HookCon_Service] : Game#175041 End
09.07.18 10:00:03 >> [HookCon_Service] : Game#175042 Start
09.07.18 10:00:36 >> [HookCon_Service] : Game#175042 Win Number: [25]
09.07.18 10:00:36 >> [HookCon_Service] : Game#175042 End
09.07.18 10:04:02 >> [HookCon_Service] : Game#175043 Start
09.07.18 10:04:33 >> [HookCon_Service] : Game#175043 Win Number: [30]
09.07.18 10:04:33 >> [HookCon_Service] : Game#175043 End
09.07.18 10:07:58 >> [HookCon_Service] : Game#175044 Start
09.07.18 10:08:34 >> [HookCon_Service] : Game#175044 Win Number: [23]
09.07.18 10:08:34 >> [HookCon_Service] : Game#175044 End
09.07.18 10:12:00 >> [HookCon_Service] : Game#175045 Start
09.07.18 10:12:35 >> [HookCon_Service] : Game#175045 Win Number: [28]
09.07.18 10:12:35 >> [HookCon_Service] : Game#175045 End
09.07.18 10:16:00 >> [HookCon_Service] : Game#175046 Start
09.07.18 10:16:37 >> [HookCon_Service] : Game#175046 Win Number: [35]
09.07.18 10:16:37 >> [HookCon_Service] : Game#175046 End
09.07.18 10:20:04 >> [HookCon_Service] : Game#175047 Start
09.07.18 10:20:46 >> [HookCon_Service] : Game#175047 Win Number: [8]
09.07.18 10:20:46 >> [HookCon_Service] : Game#175047 End
09.07.18 10:24:13 >> [HookCon_Service] : Game#175048 Start
09.07.18 10:24:48 >> [HookCon_Service] : Game#175048 Win Number: [18]
09.07.18 10:24:48 >> [HookCon_Service] : Game#175048 End
09.07.18 10:28:15 >> [HookCon_Service] : Game#175049 Start
09.07.18 10:28:49 >> [HookCon_Service] : Game#175049 Win Number: [10]
09.07.18 10:28:49 >> [HookCon_Service] : Game#175049 End
09.07.18 10:32:17 >> [HookCon_Service] : Game#175050 Start
09.07.18 10:32:50 >> [HookCon_Service] : Game#175050 Win Number: [0]
09.07.18 10:32:50 >> [HookCon_Service] : Game#175050 End
09.07.18 10:36:16 >> [HookCon_Service] : Game#175051 Start
09.07.18 10:36:52 >> [HookCon_Service] : Game#175051 Win Number: [7]
09.07.18 10:36:52 >> [HookCon_Service] : Game#175051 End
09.07.18 10:40:18 >> [HookCon_Service] : Game#175052 Start
09.07.18 10:40:55 >> [HookCon_Service] : Game#175052 Win Number: [34]
09.07.18 10:40:55 >> [HookCon_Service] : Game#175052 End
09.07.18 10:44:20 >> [HookCon_Service] : Game#175053 Start
09.07.18 10:44:55 >> [HookCon_Service] : Game#175053 Win Number: [2]
09.07.18 10:44:55 >> [HookCon_Service] : Game#175053 End
09.07.18 10:48:21 >> [HookCon_Service] : Game#175054 Start
09.07.18 10:48:57 >> [HookCon_Service] : Game#175054 Win Number: [6]
09.07.18 10:48:57 >> [HookCon_Service] : Game#175054 End
09.07.18 10:52:25 >> [HookCon_Service] : Game#175055 Start
09.07.18 10:52:56 >> [HookCon_Service] : Game#175055 Win Number: [31]
09.07.18 10:52:56 >> [HookCon_Service] : Game#175055 End
09.07.18 10:56:23 >> [HookCon_Service] : Game#175056 Start
09.07.18 10:56:56 >> [HookCon_Service] : Game#175056 Win Number: [0]
09.07.18 10:56:56 >> [HookCon_Service] : Game#175056 End
09.07.18 11:00:22 >> [HookCon_Service] : Game#175057 Start
09.07.18 11:00:58 >> [HookCon_Service] : Game#175057 Win Number: [33]
09.07.18 11:00:58 >> [HookCon_Service] : Game#175057 End
09.07.18 11:04:24 >> [HookCon_Service] : Game#175058 Start
09.07.18 11:05:01 >> [HookCon_Service] : Game#175058 Win Number: [19]
09.07.18 11:05:01 >> [HookCon_Service] : Game#175058 End
09.07.18 11:08:28 >> [HookCon_Service] : Game#175059 Start
09.07.18 11:09:00 >> [HookCon_Service] : Game#175059 Win Number: [29]
09.07.18 11:09:00 >> [HookCon_Service] : Game#175059 End
09.07.18 11:11:04 >> Client was connected: 127.0.0.1
09.07.18 11:12:26 >> [HookCon_Service] : Game#175060 Start
09.07.18 11:13:03 >> [HookCon_Service] : Game#175060 Win Number: [9]
09.07.18 11:13:03 >> [HookCon_Service] : Game#175060 End
09.07.18 11:13:12 >> [Guest1] : Disconnected. Reason: System.EventArgs. All Web-clients disconnected.
09.07.18 11:13:12 >> [Guest1] : Disconnected. Reason: Удаленный хост принудительно разорвал существующее подключение
09.07.18 11:13:33 >> Client was connected: 127.0.0.1
09.07.18 11:13:52 >> [Guest1] : Disconnected. Reason: System.EventArgs. All Web-clients disconnected.
09.07.18 11:13:52 >> [Guest1] : Disconnected. Reason: Удаленный хост принудительно разорвал существующее подключение
09.07.18 11:15:13 >> Client was connected: 127.0.0.1
09.07.18 11:16:29 >> [HookCon_Service] : Game#175061 Start
09.07.18 11:17:04 >> [HookCon_Service] : Game#175061 Win Number: [21]
09.07.18 11:17:04 >> [HookCon_Service] : Game#175061 End
09.07.18 11:20:27 >> [HookCon_Service] : Game#175062 Start
09.07.18 11:21:04 >> [HookCon_Service] : Game#175062 Win Number: [14]
09.07.18 11:21:04 >> [HookCon_Service] : Game#175062 End
09.07.18 11:24:30 >> [HookCon_Service] : Game#175063 Start
09.07.18 11:25:01 >> [HookCon_Service] : Game#175063 Win Number: [10]
09.07.18 11:25:01 >> [HookCon_Service] : Game#175063 End
09.07.18 11:28:28 >> [HookCon_Service] : Game#175064 Start
09.07.18 11:29:01 >> [HookCon_Service] : Game#175064 Win Number: [36]
09.07.18 11:29:01 >> [HookCon_Service] : Game#175064 End
09.07.18 11:32:26 >> [HookCon_Service] : Game#175065 Start
09.07.18 11:33:04 >> [HookCon_Service] : Game#175065 Win Number: [32]
09.07.18 11:33:04 >> [HookCon_Service] : Game#175065 End
09.07.18 11:36:30 >> [HookCon_Service] : Game#175066 Start
09.07.18 11:37:08 >> [HookCon_Service] : Game#175066 Win Number: [31]
09.07.18 11:37:08 >> [HookCon_Service] : Game#175066 End
09.07.18 11:40:34 >> [HookCon_Service] : Game#175067 Start
09.07.18 11:41:08 >> [HookCon_Service] : Game#175067 Win Number: [32]
09.07.18 11:41:09 >> [HookCon_Service] : Game#175067 End
09.07.18 11:44:34 >> [HookCon_Service] : Game#175068 Start
09.07.18 11:45:10 >> [HookCon_Service] : Game#175068 Win Number: [18]
09.07.18 11:45:10 >> [HookCon_Service] : Game#175068 End
09.07.18 11:48:36 >> [HookCon_Service] : Game#175069 Start
09.07.18 11:49:11 >> [HookCon_Service] : Game#175069 Win Number: [7]
09.07.18 11:49:11 >> [HookCon_Service] : Game#175069 End
09.07.18 11:52:37 >> [HookCon_Service] : Game#175070 Start
09.07.18 11:53:13 >> [HookCon_Service] : Game#175070 Win Number: [13]
09.07.18 11:53:13 >> [HookCon_Service] : Game#175070 End
09.07.18 11:56:39 >> [HookCon_Service] : Game#175071 Start
09.07.18 11:57:11 >> [HookCon_Service] : Game#175071 Win Number: [25]
09.07.18 11:57:11 >> [HookCon_Service] : Game#175071 End
09.07.18 12:00:36 >> [HookCon_Service] : Game#175072 Start
09.07.18 12:01:11 >> [HookCon_Service] : Game#175072 Win Number: [15]
09.07.18 12:01:11 >> [HookCon_Service] : Game#175072 End
09.07.18 12:04:39 >> [HookCon_Service] : Game#175073 Start
09.07.18 12:05:13 >> [HookCon_Service] : Game#175073 Win Number: [28]
09.07.18 12:05:13 >> [HookCon_Service] : Game#175073 End
09.07.18 12:08:40 >> [HookCon_Service] : Game#175074 Start
09.07.18 12:09:15 >> [HookCon_Service] : Game#175074 Win Number: [5]
09.07.18 12:09:15 >> [HookCon_Service] : Game#175074 End
09.07.18 12:12:41 >> [HookCon_Service] : Game#175075 Start
09.07.18 12:13:16 >> [HookCon_Service] : Game#175075 Win Number: [27]
09.07.18 12:13:16 >> [HookCon_Service] : Game#175075 End
09.07.18 12:16:42 >> [HookCon_Service] : Game#175076 Start
09.07.18 12:17:15 >> [HookCon_Service] : Game#175076 Win Number: [16]
09.07.18 12:17:16 >> [HookCon_Service] : Game#175076 End
09.07.18 12:20:42 >> [HookCon_Service] : Game#175077 Start
09.07.18 12:21:15 >> [HookCon_Service] : Game#175077 Win Number: [8]
09.07.18 12:21:15 >> [HookCon_Service] : Game#175077 End
09.07.18 12:24:40 >> [HookCon_Service] : Game#175078 Start
09.07.18 12:25:16 >> [HookCon_Service] : Game#175078 Win Number: [2]
09.07.18 12:25:16 >> [HookCon_Service] : Game#175078 End
09.07.18 12:28:42 >> [HookCon_Service] : Game#175079 Start
09.07.18 12:29:18 >> [HookCon_Service] : Game#175079 Win Number: [33]
09.07.18 12:29:18 >> [HookCon_Service] : Game#175079 End
09.07.18 12:32:45 >> [HookCon_Service] : Game#175080 Start
09.07.18 12:33:18 >> [HookCon_Service] : Game#175080 Win Number: [10]
09.07.18 12:33:18 >> [HookCon_Service] : Game#175080 End
09.07.18 12:36:46 >> [HookCon_Service] : Game#175081 Start
09.07.18 12:37:18 >> [HookCon_Service] : Game#175081 Win Number: [29]
09.07.18 12:37:19 >> [HookCon_Service] : Game#175081 End
09.07.18 12:40:45 >> [HookCon_Service] : Game#175082 Start
09.07.18 12:41:18 >> [HookCon_Service] : Game#175082 Win Number: [18]
09.07.18 12:41:18 >> [HookCon_Service] : Game#175082 End
09.07.18 12:44:44 >> [HookCon_Service] : Game#175083 Start
09.07.18 12:45:18 >> [HookCon_Service] : Game#175083 Win Number: [1]
09.07.18 12:45:18 >> [HookCon_Service] : Game#175083 End
09.07.18 12:48:44 >> [HookCon_Service] : Game#175084 Start
09.07.18 12:49:18 >> [HookCon_Service] : Game#175084 Win Number: [12]
09.07.18 12:49:18 >> [HookCon_Service] : Game#175084 End
09.07.18 12:52:44 >> [HookCon_Service] : Game#175085 Start
09.07.18 12:53:20 >> [HookCon_Service] : Game#175085 Win Number: [5]
09.07.18 12:53:20 >> [HookCon_Service] : Game#175085 End
09.07.18 12:56:47 >> [HookCon_Service] : Game#175086 Start
09.07.18 12:57:20 >> [HookCon_Service] : Game#175086 Win Number: [13]
09.07.18 12:57:20 >> [HookCon_Service] : Game#175086 End
09.07.18 01:00:45 >> [HookCon_Service] : Game#175087 Start
09.07.18 01:01:21 >> [HookCon_Service] : Game#175087 Win Number: [13]
09.07.18 01:01:21 >> [HookCon_Service] : Game#175087 End
09.07.18 01:04:45 >> [HookCon_Service] : Game#175088 Start
09.07.18 01:05:22 >> [HookCon_Service] : Game#175088 Win Number: [17]
09.07.18 01:05:22 >> [HookCon_Service] : Game#175088 End
09.07.18 01:08:48 >> [HookCon_Service] : Game#175089 Start
09.07.18 01:09:24 >> [HookCon_Service] : Game#175089 Win Number: [33]
09.07.18 01:09:25 >> [HookCon_Service] : Game#175089 End
09.07.18 01:12:50 >> [HookCon_Service] : Game#175090 Start
09.07.18 01:13:25 >> [HookCon_Service] : Game#175090 Win Number: [9]
09.07.18 01:13:26 >> [HookCon_Service] : Game#175090 End
09.07.18 01:16:49 >> [HookCon_Service] : Game#175091 Start
09.07.18 01:17:29 >> [HookCon_Service] : Game#175091 Win Number: [30]
09.07.18 01:17:29 >> [HookCon_Service] : Game#175091 End
09.07.18 01:20:56 >> [HookCon_Service] : Game#175092 Start
09.07.18 01:21:31 >> [HookCon_Service] : Game#175092 Win Number: [18]
09.07.18 01:21:32 >> [HookCon_Service] : Game#175092 End
09.07.18 01:24:58 >> [HookCon_Service] : Game#175093 Start
09.07.18 01:25:34 >> [HookCon_Service] : Game#175093 Win Number: [36]
09.07.18 01:25:34 >> [HookCon_Service] : Game#175093 End
09.07.18 01:29:01 >> [HookCon_Service] : Game#175094 Start
09.07.18 01:29:36 >> [HookCon_Service] : Game#175094 Win Number: [21]
09.07.18 01:29:36 >> [HookCon_Service] : Game#175094 End
09.07.18 01:33:02 >> [HookCon_Service] : Game#175095 Start
09.07.18 01:33:37 >> [HookCon_Service] : Game#175095 Win Number: [23]
09.07.18 01:33:37 >> [HookCon_Service] : Game#175095 End
09.07.18 01:37:04 >> [HookCon_Service] : Game#175096 Start
09.07.18 01:37:38 >> [HookCon_Service] : Game#175096 Win Number: [27]
09.07.18 01:37:38 >> [HookCon_Service] : Game#175096 End
09.07.18 01:41:05 >> [HookCon_Service] : Game#175097 Start
09.07.18 01:41:37 >> [HookCon_Service] : Game#175097 Win Number: [14]
09.07.18 01:41:38 >> [HookCon_Service] : Game#175097 End
09.07.18 01:45:04 >> [HookCon_Service] : Game#175098 Start
09.07.18 01:45:38 >> [HookCon_Service] : Game#175098 Win Number: [10]
09.07.18 01:45:38 >> [HookCon_Service] : Game#175098 End
09.07.18 01:49:03 >> [HookCon_Service] : Game#175099 Start
09.07.18 01:49:39 >> [HookCon_Service] : Game#175099 Win Number: [10]
09.07.18 01:49:39 >> [HookCon_Service] : Game#175099 End
09.07.18 01:52:50 >> [HookCon_Service] : Game#175100 Start
09.07.18 01:53:21 >> [HookCon_Service] : Game#175100 Win Number: [0]
09.07.18 01:53:26 >> [HookCon_Service] : Game#175100 End
09.07.18 01:53:51 >> [HookCon_Service] : Game#175101 Start
09.07.18 01:54:25 >> [HookCon_Service] : Game#175101 Win Number: [22]
09.07.18 01:54:32 >> [HookCon_Service] : Game#175101 End
09.07.18 01:54:55 >> [HookCon_Service] : Game#175102 Start
09.07.18 01:55:29 >> [HookCon_Service] : Game#175102 Win Number: [33]
09.07.18 01:55:37 >> [HookCon_Service] : Game#175102 End
09.07.18 01:56:03 >> [HookCon_Service] : Game#175103 Start
09.07.18 01:56:35 >> [HookCon_Service] : Game#175103 Win Number: [5]
09.07.18 01:56:35 >> [HookCon_Service] : Game#175103 End
09.07.18 01:57:00 >> [HookCon_Service] : Game#175104 Start
09.07.18 01:57:34 >> [HookCon_Service] : Game#175104 Win Number: [30]
09.07.18 01:57:35 >> [HookCon_Service] : Game#175104 End
09.07.18 01:58:01 >> [HookCon_Service] : Game#175105 Start
09.07.18 01:58:33 >> [HookCon_Service] : Game#175105 Win Number: [2]
09.07.18 01:58:33 >> [HookCon_Service] : Game#175105 End
09.07.18 01:58:56 >> [HookCon_Service] : Game#175106 Start
09.07.18 01:59:33 >> [HookCon_Service] : Game#175106 Win Number: [27]
09.07.18 01:59:55 >> [HookCon_Service] : Game#175107 Start
09.07.18 02:00:35 >> [HookCon_Service] : Game#175107 Win Number: [35]
09.07.18 02:00:35 >> [HookCon_Service] : Game#175107 End
09.07.18 02:00:58 >> [HookCon_Service] : Game#175108 Start
09.07.18 02:01:34 >> [HookCon_Service] : Game#175108 Win Number: [0]
09.07.18 02:01:34 >> [HookCon_Service] : Game#175108 End
09.07.18 02:01:58 >> [HookCon_Service] : Game#175109 Start
09.07.18 02:02:31 >> [HookCon_Service] : Game#175109 Win Number: [25]
09.07.18 02:02:31 >> [HookCon_Service] : Game#175109 End
09.07.18 02:02:57 >> [HookCon_Service] : Game#175110 Start
09.07.18 02:03:30 >> [HookCon_Service] : Game#175110 Win Number: [35]
09.07.18 02:03:30 >> [HookCon_Service] : Game#175110 End
09.07.18 02:03:56 >> [HookCon_Service] : Game#175111 Start
09.07.18 02:04:31 >> [HookCon_Service] : Game#175111 Win Number: [22]
09.07.18 02:04:31 >> [HookCon_Service] : Game#175111 End
09.07.18 02:04:54 >> [HookCon_Service] : Game#175112 Start
09.07.18 02:05:32 >> [HookCon_Service] : Game#175112 Win Number: [32]
09.07.18 02:05:32 >> [HookCon_Service] : Game#175112 End
09.07.18 02:05:57 >> [HookCon_Service] : Game#175113 Start
09.07.18 02:06:34 >> [HookCon_Service] : Game#175113 Win Number: [4]
09.07.18 02:06:34 >> [HookCon_Service] : Game#175113 End
09.07.18 02:06:58 >> [HookCon_Service] : Game#175114 Start
09.07.18 02:07:34 >> [HookCon_Service] : Game#175114 Win Number: [32]
09.07.18 02:07:35 >> [HookCon_Service] : Game#175114 End
09.07.18 02:11:01 >> [HookCon_Service] : Game#175115 Start
09.07.18 02:11:33 >> [HookCon_Service] : Game#175115 Win Number: [35]
09.07.18 02:11:33 >> [HookCon_Service] : Game#175115 End
09.07.18 02:15:00 >> [HookCon_Service] : Game#175116 Start
09.07.18 02:15:33 >> [HookCon_Service] : Game#175116 Win Number: [13]
09.07.18 02:15:33 >> [HookCon_Service] : Game#175116 End
09.07.18 02:18:58 >> [HookCon_Service] : Game#175117 Start
09.07.18 02:19:34 >> [HookCon_Service] : Game#175117 Win Number: [33]
09.07.18 02:19:34 >> [HookCon_Service] : Game#175117 End
09.07.18 02:23:01 >> [HookCon_Service] : Game#175118 Start
09.07.18 02:23:34 >> [HookCon_Service] : Game#175118 Win Number: [5]
09.07.18 02:23:34 >> [HookCon_Service] : Game#175118 End
09.07.18 02:27:00 >> [HookCon_Service] : Game#175119 Start
09.07.18 02:27:32 >> [HookCon_Service] : Game#175119 Win Number: [27]
09.07.18 02:27:33 >> [HookCon_Service] : Game#175119 End
09.07.18 02:31:01 >> [HookCon_Service] : Game#175120 Start
09.07.18 02:31:31 >> [HookCon_Service] : Game#175120 Win Number: [16]
09.07.18 02:31:31 >> [HookCon_Service] : Game#175120 End
09.07.18 02:34:57 >> [HookCon_Service] : Game#175121 Start
09.07.18 02:35:32 >> [HookCon_Service] : Game#175121 Win Number: [33]
09.07.18 02:35:32 >> [HookCon_Service] : Game#175121 End
09.07.18 02:38:58 >> [HookCon_Service] : Game#175122 Start
09.07.18 02:39:33 >> [HookCon_Service] : Game#175122 Win Number: [22]
09.07.18 02:39:33 >> [HookCon_Service] : Game#175122 End
09.07.18 02:42:58 >> [HookCon_Service] : Game#175123 Start
09.07.18 02:43:36 >> [HookCon_Service] : Game#175123 Win Number: [23]
09.07.18 02:43:36 >> [HookCon_Service] : Game#175123 End
09.07.18 02:47:03 >> [HookCon_Service] : Game#175124 Start
09.07.18 02:47:40 >> [HookCon_Service] : Game#175124 Win Number: [2]
09.07.18 02:47:40 >> [HookCon_Service] : Game#175124 End
09.07.18 02:51:07 >> [HookCon_Service] : Game#175125 Start
09.07.18 02:51:42 >> [HookCon_Service] : Game#175125 Win Number: [27]
09.07.18 02:51:43 >> [HookCon_Service] : Game#175125 End
09.07.18 02:55:08 >> [HookCon_Service] : Game#175126 Start
09.07.18 02:55:43 >> [HookCon_Service] : Game#175126 Win Number: [2]
09.07.18 02:55:43 >> [HookCon_Service] : Game#175126 End
09.07.18 02:59:09 >> [HookCon_Service] : Game#175127 Start
09.07.18 02:59:44 >> [HookCon_Service] : Game#175127 Win Number: [4]
09.07.18 02:59:44 >> [HookCon_Service] : Game#175127 End
09.07.18 03:03:11 >> [HookCon_Service] : Game#175128 Start
09.07.18 03:03:45 >> [HookCon_Service] : Game#175128 Win Number: [24]
09.07.18 03:03:45 >> [HookCon_Service] : Game#175128 End
09.07.18 03:07:11 >> [HookCon_Service] : Game#175129 Start
09.07.18 03:07:47 >> [HookCon_Service] : Game#175129 Win Number: [9]
09.07.18 03:07:47 >> [HookCon_Service] : Game#175129 End
09.07.18 03:11:15 >> [HookCon_Service] : Game#175130 Start
09.07.18 03:11:48 >> [HookCon_Service] : Game#175130 Win Number: [34]
09.07.18 03:11:48 >> [HookCon_Service] : Game#175130 End
09.07.18 03:15:13 >> [HookCon_Service] : Game#175131 Start
09.07.18 03:15:48 >> [HookCon_Service] : Game#175131 Win Number: [17]
09.07.18 03:15:48 >> [HookCon_Service] : Game#175131 End
09.07.18 03:19:13 >> [HookCon_Service] : Game#175132 Start
09.07.18 03:19:50 >> [HookCon_Service] : Game#175132 Win Number: [6]
09.07.18 03:19:50 >> [HookCon_Service] : Game#175132 End
09.07.18 03:23:17 >> [HookCon_Service] : Game#175133 Start
09.07.18 03:23:52 >> [HookCon_Service] : Game#175133 Win Number: [36]
09.07.18 03:23:52 >> [HookCon_Service] : Game#175133 End
09.07.18 03:27:17 >> [HookCon_Service] : Game#175134 Start
09.07.18 03:27:53 >> [HookCon_Service] : Game#175134 Win Number: [5]
09.07.18 03:27:53 >> [HookCon_Service] : Game#175134 End
09.07.18 03:31:18 >> [HookCon_Service] : Game#175135 Start
09.07.18 03:31:54 >> [HookCon_Service] : Game#175135 Win Number: [30]
09.07.18 03:31:54 >> [HookCon_Service] : Game#175135 End
09.07.18 03:35:21 >> [HookCon_Service] : Game#175136 Start
09.07.18 03:35:54 >> [HookCon_Service] : Game#175136 Win Number: [28]
09.07.18 03:35:54 >> [HookCon_Service] : Game#175136 End
09.07.18 03:39:21 >> [HookCon_Service] : Game#175137 Start
09.07.18 03:39:53 >> [HookCon_Service] : Game#175137 Win Number: [12]
09.07.18 03:39:53 >> [HookCon_Service] : Game#175137 End
09.07.18 03:43:19 >> [HookCon_Service] : Game#175138 Start
09.07.18 03:43:52 >> [HookCon_Service] : Game#175138 Win Number: [16]
09.07.18 03:43:52 >> [HookCon_Service] : Game#175138 End
09.07.18 03:47:19 >> [HookCon_Service] : Game#175139 Start
09.07.18 03:47:55 >> [HookCon_Service] : Game#175139 Win Number: [36]
09.07.18 03:47:55 >> [HookCon_Service] : Game#175139 End
09.07.18 03:51:22 >> [HookCon_Service] : Game#175140 Start
09.07.18 03:51:58 >> [HookCon_Service] : Game#175140 Win Number: [10]
09.07.18 03:51:58 >> [HookCon_Service] : Game#175140 End
09.07.18 03:55:23 >> [HookCon_Service] : Game#175141 Start
09.07.18 03:55:57 >> [HookCon_Service] : Game#175141 Win Number: [20]
09.07.18 03:55:57 >> [HookCon_Service] : Game#175141 End
09.07.18 03:59:23 >> [HookCon_Service] : Game#175142 Start
09.07.18 03:59:57 >> [HookCon_Service] : Game#175142 Win Number: [18]
09.07.18 03:59:58 >> [HookCon_Service] : Game#175142 End
09.07.18 04:03:22 >> [HookCon_Service] : Game#175143 Start
09.07.18 04:03:59 >> [HookCon_Service] : Game#175143 Win Number: [10]
09.07.18 04:03:59 >> [HookCon_Service] : Game#175143 End
09.07.18 04:07:26 >> [HookCon_Service] : Game#175144 Start
09.07.18 04:07:57 >> [HookCon_Service] : Game#175144 Win Number: [10]
09.07.18 04:07:57 >> [HookCon_Service] : Game#175144 End
09.07.18 04:11:24 >> [HookCon_Service] : Game#175145 Start
09.07.18 04:11:55 >> [HookCon_Service] : Game#175145 Win Number: [29]
09.07.18 04:11:56 >> [HookCon_Service] : Game#175145 End
09.07.18 04:15:20 >> [HookCon_Service] : Game#175146 Start
09.07.18 04:15:55 >> [HookCon_Service] : Game#175146 Win Number: [5]
09.07.18 04:15:55 >> [HookCon_Service] : Game#175146 End
09.07.18 04:19:22 >> [HookCon_Service] : Game#175147 Start
09.07.18 04:19:56 >> [HookCon_Service] : Game#175147 Win Number: [27]
09.07.18 04:19:56 >> [HookCon_Service] : Game#175147 End
09.07.18 04:23:22 >> [HookCon_Service] : Game#175148 Start
09.07.18 04:24:01 >> [HookCon_Service] : Game#175148 Win Number: [12]
09.07.18 04:24:01 >> [HookCon_Service] : Game#175148 End
09.07.18 04:27:28 >> [HookCon_Service] : Game#175149 Start
09.07.18 04:27:59 >> [HookCon_Service] : Game#175149 Win Number: [12]
09.07.18 04:28:00 >> [HookCon_Service] : Game#175149 End
09.07.18 04:31:26 >> [HookCon_Service] : Game#175150 Start
09.07.18 04:31:57 >> [HookCon_Service] : Game#175150 Win Number: [34]
09.07.18 04:31:58 >> [HookCon_Service] : Game#175150 End
09.07.18 04:35:26 >> [HookCon_Service] : Game#175151 Start
09.07.18 04:36:00 >> [HookCon_Service] : Game#175151 Win Number: [26]
09.07.18 04:36:00 >> [HookCon_Service] : Game#175151 End
09.07.18 04:39:26 >> [HookCon_Service] : Game#175152 Start
09.07.18 04:40:01 >> [HookCon_Service] : Game#175152/STOP_EVENT 175152 Win Number: [23]
09.07.18 04:43:28 >> [HookCon_Service] : Game#175153 Start
09.07.18 04:44:04 >> [HookCon_Service] : Game#175153 Win Number: [33]
09.07.18 04:44:04 >> [HookCon_Service] : Game#175153 End
09.07.18 04:47:31 >> [HookCon_Service] : Game#175154 Start
09.07.18 04:48:06 >> [HookCon_Service] : Game#175154 Win Number: [19]
09.07.18 04:48:06 >> [HookCon_Service] : Game#175154 End
09.07.18 04:51:30 >> [HookCon_Service] : Game#175155 Start
09.07.18 04:52:08 >> [HookCon_Service] : Game#175155 Win Number: [12]
09.07.18 04:52:08 >> [HookCon_Service] : Game#175155 End
09.07.18 04:55:35 >> [HookCon_Service] : Game#175156 Start
09.07.18 04:56:07 >> [HookCon_Service] : Game#175156 Win Number: [27]
09.07.18 04:56:07 >> [HookCon_Service] : Game#175156 End
09.07.18 04:59:34 >> [HookCon_Service] : Game#175157 Start
09.07.18 05:00:08 >> [HookCon_Service] : Game#175157 Win Number: [13]
09.07.18 05:00:08 >> [HookCon_Service] : Game#175157 End
09.07.18 05:03:34 >> [HookCon_Service] : Game#175158 Start
09.07.18 05:04:08 >> [HookCon_Service] : Game#175158 Win Number: [10]
09.07.18 05:04:08 >> [HookCon_Service] : Game#175158 End
09.07.18 05:07:33 >> [HookCon_Service] : Game#175159 Start
09.07.18 05:08:13 >> [HookCon_Service] : Game#175159 Win Number: [5]
09.07.18 05:08:14 >> [HookCon_Service] : Game#175159 End
09.07.18 05:11:40 >> [HookCon_Service] : Game#175160 Start
09.07.18 05:12:15 >> [HookCon_Service] : Game#175160 Win Number: [34]
09.07.18 05:12:16 >> [HookCon_Service] : Game#175160 End
09.07.18 05:15:42 >> [HookCon_Service] : Game#175161 Start
09.07.18 05:16:19 >> [HookCon_Service] : Game#175161 Win Number: [22]
09.07.18 05:16:19 >> [HookCon_Service] : Game#175161 End
09.07.18 05:19:42 >> [HookCon_Service] : Game#175162 Start
09.07.18 05:20:21 >> [HookCon_Service] : Game#175162 Win Number: [19]
09.07.18 05:20:21 >> [HookCon_Service] : Game#175162 End
09.07.18 05:23:47 >> [HookCon_Service] : Game#175163 Start
09.07.18 05:24:21 >> [HookCon_Service] : Game#175163 Win Number: [12]
09.07.18 05:24:21 >> [HookCon_Service] : Game#175163 End
09.07.18 05:27:48 >> [HookCon_Service] : Game#175164 Start
09.07.18 05:28:23 >> [HookCon_Service] : Game#175164 Win Number: [34]
09.07.18 05:28:23 >> [HookCon_Service] : Game#175164 End
09.07.18 05:31:50 >> [HookCon_Service] : Game#175165 Start
09.07.18 05:32:21 >> [HookCon_Service] : Game#175165 Win Number: [10]
09.07.18 05:32:21 >> [HookCon_Service] : Game#175165 End
09.07.18 05:35:48 >> [HookCon_Service] : Game#175166 Start
09.07.18 05:36:22 >> [HookCon_Service] : Game#175166 Win Number: [1]
09.07.18 05:36:23 >> [HookCon_Service] : Game#175166 End
09.07.18 05:39:48 >> [HookCon_Service] : Game#175167 Start
09.07.18 05:40:25 >> [HookCon_Service] : Game#175167 Win Number: [18]
09.07.18 05:40:26 >> [HookCon_Service] : Game#175167 End
09.07.18 05:43:51 >> [HookCon_Service] : Game#175168 Start
09.07.18 05:44:30 >> [HookCon_Service] : Game#175168 Win Number: [9]
09.07.18 05:44:31 >> [HookCon_Service] : Game#175168 End
09.07.18 05:47:55 >> [HookCon_Service] : Game#175169 Start
09.07.18 05:48:31 >> [HookCon_Service] : Game#175169 Win Number: [35]
09.07.18 05:48:31 >> [HookCon_Service] : Game#175169 End
09.07.18 05:48:55 >> [HookCon_Service] : Game#175170 Start
09.07.18 05:49:32 >> [HookCon_Service] : Game#175170 Win Number: [14]
09.07.18 05:49:32 >> [HookCon_Service] : Game#175170 End
09.07.18 05:49:57 >> [HookCon_Service] : Game#175171 Start
09.07.18 05:50:34 >> [HookCon_Service] : Game#175171 Win Number: [2]
09.07.18 05:50:41 >> [HookCon_Service] : Game#175171 End
09.07.18 05:51:05 >> [HookCon_Service] : Game#175172 Start
09.07.18 05:51:41 >> [HookCon_Service] : Game#175172 Win Number: [14]
09.07.18 05:51:49 >> [HookCon_Service] : Game#175172 End
09.07.18 05:52:14 >> [HookCon_Service] : Game#175173 Start
09.07.18 05:52:53 >> [HookCon_Service] : Game#175173 Win Number: [25]
09.07.18 05:53:01 >> [HookCon_Service] : Game#175173 End
09.07.18 05:53:27 >> [HookCon_Service] : Game#175174 Start
09.07.18 05:54:01 >> [HookCon_Service] : Game#175174 Win Number: [26]
09.07.18 05:54:09 >> [HookCon_Service] : Game#175174 End
09.07.18 05:54:35 >> [HookCon_Service] : Game#175175 Start
09.07.18 05:55:11 >> [HookCon_Service] : Game#175175 Win Number: [9]
09.07.18 05:55:11 >> [HookCon_Service] : Game#175175 End
09.07.18 05:58:37 >> [HookCon_Service] : Game#175176 Start
09.07.18 05:59:12 >> [HookCon_Service] : Game#175176 Win Number: [18]
09.07.18 05:59:12 >> [HookCon_Service] : Game#175176 End
09.07.18 06:02:39 >> [HookCon_Service] : Game#175177 Start
09.07.18 06:03:13 >> [HookCon_Service] : Game#175177 Win Number: [11]
09.07.18 06:03:13 >> [HookCon_Service] : Game#175177 End
09.07.18 06:06:38 >> [HookCon_Service] : Game#175178 Start
09.07.18 06:07:15 >> [HookCon_Service] : Game#175178 Win Number: [14]
09.07.18 06:07:15 >> [HookCon_Service] : Game#175178 End
09.07.18 06:10:42 >> [HookCon_Service] : Game#175179 Start
09.07.18 06:11:16 >> [HookCon_Service] : Game#175179 Win Number: [36]
09.07.18 06:11:17 >> [HookCon_Service] : Game#175179 End
09.07.18 06:14:43 >> [HookCon_Service] : Game#175180 Start
09.07.18 06:15:17 >> [HookCon_Service] : Game#175180 Win Number: [34]
09.07.18 06:15:17 >> [HookCon_Service] : Game#175180 End
09.07.18 06:18:44 >> [HookCon_Service] : Game#175181 Start
09.07.18 06:19:15 >> [HookCon_Service] : Game#175181 Win Number: [5]
09.07.18 06:19:15 >> [HookCon_Service] : Game#175181 End
09.07.18 06:22:43 >> [HookCon_Service] : Game#175182 Start
09.07.18 06:23:17 >> [HookCon_Service] : Game#175182 Win Number: [13]
09.07.18 06:23:17 >> [HookCon_Service] : Game#175182 End
09.07.18 06:26:44 >> [HookCon_Service] : Game#175183 Start
09.07.18 06:27:18 >> [HookCon_Service] : Game#175183 Win Number: [14]
09.07.18 06:27:18 >> [HookCon_Service] : Game#175183 End
09.07.18 06:30:44 >> [HookCon_Service] : Game#175184 Start
09.07.18 06:31:18 >> [HookCon_Service] : Game#175184 Win Number: [25]
09.07.18 06:31:18 >> [HookCon_Service] : Game#175184 End
09.07.18 06:34:43 >> [HookCon_Service] : Game#175185 Start
09.07.18 06:35:19 >> [HookCon_Service] : Game#175185 Win Number: [7]
09.07.18 06:35:19 >> [HookCon_Service] : Game#175185 End
09.07.18 06:38:46 >> [HookCon_Service] : Game#175186 Start
09.07.18 06:39:19 >> [HookCon_Service] : Game#175186 Win Number: [11]
09.07.18 06:39:19 >> [HookCon_Service] : Game#175186 End
09.07.18 06:42:46 >> [HookCon_Service] : Game#175187 Start
09.07.18 06:43:18 >> [HookCon_Service] : Game#175187 Win Number: [6]
09.07.18 06:43:19 >> [HookCon_Service] : Game#175187 End
09.07.18 06:44:49 >> [HookCon_Service] : Game#175188 Start
09.07.18 06:45:25 >> [HookCon_Service] : Game#175188 Win Number: [17]
09.07.18 06:45:25 >> [HookCon_Service] : Game#175188 End
09.07.18 06:45:51 >> [HookCon_Service] : Game#175189 Start
09.07.18 06:46:23 >> [HookCon_Service] : Game#175189 Win Number: [2]
09.07.18 06:46:31 >> [HookCon_Service] : Game#175189 End
09.07.18 06:46:56 >> [HookCon_Service] : Game#175190 Start
09.07.18 06:47:28 >> [HookCon_Service] : Game#175190 Win Number: [5]
09.07.18 06:47:28 >> [HookCon_Service] : Game#175190 End
09.07.18 06:47:54 >> [HookCon_Service] : Game#175191 Start
09.07.18 06:48:26 >> [HookCon_Service] : Game#175191 Win Number: [12]
09.07.18 06:48:34 >> [HookCon_Service] : Game#175191 End
09.07.18 06:49:00 >> [HookCon_Service] : Game#175192 Start
09.07.18 06:49:33 >> [HookCon_Service] : Game#175192 Win Number: [21]
09.07.18 06:49:41 >> [HookCon_Service] : Game#175192 End
09.07.18 06:50:06 >> [HookCon_Service] : Game#175193 Start
09.07.18 06:50:45 >> [HookCon_Service] : Game#175193 Win Number: [3]
09.07.18 06:50:52 >> [HookCon_Service] : Game#175193 End
09.07.18 06:51:17 >> [HookCon_Service] : Game#175194 Start
09.07.18 06:51:54 >> [HookCon_Service] : Game#175194 Win Number: [13]
09.07.18 06:52:01 >> [HookCon_Service] : Game#175194 End
09.07.18 06:52:27 >> [HookCon_Service] : Game#175195 Start
09.07.18 06:53:13 >> [HookCon_Service] : Game#175195 Win Number: [26]
09.07.18 06:53:21 >> [HookCon_Service] : Game#175195 End
09.07.18 06:53:44 >> [HookCon_Service] : Game#175196 Start
09.07.18 06:54:21 >> [HookCon_Service] : Game#175196 Win Number: [27]
09.07.18 06:54:29 >> [HookCon_Service] : Game#175196 End
09.07.18 06:54:54 >> [HookCon_Service] : Game#175197 Start
09.07.18 06:55:31 >> [HookCon_Service] : Game#175197 Win Number: [28]
09.07.18 06:55:39 >> [HookCon_Service] : Game#175197 End
09.07.18 06:56:05 >> [HookCon_Service] : Game#175198 Start
09.07.18 06:56:37 >> [HookCon_Service] : Game#175198 Win Number: [7]
09.07.18 06:56:45 >> [HookCon_Service] : Game#175198 End
09.07.18 06:57:10 >> [HookCon_Service] : Game#175199 Start
09.07.18 06:57:41 >> [HookCon_Service] : Game#175199 Win Number: [28]
09.07.18 06:57:49 >> [HookCon_Service] : Game#175199 End
09.07.18 06:58:12 >> [HookCon_Service] : Game#175200 Start
09.07.18 06:58:48 >> [HookCon_Service] : Game#175200 Win Number: [35]
09.07.18 06:58:48 >> [HookCon_Service] : Game#175200 End
09.07.18 07:02:15 >> [HookCon_Service] : Game#175201 Start
09.07.18 07:02:50 >> [HookCon_Service] : Game#175201 Win Number: [7]
09.07.18 07:02:50 >> [HookCon_Service] : Game#175201 End
09.07.18 07:06:17 >> [HookCon_Service] : Game#175202 Start
09.07.18 07:06:52 >> [HookCon_Service] : Game#175202 Win Number: [3]
09.07.18 07:06:52 >> [HookCon_Service] : Game#175202 End
09.07.18 07:10:19 >> [HookCon_Service] : Game#175203 Start
09.07.18 07:10:54 >> [HookCon_Service] : Game#175203 Win Number: [7]
09.07.18 07:10:55 >> [HookCon_Service] : Game#175203 End
09.07.18 07:14:21 >> [HookCon_Service] : Game#175204 Start
09.07.18 07:14:55 >> [HookCon_Service] : Game#175204 Win Number: [24]
09.07.18 07:14:55 >> [HookCon_Service] : Game#175204 End
09.07.18 07:18:20 >> [HookCon_Service] : Game#175205 Start
09.07.18 07:18:56 >> [HookCon_Service] : Game#175205 Win Number: [23]
09.07.18 07:18:57 >> [HookCon_Service] : Game#175205 End
09.07.18 07:22:23 >> [HookCon_Service] : Game#175206 Start
09.07.18 07:22:57 >> [HookCon_Service] : Game#175206 Win Number: [10]
09.07.18 07:26:25 >> [HookCon_Service] : Game#175207 Start
09.07.18 07:26:59 >> [HookCon_Service] : Game#175207 Win Number: [25]
09.07.18 07:26:59 >> [HookCon_Service] : Game#175207 End
09.07.18 07:30:27 >> [HookCon_Service] : Game#175208 Start
09.07.18 07:31:02 >> [HookCon_Service] : Game#175208 Win Number: [0]
09.07.18 07:31:03 >> [HookCon_Service] : Game#175208 End
09.07.18 07:34:28 >> [HookCon_Service] : Game#175209 Start
09.07.18 07:35:02 >> [HookCon_Service] : Game#175209 Win Number: [36]
09.07.18 07:35:02 >> [HookCon_Service] : Game#175209 End
09.07.18 07:38:29 >> [HookCon_Service] : Game#175210 Start
09.07.18 07:39:03 >> [HookCon_Service] : Game#175210 Win Number: [20]
09.07.18 07:39:04 >> [HookCon_Service] : Game#175210 End
09.07.18 07:42:29 >> [HookCon_Service] : Game#175211 Start
09.07.18 07:43:01 >> [HookCon_Service] : Game#175211 Win Number: [31]
09.07.18 07:43:01 >> [HookCon_Service] : Game#175211 End
09.07.18 07:46:29 >> [HookCon_Service] : Game#175212 Start
09.07.18 07:46:59 >> [HookCon_Service] : Game#175212 Win Number: [2]
09.07.18 07:46:59 >> [HookCon_Service] : Game#175212 End
09.07.18 07:50:24 >> [HookCon_Service] : Game#175213 Start
09.07.18 07:51:00 >> [HookCon_Service] : Game#175213 Win Number: [18]
09.07.18 07:51:01 >> [HookCon_Service] : Game#175213 End
09.07.18 07:54:28 >> [HookCon_Service] : Game#175214 Start
09.07.18 07:54:59 >> [HookCon_Service] : Game#175214 Win Number: [25]
09.07.18 07:54:59 >> [HookCon_Service] : Game#175214 End
09.07.18 07:58:24 >> [HookCon_Service] : Game#175215 Start
09.07.18 07:59:00 >> [HookCon_Service] : Game#175215 Win Number: [5]
09.07.18 07:59:00 >> [HookCon_Service] : Game#175215 End
09.07.18 08:02:24 >> [HookCon_Service] : Game#175216 Start
09.07.18 08:03:06 >> [HookCon_Service] : Game#175216 Win Number: [9]
09.07.18 08:03:06 >> [HookCon_Service] : Game#175216 End
09.07.18 08:06:34 >> [HookCon_Service] : Game#175217 Start
09.07.18 08:07:06 >> [HookCon_Service] : Game#175217 Win Number: [21]
09.07.18 08:07:06 >> [HookCon_Service] : Game#175217 End
09.07.18 08:10:32 >> [HookCon_Service] : Game#175218 Start
09.07.18 08:11:06 >> [HookCon_Service] : Game#175218 Win Number: [0]
09.07.18 08:11:06 >> [HookCon_Service] : Game#175218 End
09.07.18 08:14:33 >> [HookCon_Service] : Game#175219 Start
09.07.18 08:15:07 >> [HookCon_Service] : Game#175219 Win Number: [17]
09.07.18 08:15:07 >> [HookCon_Service] : Game#175219 End
09.07.18 08:18:33 >> [HookCon_Service] : Game#175220 Start
09.07.18 08:19:08 >> [HookCon_Service] : Game#175220 Win Number: [26]
09.07.18 08:19:08 >> [HookCon_Service] : Game#175220 End
09.07.18 08:22:33 >> [HookCon_Service] : Game#175221 Start
09.07.18 08:23:07 >> [HookCon_Service] : Game#175221 Win Number: [13]
09.07.18 08:23:08 >> [HookCon_Service] : Game#175221 End
09.07.18 08:26:35 >> [HookCon_Service] : Game#175222 Start
09.07.18 08:27:05 >> [HookCon_Service] : Game#175222 Win Number: [2]
09.07.18 08:27:05 >> [HookCon_Service] : Game#175222 End
09.07.18 08:30:33 >> [HookCon_Service] : Game#175223 Start
09.07.18 08:31:07 >> [HookCon_Service] : Game#175223 Win Number: [12]
09.07.18 08:31:07 >> [HookCon_Service] : Game#175223 End
09.07.18 08:34:32 >> [HookCon_Service] : Game#175224 Start
09.07.18 08:35:09 >> [HookCon_Service] : Game#175224 Win Number: [5]
09.07.18 08:35:09 >> [HookCon_Service] : Game#175224 End
09.07.18 08:38:35 >> [HookCon_Service] : Game#175225 Start
09.07.18 08:39:10 >> [HookCon_Service] : Game#175225 Win Number: [8]
09.07.18 08:39:10 >> [HookCon_Service] : Game#175225 End
09.07.18 08:42:37 >> [HookCon_Service] : Game#175226 Start
09.07.18 08:43:11 >> [HookCon_Service] : Game#175226 Win Number: [23]
09.07.18 08:43:11 >> [HookCon_Service] : Game#175226 End
09.07.18 08:46:38 >> [HookCon_Service] : Game#175227 Start
09.07.18 08:47:09 >> [HookCon_Service] : Game#175227 Win Number: [36]
09.07.18 08:47:09 >> [HookCon_Service] : Game#175227 End
09.07.18 08:50:33 >> [HookCon_Service] : Game#175228 Start
09.07.18 08:51:14 >> [HookCon_Service] : Game#175228 Win Number: [20]
09.07.18 08:51:14 >> [HookCon_Service] : Game#175228 End
09.07.18 08:54:40 >> [HookCon_Service] : Game#175229 Start
09.07.18 08:55:12 >> [HookCon_Service] : Game#175229 Win Number: [0]
09.07.18 08:55:12 >> [HookCon_Service] : Game#175229 End
09.07.18 08:58:39 >> [HookCon_Service] : Game#175230 Start
09.07.18 08:59:14 >> [HookCon_Service] : Game#175230 Win Number: [24]
09.07.18 08:59:14 >> [HookCon_Service] : Game#175230 End
09.07.18 09:02:37 >> [HookCon_Service] : Game#175231 Start
09.07.18 09:03:18 >> [HookCon_Service] : Game#175231 Win Number: [31]
09.07.18 09:03:18 >> [HookCon_Service] : Game#175231 End
09.07.18 09:06:42 >> [HookCon_Service] : Game#175232 Start
09.07.18 09:07:25 >> [HookCon_Service] : Game#175232 Win Number: [15]
09.07.18 09:07:25 >> [HookCon_Service] : Game#175232 End
09.07.18 09:10:49 >> [HookCon_Service] : Game#175233 Start
09.07.18 09:11:27 >> [HookCon_Service] : Game#175233 Win Number: [23]
09.07.18 09:11:27 >> [HookCon_Service] : Game#175233 End
09.07.18 09:14:53 >> [HookCon_Service] : Game#175234 Start
09.07.18 09:15:29 >> [HookCon_Service] : Game#175234 Win Number: [18]
09.07.18 09:15:30 >> [HookCon_Service] : Game#175234 End
09.07.18 09:18:56 >> [HookCon_Service] : Game#175235 Start
09.07.18 09:19:30 >> [HookCon_Service] : Game#175235 Win Number: [2]
09.07.18 09:19:30 >> [HookCon_Service] : Game#175235 End
09.07.18 09:22:56 >> [HookCon_Service] : Game#175236 Start
09.07.18 09:23:32 >> [HookCon_Service] : Game#175236 Win Number: [19]
09.07.18 09:23:33 >> [HookCon_Service] : Game#175236 End
09.07.18 09:26:58 >> [HookCon_Service] : Game#175237 Start
09.07.18 09:27:30 >> [HookCon_Service] : Game#175237 Win Number: [22]
09.07.18 09:27:30 >> [HookCon_Service] : Game#175237 End
09.07.18 09:30:56 >> [HookCon_Service] : Game#175238 Start
09.07.18 09:31:31 >> [HookCon_Service] : Game#175238 Win Number: [18]
09.07.18 09:31:31 >> [HookCon_Service] : Game#175238 End
09.07.18 09:34:58 >> [HookCon_Service] : Game#175239 Start
09.07.18 09:35:28 >> [HookCon_Service] : Game#175239 Win Number: [17]
09.07.18 09:35:29 >> [HookCon_Service] : Game#175239 End
09.07.18 09:38:53 >> [HookCon_Service] : Game#175240 Start
09.07.18 09:39:29 >> [HookCon_Service] : Game#175240 Win Number: [17]
09.07.18 09:39:29 >> [HookCon_Service] : Game#175240 End
09.07.18 09:42:56 >> [HookCon_Service] : Game#175241 Start
09.07.18 09:43:30 >> [HookCon_Service] : Game#175241 Win Number: [32]
09.07.18 09:43:30 >> [HookCon_Service] : Game#175241 End
09.07.18 09:46:56 >> [HookCon_Service] : Game#175242 Start
09.07.18 09:47:33 >> [HookCon_Service] : Game#175242 Win Number: [33]
09.07.18 09:47:33 >> [HookCon_Service] : Game#175242 End
09.07.18 09:51:00 >> [HookCon_Service] : Game#175243 Start
09.07.18 09:51:34 >> [HookCon_Service] : Game#175243 Win Number: [7]
09.07.18 09:51:34 >> [HookCon_Service] : Game#175243 End
09.07.18 09:55:00 >> [HookCon_Service] : Game#175244 Start
09.07.18 09:55:33 >> [HookCon_Service] : Game#175244 Win Number: [35]
09.07.18 09:55:34 >> [HookCon_Service] : Game#175244 End
09.07.18 09:59:00 >> [HookCon_Service] : Game#175245 Start
09.07.18 09:59:33 >> [HookCon_Service] : Game#175245 Win Number: [17]
09.07.18 09:59:33 >> [HookCon_Service] : Game#175245 End
09.07.18 10:03:00 >> [HookCon_Service] : Game#175246 Start
09.07.18 10:03:31 >> [HookCon_Service] : Game#175246 Win Number: [10]
09.07.18 10:03:32 >> [HookCon_Service] : Game#175246 End
09.07.18 10:06:56 >> [HookCon_Service] : Game#175247 Start
09.07.18 10:07:38 >> [HookCon_Service] : Game#175247 Win Number: [28]
09.07.18 10:07:39 >> [HookCon_Service] : Game#175247 End
09.07.18 10:11:04 >> [HookCon_Service] : Game#175248 Start
09.07.18 10:11:40 >> [HookCon_Service] : Game#175248 Win Number: [31]
09.07.18 10:11:41 >> [HookCon_Service] : Game#175248 End
09.07.18 10:15:07 >> [HookCon_Service] : Game#175249 Start
09.07.18 10:15:42 >> [HookCon_Service] : Game#175249 Win Number: [5]
09.07.18 10:15:42 >> [HookCon_Service] : Game#175249 End
09.07.18 10:19:09 >> [HookCon_Service] : Game#175250 Start
09.07.18 10:19:43 >> [HookCon_Service] : Game#175250 Win Number: [29]
09.07.18 10:19:43 >> [HookCon_Service] : Game#175250 End
09.07.18 10:23:09 >> [HookCon_Service] : Game#175251 Start
09.07.18 10:23:45 >> [HookCon_Service] : Game#175251 Win Number: [12]
09.07.18 10:23:45 >> [HookCon_Service] : Game#175251 End
09.07.18 10:27:10 >> [HookCon_Service] : Game#175252 Start
09.07.18 10:27:46 >> [HookCon_Service] : Game#175252 Win Number: [13]
09.07.18 10:27:46 >> [HookCon_Service] : Game#175252 End
09.07.18 10:31:13 >> [HookCon_Service] : Game#175253 Start
09.07.18 10:31:46 >> [HookCon_Service] : Game#175253 Win Number: [21]
09.07.18 10:31:47 >> [HookCon_Service] : Game#175253 End
09.07.18 10:35:13 >> [HookCon_Service] : Game#175254 Start
09.07.18 10:35:47 >> [HookCon_Service] : Game#175254 Win Number: [18]
09.07.18 10:35:47 >> [HookCon_Service] : Game#175254 End
09.07.18 10:39:13 >> [HookCon_Service] : Game#175255 Start
09.07.18 10:39:44 >> [HookCon_Service] : Game#175255 Win Number: [0]
09.07.18 10:39:44 >> [HookCon_Service] : Game#175255 End
09.07.18 10:43:12 >> [HookCon_Service] : Game#175256 Start
09.07.18 10:43:44 >> [HookCon_Service] : Game#175256 Win Number: [36]
09.07.18 10:43:44 >> [HookCon_Service] : Game#175256 End
09.07.18 10:47:11 >> [HookCon_Service] : Game#175257 Start
09.07.18 10:47:45 >> [HookCon_Service] : Game#175257 Win Number: [14]
09.07.18 10:47:45 >> [HookCon_Service] : Game#175257 End
09.07.18 10:51:12 >> [HookCon_Service] : Game#175258 Start
09.07.18 10:51:46 >> [HookCon_Service] : Game#175258 Win Number: [7]
09.07.18 10:51:46 >> [HookCon_Service] : Game#175258 End
09.07.18 10:55:11 >> [HookCon_Service] : Game#175259 Start
09.07.18 10:55:47 >> [HookCon_Service] : Game#175259 Win Number: [6]
09.07.18 10:55:48 >> [HookCon_Service] : Game#175259 End
09.07.18 10:59:14 >> [HookCon_Service] : Game#175260 Start
09.07.18 10:59:49 >> [HookCon_Service] : Game#175260 Win Number: [17]
09.07.18 10:59:49 >> [HookCon_Service] : Game#175260 End
09.07.18 11:03:14 >> [HookCon_Service] : Game#175261 Start
09.07.18 11:03:52 >> [HookCon_Service] : Game#175261 Win Number: [18]
09.07.18 11:03:52 >> [HookCon_Service] : Game#175261 End
09.07.18 11:07:18 >> [HookCon_Service] : Game#175262 Start
09.07.18 11:07:56 >> [HookCon_Service] : Game#175262 Win Number: [33]
09.07.18 11:07:56 >> [HookCon_Service] : Game#175262 End
09.07.18 11:11:22 >> [HookCon_Service] : Game#175263 Start
09.07.18 11:11:55 >> [HookCon_Service] : Game#175263 Win Number: [14]
09.07.18 11:11:55 >> [HookCon_Service] : Game#175263 End
09.07.18 11:15:19 >> [HookCon_Service] : Game#175264 Start
09.07.18 11:15:55 >> [HookCon_Service] : Game#175264 Win Number: [33]
09.07.18 11:15:56 >> [HookCon_Service] : Game#175264 End
09.07.18 11:19:22 >> [HookCon_Service] : Game#175265 Start
09.07.18 11:19:57 >> [HookCon_Service] : Game#175265 Win Number: [13]
09.07.18 11:19:58 >> [HookCon_Service] : Game#175265 End
09.07.18 11:23:23 >> [HookCon_Service] : Game#175266 Start
09.07.18 11:24:01 >> [HookCon_Service] : Game#175266 Win Number: [30]
09.07.18 11:24:01 >> [HookCon_Service] : Game#175266 End
09.07.18 11:27:27 >> [HookCon_Service] : Game#175267 Start
09.07.18 11:28:01 >> [HookCon_Service] : Game#175267 Win Number: [34]
09.07.18 11:28:01 >> [HookCon_Service] : Game#175267 End
09.07.18 11:31:27 >> [HookCon_Service] : Game#175268 Start
09.07.18 11:32:07 >> [HookCon_Service] : Game#175268 Win Number: [12]
09.07.18 11:32:07 >> [HookCon_Service] : Game#175268 End
09.07.18 11:35:34 >> [HookCon_Service] : Game#175269 Start
09.07.18 11:36:07 >> [HookCon_Service] : Game#175269 Win Number: [34]
09.07.18 11:36:07 >> [HookCon_Service] : Game#175269 End
09.07.18 11:39:31 >> [HookCon_Service] : Game#175270 Start
09.07.18 11:40:07 >> [HookCon_Service] : Game#175270 Win Number: [35]
09.07.18 11:40:07 >> [HookCon_Service] : Game#175270 End
09.07.18 11:43:34 >> [HookCon_Service] : Game#175271 Start
09.07.18 11:44:06 >> [HookCon_Service] : Game#175271 Win Number: [6]
09.07.18 11:44:06 >> [HookCon_Service] : Game#175271 End
09.07.18 11:46:21 >> [HookCon_Service] : Game#175272 Start
09.07.18 11:46:55 >> [HookCon_Service] : Game#175272 Win Number: [30]
09.07.18 11:47:02 >> [HookCon_Service] : Game#175272 End
09.07.18 11:47:28 >> [HookCon_Service] : Game#175273 Start
09.07.18 11:48:01 >> [HookCon_Service] : Game#175273 Win Number: [6]
09.07.18 11:48:08 >> [HookCon_Service] : Game#175273 End
09.07.18 11:51:32 >> [HookCon_Service] : Game#175274 Start
09.07.18 11:52:07 >> [HookCon_Service] : Game#175274 Win Number: [11]
09.07.18 11:52:07 >> [HookCon_Service] : Game#175274 End
09.07.18 11:55:34 >> [HookCon_Service] : Game#175275 Start
09.07.18 11:56:07 >> [HookCon_Service] : Game#175275 Win Number: [34]
09.07.18 11:56:07 >> [HookCon_Service] : Game#175275 End
09.07.18 11:57:36 >> [HookCon_Service] : Game#175276 Start
09.07.18 11:58:06 >> [HookCon_Service] : Game#175276 Win Number: [24]
09.07.18 11:58:07 >> [HookCon_Service] : Game#175276 End
09.07.18 11:58:29 >> [HookCon_Service] : Game#175277 Start
09.07.18 11:59:06 >> [HookCon_Service] : Game#175277 Win Number: [29]
09.07.18 11:59:14 >> [HookCon_Service] : Game#175277 End
09.07.18 11:59:37 >> [HookCon_Service] : Game#175278 Start
