27.05.13 09:37:44 >> Сервер запущен. Ожидание входящих подключений.
27.05.13 09:38:19 >> Подключен клиент: 127.0.0.1
27.05.13 09:39:00 >> Guest отключен. Причина: Удаленный хост принудительно разорвал существующее подключение
27.05.13 09:44:34 >> Сервер запущен. Ожидание входящих подключений.
27.05.13 09:44:39 >> Подключен клиент: 127.0.0.1
27.05.13 09:45:06 >> Сервер запущен. Ожидание входящих подключений.
27.05.13 09:45:11 >> Подключен клиент: 127.0.0.1
27.05.13 09:46:52 >> Сервер запущен. Ожидание входящих подключений.
27.05.13 09:46:55 >> Подключен клиент: 127.0.0.1
27.05.13 09:53:05 >> Сервер запущен. Ожидание входящих подключений.
27.05.13 09:53:08 >> Подключен клиент: 127.0.0.1
27.05.13 09:53:16 >> Guest отключен. Причина: Удаленный хост принудительно разорвал существующее подключение
27.05.13 09:53:40 >> Подключен клиент: 127.0.0.1
27.05.13 09:54:08 >> Guest отключен. Причина: Удаленный хост принудительно разорвал существующее подключение
27.05.13 09:54:17 >> Подключен клиент: 127.0.0.1
27.05.13 09:54:25 >> Guest отключен. Причина: Удаленный хост принудительно разорвал существующее подключение
27.05.13 09:55:18 >> Подключен клиент: 127.0.0.1
27.05.13 09:55:24 >> Guest отключен. Причина: Удаленный хост принудительно разорвал существующее подключение
27.05.13 09:58:50 >> Подключен клиент: 127.0.0.1
27.05.13 09:59:10 >> Сервер запущен. Ожидание входящих подключений.
27.05.13 09:59:13 >> Подключен клиент: 127.0.0.1
27.05.13 10:29:13 >> Сервер запущен. Ожидание входящих подключений.
27.05.13 10:29:16 >> Подключен клиент: 127.0.0.1
27.05.13 10:29:43 >> Сервер запущен. Ожидание входящих подключений.
27.05.13 10:29:57 >> Подключен клиент: 127.0.0.1
27.05.13 10:30:09 >> Guest отключен. Причина: Удаленный хост принудительно разорвал существующее подключение
27.05.13 10:30:19 >> Сервер запущен. Ожидание входящих подключений.
27.05.13 10:30:24 >> Подключен клиент: 127.0.0.1
27.05.13 10:30:49 >> Guest отключен. Причина: Удаленный хост принудительно разорвал существующее подключение
27.05.13 10:31:56 >> Сервер запущен. Ожидание входящих подключений.
27.05.13 10:31:59 >> Подключен клиент: 127.0.0.1
27.05.13 10:33:09 >> Guest отключен. Причина: Удаленный хост принудительно разорвал существующее подключение
27.05.13 10:34:52 >> Сервер запущен. Ожидание входящих подключений.
27.05.13 10:34:57 >> Подключен клиент: 127.0.0.1
27.05.13 10:35:03 >> Guest отключен. Причина: Удаленный хост принудительно разорвал существующее подключение
27.05.13 10:37:20 >> Подключен клиент: 127.0.0.1
27.05.13 12:57:19 >> Сервер запущен. Ожидание входящих подключений.
27.05.13 12:58:37 >> Подключен клиент: 192.168.10.39
27.05.13 12:58:58 >> HookCon_Service сообщает : Game#1024839 Win Number: [14]
27.05.13 12:58:59 >> HookCon_Service сообщает : Game#1024839 End
27.05.13 12:59:16 >> Подключен клиент: 127.0.0.1
27.05.13 12:59:30 >> HookCon_Service сообщает : Game#1024840 Start
27.05.13 01:00:00 >> HookCon_Service сообщает : Game#1024840 Win Number: [24]
27.05.13 01:00:00 >> HookCon_Service сообщает : Game#1024840 End
27.05.13 01:00:31 >> HookCon_Service сообщает : Game#1024841 Start
27.05.13 01:01:02 >> HookCon_Service сообщает : Game#1024841 Win Number: [12]
27.05.13 01:01:02 >> HookCon_Service сообщает : Game#1024841 End
27.05.13 01:01:38 >> HookCon_Service сообщает : Game#1024842 Start
27.05.13 01:02:00 >> HookCon_Service сообщает : Game#1024842 Win Number: [29]
27.05.13 01:02:00 >> HookCon_Service сообщает : Game#1024842 End
27.05.13 01:02:30 >> HookCon_Service сообщает : Game#1024843 Start
27.05.13 01:02:58 >> HookCon_Service сообщает : Game#1024843 Win Number: [30]
27.05.13 01:02:59 >> HookCon_Service сообщает : Game#1024843 End
27.05.13 01:03:23 >> Web Server отключен. Причина: Удаленный хост принудительно разорвал существующее подключение
27.05.13 01:03:28 >> HookCon_Service сообщает : Game#1024844 Start
27.05.13 01:03:28 >> Подключен клиент: 127.0.0.1
27.05.13 01:03:57 >> HookCon_Service сообщает : Game#1024844 Win Number: [26]
27.05.13 01:03:57 >> HookCon_Service сообщает : Game#1024844 End
27.05.13 01:04:27 >> HookCon_Service сообщает : Game#1024845 Start
27.05.13 01:04:55 >> HookCon_Service сообщает : Game#1024845 Win Number: [7]
27.05.13 01:04:55 >> HookCon_Service сообщает : Game#1024845 End
27.05.13 01:05:25 >> HookCon_Service сообщает : Game#1024846 Start
27.05.13 01:05:52 >> HookCon_Service сообщает : Game#1024846 Win Number: [2]
27.05.13 01:05:52 >> HookCon_Service сообщает : Game#1024846 End
27.05.13 01:06:22 >> HookCon_Service сообщает : Game#1024847 Start
27.05.13 01:06:51 >> HookCon_Service сообщает : Game#1024847 Win Number: [23]
27.05.13 01:06:51 >> HookCon_Service сообщает : Game#1024847 End
27.05.13 01:07:20 >> HookCon_Service сообщает : Game#1024848 Start
27.05.13 01:08:22 >> HookCon_Service сообщает : Game#25 Win Number: [1024848]
27.05.13 01:08:34 >> HookCon_Service сообщает : Game#1024848 End
27.05.13 01:08:34 >> HookCon_Service сообщает : Game#1024849 Start
27.05.13 01:09:05 >> HookCon_Service сообщает : Game#36 Win Number: [1024849]
27.05.13 01:09:50 >> HookCon_Service сообщает : Game#1024849 End
27.05.13 01:09:50 >> HookCon_Service сообщает : Game#1024850 Start
27.05.13 01:09:51 >> HookCon_Service сообщает : Game#4 Win Number: [1024850]
27.05.13 01:09:59 >> HookCon_Service сообщает : Game#1024850 End
27.05.13 01:10:19 >> HookCon_Service сообщает : Game#1024851 Start
27.05.13 01:10:47 >> HookCon_Service сообщает : Game#27 Win Number: [1024851]
27.05.13 01:10:47 >> HookCon_Service сообщает : Game#1024851 End
27.05.13 01:11:17 >> HookCon_Service сообщает : Game#1024852 Start
27.05.13 01:11:43 >> HookCon_Service отключен. Причина: Удаленный хост принудительно разорвал существующее подключение
27.05.13 01:12:29 >> Подключен клиент: 192.168.10.39
27.05.13 01:12:44 >> HookCon_Service сообщает : Game#20 Win Number: [1024853]
27.05.13 01:12:44 >> HookCon_Service сообщает : Game#1024853 End
27.05.13 01:13:14 >> HookCon_Service сообщает : Game#1024854 Start
27.05.13 01:39:59 >> Подключен клиент: 192.168.10.39
27.05.13 01:40:06 >> HookCon_Service сообщает : Game#1024881 Start
27.05.13 01:40:35 >> HookCon_Service сообщает : Game#22 Win Number: [1024881]
27.05.13 01:40:36 >> HookCon_Service сообщает : Game#1024881 End
27.05.13 01:41:06 >> HookCon_Service сообщает : Game#1024882 Start
27.05.13 01:41:34 >> HookCon_Service сообщает : Game#33 Win Number: [1024882]
27.05.13 01:41:35 >> HookCon_Service сообщает : Game#1024882 End
27.05.13 01:42:04 >> HookCon_Service сообщает : Game#1024883 Start
27.05.13 01:42:33 >> HookCon_Service сообщает : Game#27 Win Number: [1024883]
27.05.13 01:42:34 >> HookCon_Service сообщает : Game#1024883 End
27.05.13 01:43:03 >> HookCon_Service сообщает : Game#1024884 Start
27.05.13 01:43:32 >> HookCon_Service сообщает : Game#1 Win Number: [1024884]
27.05.13 01:43:33 >> HookCon_Service сообщает : Game#1024884 End
27.05.13 01:44:02 >> HookCon_Service сообщает : Game#1024885 Start
27.05.13 01:44:32 >> HookCon_Service сообщает : Game#13 Win Number: [1024885]
27.05.13 01:44:32 >> HookCon_Service сообщает : Game#1024885 End
27.05.13 01:45:02 >> HookCon_Service сообщает : Game#1024886 Start
27.05.13 01:45:31 >> HookCon_Service сообщает : Game#35 Win Number: [1024886]
27.05.13 01:45:31 >> HookCon_Service сообщает : Game#1024886 End
27.05.13 01:46:00 >> HookCon_Service сообщает : Game#1024887 Start
27.05.13 01:46:29 >> HookCon_Service сообщает : Game#5 Win Number: [1024887]
27.05.13 01:46:29 >> HookCon_Service сообщает : Game#1024887 End
27.05.13 01:46:59 >> HookCon_Service сообщает : Game#1024888 Start
27.05.13 01:47:28 >> HookCon_Service сообщает : Game#4 Win Number: [1024888]
27.05.13 01:47:29 >> HookCon_Service сообщает : Game#1024888 End
27.05.13 01:47:58 >> HookCon_Service сообщает : Game#1024889 Start
27.05.13 01:48:28 >> HookCon_Service сообщает : Game#4 Win Number: [1024889]
27.05.13 01:48:29 >> HookCon_Service сообщает : Game#1024889 End
27.05.13 01:49:00 >> HookCon_Service сообщает : Game#1024890 Start
27.05.13 01:49:30 >> HookCon_Service сообщает : Game#22 Win Number: [1024890]
27.05.13 01:49:30 >> HookCon_Service сообщает : Game#1024890 End
27.05.13 01:49:59 >> HookCon_Service сообщает : Game#1024891 Start
27.05.13 01:50:27 >> HookCon_Service сообщает : Game#4 Win Number: [1024891]
27.05.13 01:50:27 >> HookCon_Service сообщает : Game#1024891 End
27.05.13 01:50:57 >> HookCon_Service сообщает : Game#1024892 Start
27.05.13 01:51:23 >> HookCon_Service сообщает : Game#30 Win Number: [1024892]
27.05.13 01:51:24 >> HookCon_Service сообщает : Game#1024892 End
27.05.13 01:51:53 >> HookCon_Service сообщает : Game#1024893 Start
27.05.13 01:52:21 >> HookCon_Service сообщает : Game#18 Win Number: [1024893]
27.05.13 01:52:22 >> HookCon_Service сообщает : Game#1024893 End
27.05.13 01:52:52 >> HookCon_Service сообщает : Game#1024894 Start
27.05.13 01:53:20 >> HookCon_Service сообщает : Game#0 Win Number: [1024894]
27.05.13 01:53:21 >> HookCon_Service сообщает : Game#1024894 End
27.05.13 01:53:51 >> HookCon_Service сообщает : Game#1024895 Start
27.05.13 01:54:19 >> HookCon_Service сообщает : Game#3 Win Number: [1024895]
27.05.13 01:54:19 >> HookCon_Service сообщает : Game#1024895 End
27.05.13 01:54:49 >> HookCon_Service сообщает : Game#1024896 Start
27.05.13 01:55:21 >> HookCon_Service сообщает : Game#1 Win Number: [1024896]
27.05.13 01:55:21 >> HookCon_Service сообщает : Game#1024896 End
27.05.13 01:55:51 >> HookCon_Service сообщает : Game#1024897 Start
27.05.13 01:56:19 >> HookCon_Service сообщает : Game#16 Win Number: [1024897]
27.05.13 01:56:19 >> HookCon_Service сообщает : Game#1024897 End
27.05.13 01:56:48 >> HookCon_Service сообщает : Game#1024898 Start
27.05.13 01:57:17 >> HookCon_Service сообщает : Game#23 Win Number: [1024898]
27.05.13 01:57:17 >> HookCon_Service сообщает : Game#1024898 End
27.05.13 01:57:47 >> HookCon_Service сообщает : Game#1024899 Start
27.05.13 01:58:15 >> HookCon_Service сообщает : Game#34 Win Number: [1024899]
27.05.13 01:58:15 >> HookCon_Service сообщает : Game#1024899 End
27.05.13 01:58:46 >> HookCon_Service сообщает : Game#1024900 Start
27.05.13 01:59:15 >> HookCon_Service сообщает : Game#33 Win Number: [1024900]
27.05.13 01:59:15 >> HookCon_Service сообщает : Game#1024900 End
27.05.13 01:59:44 >> HookCon_Service сообщает : Game#1024901 Start
27.05.13 02:00:10 >> HookCon_Service сообщает : Game#28 Win Number: [1024901]
27.05.13 02:00:11 >> HookCon_Service сообщает : Game#1024901 End
27.05.13 02:00:40 >> HookCon_Service сообщает : Game#1024902 Start
27.05.13 02:01:11 >> HookCon_Service сообщает : Game#21 Win Number: [1024902]
27.05.13 02:01:11 >> HookCon_Service сообщает : Game#1024902 End
27.05.13 02:01:40 >> HookCon_Service сообщает : Game#1024903 Start
27.05.13 02:02:06 >> HookCon_Service сообщает : Game#24 Win Number: [1024903]
27.05.13 02:02:07 >> HookCon_Service сообщает : Game#1024903 End
27.05.13 02:02:36 >> HookCon_Service сообщает : Game#1024904 Start
27.05.13 02:03:04 >> HookCon_Service сообщает : Game#13 Win Number: [1024904]
27.05.13 02:03:04 >> HookCon_Service сообщает : Game#1024904 End
27.05.13 02:03:34 >> HookCon_Service сообщает : Game#1024905 Start
27.05.13 02:04:06 >> HookCon_Service сообщает : Game#8 Win Number: [1024905]
27.05.13 02:04:06 >> HookCon_Service сообщает : Game#1024905 End
27.05.13 02:04:35 >> HookCon_Service сообщает : Game#1024906 Start
27.05.13 02:05:04 >> HookCon_Service сообщает : Game#16 Win Number: [1024906]
27.05.13 02:05:04 >> HookCon_Service сообщает : Game#1024906 End
27.05.13 02:05:33 >> HookCon_Service сообщает : Game#1024907 Start
27.05.13 02:06:02 >> HookCon_Service сообщает : Game#31 Win Number: [1024907]
27.05.13 02:06:02 >> HookCon_Service сообщает : Game#1024907 End
27.05.13 02:06:32 >> HookCon_Service сообщает : Game#1024908 Start
27.05.13 02:07:02 >> HookCon_Service сообщает : Game#19 Win Number: [1024908]
27.05.13 02:07:02 >> HookCon_Service сообщает : Game#1024908 End
27.05.13 02:07:32 >> HookCon_Service сообщает : Game#1024909 Start
27.05.13 02:08:01 >> HookCon_Service сообщает : Game#36 Win Number: [1024909]
27.05.13 02:08:02 >> HookCon_Service сообщает : Game#1024909 End
27.05.13 02:08:33 >> HookCon_Service сообщает : Game#1024910 Start
27.05.13 02:09:03 >> HookCon_Service сообщает : Game#11 Win Number: [1024910]
27.05.13 02:09:03 >> HookCon_Service сообщает : Game#1024910 End
27.05.13 02:09:32 >> HookCon_Service сообщает : Game#1024911 Start
27.05.13 02:10:01 >> HookCon_Service сообщает : Game#30 Win Number: [1024911]
27.05.13 02:10:01 >> HookCon_Service сообщает : Game#1024911 End
27.05.13 02:10:31 >> HookCon_Service сообщает : Game#1024912 Start
27.05.13 02:11:00 >> HookCon_Service сообщает : Game#23 Win Number: [1024912]
27.05.13 02:11:00 >> HookCon_Service сообщает : Game#1024912 End
27.05.13 02:11:31 >> HookCon_Service сообщает : Game#1024913 Start
27.05.13 02:11:59 >> HookCon_Service сообщает : Game#25 Win Number: [1024913]
27.05.13 02:12:30 >> HookCon_Service сообщает : Game#1024914 Start
27.05.13 02:13:00 >> HookCon_Service сообщает : Game#29 Win Number: [1024914]
27.05.13 02:13:00 >> HookCon_Service сообщает : Game#1024914 End
27.05.13 02:13:28 >> HookCon_Service сообщает : сервис остановлен
27.05.13 02:14:26 >> Подключен клиент: 192.168.10.39
27.05.13 02:14:27 >> HookCon_Service сообщает : Game#1024916 Start
27.05.13 02:15:24 >> HookCon_Service сообщает : Game#1024916 Win Number: [18]
27.05.13 02:15:24 >> HookCon_Service сообщает : Game#1024916 End
27.05.13 02:15:25 >> HookCon_Service сообщает : Game#1024917 Start
27.05.13 02:15:55 >> HookCon_Service сообщает : Game#1024917 Win Number: [14]
27.05.13 02:15:56 >> HookCon_Service сообщает : Game#1024917 End
27.05.13 02:16:25 >> HookCon_Service сообщает : Game#1024918 Start
27.05.13 02:16:55 >> HookCon_Service сообщает : Game#1024918 Win Number: [6]
27.05.13 02:16:55 >> HookCon_Service сообщает : Game#1024918 End
27.05.13 02:17:25 >> HookCon_Service сообщает : Game#1024919 Start
27.05.13 02:17:56 >> HookCon_Service сообщает : Game#1024919 Win Number: [12]
27.05.13 02:17:56 >> HookCon_Service сообщает : Game#1024919 End
27.05.13 02:18:27 >> HookCon_Service сообщает : Game#1024920 Start
27.05.13 02:18:55 >> HookCon_Service сообщает : Game#1024920 Win Number: [21]
27.05.13 02:18:55 >> HookCon_Service сообщает : Game#1024920 End
27.05.13 02:19:25 >> HookCon_Service сообщает : Game#1024921 Start
27.05.13 02:19:56 >> HookCon_Service сообщает : Game#1024921 Win Number: [26]
27.05.13 02:19:57 >> HookCon_Service сообщает : Game#1024921 End
27.05.13 02:20:36 >> HookCon_Service сообщает : Game#1024922 Start
27.05.13 02:20:56 >> HookCon_Service сообщает : Game#1024922 Win Number: [11]
27.05.13 02:20:57 >> HookCon_Service сообщает : Game#1024922 End
27.05.13 02:21:26 >> HookCon_Service сообщает : Game#1024923 Start
27.05.13 02:21:55 >> HookCon_Service сообщает : Game#1024923 Win Number: [5]
27.05.13 02:21:56 >> HookCon_Service сообщает : Game#1024923 End
27.05.13 02:22:25 >> HookCon_Service сообщает : Game#1024924 Start
27.05.13 02:22:55 >> HookCon_Service сообщает : Game#1024924 Win Number: [29]
27.05.13 02:22:55 >> HookCon_Service сообщает : Game#1024924 End
27.05.13 02:23:24 >> HookCon_Service сообщает : Game#1024925 Start
27.05.13 02:23:52 >> HookCon_Service сообщает : Game#1024925 Win Number: [20]
27.05.13 02:23:52 >> HookCon_Service сообщает : Game#1024925 End
27.05.13 02:24:23 >> HookCon_Service сообщает : Game#1024926 Start
27.05.13 02:24:54 >> HookCon_Service сообщает : Game#1024926 Win Number: [28]
27.05.13 02:24:54 >> HookCon_Service сообщает : Game#1024926 End
27.05.13 02:25:23 >> HookCon_Service сообщает : Game#1024927 Start
27.05.13 02:25:51 >> HookCon_Service сообщает : Game#1024927 Win Number: [15]
27.05.13 02:25:52 >> HookCon_Service сообщает : Game#1024927 End
27.05.13 02:26:21 >> HookCon_Service сообщает : Game#1024928 Start
27.05.13 02:26:50 >> HookCon_Service сообщает : Game#1024928 Win Number: [0]
27.05.13 02:26:51 >> HookCon_Service сообщает : Game#1024928 End
27.05.13 02:27:21 >> HookCon_Service сообщает : Game#1024929 Start
27.05.13 02:27:47 >> HookCon_Service сообщает : Game#1024929 Win Number: [21]
27.05.13 02:27:48 >> HookCon_Service сообщает : Game#1024929 End
27.05.13 02:28:19 >> HookCon_Service сообщает : Game#1024930 Start
27.05.13 02:28:42 >> Web Server отключен. Причина: Удаленный хост принудительно разорвал существующее подключение
27.05.13 02:28:47 >> HookCon_Service сообщает : Game#1024930 Win Number: [23]
27.05.13 02:28:48 >> HookCon_Service сообщает : Game#1024930 End
27.05.13 02:29:14 >> Подключен клиент: 127.0.0.1
27.05.13 02:29:17 >> HookCon_Service сообщает : Game#1024931 Start
27.05.13 02:29:45 >> HookCon_Service сообщает : Game#1024931 Win Number: [18]
27.05.13 02:29:45 >> HookCon_Service сообщает : Game#1024931 End
27.05.13 02:30:16 >> HookCon_Service сообщает : Game#1024932 Start
27.05.13 02:30:54 >> HookCon_Service сообщает : Game#1024932 Win Number: [22]
27.05.13 02:30:54 >> HookCon_Service сообщает : Game#1024932 End
27.05.13 02:31:15 >> HookCon_Service сообщает : Game#1024933 Start
27.05.13 02:31:45 >> HookCon_Service сообщает : Game#1024933 Win Number: [2]
27.05.13 02:31:45 >> HookCon_Service сообщает : Game#1024933 End
27.05.13 02:32:15 >> HookCon_Service сообщает : Game#1024934 Start
27.05.13 02:32:42 >> HookCon_Service сообщает : Game#1024934 Win Number: [32]
27.05.13 02:32:43 >> HookCon_Service сообщает : Game#1024934 End
27.05.13 02:33:12 >> HookCon_Service сообщает : Game#1024935 Start
27.05.13 02:33:44 >> HookCon_Service сообщает : Game#1024935 Win Number: [25]
27.05.13 02:33:44 >> HookCon_Service сообщает : Game#1024935 End
27.05.13 02:34:14 >> HookCon_Service сообщает : Game#1024936 Start
27.05.13 02:34:45 >> HookCon_Service сообщает : Game#1024936 Win Number: [23]
27.05.13 02:34:45 >> HookCon_Service сообщает : Game#1024936 End
27.05.13 02:35:15 >> HookCon_Service сообщает : Game#1024937 Start
27.05.13 02:35:43 >> HookCon_Service сообщает : Game#1024937 Win Number: [8]
27.05.13 02:35:44 >> HookCon_Service сообщает : Game#1024937 End
27.05.13 02:36:13 >> HookCon_Service сообщает : Game#1024938 Start
27.05.13 02:36:41 >> HookCon_Service сообщает : Game#1024938 Win Number: [23]
27.05.13 02:36:42 >> HookCon_Service сообщает : Game#1024938 End
27.05.13 02:37:11 >> HookCon_Service сообщает : Game#1024939 Start
27.05.13 02:37:40 >> HookCon_Service сообщает : Game#1024939 Win Number: [33]
27.05.13 02:37:41 >> HookCon_Service сообщает : Game#1024939 End
27.05.13 02:38:12 >> HookCon_Service сообщает : Game#1024940 Start
27.05.13 02:38:42 >> HookCon_Service сообщает : Game#1024940 Win Number: [4]
27.05.13 02:38:42 >> HookCon_Service сообщает : Game#1024940 End
27.05.13 02:39:12 >> HookCon_Service сообщает : Game#1024941 Start
27.05.13 03:12:31 >> Web Server отключен. Причина: Удаленный хост принудительно разорвал существующее подключение
27.05.13 03:13:15 >> Подключен клиент: 127.0.0.1
27.05.13 03:26:45 >> Web Server отключен. Причина: Удаленный хост принудительно разорвал существующее подключение
27.05.13 03:27:09 >> Подключен клиент: 127.0.0.1
27.05.13 03:27:34 >> Web Server отключен. Причина: Удаленный хост принудительно разорвал существующее подключение
27.05.13 03:28:38 >> Подключен клиент: 127.0.0.1
27.05.13 03:29:43 >> Web Server отключен. Причина: Удаленный хост принудительно разорвал существующее подключение
27.05.13 03:29:49 >> Подключен клиент: 127.0.0.1
27.05.13 03:30:22 >> Web Server отключен. Причина: Удаленный хост принудительно разорвал существующее подключение
27.05.13 03:33:21 >> Подключен клиент: 127.0.0.1
27.05.13 03:34:46 >> Web Server отключен. Причина: Удаленный хост принудительно разорвал существующее подключение
27.05.13 03:35:09 >> Подключен клиент: 127.0.0.1
27.05.13 03:35:24 >> Web Server отключен. Причина: Удаленный хост принудительно разорвал существующее подключение
27.05.13 03:36:41 >> Подключен клиент: 127.0.0.1
27.05.13 03:37:38 >> Web Server отключен. Причина: Удаленный хост принудительно разорвал существующее подключение
27.05.13 03:37:55 >> Подключен клиент: 127.0.0.1
27.05.13 03:38:07 >> Web Server отключен. Причина: Удаленный хост принудительно разорвал существующее подключение
27.05.13 03:45:55 >> Подключен клиент: 127.0.0.1
27.05.13 03:46:28 >> Web Server отключен. Причина: Удаленный хост принудительно разорвал существующее подключение
27.05.13 03:51:00 >> Подключен клиент: 127.0.0.1
27.05.13 04:00:27 >> Web Server отключен. Причина: Удаленный хост принудительно разорвал существующее подключение
27.05.13 04:00:54 >> Подключен клиент: 127.0.0.1
27.05.13 04:04:30 >> Web Server отключен. Причина: Удаленный хост принудительно разорвал существующее подключение
27.05.13 04:04:36 >> Подключен клиент: 127.0.0.1
27.05.13 04:05:42 >> Web Server отключен. Причина: Удаленный хост принудительно разорвал существующее подключение
27.05.13 04:06:32 >> Подключен клиент: 127.0.0.1
27.05.13 04:07:16 >> Web Server отключен. Причина: Удаленный хост принудительно разорвал существующее подключение
27.05.13 04:20:08 >> Подключен клиент: 127.0.0.1
27.05.13 04:20:53 >> Web Server отключен. Причина: Удаленный хост принудительно разорвал существующее подключение
27.05.13 04:21:11 >> Подключен клиент: 127.0.0.1
27.05.13 04:22:33 >> Web Server отключен. Причина: Удаленный хост принудительно разорвал существующее подключение
27.05.13 04:22:56 >> Подключен клиент: 127.0.0.1
27.05.13 04:23:20 >> Web Server отключен. Причина: Удаленный хост принудительно разорвал существующее подключение
27.05.13 04:23:52 >> Подключен клиент: 127.0.0.1
27.05.13 04:24:06 >> Web Server отключен. Причина: Удаленный хост принудительно разорвал существующее подключение
27.05.13 04:24:24 >> Подключен клиент: 127.0.0.1
27.05.13 04:25:14 >> Web Server отключен. Причина: Удаленный хост принудительно разорвал существующее подключение
27.05.13 04:25:17 >> Подключен клиент: 127.0.0.1
27.05.13 04:25:38 >> Web Server отключен. Причина: Удаленный хост принудительно разорвал существующее подключение
27.05.13 04:30:25 >> Подключен клиент: 127.0.0.1
27.05.13 04:31:13 >> Web Server отключен. Причина: Удаленный хост принудительно разорвал существующее подключение
27.05.13 04:31:47 >> Подключен клиент: 127.0.0.1
27.05.13 04:34:03 >> Web Server отключен. Причина: Удаленный хост принудительно разорвал существующее подключение
27.05.13 04:34:56 >> Подключен клиент: 127.0.0.1
27.05.13 04:36:44 >> Web Server отключен. Причина: Удаленный хост принудительно разорвал существующее подключение
27.05.13 04:45:05 >> Подключен клиент: 127.0.0.1
27.05.13 04:45:40 >> Web Server отключен. Причина: Удаленный хост принудительно разорвал существующее подключение
27.05.13 04:45:44 >> Подключен клиент: 127.0.0.1
27.05.13 04:54:45 >> Web Server отключен. Причина: Удаленный хост принудительно разорвал существующее подключение
27.05.13 04:55:04 >> Подключен клиент: 127.0.0.1
27.05.13 04:56:34 >> Web Server отключен. Причина: Удаленный хост принудительно разорвал существующее подключение
27.05.13 04:57:19 >> Подключен клиент: 127.0.0.1
27.05.13 04:57:57 >> Web Server отключен. Причина: Удаленный хост принудительно разорвал существующее подключение
27.05.13 05:03:41 >> Подключен клиент: 127.0.0.1
27.05.13 05:04:13 >> Web Server отключен. Причина: Удаленный хост принудительно разорвал существующее подключение
27.05.13 05:05:47 >> Подключен клиент: 127.0.0.1
27.05.13 05:59:47 >> Сервер остановлен! Все входящие подключения разорваны.
