18.07.13 12:17:18 >> Сервер запущен. Ожидание входящих подключений.
18.07.13 12:17:44 >> Подключен клиент: 192.168.10.39
18.07.13 12:19:21 >> Подключен клиент: 192.168.10.39
18.07.13 12:19:47 >> HookCon_Service сообщает : Game#1025754 Win Number: [10]
18.07.13 12:19:47 >> HookCon_Service сообщает : Game#1025754 End
18.07.13 12:20:06 >> Подключен клиент: 127.0.0.1
18.07.13 12:20:17 >> HookCon_Service сообщает : Game#1025755 Start
18.07.13 12:20:42 >> HookCon_Service сообщает : Game#1025755 Win Number: [2]
18.07.13 12:20:43 >> HookCon_Service сообщает : Game#1025755 End
18.07.13 12:21:13 >> HookCon_Service сообщает : Game#1025756 Start
18.07.13 12:21:36 >> HookCon_Service сообщает : Game#1025756 Win Number: [30]
18.07.13 12:21:36 >> HookCon_Service сообщает : Game#1025756 End
18.07.13 12:22:06 >> HookCon_Service сообщает : Game#1025757 Start
18.07.13 12:22:33 >> HookCon_Service сообщает : Game#1025757 Win Number: [12]
18.07.13 12:22:33 >> HookCon_Service сообщает : Game#1025757 End
18.07.13 12:23:03 >> HookCon_Service сообщает : Game#1025758 Start
18.07.13 12:23:27 >> HookCon_Service сообщает : Game#1025758 Win Number: [36]
18.07.13 12:23:27 >> HookCon_Service сообщает : Game#1025758 End
18.07.13 12:23:56 >> HookCon_Service сообщает : Game#1025759 Start
18.07.13 12:24:22 >> HookCon_Service сообщает : Game#1025759 Win Number: [34]
18.07.13 12:24:23 >> HookCon_Service сообщает : Game#1025759 End
18.07.13 12:24:54 >> HookCon_Service сообщает : Game#1025760 Start
18.07.13 12:25:20 >> HookCon_Service сообщает : Game#1025760 Win Number: [23]
18.07.13 12:25:21 >> HookCon_Service сообщает : Game#1025760 End
18.07.13 12:25:52 >> HookCon_Service сообщает : Game#1025761 Start
18.07.13 12:26:19 >> HookCon_Service сообщает : Game#1025761 Win Number: [9]
18.07.13 12:26:19 >> HookCon_Service сообщает : Game#1025761 End
18.07.13 12:26:48 >> HookCon_Service сообщает : Game#1025762 Start
18.07.13 12:27:15 >> HookCon_Service сообщает : Game#1025762 Win Number: [14]
18.07.13 12:27:15 >> HookCon_Service сообщает : Game#1025762 End
18.07.13 12:27:45 >> HookCon_Service сообщает : Game#1025763 Start
18.07.13 12:28:10 >> HookCon_Service сообщает : Game#1025763 Win Number: [1]
18.07.13 12:28:10 >> HookCon_Service сообщает : Game#1025763 End
18.07.13 12:28:40 >> HookCon_Service сообщает : Game#1025764 Start
18.07.13 12:28:40 >> WebClient [192.168.10.5:49861] made a next bet(s)13
18.07.13 12:28:46 >> WebClient [192.168.10.5:49861] made a next bet(s)13
18.07.13 12:29:06 >> HookCon_Service сообщает : Game#1025764 Win Number: [24]
18.07.13 12:29:06 >> HookCon_Service сообщает : Game#1025764 End
18.07.13 12:29:35 >> HookCon_Service сообщает : Game#1025765 Start
18.07.13 12:29:59 >> HookCon_Service сообщает : Game#1025765 Win Number: [30]
18.07.13 12:30:00 >> HookCon_Service сообщает : Game#1025765 End
18.07.13 12:30:29 >> HookCon_Service сообщает : Game#1025766 Start
18.07.13 12:30:56 >> HookCon_Service сообщает : Game#1025766 Win Number: [13]
18.07.13 12:30:56 >> HookCon_Service сообщает : Game#1025766 End
18.07.13 12:31:26 >> HookCon_Service сообщает : Game#1025767 Start
18.07.13 12:31:52 >> HookCon_Service сообщает : Game#1025767 Win Number: [3]
18.07.13 12:31:53 >> HookCon_Service сообщает : Game#1025767 End
18.07.13 12:32:22 >> HookCon_Service сообщает : Game#1025768 Start
18.07.13 12:32:47 >> HookCon_Service сообщает : Game#1025768 Win Number: [2]
18.07.13 12:32:48 >> HookCon_Service сообщает : Game#1025768 End
18.07.13 12:33:17 >> HookCon_Service сообщает : Game#1025769 Start
18.07.13 12:33:42 >> HookCon_Service сообщает : Game#1025769 Win Number: [14]
18.07.13 12:33:43 >> HookCon_Service сообщает : Game#1025769 End
18.07.13 12:34:14 >> HookCon_Service сообщает : Game#1025770 Start
18.07.13 12:34:38 >> HookCon_Service сообщает : Game#1025770 Win Number: [16]
18.07.13 12:34:38 >> HookCon_Service сообщает : Game#1025770 End
18.07.13 12:35:08 >> HookCon_Service сообщает : Game#1025771 Start
18.07.13 12:35:31 >> HookCon_Service сообщает : Game#1025771 Win Number: [1]
18.07.13 12:35:31 >> HookCon_Service сообщает : Game#1025771 End
18.07.13 12:36:01 >> HookCon_Service сообщает : Game#1025772 Start
18.07.13 12:36:27 >> HookCon_Service сообщает : Game#1025772 Win Number: [18]
18.07.13 12:36:27 >> HookCon_Service сообщает : Game#1025772 End
18.07.13 12:36:57 >> HookCon_Service сообщает : Game#1025773 Start
18.07.13 12:37:22 >> HookCon_Service сообщает : Game#1025773 Win Number: [27]
18.07.13 12:37:22 >> HookCon_Service сообщает : Game#1025773 End
18.07.13 12:37:52 >> HookCon_Service сообщает : Game#1025774 Start
18.07.13 12:38:17 >> HookCon_Service сообщает : Game#1025774 Win Number: [2]
18.07.13 12:38:17 >> HookCon_Service сообщает : Game#1025774 End
18.07.13 12:38:35 >> Подключен клиент: 127.0.0.1
18.07.13 12:38:35 >> Web Server отключен. Причина: Удаленный хост принудительно разорвал существующее подключение
18.07.13 12:38:46 >> HookCon_Service сообщает : Game#1025775 Start
18.07.13 12:39:12 >> HookCon_Service сообщает : Game#1025775 Win Number: [34]
18.07.13 12:39:12 >> HookCon_Service сообщает : Game#1025775 End
18.07.13 12:39:42 >> HookCon_Service сообщает : Game#1025776 Start
18.07.13 12:40:09 >> HookCon_Service сообщает : Game#1025776 Win Number: [31]
18.07.13 12:40:09 >> HookCon_Service сообщает : Game#1025776 End
18.07.13 12:40:40 >> HookCon_Service сообщает : Game#1025777 Start
18.07.13 12:41:10 >> HookCon_Service сообщает : Game#1025777 Win Number: [34]
18.07.13 12:41:10 >> HookCon_Service сообщает : Game#1025777 End
18.07.13 12:41:41 >> HookCon_Service сообщает : Game#1025778 Start
18.07.13 12:41:57 >> Web Server отключен. Причина: Удаленный хост принудительно разорвал существующее подключение
18.07.13 12:41:57 >> Подключен клиент: 127.0.0.1
18.07.13 12:42:00 >> Web Server отключен. Причина: Удаленный хост принудительно разорвал существующее подключение
18.07.13 12:42:07 >> HookCon_Service сообщает : Game#1025778 Win Number: [17]
18.07.13 12:42:07 >> HookCon_Service сообщает : Game#1025778 End
18.07.13 12:42:36 >> HookCon_Service сообщает : Game#1025779 Start
18.07.13 12:42:41 >> Подключен клиент: 127.0.0.1
18.07.13 12:43:05 >> HookCon_Service сообщает : Game#1025779 Win Number: [19]
18.07.13 12:43:06 >> HookCon_Service сообщает : Game#1025779 End
18.07.13 12:43:37 >> HookCon_Service сообщает : Game#1025780 Start
18.07.13 12:44:05 >> HookCon_Service сообщает : Game#1025780 Win Number: [18]
18.07.13 12:44:06 >> HookCon_Service сообщает : Game#1025780 End
18.07.13 12:44:36 >> HookCon_Service сообщает : Game#1025781 Start
18.07.13 12:45:00 >> HookCon_Service сообщает : Game#1025781 Win Number: [14]
18.07.13 12:45:00 >> HookCon_Service сообщает : Game#1025781 End
18.07.13 12:45:30 >> HookCon_Service сообщает : Game#1025782 Start
18.07.13 12:45:56 >> HookCon_Service сообщает : Game#1025782 Win Number: [31]
18.07.13 12:45:56 >> HookCon_Service сообщает : Game#1025782 End
18.07.13 12:46:27 >> HookCon_Service сообщает : Game#1025783 Start
18.07.13 12:46:55 >> HookCon_Service сообщает : Game#1025783 Win Number: [31]
18.07.13 12:46:55 >> HookCon_Service сообщает : Game#1025783 End
18.07.13 12:47:25 >> HookCon_Service сообщает : Game#1025784 Start
18.07.13 12:47:52 >> HookCon_Service сообщает : Game#1025784 Win Number: [27]
18.07.13 12:47:53 >> HookCon_Service сообщает : Game#1025784 End
18.07.13 12:48:22 >> HookCon_Service сообщает : Game#1025785 Start
18.07.13 12:48:49 >> HookCon_Service сообщает : Game#1025785 Win Number: [20]
18.07.13 12:48:50 >> HookCon_Service сообщает : Game#1025785 End
18.07.13 12:49:20 >> HookCon_Service сообщает : Game#1025786 Start
18.07.13 12:49:46 >> HookCon_Service сообщает : Game#1025786 Win Number: [13]
18.07.13 12:49:47 >> HookCon_Service сообщает : Game#1025786 End
18.07.13 12:50:16 >> HookCon_Service сообщает : Game#1025787 Start
18.07.13 12:50:42 >> HookCon_Service сообщает : Game#1025787 Win Number: [33]
18.07.13 12:50:43 >> HookCon_Service сообщает : Game#1025787 End
18.07.13 12:51:16 >> HookCon_Service сообщает : Game#1025788 Start
18.07.13 12:51:39 >> HookCon_Service сообщает : Game#1025788 Win Number: [24]
18.07.13 12:51:40 >> HookCon_Service сообщает : Game#1025788 End
18.07.13 12:52:09 >> HookCon_Service сообщает : Game#1025789 Start
18.07.13 12:52:35 >> HookCon_Service сообщает : Game#1025789 Win Number: [24]
18.07.13 12:52:36 >> HookCon_Service сообщает : Game#1025789 End
18.07.13 12:53:08 >> HookCon_Service сообщает : Game#1025790 Start
18.07.13 12:53:35 >> HookCon_Service сообщает : Game#1025790 Win Number: [21]
18.07.13 12:53:35 >> HookCon_Service сообщает : Game#1025790 End
18.07.13 12:54:04 >> HookCon_Service сообщает : Game#1025791 Start
18.07.13 12:54:29 >> HookCon_Service сообщает : Game#1025791 Win Number: [35]
18.07.13 12:54:30 >> HookCon_Service сообщает : Game#1025791 End
18.07.13 12:55:00 >> HookCon_Service сообщает : Game#1025792 Start
18.07.13 12:55:27 >> HookCon_Service сообщает : Game#1025792 Win Number: [14]
18.07.13 12:55:28 >> HookCon_Service сообщает : Game#1025792 End
18.07.13 12:55:58 >> HookCon_Service сообщает : Game#1025793 Start
18.07.13 12:56:48 >> HookCon_Service сообщает : Game#1025793 Win Number: [14]
18.07.13 12:56:49 >> HookCon_Service сообщает : Game#1025793 End
18.07.13 12:57:19 >> HookCon_Service сообщает : Game#1025794 Start
18.07.13 12:57:44 >> HookCon_Service сообщает : Game#1025794 Win Number: [35]
18.07.13 12:57:44 >> HookCon_Service сообщает : Game#1025794 End
18.07.13 12:58:15 >> HookCon_Service сообщает : Game#1025795 Start
18.07.13 12:58:40 >> HookCon_Service сообщает : Game#1025795 Win Number: [0]
18.07.13 12:58:41 >> HookCon_Service сообщает : Game#1025795 End
18.07.13 12:59:10 >> HookCon_Service сообщает : Game#1025796 Start
18.07.13 12:59:35 >> HookCon_Service сообщает : Game#1025796 Win Number: [23]
18.07.13 12:59:36 >> HookCon_Service сообщает : Game#1025796 End
18.07.13 01:00:06 >> HookCon_Service сообщает : Game#1025797 Start
18.07.13 01:00:33 >> HookCon_Service сообщает : Game#1025797 Win Number: [21]
18.07.13 01:00:34 >> HookCon_Service сообщает : Game#1025797 End
18.07.13 01:01:04 >> HookCon_Service сообщает : Game#1025798 Start
18.07.13 01:01:43 >> HookCon_Service сообщает : Game#1025798 Win Number: [10]
18.07.13 01:01:43 >> HookCon_Service сообщает : Game#1025798 End
18.07.13 01:02:08 >> HookCon_Service сообщает : Game#1025799 Start
18.07.13 01:02:35 >> HookCon_Service сообщает : Game#1025799 Win Number: [31]
18.07.13 01:02:37 >> HookCon_Service сообщает : Game#1025799 End
18.07.13 01:03:08 >> HookCon_Service сообщает : Game#1025800 Start
18.07.13 01:03:35 >> HookCon_Service сообщает : Game#1025800 Win Number: [5]
18.07.13 01:03:36 >> HookCon_Service сообщает : Game#1025800 End
18.07.13 01:04:06 >> HookCon_Service сообщает : Game#1025801 Start
18.07.13 01:04:37 >> HookCon_Service сообщает : Game#1025801 Win Number: [34]
18.07.13 01:04:38 >> HookCon_Service сообщает : Game#1025801 End
18.07.13 01:05:08 >> HookCon_Service сообщает : Game#1025802 Start
18.07.13 01:05:35 >> HookCon_Service сообщает : Game#1025802 Win Number: [9]
18.07.13 01:05:36 >> HookCon_Service сообщает : Game#1025802 End
18.07.13 01:06:06 >> HookCon_Service сообщает : Game#1025803 Start
18.07.13 01:06:33 >> HookCon_Service сообщает : Game#1025803 Win Number: [18]
18.07.13 01:06:34 >> HookCon_Service сообщает : Game#1025803 End
18.07.13 01:07:04 >> HookCon_Service сообщает : Game#1025804 Start
18.07.13 01:07:31 >> HookCon_Service сообщает : Game#1025804 Win Number: [15]
18.07.13 01:07:32 >> HookCon_Service сообщает : Game#1025804 End
18.07.13 01:08:03 >> HookCon_Service сообщает : Game#1025805 Start
18.07.13 01:08:29 >> HookCon_Service сообщает : Game#1025805 Win Number: [32]
18.07.13 01:08:29 >> HookCon_Service сообщает : Game#1025805 End
18.07.13 01:09:00 >> HookCon_Service сообщает : Game#1025806 Start
18.07.13 01:09:28 >> HookCon_Service сообщает : Game#1025806 Win Number: [36]
18.07.13 01:09:29 >> HookCon_Service сообщает : Game#1025806 End
18.07.13 01:09:59 >> HookCon_Service сообщает : Game#1025807 Start
18.07.13 01:10:27 >> HookCon_Service сообщает : Game#1025807 Win Number: [3]
18.07.13 01:10:27 >> HookCon_Service сообщает : Game#1025807 End
18.07.13 01:10:57 >> HookCon_Service сообщает : Game#1025808 Start
18.07.13 01:11:24 >> HookCon_Service сообщает : Game#1025808 Win Number: [2]
18.07.13 01:11:24 >> HookCon_Service сообщает : Game#1025808 End
18.07.13 01:12:01 >> HookCon_Service сообщает : Game#1025809 Start
18.07.13 01:12:21 >> HookCon_Service сообщает : Game#1025809 Win Number: [25]
18.07.13 01:12:21 >> HookCon_Service сообщает : Game#1025809 End
18.07.13 01:12:53 >> HookCon_Service сообщает : Game#1025810 Start
18.07.13 01:13:20 >> HookCon_Service сообщает : Game#1025810 Win Number: [20]
18.07.13 01:13:21 >> HookCon_Service сообщает : Game#1025810 End
18.07.13 01:13:50 >> HookCon_Service сообщает : Game#1025811 Start
18.07.13 01:14:20 >> HookCon_Service сообщает : Game#1025811 Win Number: [33]
18.07.13 01:14:20 >> HookCon_Service сообщает : Game#1025811 End
18.07.13 01:14:50 >> HookCon_Service сообщает : Game#1025812 Start
18.07.13 01:15:18 >> HookCon_Service сообщает : Game#1025812 Win Number: [19]
18.07.13 01:15:19 >> HookCon_Service сообщает : Game#1025812 End
18.07.13 01:15:48 >> HookCon_Service сообщает : Game#1025813 Start
18.07.13 01:16:17 >> HookCon_Service сообщает : Game#1025813 Win Number: [0]
18.07.13 01:16:17 >> HookCon_Service сообщает : Game#1025813 End
18.07.13 01:16:46 >> HookCon_Service сообщает : Game#1025814 Start
18.07.13 01:17:13 >> HookCon_Service сообщает : Game#1025814 Win Number: [23]
18.07.13 01:17:14 >> HookCon_Service сообщает : Game#1025814 End
18.07.13 01:17:43 >> HookCon_Service сообщает : Game#1025815 Start
18.07.13 01:18:09 >> HookCon_Service сообщает : Game#1025815 Win Number: [27]
18.07.13 01:18:09 >> HookCon_Service сообщает : Game#1025815 End
18.07.13 01:18:38 >> HookCon_Service сообщает : Game#1025816 Start
18.07.13 01:19:06 >> HookCon_Service сообщает : Game#1025816 Win Number: [12]
18.07.13 01:19:06 >> HookCon_Service сообщает : Game#1025816 End
18.07.13 01:19:36 >> HookCon_Service сообщает : Game#1025817 Start
18.07.13 01:19:53 >> Web Server отключен. Причина: Удаленный хост принудительно разорвал существующее подключение
18.07.13 01:20:05 >> HookCon_Service сообщает : Game#1025817 Win Number: [10]
18.07.13 01:20:05 >> HookCon_Service сообщает : Game#1025817 End
18.07.13 01:20:35 >> HookCon_Service сообщает : Game#1025818 Start
18.07.13 01:20:45 >> Подключен клиент: 127.0.0.1
18.07.13 01:21:00 >> HookCon_Service сообщает : Game#1025818 Win Number: [29]
18.07.13 01:21:01 >> HookCon_Service сообщает : Game#1025818 End
18.07.13 01:21:30 >> HookCon_Service сообщает : Game#1025819 Start
18.07.13 01:21:56 >> HookCon_Service сообщает : Game#1025819 Win Number: [15]
18.07.13 01:21:56 >> HookCon_Service сообщает : Game#1025819 End
18.07.13 01:22:27 >> HookCon_Service сообщает : Game#1025820 Start
18.07.13 01:22:54 >> HookCon_Service сообщает : Game#1025820 Win Number: [6]
18.07.13 01:22:55 >> HookCon_Service сообщает : Game#1025820 End
18.07.13 01:23:24 >> HookCon_Service сообщает : Game#1025821 Start
18.07.13 01:23:52 >> HookCon_Service сообщает : Game#1025821 Win Number: [22]
18.07.13 01:23:53 >> HookCon_Service сообщает : Game#1025821 End
18.07.13 01:24:22 >> HookCon_Service сообщает : Game#1025822 Start
18.07.13 01:24:49 >> HookCon_Service сообщает : Game#1025822 Win Number: [1]
18.07.13 01:24:49 >> HookCon_Service сообщает : Game#1025822 End
18.07.13 01:25:18 >> HookCon_Service сообщает : Game#1025823 Start
18.07.13 01:25:45 >> HookCon_Service сообщает : Game#1025823 Win Number: [4]
18.07.13 01:25:45 >> HookCon_Service сообщает : Game#1025823 End
18.07.13 01:26:15 >> HookCon_Service сообщает : Game#1025824 Start
18.07.13 01:26:40 >> HookCon_Service сообщает : Game#1025824 Win Number: [12]
18.07.13 01:26:41 >> HookCon_Service сообщает : Game#1025824 End
18.07.13 01:27:10 >> HookCon_Service сообщает : Game#1025825 Start
18.07.13 01:27:37 >> HookCon_Service сообщает : Game#1025825 Win Number: [4]
18.07.13 01:27:37 >> HookCon_Service сообщает : Game#1025825 End
18.07.13 01:28:06 >> HookCon_Service сообщает : Game#1025826 Start
18.07.13 01:28:32 >> HookCon_Service сообщает : Game#1025826 Win Number: [27]
18.07.13 01:28:33 >> HookCon_Service сообщает : Game#1025826 End
18.07.13 01:29:02 >> HookCon_Service сообщает : Game#1025827 Start
18.07.13 01:29:32 >> HookCon_Service сообщает : Game#1025827 Win Number: [25]
18.07.13 01:29:33 >> HookCon_Service сообщает : Game#1025827 End
18.07.13 01:30:02 >> HookCon_Service сообщает : Game#1025828 Start
18.07.13 01:30:28 >> HookCon_Service сообщает : Game#1025828 Win Number: [2]
18.07.13 01:30:29 >> HookCon_Service сообщает : Game#1025828 End
18.07.13 01:30:58 >> HookCon_Service сообщает : Game#1025829 Start
18.07.13 01:31:26 >> HookCon_Service сообщает : Game#1025829 Win Number: [13]
18.07.13 01:31:26 >> HookCon_Service сообщает : Game#1025829 End
18.07.13 01:31:57 >> HookCon_Service сообщает : Game#1025830 Start
18.07.13 01:32:35 >> HookCon_Service сообщает : Game#1025830 Win Number: [19]
18.07.13 01:32:35 >> HookCon_Service сообщает : Game#1025830 End
18.07.13 01:32:57 >> HookCon_Service сообщает : Game#1025831 Start
18.07.13 01:33:25 >> HookCon_Service сообщает : Game#1025831 Win Number: [29]
18.07.13 01:33:25 >> HookCon_Service сообщает : Game#1025831 End
18.07.13 01:33:55 >> HookCon_Service сообщает : Game#1025832 Start
18.07.13 01:34:23 >> HookCon_Service сообщает : Game#1025832 Win Number: [13]
18.07.13 01:34:24 >> HookCon_Service сообщает : Game#1025832 End
18.07.13 01:34:53 >> HookCon_Service сообщает : Game#1025833 Start
18.07.13 01:35:21 >> HookCon_Service сообщает : Game#1025833 Win Number: [26]
18.07.13 01:35:22 >> HookCon_Service сообщает : Game#1025833 End
18.07.13 01:35:51 >> HookCon_Service сообщает : Game#1025834 Start
18.07.13 01:36:18 >> HookCon_Service сообщает : Game#1025834 Win Number: [17]
18.07.13 01:36:18 >> HookCon_Service сообщает : Game#1025834 End
18.07.13 01:36:47 >> HookCon_Service сообщает : Game#1025835 Start
18.07.13 01:37:15 >> HookCon_Service сообщает : Game#1025835 Win Number: [26]
18.07.13 01:37:15 >> HookCon_Service сообщает : Game#1025835 End
18.07.13 01:37:44 >> HookCon_Service сообщает : Game#1025836 Start
18.07.13 01:38:09 >> HookCon_Service сообщает : Game#1025836 Win Number: [31]
18.07.13 01:38:10 >> HookCon_Service сообщает : Game#1025836 End
18.07.13 01:38:39 >> HookCon_Service сообщает : Game#1025837 Start
18.07.13 01:39:06 >> HookCon_Service сообщает : Game#1025837 End
18.07.13 01:39:06 >> Last Game Win Result has been lost. Sending repeated request
18.07.13 01:42:32 >> HookCon_Service сообщает : Game#1025838 Start
18.07.13 01:43:00 >> HookCon_Service сообщает : Game#1025838 Win Number: [24]
18.07.13 01:43:00 >> HookCon_Service сообщает : Game#1025838 End
18.07.13 01:44:32 >> HookCon_Service сообщает : Game#1025839 Start
18.07.13 01:44:57 >> HookCon_Service сообщает : Game#1025839 Win Number: [32]
18.07.13 01:44:58 >> HookCon_Service сообщает : Game#1025839 End
18.07.13 01:46:30 >> HookCon_Service сообщает : Game#1025840 Start
18.07.13 01:46:58 >> HookCon_Service сообщает : Game#1025840 Win Number: [15]
18.07.13 01:46:58 >> HookCon_Service сообщает : Game#1025840 End
18.07.13 01:48:29 >> HookCon_Service сообщает : Game#1025841 Start
18.07.13 01:48:55 >> HookCon_Service сообщает : Game#1025841 Win Number: [16]
18.07.13 01:48:55 >> HookCon_Service сообщает : Game#1025841 End
18.07.13 01:50:27 >> HookCon_Service сообщает : Game#1025842 Start
18.07.13 01:50:52 >> HookCon_Service сообщает : Game#1025842 Win Number: [18]
18.07.13 01:50:52 >> HookCon_Service сообщает : Game#1025842 End
18.07.13 01:52:25 >> HookCon_Service сообщает : Game#1025843 Start
18.07.13 01:52:51 >> HookCon_Service сообщает : Game#1025843 Win Number: [6]
18.07.13 01:52:51 >> HookCon_Service сообщает : Game#1025843 End
18.07.13 01:54:23 >> HookCon_Service сообщает : Game#1025844 Start
18.07.13 01:54:50 >> HookCon_Service сообщает : Game#1025844 Win Number: [12]
18.07.13 01:54:51 >> HookCon_Service сообщает : Game#1025844 End
18.07.13 01:56:23 >> HookCon_Service сообщает : Game#1025845 Start
18.07.13 01:56:49 >> HookCon_Service сообщает : Game#1025845 Win Number: [27]
18.07.13 01:57:37 >> Web Server отключен. Причина: Удаленный хост принудительно разорвал существующее подключение
18.07.13 01:57:38 >> Подключен клиент: 127.0.0.1
18.07.13 01:57:58 >> Web Server отключен. Причина: Удаленный хост принудительно разорвал существующее подключение
18.07.13 01:58:20 >> Сервер запущен. Ожидание входящих подключений.
18.07.13 01:58:25 >> Подключен клиент: 127.0.0.1
18.07.13 01:59:24 >> Подключен клиент: 192.168.10.39
18.07.13 02:00:20 >> HookCon_Service сообщает : Game#1025847 Start
18.07.13 02:00:46 >> HookCon_Service сообщает : Game#1025847 Win Number: [10]
18.07.13 02:00:47 >> HookCon_Service сообщает : Game#1025847 End
18.07.13 02:02:19 >> HookCon_Service сообщает : Game#1025848 Start
18.07.13 02:02:47 >> HookCon_Service сообщает : Game#1025848 Win Number: [1]
18.07.13 02:02:47 >> HookCon_Service сообщает : Game#1025848 End
18.07.13 02:04:18 >> HookCon_Service сообщает : Game#1025849 Start
18.07.13 02:04:47 >> HookCon_Service сообщает : Game#1025849 Win Number: [24]
18.07.13 02:04:48 >> HookCon_Service сообщает : Game#1025849 End
18.07.13 02:06:20 >> HookCon_Service сообщает : Game#1025850 Start
18.07.13 02:06:46 >> HookCon_Service сообщает : Game#1025850 Win Number: [3]
18.07.13 02:06:47 >> HookCon_Service сообщает : Game#1025850 End
18.07.13 02:08:19 >> HookCon_Service сообщает : Game#1025851 Start
18.07.13 02:08:44 >> HookCon_Service сообщает : Game#1025851 Win Number: [16]
18.07.13 02:08:44 >> HookCon_Service сообщает : Game#1025851 End
18.07.13 02:10:17 >> HookCon_Service сообщает : Game#1025852 Start
18.07.13 02:10:43 >> HookCon_Service сообщает : Game#1025852 Win Number: [20]
18.07.13 02:10:43 >> HookCon_Service сообщает : Game#1025852 End
18.07.13 02:12:16 >> HookCon_Service сообщает : Game#1025853 Start
18.07.13 02:12:44 >> HookCon_Service сообщает : Game#1025853 Win Number: [11]
18.07.13 02:12:44 >> HookCon_Service сообщает : Game#1025853 End
18.07.13 02:14:17 >> HookCon_Service сообщает : Game#1025854 Start
18.07.13 02:14:42 >> HookCon_Service сообщает : Game#1025854 Win Number: [10]
18.07.13 02:14:43 >> HookCon_Service сообщает : Game#1025854 End
18.07.13 02:16:15 >> HookCon_Service сообщает : Game#1025855 Start
18.07.13 02:16:40 >> HookCon_Service сообщает : Game#1025855 Win Number: [4]
18.07.13 02:16:40 >> HookCon_Service сообщает : Game#1025855 End
18.07.13 02:18:12 >> HookCon_Service сообщает : Game#1025856 Start
18.07.13 02:18:38 >> HookCon_Service сообщает : Game#1025856 Win Number: [5]
18.07.13 02:18:38 >> HookCon_Service сообщает : Game#1025856 End
18.07.13 02:20:11 >> HookCon_Service сообщает : Game#1025857 Start
18.07.13 02:20:38 >> HookCon_Service сообщает : Game#1025857 Win Number: [7]
18.07.13 02:20:39 >> HookCon_Service сообщает : Game#1025857 End
18.07.13 02:22:11 >> HookCon_Service сообщает : Game#1025858 Start
18.07.13 02:22:35 >> HookCon_Service сообщает : Game#1025858 Win Number: [35]
18.07.13 02:22:36 >> HookCon_Service сообщает : Game#1025858 End
18.07.13 02:24:08 >> HookCon_Service сообщает : Game#1025859 Start
18.07.13 02:24:35 >> HookCon_Service сообщает : Game#1025859 Win Number: [11]
18.07.13 02:24:36 >> HookCon_Service сообщает : Game#1025859 End
18.07.13 02:26:09 >> HookCon_Service сообщает : Game#1025860 Start
18.07.13 02:26:34 >> HookCon_Service сообщает : Game#1025860 Win Number: [21]
18.07.13 02:26:35 >> HookCon_Service сообщает : Game#1025860 End
18.07.13 02:28:07 >> HookCon_Service сообщает : Game#1025861 Start
18.07.13 02:28:31 >> HookCon_Service сообщает : Game#1025861 Win Number: [31]
18.07.13 02:28:32 >> HookCon_Service сообщает : Game#1025861 End
18.07.13 02:30:05 >> HookCon_Service сообщает : Game#1025862 Start
18.07.13 02:30:33 >> HookCon_Service сообщает : Game#1025862 Win Number: [1]
18.07.13 02:30:33 >> HookCon_Service сообщает : Game#1025862 End
18.07.13 02:32:05 >> HookCon_Service сообщает : Game#1025863 Start
18.07.13 02:32:31 >> HookCon_Service сообщает : Game#1025863 Win Number: [3]
18.07.13 02:32:32 >> HookCon_Service сообщает : Game#1025863 End
18.07.13 02:34:16 >> HookCon_Service сообщает : Game#1025864 Start
18.07.13 02:34:33 >> HookCon_Service сообщает : Game#1025864 Win Number: [15]
18.07.13 02:34:33 >> HookCon_Service сообщает : Game#1025864 End
18.07.13 02:36:05 >> HookCon_Service сообщает : Game#1025865 Start
18.07.13 02:36:32 >> HookCon_Service сообщает : Game#1025865 Win Number: [5]
18.07.13 02:36:33 >> HookCon_Service сообщает : Game#1025865 End
18.07.13 02:38:06 >> HookCon_Service сообщает : Game#1025866 Start
18.07.13 02:38:32 >> HookCon_Service сообщает : Game#1025866 Win Number: [29]
18.07.13 02:38:33 >> HookCon_Service сообщает : Game#1025866 End
18.07.13 02:40:04 >> HookCon_Service сообщает : Game#1025867 Start
18.07.13 02:40:28 >> HookCon_Service сообщает : Game#1025867 Win Number: [9]
18.07.13 02:40:28 >> HookCon_Service сообщает : Game#1025867 End
18.07.13 02:42:00 >> HookCon_Service сообщает : Game#1025868 Start
18.07.13 02:42:26 >> HookCon_Service сообщает : Game#1025868 Win Number: [9]
18.07.13 02:42:26 >> HookCon_Service сообщает : Game#1025868 End
18.07.13 02:43:58 >> HookCon_Service сообщает : Game#1025869 Start
18.07.13 02:44:35 >> HookCon_Service сообщает : Game#1025869 Win Number: [29]
18.07.13 02:44:36 >> HookCon_Service сообщает : Game#1025869 End
18.07.13 02:46:09 >> HookCon_Service сообщает : Game#1025870 Start
18.07.13 02:46:33 >> HookCon_Service сообщает : Game#1025870 Win Number: [24]
18.07.13 02:46:34 >> HookCon_Service сообщает : Game#1025870 End
18.07.13 02:48:05 >> HookCon_Service сообщает : Game#1025871 Start
18.07.13 02:48:31 >> HookCon_Service сообщает : Game#1025871 Win Number: [13]
18.07.13 02:48:32 >> HookCon_Service сообщает : Game#1025871 End
18.07.13 02:50:03 >> HookCon_Service сообщает : Game#1025872 Start
18.07.13 02:50:29 >> HookCon_Service сообщает : Game#1025872 Win Number: [18]
18.07.13 02:50:29 >> HookCon_Service сообщает : Game#1025872 End
18.07.13 02:52:01 >> HookCon_Service сообщает : Game#1025873 Start
18.07.13 02:52:27 >> HookCon_Service сообщает : Game#1025873 Win Number: [24]
18.07.13 02:52:27 >> HookCon_Service сообщает : Game#1025873 End
18.07.13 02:54:00 >> HookCon_Service сообщает : Game#1025874 Start
18.07.13 02:54:30 >> HookCon_Service сообщает : Game#1025874 Win Number: [27]
18.07.13 02:54:30 >> HookCon_Service сообщает : Game#1025874 End
18.07.13 02:56:02 >> HookCon_Service сообщает : Game#1025875 Start
18.07.13 02:56:29 >> HookCon_Service сообщает : Game#1025875 Win Number: [10]
18.07.13 02:56:30 >> HookCon_Service сообщает : Game#1025875 End
18.07.13 02:58:01 >> HookCon_Service сообщает : Game#1025876 Start
18.07.13 02:58:31 >> HookCon_Service сообщает : Game#1025876 Win Number: [36]
18.07.13 02:58:32 >> HookCon_Service сообщает : Game#1025876 End
18.07.13 03:00:04 >> HookCon_Service сообщает : Game#1025877 Start
18.07.13 03:00:34 >> HookCon_Service сообщает : Game#1025877 Win Number: [26]
18.07.13 03:00:35 >> HookCon_Service сообщает : Game#1025877 End
18.07.13 03:02:06 >> HookCon_Service сообщает : Game#1025878 Start
18.07.13 03:02:32 >> HookCon_Service сообщает : Game#1025878 Win Number: [17]
18.07.13 03:02:32 >> HookCon_Service сообщает : Game#1025878 End
18.07.13 03:04:04 >> HookCon_Service сообщает : Game#1025879 Start
18.07.13 03:04:30 >> HookCon_Service сообщает : Game#1025879 Win Number: [24]
18.07.13 03:04:31 >> HookCon_Service сообщает : Game#1025879 End
18.07.13 03:06:04 >> HookCon_Service сообщает : Game#1025880 Start
18.07.13 03:06:29 >> HookCon_Service сообщает : Game#1025880 Win Number: [30]
18.07.13 03:06:30 >> HookCon_Service сообщает : Game#1025880 End
18.07.13 03:08:03 >> HookCon_Service сообщает : Game#1025881 Start
18.07.13 03:08:28 >> HookCon_Service сообщает : Game#1025881 Win Number: [5]
18.07.13 03:08:29 >> HookCon_Service сообщает : Game#1025881 End
18.07.13 03:10:02 >> HookCon_Service сообщает : Game#1025882 Start
18.07.13 03:10:28 >> HookCon_Service сообщает : Game#1025882 Win Number: [21]
18.07.13 03:10:29 >> HookCon_Service сообщает : Game#1025882 End
18.07.13 03:12:02 >> HookCon_Service сообщает : Game#1025883 Start
18.07.13 03:12:27 >> HookCon_Service сообщает : Game#1025883 Win Number: [7]
18.07.13 03:12:28 >> HookCon_Service сообщает : Game#1025883 End
18.07.13 03:13:59 >> HookCon_Service сообщает : Game#1025884 Start
18.07.13 03:14:27 >> HookCon_Service сообщает : Game#1025884 Win Number: [7]
18.07.13 03:14:28 >> HookCon_Service сообщает : Game#1025884 End
18.07.13 03:16:01 >> HookCon_Service сообщает : Game#1025885 Start
18.07.13 03:16:26 >> HookCon_Service сообщает : Game#1025885 Win Number: [8]
18.07.13 03:16:26 >> HookCon_Service сообщает : Game#1025885 End
18.07.13 03:17:59 >> HookCon_Service сообщает : Game#1025886 Start
18.07.13 03:18:26 >> HookCon_Service сообщает : Game#1025886 Win Number: [30]
18.07.13 03:18:26 >> HookCon_Service сообщает : Game#1025886 End
18.07.13 03:19:58 >> HookCon_Service сообщает : Game#1025887 Start
18.07.13 03:20:22 >> HookCon_Service сообщает : Game#1025887 Win Number: [30]
18.07.13 03:20:23 >> HookCon_Service сообщает : Game#1025887 End
18.07.13 03:21:55 >> HookCon_Service сообщает : Game#1025888 Start
18.07.13 03:22:20 >> HookCon_Service сообщает : Game#1025888 Win Number: [4]
18.07.13 03:22:21 >> HookCon_Service сообщает : Game#1025888 End
18.07.13 03:23:53 >> HookCon_Service сообщает : Game#1025889 Start
18.07.13 03:24:19 >> HookCon_Service сообщает : Game#1025889 Win Number: [21]
18.07.13 03:24:20 >> HookCon_Service сообщает : Game#1025889 End
18.07.13 03:25:53 >> HookCon_Service сообщает : Game#1025890 Start
18.07.13 03:26:20 >> HookCon_Service сообщает : Game#1025890 Win Number: [32]
18.07.13 03:26:21 >> HookCon_Service сообщает : Game#1025890 End
18.07.13 03:27:52 >> HookCon_Service сообщает : Game#1025891 Start
18.07.13 03:28:18 >> HookCon_Service сообщает : Game#1025891 Win Number: [25]
18.07.13 03:28:18 >> HookCon_Service сообщает : Game#1025891 End
18.07.13 03:29:50 >> HookCon_Service сообщает : Game#1025892 Start
18.07.13 03:30:17 >> HookCon_Service сообщает : Game#1025892 Win Number: [11]
18.07.13 03:30:18 >> HookCon_Service сообщает : Game#1025892 End
18.07.13 03:31:49 >> HookCon_Service сообщает : Game#1025893 Start
18.07.13 03:32:16 >> HookCon_Service сообщает : Game#1025893 Win Number: [8]
18.07.13 03:32:16 >> HookCon_Service сообщает : Game#1025893 End
18.07.13 03:33:48 >> HookCon_Service сообщает : Game#1025894 Start
18.07.13 03:34:16 >> HookCon_Service сообщает : Game#1025894 Win Number: [4]
18.07.13 03:34:17 >> HookCon_Service сообщает : Game#1025894 End
18.07.13 03:35:56 >> HookCon_Service сообщает : Game#1025895 Start
18.07.13 03:36:14 >> HookCon_Service сообщает : Game#1025895 Win Number: [15]
18.07.13 03:36:14 >> HookCon_Service сообщает : Game#1025895 End
18.07.13 03:37:47 >> HookCon_Service сообщает : Game#1025896 Start
18.07.13 03:38:13 >> HookCon_Service сообщает : Game#1025896 Win Number: [27]
18.07.13 03:38:13 >> HookCon_Service сообщает : Game#1025896 End
18.07.13 03:39:45 >> HookCon_Service сообщает : Game#1025897 Start
18.07.13 03:40:11 >> HookCon_Service сообщает : Game#1025897 Win Number: [34]
18.07.13 03:40:11 >> HookCon_Service сообщает : Game#1025897 End
18.07.13 03:41:43 >> HookCon_Service сообщает : Game#1025898 Start
18.07.13 03:42:12 >> HookCon_Service сообщает : Game#1025898 Win Number: [8]
18.07.13 03:42:13 >> HookCon_Service сообщает : Game#1025898 End
18.07.13 03:43:45 >> HookCon_Service сообщает : Game#1025899 Start
18.07.13 03:44:12 >> HookCon_Service сообщает : Game#1025899 Win Number: [1]
18.07.13 03:44:13 >> HookCon_Service сообщает : Game#1025899 End
18.07.13 03:45:46 >> HookCon_Service сообщает : Game#1025900 Start
18.07.13 03:49:49 >> HookCon_Service сообщает : Game#1025901 Start
18.07.13 03:50:18 >> HookCon_Service сообщает : Game#1025901 Win Number: [31]
18.07.13 03:50:19 >> HookCon_Service сообщает : Game#1025901 End
18.07.13 03:51:51 >> HookCon_Service сообщает : Game#1025902 Start
18.07.13 03:51:51 >> WebClient [192.168.10.5:50933] made a next bet(s)22;19
18.07.13 03:52:18 >> HookCon_Service сообщает : Game#1025902 Win Number: [22]
18.07.13 03:52:19 >> HookCon_Service сообщает : Game#1025902 End
18.07.13 03:53:50 >> HookCon_Service сообщает : Game#1025903 Start
18.07.13 03:54:16 >> HookCon_Service сообщает : Game#1025903 Win Number: [35]
18.07.13 03:54:16 >> HookCon_Service сообщает : Game#1025903 End
18.07.13 03:55:48 >> HookCon_Service сообщает : Game#1025904 Start
18.07.13 03:56:17 >> HookCon_Service сообщает : Game#1025904 Win Number: [28]
18.07.13 03:56:29 >> HookCon_Service сообщает : Game#1025904 End
18.07.13 03:57:57 >> HookCon_Service сообщает : Game#1025905 Start
18.07.13 03:58:25 >> HookCon_Service сообщает : Game#1025905 Win Number: [24]
18.07.13 03:58:25 >> HookCon_Service сообщает : Game#1025905 End
18.07.13 03:59:57 >> HookCon_Service сообщает : Game#1025906 Start
18.07.13 04:00:25 >> HookCon_Service сообщает : Game#1025906 Win Number: [32]
18.07.13 04:00:25 >> HookCon_Service сообщает : Game#1025906 End
18.07.13 04:01:56 >> HookCon_Service сообщает : Game#1025907 Start
18.07.13 04:02:22 >> HookCon_Service сообщает : Game#1025907 Win Number: [17]
18.07.13 04:02:23 >> HookCon_Service сообщает : Game#1025907 End
18.07.13 04:03:54 >> HookCon_Service сообщает : Game#1025908 Start
18.07.13 04:04:24 >> HookCon_Service сообщает : Game#1025908 Win Number: [36]
18.07.13 04:04:24 >> HookCon_Service сообщает : Game#1025908 End
18.07.13 04:05:55 >> HookCon_Service сообщает : Game#1025909 Start
18.07.13 04:06:25 >> HookCon_Service сообщает : Game#1025909 Win Number: [34]
18.07.13 04:06:26 >> HookCon_Service сообщает : Game#1025909 End
18.07.13 04:07:58 >> HookCon_Service сообщает : Game#1025910 Start
18.07.13 04:08:26 >> HookCon_Service сообщает : Game#1025910 Win Number: [3]
18.07.13 04:08:26 >> HookCon_Service сообщает : Game#1025910 End
18.07.13 04:09:58 >> HookCon_Service сообщает : Game#1025911 Start
18.07.13 04:10:25 >> HookCon_Service сообщает : Game#1025911 Win Number: [12]
18.07.13 04:10:26 >> HookCon_Service сообщает : Game#1025911 End
18.07.13 04:11:58 >> HookCon_Service сообщает : Game#1025912 Start
18.07.13 04:12:26 >> HookCon_Service сообщает : Game#1025912 Win Number: [2]
18.07.13 04:12:27 >> HookCon_Service сообщает : Game#1025912 End
18.07.13 04:13:58 >> HookCon_Service сообщает : Game#1025913 Start
18.07.13 04:14:27 >> HookCon_Service сообщает : Game#1025913 Win Number: [27]
18.07.13 04:14:28 >> HookCon_Service сообщает : Game#1025913 End
18.07.13 04:15:59 >> HookCon_Service сообщает : Game#1025914 Start
18.07.13 04:16:27 >> HookCon_Service сообщает : Game#1025914 Win Number: [3]
18.07.13 04:16:28 >> HookCon_Service сообщает : Game#1025914 End
18.07.13 04:17:59 >> HookCon_Service сообщает : Game#1025915 Start
18.07.13 04:18:29 >> HookCon_Service сообщает : Game#1025915 Win Number: [12]
18.07.13 04:18:29 >> HookCon_Service сообщает : Game#1025915 End
18.07.13 04:20:02 >> HookCon_Service сообщает : Game#1025916 Start
18.07.13 04:20:29 >> HookCon_Service сообщает : Game#1025916 Win Number: [32]
18.07.13 04:20:29 >> HookCon_Service сообщает : Game#1025916 End
18.07.13 04:22:00 >> HookCon_Service сообщает : Game#1025917 Start
18.07.13 04:22:26 >> HookCon_Service сообщает : Game#1025917 Win Number: [6]
18.07.13 04:22:26 >> HookCon_Service сообщает : Game#1025917 End
18.07.13 04:23:57 >> HookCon_Service сообщает : Game#1025918 Start
18.07.13 04:24:29 >> HookCon_Service сообщает : Game#1025918 Win Number: [25]
18.07.13 04:24:29 >> HookCon_Service сообщает : Game#1025918 End
18.07.13 04:26:01 >> HookCon_Service сообщает : Game#1025919 Start
18.07.13 04:26:28 >> HookCon_Service сообщает : Game#1025919 Win Number: [22]
18.07.13 04:26:29 >> HookCon_Service сообщает : Game#1025919 End
18.07.13 04:28:02 >> HookCon_Service сообщает : Game#1025920 Start
18.07.13 04:28:34 >> HookCon_Service сообщает : Game#1025920 Win Number: [13]
18.07.13 04:28:35 >> HookCon_Service сообщает : Game#1025920 End
18.07.13 04:30:06 >> HookCon_Service сообщает : Game#1025921 Start
18.07.13 04:30:35 >> HookCon_Service сообщает : Game#1025921 Win Number: [1]
18.07.13 04:30:35 >> HookCon_Service сообщает : Game#1025921 End
18.07.13 04:32:06 >> HookCon_Service сообщает : Game#1025922 Start
18.07.13 04:32:36 >> HookCon_Service сообщает : Game#1025922 Win Number: [25]
18.07.13 04:32:36 >> HookCon_Service сообщает : Game#1025922 End
18.07.13 04:34:07 >> HookCon_Service сообщает : Game#1025923 Start
18.07.13 04:34:34 >> HookCon_Service сообщает : Game#1025923 Win Number: [26]
18.07.13 04:34:34 >> HookCon_Service сообщает : Game#1025923 End
18.07.13 04:36:05 >> HookCon_Service сообщает : Game#1025924 Start
18.07.13 04:36:34 >> HookCon_Service сообщает : Game#1025924 Win Number: [14]
18.07.13 04:36:34 >> HookCon_Service сообщает : Game#1025924 End
18.07.13 04:38:05 >> HookCon_Service сообщает : Game#1025925 Start
18.07.13 04:38:32 >> HookCon_Service сообщает : Game#1025925 Win Number: [15]
18.07.13 04:38:32 >> HookCon_Service сообщает : Game#1025925 End
18.07.13 04:40:04 >> HookCon_Service сообщает : Game#1025926 Start
18.07.13 04:40:31 >> HookCon_Service сообщает : Game#1025926 Win Number: [23]
18.07.13 04:40:31 >> HookCon_Service сообщает : Game#1025926 End
18.07.13 04:42:03 >> HookCon_Service сообщает : Game#1025927 Start
18.07.13 04:42:29 >> HookCon_Service сообщает : Game#1025927 Win Number: [30]
18.07.13 04:42:30 >> HookCon_Service сообщает : Game#1025927 End
18.07.13 04:44:01 >> HookCon_Service сообщает : Game#1025928 Start
18.07.13 04:44:29 >> HookCon_Service сообщает : Game#1025928 Win Number: [22]
18.07.13 04:44:29 >> HookCon_Service сообщает : Game#1025928 End
18.07.13 04:46:01 >> HookCon_Service сообщает : Game#1025929 Start
18.07.13 04:46:28 >> HookCon_Service сообщает : Game#1025929 Win Number: [20]
18.07.13 04:46:29 >> HookCon_Service сообщает : Game#1025929 End
18.07.13 04:48:01 >> HookCon_Service сообщает : Game#1025930 Start
18.07.13 04:48:28 >> HookCon_Service сообщает : Game#1025930 Win Number: [34]
18.07.13 04:48:29 >> HookCon_Service сообщает : Game#1025930 End
18.07.13 04:50:00 >> HookCon_Service сообщает : Game#1025931 Start
18.07.13 04:50:28 >> HookCon_Service сообщает : Game#1025931 Win Number: [5]
18.07.13 04:50:28 >> HookCon_Service сообщает : Game#1025931 End
18.07.13 04:52:00 >> HookCon_Service сообщает : Game#1025932 Start
18.07.13 04:52:26 >> HookCon_Service сообщает : Game#1025932 Win Number: [26]
18.07.13 04:52:27 >> HookCon_Service сообщает : Game#1025932 End
18.07.13 04:53:58 >> HookCon_Service сообщает : Game#1025933 Start
18.07.13 04:54:24 >> HookCon_Service сообщает : Game#1025933 Win Number: [13]
18.07.13 04:54:25 >> HookCon_Service сообщает : Game#1025933 End
18.07.13 04:55:56 >> HookCon_Service сообщает : Game#1025934 Start
18.07.13 04:56:24 >> HookCon_Service сообщает : Game#1025934 Win Number: [18]
18.07.13 04:56:25 >> HookCon_Service сообщает : Game#1025934 End
18.07.13 04:58:07 >> HookCon_Service сообщает : Game#1025935 Start
18.07.13 04:58:25 >> HookCon_Service сообщает : Game#1025935 Win Number: [17]
18.07.13 04:58:25 >> HookCon_Service сообщает : Game#1025935 End
18.07.13 04:59:57 >> HookCon_Service сообщает : Game#1025936 Start
18.07.13 05:00:24 >> HookCon_Service сообщает : Game#1025936 Win Number: [11]
18.07.13 05:00:24 >> HookCon_Service сообщает : Game#1025936 End
18.07.13 05:01:56 >> HookCon_Service сообщает : Game#1025937 Start
18.07.13 05:02:23 >> HookCon_Service сообщает : Game#1025937 Win Number: [33]
18.07.13 05:02:23 >> HookCon_Service сообщает : Game#1025937 End
18.07.13 05:03:55 >> HookCon_Service сообщает : Game#1025938 Start
18.07.13 05:04:24 >> HookCon_Service сообщает : Game#1025938 Win Number: [32]
18.07.13 05:04:25 >> HookCon_Service сообщает : Game#1025938 End
18.07.13 05:05:56 >> HookCon_Service сообщает : Game#1025939 Start
18.07.13 05:06:22 >> HookCon_Service сообщает : Game#1025939 Win Number: [10]
18.07.13 05:06:23 >> HookCon_Service сообщает : Game#1025939 End
18.07.13 05:07:56 >> HookCon_Service сообщает : Game#1025940 Start
18.07.13 05:08:23 >> HookCon_Service сообщает : Game#1025940 Win Number: [33]
18.07.13 05:08:23 >> HookCon_Service сообщает : Game#1025940 End
18.07.13 05:09:55 >> HookCon_Service сообщает : Game#1025941 Start
18.07.13 05:10:21 >> HookCon_Service сообщает : Game#1025941 Win Number: [16]
18.07.13 05:10:21 >> HookCon_Service сообщает : Game#1025941 End
18.07.13 05:11:53 >> HookCon_Service сообщает : Game#1025942 Start
18.07.13 05:12:22 >> HookCon_Service сообщает : Game#1025942 Win Number: [32]
18.07.13 05:12:23 >> HookCon_Service сообщает : Game#1025942 End
18.07.13 05:13:54 >> HookCon_Service сообщает : Game#1025943 Start
18.07.13 05:14:22 >> HookCon_Service сообщает : Game#1025943 Win Number: [4]
18.07.13 05:14:22 >> HookCon_Service сообщает : Game#1025943 End
18.07.13 05:15:54 >> HookCon_Service сообщает : Game#1025944 Start
18.07.13 05:16:21 >> HookCon_Service сообщает : Game#1025944 Win Number: [25]
18.07.13 05:16:22 >> HookCon_Service сообщает : Game#1025944 End
18.07.13 05:17:53 >> HookCon_Service сообщает : Game#1025945 Start
18.07.13 05:18:20 >> HookCon_Service сообщает : Game#1025945 Win Number: [4]
18.07.13 05:19:51 >> HookCon_Service сообщает : Game#1025946 Start
18.07.13 05:20:22 >> HookCon_Service сообщает : Game#1025946 Win Number: [23]
18.07.13 05:20:22 >> HookCon_Service сообщает : Game#1025946 End
18.07.13 05:21:53 >> HookCon_Service сообщает : Game#1025947 Start
18.07.13 05:22:21 >> HookCon_Service сообщает : Game#1025947 Win Number: [2]
18.07.13 05:22:21 >> HookCon_Service сообщает : Game#1025947 End
18.07.13 05:23:53 >> HookCon_Service сообщает : Game#1025948 Start
18.07.13 05:24:20 >> HookCon_Service сообщает : Game#1025948 Win Number: [10]
18.07.13 05:24:21 >> HookCon_Service сообщает : Game#1025948 End
18.07.13 05:25:54 >> HookCon_Service сообщает : Game#1025949 Start
18.07.13 05:26:22 >> HookCon_Service сообщает : Game#1025949 Win Number: [25]
18.07.13 05:26:23 >> HookCon_Service сообщает : Game#1025949 End
18.07.13 05:27:56 >> HookCon_Service сообщает : Game#1025950 Start
18.07.13 05:28:24 >> HookCon_Service сообщает : Game#1025950 Win Number: [31]
18.07.13 05:28:24 >> HookCon_Service сообщает : Game#1025950 End
18.07.13 05:29:55 >> HookCon_Service сообщает : Game#1025951 Start
18.07.13 05:30:23 >> HookCon_Service сообщает : Game#1025951 Win Number: [16]
18.07.13 05:30:24 >> HookCon_Service сообщает : Game#1025951 End
18.07.13 05:31:55 >> HookCon_Service сообщает : Game#1025952 Start
18.07.13 05:32:26 >> HookCon_Service сообщает : Game#1025952 Win Number: [32]
18.07.13 05:32:27 >> HookCon_Service сообщает : Game#1025952 End
18.07.13 05:33:58 >> HookCon_Service сообщает : Game#1025953 Start
18.07.13 05:34:28 >> HookCon_Service сообщает : Game#1025953 Win Number: [25]
18.07.13 05:34:28 >> HookCon_Service сообщает : Game#1025953 End
18.07.13 05:36:00 >> HookCon_Service сообщает : Game#1025954 Start
18.07.13 05:36:25 >> HookCon_Service сообщает : Game#1025954 Win Number: [31]
18.07.13 05:36:25 >> HookCon_Service сообщает : Game#1025954 End
18.07.13 05:37:57 >> HookCon_Service сообщает : Game#1025955 Start
18.07.13 05:38:25 >> HookCon_Service сообщает : Game#1025955 Win Number: [16]
18.07.13 05:38:25 >> HookCon_Service сообщает : Game#1025955 End
18.07.13 05:39:57 >> HookCon_Service сообщает : Game#1025956 Start
18.07.13 05:40:24 >> HookCon_Service сообщает : Game#1025956 Win Number: [6]
18.07.13 05:40:24 >> HookCon_Service сообщает : Game#1025956 End
18.07.13 05:41:56 >> HookCon_Service сообщает : Game#1025957 Start
18.07.13 05:42:23 >> HookCon_Service сообщает : Game#1025957 Win Number: [6]
18.07.13 05:42:23 >> HookCon_Service сообщает : Game#1025957 End
18.07.13 05:43:55 >> HookCon_Service сообщает : Game#1025958 Start
18.07.13 05:44:21 >> HookCon_Service сообщает : Game#1025958 Win Number: [3]
18.07.13 05:44:21 >> HookCon_Service сообщает : Game#1025958 End
18.07.13 05:45:52 >> HookCon_Service сообщает : Game#1025959 Start
18.07.13 05:46:21 >> HookCon_Service сообщает : Game#1025959 Win Number: [25]
18.07.13 05:46:22 >> HookCon_Service сообщает : Game#1025959 End
18.07.13 05:47:54 >> HookCon_Service сообщает : Game#1025960 Start
18.07.13 05:48:25 >> HookCon_Service сообщает : Game#1025960 Win Number: [36]
18.07.13 05:48:26 >> HookCon_Service сообщает : Game#1025960 End
18.07.13 05:49:57 >> HookCon_Service сообщает : Game#1025961 Start
18.07.13 05:50:26 >> HookCon_Service сообщает : Game#1025961 Win Number: [12]
18.07.13 05:50:26 >> HookCon_Service сообщает : Game#1025961 End
18.07.13 05:51:57 >> HookCon_Service сообщает : Game#1025962 Start
18.07.13 05:52:25 >> HookCon_Service сообщает : Game#1025962 Win Number: [9]
18.07.13 05:52:26 >> HookCon_Service сообщает : Game#1025962 End
18.07.13 05:53:57 >> HookCon_Service сообщает : Game#1025963 Start
18.07.13 05:54:24 >> HookCon_Service сообщает : Game#1025963 Win Number: [19]
18.07.13 05:54:25 >> HookCon_Service сообщает : Game#1025963 End
18.07.13 05:55:56 >> HookCon_Service сообщает : Game#1025964 Start
18.07.13 05:56:25 >> HookCon_Service сообщает : Game#1025964 Win Number: [17]
18.07.13 05:56:25 >> HookCon_Service сообщает : Game#1025964 End
18.07.13 05:57:57 >> HookCon_Service сообщает : Game#1025965 Start
18.07.13 05:58:25 >> HookCon_Service сообщает : Game#1025965 Win Number: [26]
18.07.13 05:58:25 >> HookCon_Service сообщает : Game#1025965 End
18.07.13 05:59:58 >> HookCon_Service сообщает : Game#1025966 Start
18.07.13 06:00:28 >> HookCon_Service сообщает : Game#1025966 Win Number: [7]
18.07.13 06:00:28 >> HookCon_Service сообщает : Game#1025966 End
18.07.13 06:01:59 >> HookCon_Service сообщает : Game#1025967 Start
18.07.13 06:02:27 >> HookCon_Service сообщает : Game#1025967 Win Number: [18]
18.07.13 06:02:27 >> HookCon_Service сообщает : Game#1025967 End
18.07.13 06:03:59 >> HookCon_Service сообщает : Game#1025968 Start
18.07.13 06:04:26 >> HookCon_Service сообщает : Game#1025968 Win Number: [8]
18.07.13 06:04:26 >> HookCon_Service сообщает : Game#1025968 End
18.07.13 06:05:58 >> HookCon_Service сообщает : Game#1025969 Start
18.07.13 06:06:25 >> HookCon_Service сообщает : Game#1025969 Win Number: [21]
18.07.13 06:06:26 >> HookCon_Service сообщает : Game#1025969 End
18.07.13 06:07:59 >> HookCon_Service сообщает : Game#1025970 Start
18.07.13 06:08:27 >> HookCon_Service сообщает : Game#1025970 Win Number: [13]
18.07.13 06:08:28 >> HookCon_Service сообщает : Game#1025970 End
18.07.13 06:09:59 >> HookCon_Service сообщает : Game#1025971 Start
18.07.13 06:10:26 >> HookCon_Service сообщает : Game#1025971 Win Number: [35]
18.07.13 06:10:26 >> HookCon_Service сообщает : Game#1025971 End
18.07.13 06:11:59 >> HookCon_Service сообщает : Game#1025972 Start
18.07.13 06:12:29 >> HookCon_Service сообщает : Game#1025972 Win Number: [19]
18.07.13 06:12:30 >> HookCon_Service сообщает : Game#1025972 End
18.07.13 06:14:01 >> HookCon_Service сообщает : Game#1025973 Start
18.07.13 06:14:30 >> HookCon_Service сообщает : Game#1025973 Win Number: [8]
18.07.13 06:14:31 >> HookCon_Service сообщает : Game#1025973 End
18.07.13 06:16:02 >> HookCon_Service сообщает : Game#1025974 Start
18.07.13 06:16:30 >> HookCon_Service сообщает : Game#1025974 Win Number: [28]
18.07.13 06:16:30 >> HookCon_Service сообщает : Game#1025974 End
18.07.13 06:18:02 >> HookCon_Service сообщает : Game#1025975 Start
18.07.13 06:18:30 >> HookCon_Service сообщает : Game#1025975 Win Number: [6]
18.07.13 06:18:30 >> HookCon_Service сообщает : Game#1025975 End
18.07.13 06:20:01 >> HookCon_Service сообщает : Game#1025976 Start
18.07.13 06:20:31 >> HookCon_Service сообщает : Game#1025976 Win Number: [36]
18.07.13 06:20:31 >> HookCon_Service сообщает : Game#1025976 End
18.07.13 06:22:03 >> HookCon_Service сообщает : Game#1025977 Start
18.07.13 06:22:32 >> HookCon_Service сообщает : Game#1025977 Win Number: [3]
18.07.13 06:22:32 >> HookCon_Service сообщает : Game#1025977 End
18.07.13 06:24:04 >> HookCon_Service сообщает : Game#1025978 Start
18.07.13 06:24:33 >> HookCon_Service сообщает : Game#1025978 Win Number: [28]
18.07.13 06:24:34 >> HookCon_Service сообщает : Game#1025978 End
18.07.13 06:26:05 >> HookCon_Service сообщает : Game#1025979 Start
18.07.13 06:26:32 >> HookCon_Service сообщает : Game#1025979 Win Number: [28]
18.07.13 06:26:33 >> HookCon_Service сообщает : Game#1025979 End
18.07.13 06:28:06 >> HookCon_Service сообщает : Game#1025980 Start
18.07.13 06:28:34 >> HookCon_Service сообщает : Game#1025980 Win Number: [14]
18.07.13 06:28:34 >> HookCon_Service сообщает : Game#1025980 End
18.07.13 06:30:05 >> HookCon_Service сообщает : Game#1025981 Start
18.07.13 06:30:37 >> HookCon_Service сообщает : Game#1025981 Win Number: [1]
18.07.13 06:30:37 >> HookCon_Service сообщает : Game#1025981 End
18.07.13 06:32:08 >> HookCon_Service сообщает : Game#1025982 Start
18.07.13 06:32:39 >> HookCon_Service сообщает : Game#1025982 Win Number: [5]
18.07.13 06:32:40 >> HookCon_Service сообщает : Game#1025982 End
18.07.13 06:34:11 >> HookCon_Service сообщает : Game#1025983 Start
18.07.13 06:34:40 >> HookCon_Service сообщает : Game#1025983 Win Number: [12]
18.07.13 06:34:40 >> HookCon_Service сообщает : Game#1025983 End
18.07.13 06:36:12 >> HookCon_Service сообщает : Game#1025984 Start
18.07.13 06:36:39 >> HookCon_Service сообщает : Game#1025984 Win Number: [19]
18.07.13 06:36:39 >> HookCon_Service сообщает : Game#1025984 End
18.07.13 06:38:10 >> HookCon_Service сообщает : Game#1025985 Start
18.07.13 06:38:41 >> HookCon_Service сообщает : Game#1025985 Win Number: [12]
18.07.13 06:38:41 >> HookCon_Service сообщает : Game#1025985 End
18.07.13 06:40:14 >> HookCon_Service сообщает : Game#1025986 Start
18.07.13 06:40:45 >> HookCon_Service сообщает : Game#1025986 Win Number: [9]
18.07.13 06:40:45 >> HookCon_Service сообщает : Game#1025986 End
18.07.13 06:42:17 >> HookCon_Service сообщает : Game#1025987 Start
18.07.13 06:42:44 >> HookCon_Service сообщает : Game#1025987 Win Number: [30]
18.07.13 06:42:45 >> HookCon_Service сообщает : Game#1025987 End
18.07.13 06:44:16 >> HookCon_Service сообщает : Game#1025988 Start
18.07.13 06:44:47 >> HookCon_Service сообщает : Game#1025988 Win Number: [31]
18.07.13 06:44:47 >> HookCon_Service сообщает : Game#1025988 End
18.07.13 06:46:19 >> HookCon_Service сообщает : Game#1025989 Start
18.07.13 06:46:47 >> HookCon_Service сообщает : Game#1025989 Win Number: [22]
18.07.13 06:46:48 >> HookCon_Service сообщает : Game#1025989 End
18.07.13 06:48:20 >> HookCon_Service сообщает : Game#1025990 Start
18.07.13 06:48:52 >> HookCon_Service сообщает : Game#1025990 Win Number: [36]
18.07.13 06:48:52 >> HookCon_Service сообщает : Game#1025990 End
18.07.13 06:50:23 >> HookCon_Service сообщает : Game#1025991 Start
18.07.13 06:50:52 >> HookCon_Service сообщает : Game#1025991 Win Number: [2]
18.07.13 06:50:52 >> HookCon_Service сообщает : Game#1025991 End
18.07.13 06:52:24 >> HookCon_Service сообщает : Game#1025992 Start
18.07.13 06:52:52 >> HookCon_Service сообщает : Game#1025992 Win Number: [9]
18.07.13 06:52:52 >> HookCon_Service сообщает : Game#1025992 End
18.07.13 06:54:23 >> HookCon_Service сообщает : Game#1025993 Start
18.07.13 06:54:53 >> HookCon_Service сообщает : Game#1025993 Win Number: [11]
18.07.13 06:54:53 >> HookCon_Service сообщает : Game#1025993 End
18.07.13 06:56:25 >> HookCon_Service сообщает : Game#1025994 Start
18.07.13 06:56:55 >> HookCon_Service сообщает : Game#1025994 Win Number: [20]
18.07.13 06:56:56 >> HookCon_Service сообщает : Game#1025994 End
18.07.13 06:58:27 >> HookCon_Service сообщает : Game#1025995 Start
18.07.13 06:58:55 >> HookCon_Service сообщает : Game#1025995 Win Number: [18]
18.07.13 06:58:56 >> HookCon_Service сообщает : Game#1025995 End
18.07.13 07:00:27 >> HookCon_Service сообщает : Game#1025996 Start
18.07.13 07:00:54 >> HookCon_Service сообщает : Game#1025996 Win Number: [5]
18.07.13 07:00:54 >> HookCon_Service сообщает : Game#1025996 End
18.07.13 07:02:26 >> HookCon_Service сообщает : Game#1025997 Start
18.07.13 07:02:55 >> HookCon_Service сообщает : Game#1025997 Win Number: [4]
18.07.13 07:02:55 >> HookCon_Service сообщает : Game#1025997 End
18.07.13 07:04:26 >> HookCon_Service сообщает : Game#1025998 Start
18.07.13 07:04:57 >> HookCon_Service сообщает : Game#1025998 Win Number: [2]
18.07.13 07:04:57 >> HookCon_Service сообщает : Game#1025998 End
18.07.13 07:06:29 >> HookCon_Service сообщает : Game#1025999 Start
18.07.13 07:06:58 >> HookCon_Service сообщает : Game#1025999 Win Number: [34]
18.07.13 07:06:59 >> HookCon_Service сообщает : Game#1025999 End
18.07.13 07:08:32 >> HookCon_Service сообщает : Game#1026000 Start
18.07.13 07:09:00 >> HookCon_Service сообщает : Game#1026000 Win Number: [35]
18.07.13 07:09:00 >> HookCon_Service сообщает : Game#1026000 End
18.07.13 07:10:32 >> HookCon_Service сообщает : Game#1026001 Start
18.07.13 07:10:59 >> HookCon_Service сообщает : Game#1026001 Win Number: [36]
18.07.13 07:11:00 >> HookCon_Service сообщает : Game#1026001 End
18.07.13 07:12:32 >> HookCon_Service сообщает : Game#1026002 Start
18.07.13 07:13:01 >> HookCon_Service сообщает : Game#1026002 Win Number: [29]
18.07.13 07:13:01 >> HookCon_Service сообщает : Game#1026002 End
18.07.13 07:14:33 >> HookCon_Service сообщает : Game#1026003 Start
18.07.13 07:15:03 >> HookCon_Service сообщает : Game#1026003 Win Number: [28]
18.07.13 07:15:03 >> HookCon_Service сообщает : Game#1026003 End
18.07.13 07:16:34 >> HookCon_Service сообщает : Game#1026004 Start
18.07.13 07:17:09 >> HookCon_Service сообщает : Game#1026004 Win Number: [22]
18.07.13 07:17:09 >> HookCon_Service сообщает : Game#1026004 End
18.07.13 07:18:40 >> HookCon_Service сообщает : Game#1026005 Start
18.07.13 07:19:12 >> HookCon_Service сообщает : Game#1026005 Win Number: [22]
18.07.13 07:19:12 >> HookCon_Service сообщает : Game#1026005 End
18.07.13 07:20:43 >> HookCon_Service сообщает : Game#1026006 Start
18.07.13 07:21:13 >> HookCon_Service сообщает : Game#1026006 Win Number: [7]
18.07.13 07:21:13 >> HookCon_Service сообщает : Game#1026006 End
18.07.13 07:22:44 >> HookCon_Service сообщает : Game#1026007 Start
18.07.13 07:23:15 >> HookCon_Service сообщает : Game#1026007 Win Number: [22]
18.07.13 07:23:15 >> HookCon_Service сообщает : Game#1026007 End
18.07.13 07:24:46 >> HookCon_Service сообщает : Game#1026008 Start
18.07.13 07:25:16 >> HookCon_Service сообщает : Game#1026008 Win Number: [20]
18.07.13 07:25:16 >> HookCon_Service сообщает : Game#1026008 End
18.07.13 07:26:49 >> HookCon_Service сообщает : Game#1026009 Start
18.07.13 07:27:18 >> HookCon_Service сообщает : Game#1026009 Win Number: [18]
18.07.13 07:27:19 >> HookCon_Service сообщает : Game#1026009 End
18.07.13 07:28:51 >> HookCon_Service сообщает : Game#1026010 Start
18.07.13 07:29:22 >> HookCon_Service сообщает : Game#1026010 Win Number: [5]
18.07.13 07:29:23 >> HookCon_Service сообщает : Game#1026010 End
18.07.13 07:30:54 >> HookCon_Service сообщает : Game#1026011 Start
18.07.13 07:31:21 >> HookCon_Service сообщает : Game#1026011 Win Number: [10]
18.07.13 07:31:22 >> HookCon_Service сообщает : Game#1026011 End
18.07.13 07:32:54 >> HookCon_Service сообщает : Game#1026012 Start
18.07.13 07:33:22 >> HookCon_Service сообщает : Game#1026012 Win Number: [34]
18.07.13 07:33:23 >> HookCon_Service сообщает : Game#1026012 End
18.07.13 07:34:54 >> HookCon_Service сообщает : Game#1026013 Start
18.07.13 07:35:24 >> HookCon_Service сообщает : Game#1026013 Win Number: [0]
18.07.13 07:35:25 >> HookCon_Service сообщает : Game#1026013 End
18.07.13 07:36:56 >> HookCon_Service сообщает : Game#1026014 Start
18.07.13 07:37:29 >> HookCon_Service сообщает : Game#1026014 Win Number: [34]
18.07.13 07:37:29 >> HookCon_Service сообщает : Game#1026014 End
18.07.13 07:39:00 >> HookCon_Service сообщает : Game#1026015 Start
18.07.13 07:39:30 >> HookCon_Service сообщает : Game#1026015 Win Number: [9]
18.07.13 07:39:30 >> HookCon_Service сообщает : Game#1026015 End
18.07.13 07:41:02 >> HookCon_Service сообщает : Game#1026016 Start
18.07.13 07:41:33 >> HookCon_Service сообщает : Game#1026016 Win Number: [12]
18.07.13 07:41:33 >> HookCon_Service сообщает : Game#1026016 End
18.07.13 07:43:04 >> HookCon_Service сообщает : Game#1026017 Start
18.07.13 07:43:32 >> HookCon_Service сообщает : Game#1026017 Win Number: [0]
18.07.13 07:43:32 >> HookCon_Service сообщает : Game#1026017 End
18.07.13 07:45:03 >> HookCon_Service сообщает : Game#1026018 Start
18.07.13 07:45:31 >> HookCon_Service сообщает : Game#1026018 Win Number: [14]
18.07.13 07:45:31 >> HookCon_Service сообщает : Game#1026018 End
18.07.13 07:47:03 >> HookCon_Service сообщает : Game#1026019 Start
18.07.13 07:47:30 >> HookCon_Service сообщает : Game#1026019 Win Number: [22]
18.07.13 07:47:31 >> HookCon_Service сообщает : Game#1026019 End
18.07.13 07:49:04 >> HookCon_Service сообщает : Game#1026020 Start
18.07.13 07:49:32 >> HookCon_Service сообщает : Game#1026020 Win Number: [12]
18.07.13 07:49:33 >> HookCon_Service сообщает : Game#1026020 End
18.07.13 07:51:05 >> HookCon_Service сообщает : Game#1026021 Start
18.07.13 07:51:33 >> HookCon_Service сообщает : Game#1026021 Win Number: [4]
18.07.13 07:51:34 >> HookCon_Service сообщает : Game#1026021 End
18.07.13 07:53:05 >> HookCon_Service сообщает : Game#1026022 Start
18.07.13 07:53:35 >> HookCon_Service сообщает : Game#1026022 Win Number: [6]
18.07.13 07:53:36 >> HookCon_Service сообщает : Game#1026022 End
18.07.13 07:55:07 >> HookCon_Service сообщает : Game#1026023 Start
18.07.13 07:55:36 >> HookCon_Service сообщает : Game#1026023 Win Number: [36]
18.07.13 07:55:37 >> HookCon_Service сообщает : Game#1026023 End
18.07.13 07:57:09 >> HookCon_Service сообщает : Game#1026024 Start
18.07.13 07:57:38 >> HookCon_Service сообщает : Game#1026024 Win Number: [2]
18.07.13 07:57:38 >> HookCon_Service сообщает : Game#1026024 End
18.07.13 07:59:10 >> HookCon_Service сообщает : Game#1026025 Start
18.07.13 07:59:37 >> HookCon_Service сообщает : Game#1026025 Win Number: [30]
18.07.13 07:59:38 >> HookCon_Service сообщает : Game#1026025 End
18.07.13 08:01:09 >> HookCon_Service сообщает : Game#1026026 Start
18.07.13 08:01:40 >> HookCon_Service сообщает : Game#1026026 Win Number: [10]
18.07.13 08:01:40 >> HookCon_Service сообщает : Game#1026026 End
18.07.13 08:03:11 >> HookCon_Service сообщает : Game#1026027 Start
18.07.13 08:03:44 >> HookCon_Service сообщает : Game#1026027 Win Number: [14]
18.07.13 08:03:44 >> HookCon_Service сообщает : Game#1026027 End
18.07.13 08:05:16 >> HookCon_Service сообщает : Game#1026028 Start
18.07.13 08:05:42 >> HookCon_Service сообщает : Game#1026028 Win Number: [15]
18.07.13 08:05:43 >> HookCon_Service сообщает : Game#1026028 End
18.07.13 08:07:14 >> HookCon_Service сообщает : Game#1026029 Start
18.07.13 08:07:42 >> HookCon_Service сообщает : Game#1026029 Win Number: [10]
18.07.13 08:07:43 >> HookCon_Service сообщает : Game#1026029 End
18.07.13 08:09:15 >> HookCon_Service сообщает : Game#1026030 Start
18.07.13 08:09:44 >> HookCon_Service сообщает : Game#1026030 Win Number: [26]
18.07.13 08:09:44 >> HookCon_Service сообщает : Game#1026030 End
18.07.13 08:11:16 >> HookCon_Service сообщает : Game#1026031 Start
18.07.13 08:11:44 >> HookCon_Service сообщает : Game#1026031 Win Number: [6]
18.07.13 08:11:44 >> HookCon_Service сообщает : Game#1026031 End
18.07.13 08:13:16 >> HookCon_Service сообщает : Game#1026032 Start
18.07.13 08:13:45 >> HookCon_Service сообщает : Game#1026032 Win Number: [20]
18.07.13 08:13:45 >> HookCon_Service сообщает : Game#1026032 End
18.07.13 08:15:17 >> HookCon_Service сообщает : Game#1026033 Start
18.07.13 08:15:47 >> HookCon_Service сообщает : Game#1026033 Win Number: [21]
18.07.13 08:15:47 >> HookCon_Service сообщает : Game#1026033 End
18.07.13 08:17:19 >> HookCon_Service сообщает : Game#1026034 Start
18.07.13 08:17:48 >> HookCon_Service сообщает : Game#1026034 Win Number: [34]
18.07.13 08:17:49 >> HookCon_Service сообщает : Game#1026034 End
18.07.13 08:19:21 >> HookCon_Service сообщает : Game#1026035 Start
18.07.13 08:19:51 >> HookCon_Service сообщает : Game#1026035 Win Number: [36]
18.07.13 08:19:51 >> HookCon_Service сообщает : Game#1026035 End
18.07.13 08:21:23 >> HookCon_Service сообщает : Game#1026036 Start
18.07.13 08:21:53 >> HookCon_Service сообщает : Game#1026036 Win Number: [7]
18.07.13 08:21:53 >> HookCon_Service сообщает : Game#1026036 End
18.07.13 08:23:25 >> HookCon_Service сообщает : Game#1026037 Start
18.07.13 08:23:53 >> HookCon_Service сообщает : Game#1026037 Win Number: [4]
18.07.13 08:23:53 >> HookCon_Service сообщает : Game#1026037 End
18.07.13 08:25:24 >> HookCon_Service сообщает : Game#1026038 Start
18.07.13 08:25:51 >> HookCon_Service сообщает : Game#1026038 Win Number: [34]
18.07.13 08:25:51 >> HookCon_Service сообщает : Game#1026038 End
18.07.13 08:27:22 >> HookCon_Service сообщает : Game#1026039 Start
18.07.13 08:27:53 >> HookCon_Service сообщает : Game#1026039 Win Number: [17]
18.07.13 08:27:54 >> HookCon_Service сообщает : Game#1026039 End
18.07.13 08:29:26 >> HookCon_Service сообщает : Game#1026040 Start
18.07.13 08:29:55 >> HookCon_Service сообщает : Game#1026040 Win Number: [3]
18.07.13 08:29:55 >> HookCon_Service сообщает : Game#1026040 End
18.07.13 08:31:27 >> HookCon_Service сообщает : Game#1026041 Start
18.07.13 08:31:55 >> HookCon_Service сообщает : Game#1026041 Win Number: [31]
18.07.13 08:31:55 >> HookCon_Service сообщает : Game#1026041 End
18.07.13 08:33:27 >> HookCon_Service сообщает : Game#1026042 Start
18.07.13 08:33:56 >> HookCon_Service сообщает : Game#1026042 Win Number: [30]
18.07.13 08:33:57 >> HookCon_Service сообщает : Game#1026042 End
18.07.13 08:35:29 >> HookCon_Service сообщает : Game#1026043 Start
18.07.13 08:36:00 >> HookCon_Service сообщает : Game#1026043 Win Number: [12]
18.07.13 08:36:00 >> HookCon_Service сообщает : Game#1026043 End
18.07.13 08:37:31 >> HookCon_Service сообщает : Game#1026044 Start
18.07.13 08:38:03 >> HookCon_Service сообщает : Game#1026044 Win Number: [31]
18.07.13 08:38:03 >> HookCon_Service сообщает : Game#1026044 End
18.07.13 08:39:34 >> HookCon_Service сообщает : Game#1026045 Start
18.07.13 08:40:02 >> HookCon_Service сообщает : Game#1026045 Win Number: [28]
18.07.13 08:41:34 >> HookCon_Service сообщает : Game#1026046 Start
18.07.13 08:42:04 >> HookCon_Service сообщает : Game#1026046 Win Number: [8]
18.07.13 08:42:04 >> HookCon_Service сообщает : Game#1026046 End
18.07.13 08:43:35 >> HookCon_Service сообщает : Game#1026047 Start
18.07.13 08:44:03 >> HookCon_Service сообщает : Game#1026047 Win Number: [25]
18.07.13 08:44:03 >> HookCon_Service сообщает : Game#1026047 End
18.07.13 08:45:34 >> HookCon_Service сообщает : Game#1026048 Start
18.07.13 08:46:03 >> HookCon_Service сообщает : Game#1026048 Win Number: [11]
18.07.13 08:46:04 >> HookCon_Service сообщает : Game#1026048 End
18.07.13 08:47:35 >> HookCon_Service сообщает : Game#1026049 Start
18.07.13 08:48:08 >> HookCon_Service сообщает : Game#1026049 Win Number: [18]
18.07.13 08:48:09 >> HookCon_Service сообщает : Game#1026049 End
18.07.13 08:49:42 >> HookCon_Service сообщает : Game#1026050 Start
18.07.13 08:50:10 >> HookCon_Service сообщает : Game#1026050 Win Number: [2]
18.07.13 08:50:10 >> HookCon_Service сообщает : Game#1026050 End
18.07.13 08:51:41 >> HookCon_Service сообщает : Game#1026051 Start
18.07.13 08:52:10 >> HookCon_Service сообщает : Game#1026051 Win Number: [1]
18.07.13 08:52:10 >> HookCon_Service сообщает : Game#1026051 End
18.07.13 08:53:41 >> HookCon_Service сообщает : Game#1026052 Start
18.07.13 08:54:11 >> HookCon_Service сообщает : Game#1026052 Win Number: [18]
18.07.13 08:54:12 >> HookCon_Service сообщает : Game#1026052 End
18.07.13 08:55:44 >> HookCon_Service сообщает : Game#1026053 Start
18.07.13 08:56:15 >> HookCon_Service сообщает : Game#1026053 Win Number: [15]
18.07.13 08:56:15 >> HookCon_Service сообщает : Game#1026053 End
18.07.13 08:57:46 >> HookCon_Service сообщает : Game#1026054 Start
18.07.13 08:58:16 >> HookCon_Service сообщает : Game#1026054 Win Number: [20]
18.07.13 08:58:17 >> HookCon_Service сообщает : Game#1026054 End
18.07.13 08:59:50 >> HookCon_Service сообщает : Game#1026055 Start
18.07.13 09:00:21 >> HookCon_Service сообщает : Game#1026055 Win Number: [8]
18.07.13 09:00:21 >> HookCon_Service сообщает : Game#1026055 End
18.07.13 09:01:52 >> HookCon_Service сообщает : Game#1026056 Start
18.07.13 09:02:24 >> HookCon_Service сообщает : Game#1026056 Win Number: [19]
18.07.13 09:02:25 >> HookCon_Service сообщает : Game#1026056 End
18.07.13 09:03:56 >> HookCon_Service сообщает : Game#1026057 Start
18.07.13 09:04:25 >> HookCon_Service сообщает : Game#1026057 Win Number: [2]
18.07.13 09:04:25 >> HookCon_Service сообщает : Game#1026057 End
18.07.13 09:05:56 >> HookCon_Service сообщает : Game#1026058 Start
18.07.13 09:06:25 >> HookCon_Service сообщает : Game#1026058 Win Number: [35]
18.07.13 09:06:25 >> HookCon_Service сообщает : Game#1026058 End
18.07.13 09:07:56 >> HookCon_Service сообщает : Game#1026059 Start
18.07.13 09:08:23 >> HookCon_Service сообщает : Game#1026059 Win Number: [18]
18.07.13 09:08:24 >> HookCon_Service сообщает : Game#1026059 End
18.07.13 09:09:56 >> HookCon_Service сообщает : Game#1026060 Start
18.07.13 09:10:26 >> HookCon_Service сообщает : Game#1026060 Win Number: [17]
18.07.13 09:10:27 >> HookCon_Service сообщает : Game#1026060 End
18.07.13 09:11:59 >> HookCon_Service сообщает : Game#1026061 Start
18.07.13 09:12:30 >> HookCon_Service сообщает : Game#1026061 Win Number: [15]
18.07.13 09:12:30 >> HookCon_Service сообщает : Game#1026061 End
18.07.13 09:14:02 >> HookCon_Service сообщает : Game#1026062 Start
18.07.13 09:14:31 >> HookCon_Service сообщает : Game#1026062 Win Number: [18]
18.07.13 09:14:32 >> HookCon_Service сообщает : Game#1026062 End
18.07.13 09:16:04 >> HookCon_Service сообщает : Game#1026063 Start
18.07.13 09:16:34 >> HookCon_Service сообщает : Game#1026063 Win Number: [7]
18.07.13 09:16:35 >> HookCon_Service сообщает : Game#1026063 End
18.07.13 09:18:06 >> HookCon_Service сообщает : Game#1026064 Start
18.07.13 09:18:35 >> HookCon_Service сообщает : Game#1026064 Win Number: [0]
18.07.13 09:18:35 >> HookCon_Service сообщает : Game#1026064 End
18.07.13 09:20:07 >> HookCon_Service сообщает : Game#1026065 Start
18.07.13 09:20:35 >> HookCon_Service сообщает : Game#1026065 Win Number: [36]
18.07.13 09:20:35 >> HookCon_Service сообщает : Game#1026065 End
18.07.13 09:22:06 >> HookCon_Service сообщает : Game#1026066 Start
18.07.13 09:22:34 >> HookCon_Service сообщает : Game#1026066 Win Number: [31]
18.07.13 09:22:34 >> HookCon_Service сообщает : Game#1026066 End
18.07.13 09:24:06 >> HookCon_Service сообщает : Game#1026067 Start
18.07.13 09:24:35 >> HookCon_Service сообщает : Game#1026067 Win Number: [18]
18.07.13 09:24:35 >> HookCon_Service сообщает : Game#1026067 End
18.07.13 09:26:06 >> HookCon_Service сообщает : Game#1026068 Start
18.07.13 09:26:39 >> HookCon_Service сообщает : Game#1026068 Win Number: [3]
18.07.13 09:26:39 >> HookCon_Service сообщает : Game#1026068 End
18.07.13 09:28:11 >> HookCon_Service сообщает : Game#1026069 Start
18.07.13 09:28:43 >> HookCon_Service сообщает : Game#1026069 Win Number: [0]
18.07.13 09:28:44 >> HookCon_Service сообщает : Game#1026069 End
18.07.13 09:30:17 >> HookCon_Service сообщает : Game#1026070 Start
18.07.13 09:30:44 >> HookCon_Service сообщает : Game#1026070 Win Number: [2]
18.07.13 09:30:45 >> HookCon_Service сообщает : Game#1026070 End
18.07.13 09:32:17 >> HookCon_Service сообщает : Game#1026071 Start
18.07.13 09:32:47 >> HookCon_Service сообщает : Game#1026071 Win Number: [31]
18.07.13 09:32:47 >> HookCon_Service сообщает : Game#1026071 End
18.07.13 09:34:18 >> HookCon_Service сообщает : Game#1026072 Start
18.07.13 09:34:49 >> HookCon_Service сообщает : Game#1026072 Win Number: [15]
18.07.13 09:34:49 >> HookCon_Service сообщает : Game#1026072 End
18.07.13 09:36:21 >> HookCon_Service сообщает : Game#1026073 Start
18.07.13 09:36:51 >> HookCon_Service сообщает : Game#1026073 Win Number: [18]
18.07.13 09:36:51 >> HookCon_Service сообщает : Game#1026073 End
18.07.13 09:38:23 >> HookCon_Service сообщает : Game#1026074 Start
18.07.13 09:38:51 >> HookCon_Service сообщает : Game#1026074 Win Number: [4]
18.07.13 09:38:51 >> HookCon_Service сообщает : Game#1026074 End
18.07.13 09:40:23 >> HookCon_Service сообщает : Game#1026075 Start
18.07.13 09:40:52 >> HookCon_Service сообщает : Game#1026075 Win Number: [24]
18.07.13 09:40:53 >> HookCon_Service сообщает : Game#1026075 End
18.07.13 09:42:24 >> HookCon_Service сообщает : Game#1026076 Start
18.07.13 09:42:53 >> HookCon_Service сообщает : Game#1026076 Win Number: [0]
18.07.13 09:42:53 >> HookCon_Service сообщает : Game#1026076 End
18.07.13 09:44:25 >> HookCon_Service сообщает : Game#1026077 Start
18.07.13 09:44:53 >> HookCon_Service сообщает : Game#1026077 Win Number: [9]
18.07.13 09:44:54 >> HookCon_Service сообщает : Game#1026077 End
18.07.13 09:46:25 >> HookCon_Service сообщает : Game#1026078 Start
18.07.13 09:46:57 >> HookCon_Service сообщает : Game#1026078 Win Number: [4]
18.07.13 09:46:57 >> HookCon_Service сообщает : Game#1026078 End
18.07.13 09:48:28 >> HookCon_Service сообщает : Game#1026079 Start
18.07.13 09:48:57 >> HookCon_Service сообщает : Game#1026079 Win Number: [36]
18.07.13 09:48:58 >> HookCon_Service сообщает : Game#1026079 End
18.07.13 09:50:30 >> HookCon_Service сообщает : Game#1026080 Start
18.07.13 09:51:01 >> HookCon_Service сообщает : Game#1026080 Win Number: [7]
18.07.13 09:51:01 >> HookCon_Service сообщает : Game#1026080 End
18.07.13 09:52:32 >> HookCon_Service сообщает : Game#1026081 Start
18.07.13 09:53:00 >> HookCon_Service сообщает : Game#1026081 Win Number: [25]
18.07.13 09:53:01 >> HookCon_Service сообщает : Game#1026081 End
18.07.13 09:54:32 >> HookCon_Service сообщает : Game#1026082 Start
18.07.13 09:55:01 >> HookCon_Service сообщает : Game#1026082 Win Number: [8]
18.07.13 09:55:02 >> HookCon_Service сообщает : Game#1026082 End
18.07.13 09:56:33 >> HookCon_Service сообщает : Game#1026083 Start
18.07.13 09:57:03 >> HookCon_Service сообщает : Game#1026083 Win Number: [3]
18.07.13 09:57:03 >> HookCon_Service сообщает : Game#1026083 End
18.07.13 09:58:35 >> HookCon_Service сообщает : Game#1026084 Start
18.07.13 09:59:02 >> HookCon_Service сообщает : Game#1026084 Win Number: [1]
18.07.13 09:59:03 >> HookCon_Service сообщает : Game#1026084 End
18.07.13 10:00:34 >> HookCon_Service сообщает : Game#1026085 Start
18.07.13 10:01:04 >> HookCon_Service сообщает : Game#1026085 Win Number: [5]
18.07.13 10:01:05 >> HookCon_Service сообщает : Game#1026085 End
18.07.13 10:02:36 >> HookCon_Service сообщает : Game#1026086 Start
18.07.13 10:03:04 >> HookCon_Service сообщает : Game#1026086 Win Number: [12]
18.07.13 10:03:04 >> HookCon_Service сообщает : Game#1026086 End
18.07.13 10:04:35 >> HookCon_Service сообщает : Game#1026087 Start
18.07.13 10:05:03 >> HookCon_Service сообщает : Game#1026087 Win Number: [4]
18.07.13 10:05:04 >> HookCon_Service сообщает : Game#1026087 End
18.07.13 10:06:35 >> HookCon_Service сообщает : Game#1026088 Start
18.07.13 10:07:03 >> HookCon_Service сообщает : Game#1026088 Win Number: [23]
18.07.13 10:07:04 >> HookCon_Service сообщает : Game#1026088 End
18.07.13 10:08:35 >> HookCon_Service сообщает : Game#1026089 Start
18.07.13 10:09:06 >> HookCon_Service сообщает : Game#1026089 Win Number: [20]
18.07.13 10:09:07 >> HookCon_Service сообщает : Game#1026089 End
18.07.13 10:10:39 >> HookCon_Service сообщает : Game#1026090 Start
18.07.13 10:11:08 >> HookCon_Service сообщает : Game#1026090 Win Number: [11]
18.07.13 10:11:09 >> HookCon_Service сообщает : Game#1026090 End
18.07.13 10:12:41 >> HookCon_Service сообщает : Game#1026091 Start
18.07.13 10:13:11 >> HookCon_Service сообщает : Game#1026091 Win Number: [27]
18.07.13 10:13:11 >> HookCon_Service сообщает : Game#1026091 End
18.07.13 10:14:43 >> HookCon_Service сообщает : Game#1026092 Start
18.07.13 10:15:14 >> HookCon_Service сообщает : Game#1026092 Win Number: [17]
18.07.13 10:15:15 >> HookCon_Service сообщает : Game#1026092 End
18.07.13 10:16:46 >> HookCon_Service сообщает : Game#1026093 Start
18.07.13 10:17:19 >> HookCon_Service сообщает : Game#1026093 Win Number: [2]
18.07.13 10:17:19 >> HookCon_Service сообщает : Game#1026093 End
18.07.13 10:18:51 >> HookCon_Service сообщает : Game#1026094 Start
18.07.13 10:19:19 >> HookCon_Service сообщает : Game#1026094 Win Number: [29]
18.07.13 10:19:20 >> HookCon_Service сообщает : Game#1026094 End
18.07.13 10:20:51 >> HookCon_Service сообщает : Game#1026095 Start
18.07.13 10:21:19 >> HookCon_Service сообщает : Game#1026095 Win Number: [2]
18.07.13 10:21:20 >> HookCon_Service сообщает : Game#1026095 End
18.07.13 10:22:51 >> HookCon_Service сообщает : Game#1026096 Start
18.07.13 10:23:23 >> HookCon_Service сообщает : Game#1026096 Win Number: [24]
18.07.13 10:23:23 >> HookCon_Service сообщает : Game#1026096 End
18.07.13 10:24:55 >> HookCon_Service сообщает : Game#1026097 Start
18.07.13 10:25:25 >> HookCon_Service сообщает : Game#1026097 Win Number: [33]
18.07.13 10:25:26 >> HookCon_Service сообщает : Game#1026097 End
18.07.13 10:26:57 >> HookCon_Service сообщает : Game#1026098 Start
18.07.13 10:27:27 >> HookCon_Service сообщает : Game#1026098 Win Number: [19]
18.07.13 10:27:27 >> HookCon_Service сообщает : Game#1026098 End
18.07.13 10:28:59 >> HookCon_Service сообщает : Game#1026099 Start
18.07.13 10:29:30 >> HookCon_Service сообщает : Game#1026099 Win Number: [29]
18.07.13 10:29:31 >> HookCon_Service сообщает : Game#1026099 End
18.07.13 10:31:03 >> HookCon_Service сообщает : Game#1026100 Start
18.07.13 10:31:29 >> HookCon_Service сообщает : Game#1026100 Win Number: [2]
18.07.13 10:31:29 >> HookCon_Service сообщает : Game#1026100 End
18.07.13 10:33:00 >> HookCon_Service сообщает : Game#1026101 Start
18.07.13 10:33:27 >> HookCon_Service сообщает : Game#1026101 Win Number: [35]
18.07.13 10:33:28 >> HookCon_Service сообщает : Game#1026101 End
18.07.13 10:34:59 >> HookCon_Service сообщает : Game#1026102 Start
18.07.13 10:35:29 >> HookCon_Service сообщает : Game#1026102 Win Number: [24]
18.07.13 10:35:29 >> HookCon_Service сообщает : Game#1026102 End
18.07.13 10:37:01 >> HookCon_Service сообщает : Game#1026103 Start
18.07.13 10:37:30 >> HookCon_Service сообщает : Game#1026103 Win Number: [12]
18.07.13 10:37:30 >> HookCon_Service сообщает : Game#1026103 End
18.07.13 10:39:03 >> HookCon_Service сообщает : Game#1026104 Start
18.07.13 10:39:34 >> HookCon_Service сообщает : Game#1026104 Win Number: [13]
18.07.13 10:39:34 >> HookCon_Service сообщает : Game#1026104 End
18.07.13 10:41:05 >> HookCon_Service сообщает : Game#1026105 Start
18.07.13 10:41:33 >> HookCon_Service сообщает : Game#1026105 Win Number: [0]
18.07.13 10:41:33 >> HookCon_Service сообщает : Game#1026105 End
18.07.13 10:43:05 >> HookCon_Service сообщает : Game#1026106 Start
18.07.13 10:43:35 >> HookCon_Service сообщает : Game#1026106 Win Number: [21]
18.07.13 10:43:36 >> HookCon_Service сообщает : Game#1026106 End
18.07.13 10:45:07 >> HookCon_Service сообщает : Game#1026107 Start
18.07.13 10:45:39 >> HookCon_Service сообщает : Game#1026107 Win Number: [3]
18.07.13 10:45:39 >> HookCon_Service сообщает : Game#1026107 End
18.07.13 10:47:10 >> HookCon_Service сообщает : Game#1026108 Start
18.07.13 10:47:39 >> HookCon_Service сообщает : Game#1026108 Win Number: [31]
18.07.13 10:47:39 >> HookCon_Service сообщает : Game#1026108 End
18.07.13 10:49:11 >> HookCon_Service сообщает : Game#1026109 Start
18.07.13 10:49:41 >> HookCon_Service сообщает : Game#1026109 Win Number: [26]
18.07.13 10:49:42 >> HookCon_Service сообщает : Game#1026109 End
18.07.13 10:51:15 >> HookCon_Service сообщает : Game#1026110 Start
18.07.13 10:51:44 >> HookCon_Service сообщает : Game#1026110 Win Number: [31]
18.07.13 10:51:44 >> HookCon_Service сообщает : Game#1026110 End
18.07.13 10:53:16 >> HookCon_Service сообщает : Game#1026111 Start
18.07.13 10:53:44 >> HookCon_Service сообщает : Game#1026111 Win Number: [30]
18.07.13 10:53:44 >> HookCon_Service сообщает : Game#1026111 End
18.07.13 10:55:16 >> HookCon_Service сообщает : Game#1026112 Start
18.07.13 10:55:46 >> HookCon_Service сообщает : Game#1026112 Win Number: [29]
18.07.13 10:55:46 >> HookCon_Service сообщает : Game#1026112 End
18.07.13 10:57:18 >> HookCon_Service сообщает : Game#1026113 Start
18.07.13 10:57:47 >> HookCon_Service сообщает : Game#1026113 Win Number: [19]
18.07.13 10:57:48 >> HookCon_Service сообщает : Game#1026113 End
18.07.13 10:59:20 >> HookCon_Service сообщает : Game#1026114 Start
18.07.13 10:59:47 >> HookCon_Service сообщает : Game#1026114 Win Number: [26]
18.07.13 10:59:47 >> HookCon_Service сообщает : Game#1026114 End
18.07.13 11:01:19 >> HookCon_Service сообщает : Game#1026115 Start
18.07.13 11:01:47 >> HookCon_Service сообщает : Game#1026115 Win Number: [8]
18.07.13 11:01:47 >> HookCon_Service сообщает : Game#1026115 End
18.07.13 11:03:19 >> HookCon_Service сообщает : Game#1026116 Start
18.07.13 11:03:51 >> HookCon_Service сообщает : Game#1026116 Win Number: [10]
18.07.13 11:03:51 >> HookCon_Service сообщает : Game#1026116 End
18.07.13 11:05:23 >> HookCon_Service сообщает : Game#1026117 Start
18.07.13 11:05:52 >> HookCon_Service сообщает : Game#1026117 Win Number: [15]
18.07.13 11:05:53 >> HookCon_Service сообщает : Game#1026117 End
18.07.13 11:07:24 >> HookCon_Service сообщает : Game#1026118 Start
18.07.13 11:07:53 >> HookCon_Service сообщает : Game#1026118 Win Number: [15]
18.07.13 11:07:54 >> HookCon_Service сообщает : Game#1026118 End
18.07.13 11:09:25 >> HookCon_Service сообщает : Game#1026119 Start
18.07.13 11:09:56 >> HookCon_Service сообщает : Game#1026119 Win Number: [11]
18.07.13 11:09:57 >> HookCon_Service сообщает : Game#1026119 End
18.07.13 11:11:30 >> HookCon_Service сообщает : Game#1026120 Start
18.07.13 11:12:00 >> HookCon_Service сообщает : Game#1026120 Win Number: [6]
18.07.13 11:12:01 >> HookCon_Service сообщает : Game#1026120 End
18.07.13 11:13:33 >> HookCon_Service сообщает : Game#1026121 Start
18.07.13 11:13:59 >> HookCon_Service сообщает : Game#1026121 Win Number: [1]
18.07.13 11:14:00 >> HookCon_Service сообщает : Game#1026121 End
18.07.13 11:15:31 >> HookCon_Service сообщает : Game#1026122 Start
18.07.13 11:15:59 >> HookCon_Service сообщает : Game#1026122 Win Number: [22]
18.07.13 11:15:59 >> HookCon_Service сообщает : Game#1026122 End
18.07.13 11:17:30 >> HookCon_Service сообщает : Game#1026123 Start
18.07.13 11:17:56 >> HookCon_Service сообщает : Game#1026123 Win Number: [29]
18.07.13 11:17:56 >> HookCon_Service сообщает : Game#1026123 End
18.07.13 11:19:27 >> HookCon_Service сообщает : Game#1026124 Start
18.07.13 11:19:58 >> HookCon_Service сообщает : Game#1026124 Win Number: [26]
18.07.13 11:19:59 >> HookCon_Service сообщает : Game#1026124 End
18.07.13 11:21:30 >> HookCon_Service сообщает : Game#1026125 Start
18.07.13 11:21:56 >> HookCon_Service сообщает : Game#1026125 Win Number: [26]
18.07.13 11:21:56 >> HookCon_Service сообщает : Game#1026125 End
18.07.13 11:23:28 >> HookCon_Service сообщает : Game#1026126 Start
18.07.13 11:24:00 >> HookCon_Service сообщает : Game#1026126 Win Number: [33]
18.07.13 11:24:01 >> HookCon_Service сообщает : Game#1026126 End
18.07.13 11:25:32 >> HookCon_Service сообщает : Game#1026127 Start
18.07.13 11:26:03 >> HookCon_Service сообщает : Game#1026127 Win Number: [18]
18.07.13 11:26:03 >> HookCon_Service сообщает : Game#1026127 End
18.07.13 11:27:35 >> HookCon_Service сообщает : Game#1026128 Start
18.07.13 11:28:07 >> HookCon_Service сообщает : Game#1026128 Win Number: [0]
18.07.13 11:28:07 >> HookCon_Service сообщает : Game#1026128 End
18.07.13 11:29:39 >> HookCon_Service сообщает : Game#1026129 Start
18.07.13 11:30:09 >> HookCon_Service сообщает : Game#1026129 Win Number: [7]
18.07.13 11:30:10 >> HookCon_Service сообщает : Game#1026129 End
18.07.13 11:31:42 >> HookCon_Service сообщает : Game#1026130 Start
18.07.13 11:32:10 >> HookCon_Service сообщает : Game#1026130 Win Number: [19]
18.07.13 11:32:11 >> HookCon_Service сообщает : Game#1026130 End
18.07.13 11:33:42 >> HookCon_Service сообщает : Game#1026131 Start
18.07.13 11:34:12 >> HookCon_Service сообщает : Game#1026131 Win Number: [20]
18.07.13 11:34:12 >> HookCon_Service сообщает : Game#1026131 End
18.07.13 11:35:43 >> HookCon_Service сообщает : Game#1026132 Start
18.07.13 11:36:12 >> HookCon_Service сообщает : Game#1026132 Win Number: [16]
18.07.13 11:36:12 >> HookCon_Service сообщает : Game#1026132 End
18.07.13 11:37:44 >> HookCon_Service сообщает : Game#1026133 Start
18.07.13 11:38:12 >> HookCon_Service сообщает : Game#1026133 Win Number: [6]
18.07.13 11:38:13 >> HookCon_Service сообщает : Game#1026133 End
18.07.13 11:39:44 >> HookCon_Service сообщает : Game#1026134 Start
18.07.13 11:40:10 >> HookCon_Service сообщает : Game#1026134 Win Number: [36]
18.07.13 11:40:11 >> HookCon_Service сообщает : Game#1026134 End
18.07.13 11:41:42 >> HookCon_Service сообщает : Game#1026135 Start
18.07.13 11:42:08 >> HookCon_Service сообщает : Game#1026135 Win Number: [14]
18.07.13 11:42:09 >> HookCon_Service сообщает : Game#1026135 End
18.07.13 11:43:40 >> HookCon_Service сообщает : Game#1026136 Start
18.07.13 11:44:11 >> HookCon_Service сообщает : Game#1026136 Win Number: [13]
18.07.13 11:44:11 >> HookCon_Service сообщает : Game#1026136 End
18.07.13 11:45:43 >> HookCon_Service сообщает : Game#1026137 Start
18.07.13 11:46:13 >> HookCon_Service сообщает : Game#1026137 Win Number: [8]
18.07.13 11:46:14 >> HookCon_Service сообщает : Game#1026137 End
18.07.13 11:47:46 >> HookCon_Service сообщает : Game#1026138 Start
18.07.13 11:48:13 >> HookCon_Service сообщает : Game#1026138 Win Number: [23]
18.07.13 11:48:14 >> HookCon_Service сообщает : Game#1026138 End
18.07.13 11:49:45 >> HookCon_Service сообщает : Game#1026139 Start
18.07.13 11:50:16 >> HookCon_Service сообщает : Game#1026139 Win Number: [17]
18.07.13 11:50:17 >> HookCon_Service сообщает : Game#1026139 End
18.07.13 11:51:49 >> HookCon_Service сообщает : Game#1026140 Start
18.07.13 11:52:20 >> HookCon_Service сообщает : Game#1026140 Win Number: [23]
18.07.13 11:52:21 >> HookCon_Service сообщает : Game#1026140 End
18.07.13 11:53:52 >> HookCon_Service сообщает : Game#1026141 Start
18.07.13 11:54:22 >> HookCon_Service сообщает : Game#1026141 Win Number: [35]
18.07.13 11:54:23 >> HookCon_Service сообщает : Game#1026141 End
18.07.13 11:55:54 >> HookCon_Service сообщает : Game#1026142 Start
18.07.13 11:56:23 >> HookCon_Service сообщает : Game#1026142 Win Number: [21]
18.07.13 11:56:23 >> HookCon_Service сообщает : Game#1026142 End
18.07.13 11:57:54 >> HookCon_Service сообщает : Game#1026143 Start
18.07.13 11:58:25 >> HookCon_Service сообщает : Game#1026143 Win Number: [19]
18.07.13 11:58:25 >> HookCon_Service сообщает : Game#1026143 End
18.07.13 11:59:56 >> HookCon_Service сообщает : Game#1026144 Start
