12.07.18 05:15:14 >> Server is running. Waiting for incoming connections.
12.07.18 05:16:11 >> Client was connected: 127.0.0.1
12.07.18 05:16:30 >> [Web Server] : Disconnected. Reason: System.EventArgs. All Web-clients disconnected.
12.07.18 05:16:30 >> [Web Server] : Disconnected. Reason: Удаленный хост принудительно разорвал существующее подключение
12.07.18 05:17:01 >> Client was connected: 127.0.0.1
12.07.18 05:18:01 >> Client was connected: 192.168.159.192
12.07.18 05:18:02 >> HookCon LastNums:30,26,28,34,27,25,36,22,30,10,0,31,19,27,29,23,
12.07.18 05:18:02 >> Server LastNums:23,29,27,19,31,0,10,30,22,36,25,27,34,
12.07.18 05:18:29 >> [HookCon_Service] : Game#176324 Win Number: [29]
12.07.18 05:18:29 >> [HookCon_Service] : Game#176324 End
12.07.18 05:21:55 >> [HookCon_Service] : Game#176325 Start
12.07.18 05:22:32 >> [HookCon_Service] : Game#176325 Win Number: [3]
12.07.18 05:22:32 >> [HookCon_Service] : Game#176325 End
12.07.18 05:25:58 >> [HookCon_Service] : Game#176326 Start
12.07.18 05:26:35 >> [HookCon_Service] : Game#176326 Win Number: [25]
12.07.18 05:26:35 >> [HookCon_Service] : Game#176326 End
12.07.18 05:30:02 >> [HookCon_Service] : Game#176327 Start
12.07.18 05:30:39 >> [HookCon_Service] : Game#176327 Win Number: [30]
12.07.18 05:30:39 >> [HookCon_Service] : Game#176327 End
12.07.18 05:34:05 >> [HookCon_Service] : Game#176328 Start
12.07.18 05:34:39 >> [HookCon_Service] : Game#176328 Win Number: [29]
12.07.18 05:34:39 >> [HookCon_Service] : Game#176328 End
12.07.18 05:38:06 >> [HookCon_Service] : Game#176329 Start
12.07.18 05:38:39 >> [HookCon_Service] : Game#176329 Win Number: [35]
12.07.18 05:38:39 >> [HookCon_Service] : Game#176329 End
12.07.18 05:42:06 >> [HookCon_Service] : Game#176330 Start
12.07.18 05:42:36 >> [HookCon_Service] : Game#176330 Win Number: [2]
12.07.18 05:42:37 >> [HookCon_Service] : Game#176330 End
12.07.18 05:46:04 >> [HookCon_Service] : Game#176331 Start
12.07.18 05:46:40 >> [HookCon_Service] : Game#176331 Win Number: [22]
12.07.18 05:46:40 >> [HookCon_Service] : Game#176331 End
12.07.18 05:50:07 >> [HookCon_Service] : Game#176332 Start
12.07.18 05:50:42 >> [HookCon_Service] : Game#176332 Win Number: [21]
12.07.18 05:50:43 >> [HookCon_Service] : Game#176332 End
12.07.18 05:54:08 >> [HookCon_Service] : Game#176333 Start
12.07.18 05:54:44 >> [HookCon_Service] : Game#176333 Win Number: [20]
12.07.18 05:54:45 >> [HookCon_Service] : Game#176333 End
12.07.18 05:58:09 >> [HookCon_Service] : Game#176334 Start
12.07.18 05:58:45 >> [HookCon_Service] : Game#176334 Win Number: [18]
12.07.18 05:58:46 >> [HookCon_Service] : Game#176334 End
12.07.18 06:02:13 >> [HookCon_Service] : Game#176335 Start
12.07.18 06:02:47 >> [HookCon_Service] : Game#176335 Win Number: [20]
12.07.18 06:02:47 >> [HookCon_Service] : Game#176335 End
12.07.18 06:06:13 >> [HookCon_Service] : Game#176336 Start
12.07.18 06:06:48 >> [HookCon_Service] : Game#176336 Win Number: [18]
12.07.18 06:06:48 >> [HookCon_Service] : Game#176336 End
12.07.18 06:10:15 >> [HookCon_Service] : Game#176337 Start
12.07.18 06:10:47 >> [HookCon_Service] : Game#176337 Win Number: [32]
12.07.18 06:10:47 >> [HookCon_Service] : Game#176337 End
12.07.18 06:14:12 >> [HookCon_Service] : Game#176338 Start
12.07.18 06:14:46 >> [HookCon_Service] : Game#176338 Win Number: [1]
12.07.18 06:14:47 >> [HookCon_Service] : Game#176338 End
12.07.18 06:18:13 >> [HookCon_Service] : Game#176339 Start
12.07.18 06:18:46 >> [HookCon_Service] : Game#176339 Win Number: [22]
12.07.18 06:18:46 >> [HookCon_Service] : Game#176339 End
12.07.18 06:22:11 >> [HookCon_Service] : Game#176340 Start
12.07.18 06:22:48 >> [HookCon_Service] : Game#176340 Win Number: [29]
12.07.18 06:22:48 >> [HookCon_Service] : Game#176340 End
12.07.18 06:26:13 >> [HookCon_Service] : Game#176341 Start
12.07.18 06:26:52 >> [HookCon_Service] : Game#176341 Win Number: [18]
12.07.18 06:26:52 >> [HookCon_Service] : Game#176341 End
12.07.18 06:30:17 >> [HookCon_Service] : Game#176342 Start
12.07.18 06:30:55 >> [HookCon_Service] : Game#176342 Win Number: [17]
12.07.18 06:30:55 >> [HookCon_Service] : Game#176342 End
12.07.18 06:34:21 >> [HookCon_Service] : Game#176343 Start
12.07.18 06:34:58 >> [HookCon_Service] : Game#176343 Win Number: [28]
12.07.18 06:34:58 >> [HookCon_Service] : Game#176343 End
12.07.18 06:38:24 >> [HookCon_Service] : Game#176344 Start
12.07.18 06:39:06 >> [HookCon_Service] : Game#176344/STOP_EVENT 176344 Win Number: [29]
12.07.18 06:42:32 >> [HookCon_Service] : Game#176345 Start
12.07.18 06:43:06 >> [HookCon_Service] : Game#176345 Win Number: [23]
12.07.18 06:43:06 >> [HookCon_Service] : Game#176345 End
12.07.18 06:46:33 >> [HookCon_Service] : Game#176346 Start
12.07.18 06:47:10 >> [HookCon_Service] : Game#176346 Win Number: [30]
12.07.18 06:47:10 >> [HookCon_Service] : Game#176346 End
12.07.18 06:50:36 >> [HookCon_Service] : Game#176347 Start
12.07.18 06:51:11 >> [HookCon_Service] : Game#176347 Win Number: [7]
12.07.18 06:51:11 >> [HookCon_Service] : Game#176347 End
12.07.18 06:54:38 >> [HookCon_Service] : Game#176348 Start
12.07.18 06:55:12 >> [HookCon_Service] : Game#176348 Win Number: [27]
12.07.18 06:55:12 >> [HookCon_Service] : Game#176348 End
12.07.18 06:58:39 >> [HookCon_Service] : Game#176349 Start
12.07.18 06:59:13 >> [HookCon_Service] : Game#176349 Win Number: [20]
12.07.18 06:59:14 >> [HookCon_Service] : Game#176349 End
12.07.18 07:02:40 >> [HookCon_Service] : Game#176350 Start
12.07.18 07:03:13 >> [HookCon_Service] : Game#176350 Win Number: [32]
12.07.18 07:03:13 >> [HookCon_Service] : Game#176350 End
12.07.18 07:06:38 >> [HookCon_Service] : Game#176351 Start
12.07.18 07:07:16 >> [HookCon_Service] : Game#176351 Win Number: [20]
12.07.18 07:07:16 >> [HookCon_Service] : Game#176351 End
12.07.18 07:10:42 >> [HookCon_Service] : Game#176352 Start
12.07.18 07:11:16 >> [HookCon_Service] : Game#176352 Win Number: [20]
12.07.18 07:11:17 >> [HookCon_Service] : Game#176352 End
12.07.18 07:14:45 >> [HookCon_Service] : Game#176353 Start
12.07.18 07:15:18 >> [HookCon_Service] : Game#176353 Win Number: [1]
12.07.18 07:15:18 >> [HookCon_Service] : Game#176353 End
12.07.18 07:18:44 >> [HookCon_Service] : Game#176354 Start
12.07.18 07:19:23 >> [HookCon_Service] : Game#176354 Win Number: [35]
12.07.18 07:19:23 >> [HookCon_Service] : Game#176354 End
12.07.18 07:22:45 >> [HookCon_Service] : Game#176355 Start
12.07.18 07:23:25 >> [HookCon_Service] : Game#176355 Win Number: [24]
12.07.18 07:23:25 >> [HookCon_Service] : Game#176355 End
12.07.18 07:26:51 >> [HookCon_Service] : Game#176356 Start
12.07.18 07:27:27 >> [HookCon_Service] : Game#176356 Win Number: [13]
12.07.18 07:27:28 >> [HookCon_Service] : Game#176356 End
12.07.18 07:30:53 >> [HookCon_Service] : Game#176357 Start
12.07.18 07:31:27 >> [HookCon_Service] : Game#176357 Win Number: [11]
12.07.18 07:31:28 >> [HookCon_Service] : Game#176357 End
12.07.18 07:34:53 >> [HookCon_Service] : Game#176358 Start
12.07.18 07:35:32 >> [HookCon_Service] : Game#176358 Win Number: [5]
12.07.18 07:35:33 >> [HookCon_Service] : Game#176358 End
12.07.18 07:38:59 >> [HookCon_Service] : Game#176359 Start
12.07.18 07:39:33 >> [HookCon_Service] : Game#176359 Win Number: [9]
12.07.18 07:39:33 >> [HookCon_Service] : Game#176359 End
12.07.18 07:42:59 >> [HookCon_Service] : Game#176360 Start
12.07.18 07:43:36 >> [HookCon_Service] : Game#176360 Win Number: [26]
12.07.18 07:43:37 >> [HookCon_Service] : Game#176360 End
12.07.18 07:47:01 >> [HookCon_Service] : Game#176361 Start
12.07.18 07:47:37 >> [HookCon_Service] : Game#176361 Win Number: [4]
12.07.18 07:47:37 >> [HookCon_Service] : Game#176361 End
12.07.18 07:51:04 >> [HookCon_Service] : Game#176362 Start
12.07.18 07:51:37 >> [HookCon_Service] : Game#176362 Win Number: [8]
12.07.18 07:51:37 >> [HookCon_Service] : Game#176362 End
12.07.18 07:55:03 >> [HookCon_Service] : Game#176363 Start
12.07.18 07:55:39 >> [HookCon_Service] : Game#176363 Win Number: [19]
12.07.18 07:55:39 >> [HookCon_Service] : Game#176363 End
12.07.18 07:59:04 >> [HookCon_Service] : Game#176364 Start
12.07.18 07:59:40 >> [HookCon_Service] : Game#176364 Win Number: [29]
12.07.18 07:59:40 >> [HookCon_Service] : Game#176364 End
12.07.18 08:03:05 >> [HookCon_Service] : Game#176365 Start
12.07.18 08:03:42 >> [HookCon_Service] : Game#176365 Win Number: [34]
12.07.18 08:03:43 >> [HookCon_Service] : Game#176365 End
12.07.18 08:07:09 >> [HookCon_Service] : Game#176366 Start
12.07.18 08:07:43 >> [HookCon_Service] : Game#176366 Win Number: [25]
12.07.18 08:07:43 >> [HookCon_Service] : Game#176366 End
12.07.18 08:11:09 >> [HookCon_Service] : Game#176367 Start
12.07.18 08:11:43 >> [HookCon_Service] : Game#176367 Win Number: [35]
12.07.18 08:11:43 >> [HookCon_Service] : Game#176367 End
12.07.18 08:15:08 >> [HookCon_Service] : Game#176368 Start
12.07.18 08:15:45 >> [HookCon_Service] : Game#176368 Win Number: [25]
12.07.18 08:15:45 >> [HookCon_Service] : Game#176368 End
12.07.18 08:19:09 >> [HookCon_Service] : Game#176369 Start
12.07.18 08:19:46 >> [HookCon_Service] : Game#176369 Win Number: [36]
12.07.18 08:19:46 >> [HookCon_Service] : Game#176369 End
12.07.18 08:23:12 >> [HookCon_Service] : Game#176370 Start
12.07.18 08:23:46 >> [HookCon_Service] : Game#176370 Win Number: [27]
12.07.18 08:23:46 >> [HookCon_Service] : Game#176370 End
12.07.18 08:27:12 >> [HookCon_Service] : Game#176371 Start
12.07.18 08:27:47 >> [HookCon_Service] : Game#176371 Win Number: [7]
12.07.18 08:27:48 >> [HookCon_Service] : Game#176371 End
12.07.18 08:31:13 >> [HookCon_Service] : Game#176372 Start
12.07.18 08:31:49 >> [HookCon_Service] : Game#176372 Win Number: [8]
12.07.18 08:31:49 >> [HookCon_Service] : Game#176372 End
12.07.18 08:35:16 >> [HookCon_Service] : Game#176373 Start
12.07.18 08:35:51 >> [HookCon_Service] : Game#176373 Win Number: [32]
12.07.18 08:35:51 >> [HookCon_Service] : Game#176373 End
12.07.18 08:39:17 >> [HookCon_Service] : Game#176374 Start
12.07.18 08:39:52 >> [HookCon_Service] : Game#176374 Win Number: [17]
12.07.18 08:39:52 >> [HookCon_Service] : Game#176374 End
12.07.18 08:43:16 >> [HookCon_Service] : Game#176375 Start
12.07.18 08:43:55 >> [HookCon_Service] : Game#176375 Win Number: [4]
12.07.18 08:43:56 >> [HookCon_Service] : Game#176375 End
12.07.18 08:47:22 >> [HookCon_Service] : Game#176376 Start
12.07.18 08:47:53 >> [HookCon_Service] : Game#176376 Win Number: [2]
12.07.18 08:47:53 >> [HookCon_Service] : Game#176376 End
12.07.18 08:51:21 >> [HookCon_Service] : Game#176377 Start
12.07.18 08:51:54 >> [HookCon_Service] : Game#176377 Win Number: [13]
12.07.18 08:51:54 >> [HookCon_Service] : Game#176377 End
12.07.18 08:55:21 >> [HookCon_Service] : Game#176378 Start
12.07.18 08:55:57 >> [HookCon_Service] : Game#176378 Win Number: [21]
12.07.18 08:55:57 >> [HookCon_Service] : Game#176378 End
12.07.18 08:59:22 >> [HookCon_Service] : Game#176379 Start
12.07.18 08:59:55 >> [HookCon_Service] : Game#176379 Win Number: [27]
12.07.18 09:03:21 >> [HookCon_Service] : Game#176380 Start
12.07.18 09:03:59 >> [HookCon_Service] : Game#176380 Win Number: [17]
12.07.18 09:04:00 >> [HookCon_Service] : Game#176380 End
12.07.18 09:07:27 >> [HookCon_Service] : Game#176381 Start
12.07.18 09:07:59 >> [HookCon_Service] : Game#176381 Win Number: [21]
12.07.18 09:07:59 >> [HookCon_Service] : Game#176381 End
12.07.18 09:11:26 >> [HookCon_Service] : Game#176382 Start
12.07.18 09:11:57 >> [HookCon_Service] : Game#176382 Win Number: [8]
12.07.18 09:11:57 >> [HookCon_Service] : Game#176382 End
12.07.18 09:15:24 >> [HookCon_Service] : Game#176383 Start
12.07.18 09:15:59 >> [HookCon_Service] : Game#176383 Win Number: [6]
12.07.18 09:15:59 >> [HookCon_Service] : Game#176383 End
12.07.18 09:19:25 >> [HookCon_Service] : Game#176384 Start
12.07.18 09:20:02 >> [HookCon_Service] : Game#176384 Win Number: [17]
12.07.18 09:20:02 >> [HookCon_Service] : Game#176384 End
12.07.18 09:23:26 >> [HookCon_Service] : Game#176385 Start
12.07.18 09:24:04 >> [HookCon_Service] : Game#176385 Win Number: [7]
12.07.18 09:24:04 >> [HookCon_Service] : Game#176385 End
12.07.18 09:27:31 >> [HookCon_Service] : Game#176386 Start
12.07.18 09:28:04 >> [HookCon_Service] : Game#176386 Win Number: [16]
12.07.18 09:28:04 >> [HookCon_Service] : Game#176386 End
12.07.18 09:31:30 >> [HookCon_Service] : Game#176387 Start
12.07.18 09:32:02 >> [HookCon_Service] : Game#176387 Win Number: [20]
12.07.18 09:32:03 >> [HookCon_Service] : Game#176387 End
12.07.18 09:35:28 >> [HookCon_Service] : Game#176388 Start
12.07.18 09:36:06 >> [HookCon_Service] : Game#176388 Win Number: [2]
12.07.18 09:36:06 >> [HookCon_Service] : Game#176388 End
12.07.18 09:39:33 >> [HookCon_Service] : Game#176389 Start
12.07.18 09:40:05 >> [HookCon_Service] : Game#176389 Win Number: [30]
12.07.18 09:40:06 >> [HookCon_Service] : Game#176389 End
12.07.18 09:43:29 >> [HookCon_Service] : Game#176390 Start
12.07.18 09:44:06 >> [HookCon_Service] : Game#176390 Win Number: [2]
12.07.18 09:44:06 >> [HookCon_Service] : Game#176390 End
12.07.18 09:47:32 >> [HookCon_Service] : Game#176391 Start
12.07.18 09:48:08 >> [HookCon_Service] : Game#176391 Win Number: [0]
12.07.18 09:48:08 >> [HookCon_Service] : Game#176391 End
12.07.18 09:51:36 >> [HookCon_Service] : Game#176392 Start
12.07.18 09:52:08 >> [HookCon_Service] : Game#176392 Win Number: [25]
12.07.18 09:52:08 >> [HookCon_Service] : Game#176392 End
12.07.18 09:55:34 >> [HookCon_Service] : Game#176393 Start
12.07.18 09:56:08 >> [HookCon_Service] : Game#176393 Win Number: [13]
12.07.18 09:56:08 >> [HookCon_Service] : Game#176393 End
12.07.18 09:59:35 >> [HookCon_Service] : Game#176394 Start
12.07.18 10:00:08 >> [HookCon_Service] : Game#176394 Win Number: [12]
12.07.18 10:00:08 >> [HookCon_Service] : Game#176394 End
12.07.18 10:03:33 >> [HookCon_Service] : Game#176395 Start
12.07.18 10:04:12 >> [HookCon_Service] : Game#176395 Win Number: [11]
12.07.18 10:04:12 >> [HookCon_Service] : Game#176395 End
12.07.18 10:07:36 >> [HookCon_Service] : Game#176396 Start
12.07.18 10:08:12 >> [HookCon_Service] : Game#176396 Win Number: [10]
12.07.18 10:08:12 >> [HookCon_Service] : Game#176396 End
12.07.18 10:11:39 >> [HookCon_Service] : Game#176397 Start
12.07.18 10:12:16 >> [HookCon_Service] : Game#176397 Win Number: [17]
12.07.18 10:12:16 >> [HookCon_Service] : Game#176397 End
12.07.18 10:15:43 >> [HookCon_Service] : Game#176398 Start
12.07.18 10:16:16 >> [HookCon_Service] : Game#176398 Win Number: [20]
12.07.18 10:16:17 >> [HookCon_Service] : Game#176398 End
12.07.18 10:19:44 >> [HookCon_Service] : Game#176399 Start
12.07.18 10:20:18 >> [HookCon_Service] : Game#176399 Win Number: [13]
12.07.18 10:20:18 >> [HookCon_Service] : Game#176399 End
12.07.18 10:23:45 >> [HookCon_Service] : Game#176400 Start
12.07.18 10:24:19 >> [HookCon_Service] : Game#176400 Win Number: [8]
12.07.18 10:24:19 >> [HookCon_Service] : Game#176400 End
12.07.18 10:27:45 >> [HookCon_Service] : Game#176401 Start
12.07.18 10:28:21 >> [HookCon_Service] : Game#176401 Win Number: [5]
12.07.18 10:28:21 >> [HookCon_Service] : Game#176401 End
12.07.18 10:31:46 >> [HookCon_Service] : Game#176402 Start
12.07.18 10:32:24 >> [HookCon_Service] : Game#176402 Win Number: [7]
12.07.18 10:32:24 >> [HookCon_Service] : Game#176402 End
12.07.18 10:35:48 >> [HookCon_Service] : Game#176403 Start
12.07.18 10:36:24 >> [HookCon_Service] : Game#176403 Win Number: [25]
12.07.18 10:36:24 >> [HookCon_Service] : Game#176403 End
12.07.18 10:39:51 >> [HookCon_Service] : Game#176404 Start
12.07.18 10:40:25 >> [HookCon_Service] : Game#176404 Win Number: [33]
12.07.18 10:40:25 >> [HookCon_Service] : Game#176404 End
12.07.18 10:43:52 >> [HookCon_Service] : Game#176405 Start
12.07.18 10:44:25 >> [HookCon_Service] : Game#176405 Win Number: [6]
12.07.18 10:44:25 >> [HookCon_Service] : Game#176405 End
12.07.18 10:47:49 >> [HookCon_Service] : Game#176406 Start
12.07.18 10:48:30 >> [HookCon_Service] : Game#176406 Win Number: [1]
12.07.18 10:48:31 >> [HookCon_Service] : Game#176406 End
12.07.18 10:51:58 >> [HookCon_Service] : Game#176407 Start
12.07.18 10:52:32 >> [HookCon_Service] : Game#176407 Win Number: [26]
12.07.18 10:52:32 >> [HookCon_Service] : Game#176407 End
12.07.18 10:55:59 >> [HookCon_Service] : Game#176408 Start
12.07.18 10:56:35 >> [HookCon_Service] : Game#176408 Win Number: [22]
12.07.18 10:56:35 >> [HookCon_Service] : Game#176408 End
12.07.18 11:00:02 >> [HookCon_Service] : Game#176409 Start
12.07.18 11:00:34 >> [HookCon_Service] : Game#176409 Win Number: [20]
12.07.18 11:00:34 >> [HookCon_Service] : Game#176409 End
12.07.18 11:04:00 >> [HookCon_Service] : Game#176410 Start
12.07.18 11:04:34 >> [HookCon_Service] : Game#176410 Win Number: [23]
12.07.18 11:04:34 >> [HookCon_Service] : Game#176410 End
12.07.18 11:08:00 >> [HookCon_Service] : Game#176411 Start
12.07.18 11:08:34 >> [HookCon_Service] : Game#176411 Win Number: [4]
12.07.18 11:08:34 >> [HookCon_Service] : Game#176411 End
12.07.18 11:12:00 >> [HookCon_Service] : Game#176412 Start
12.07.18 11:12:34 >> [HookCon_Service] : Game#176412 Win Number: [16]
12.07.18 11:12:34 >> [HookCon_Service] : Game#176412 End
12.07.18 11:15:57 >> [HookCon_Service] : Game#176413 Start
12.07.18 11:16:37 >> [HookCon_Service] : Game#176413 Win Number: [1]
12.07.18 11:16:37 >> [HookCon_Service] : Game#176413 End
12.07.18 11:20:05 >> [HookCon_Service] : Game#176414 Start
12.07.18 11:20:39 >> [HookCon_Service] : Game#176414 Win Number: [12]
12.07.18 11:20:39 >> [HookCon_Service] : Game#176414 End
12.07.18 11:24:06 >> [HookCon_Service] : Game#176415 Start
12.07.18 11:24:41 >> [HookCon_Service] : Game#176415 Win Number: [32]
12.07.18 11:24:41 >> [HookCon_Service] : Game#176415 End
12.07.18 11:28:07 >> [HookCon_Service] : Game#176416 Start
12.07.18 11:28:40 >> [HookCon_Service] : Game#176416 Win Number: [27]
12.07.18 11:28:40 >> [HookCon_Service] : Game#176416 End
12.07.18 11:32:07 >> [HookCon_Service] : Game#176417 Start
12.07.18 11:32:42 >> [HookCon_Service] : Game#176417 Win Number: [13]
12.07.18 11:32:42 >> [HookCon_Service] : Game#176417 End
12.07.18 11:36:08 >> [HookCon_Service] : Game#176418 Start
12.07.18 11:36:44 >> [HookCon_Service] : Game#176418 Win Number: [10]
12.07.18 11:36:44 >> [HookCon_Service] : Game#176418 End
12.07.18 11:40:11 >> [HookCon_Service] : Game#176419 Start
12.07.18 11:40:47 >> [HookCon_Service] : Game#176419 Win Number: [25]
12.07.18 11:40:47 >> [HookCon_Service] : Game#176419 End
12.07.18 11:44:15 >> [HookCon_Service] : Game#176420 Start
12.07.18 11:44:48 >> [HookCon_Service] : Game#176420 Win Number: [5]
12.07.18 11:44:48 >> [HookCon_Service] : Game#176420 End
12.07.18 11:48:16 >> [HookCon_Service] : Game#176421 Start
12.07.18 11:48:49 >> [HookCon_Service] : Game#176421 Win Number: [31]
12.07.18 11:48:49 >> [HookCon_Service] : Game#176421 End
12.07.18 11:52:14 >> [HookCon_Service] : Game#176422 Start
12.07.18 11:52:48 >> [HookCon_Service] : Game#176422 Win Number: [23]
12.07.18 11:52:48 >> [HookCon_Service] : Game#176422 End
12.07.18 11:56:12 >> [HookCon_Service] : Game#176423 Start
12.07.18 11:56:52 >> [HookCon_Service] : Game#176423 Win Number: [29]
12.07.18 11:56:52 >> [HookCon_Service] : Game#176423 End
