17.04.13 03:09:05 >> HookCon_Service сообщает : Game#1023808 Start
17.04.13 03:09:36 >> HookCon_Service сообщает : Game#1023808 Win Number: [7]
17.04.13 03:09:36 >> HookCon_Service debug information:  7 1023808
17.04.13 03:09:37 >> HookCon_Service сообщает : Game#1023808 End
17.04.13 03:12:54 >> Сервер запущен. Ожидание входящих подключений.
17.04.13 03:18:21 >> Подключен клиент: 192.168.10.39
17.04.13 03:18:43 >> HookCon_Service сообщает : Game#1023817 Win Number: [34]
17.04.13 03:18:43 >> HookCon_Service сообщает : Game#1023817 End
17.04.13 03:19:12 >> HookCon_Service сообщает : Game#1023818 Start
17.04.13 03:19:42 >> HookCon_Service сообщает : Game#1023818 Win Number: [10]
17.04.13 03:19:42 >> HookCon_Service сообщает : Game#1023818 End
17.04.13 03:20:12 >> HookCon_Service сообщает : Game#1023819 Start
17.04.13 03:20:42 >> HookCon_Service сообщает : Game#1023819 Win Number: [2]
17.04.13 03:20:43 >> HookCon_Service сообщает : Game#1023819 End
17.04.13 03:21:13 >> HookCon_Service сообщает : Game#1023820 Start
17.04.13 03:21:42 >> HookCon_Service сообщает : Game#1023820 Win Number: [1]
17.04.13 03:21:42 >> HookCon_Service сообщает : Game#1023820 End
17.04.13 03:22:11 >> HookCon_Service сообщает : Game#1023821 Start
17.04.13 03:22:43 >> HookCon_Service сообщает : Game#1023821 Win Number: [31]
17.04.13 03:22:43 >> HookCon_Service сообщает : Game#1023821 End
17.04.13 03:23:12 >> HookCon_Service сообщает : Game#1023822 Start
17.04.13 03:23:44 >> HookCon_Service сообщает : Game#1023822 Win Number: [10]
17.04.13 03:23:44 >> HookCon_Service сообщает : Game#1023822 End
17.04.13 03:24:13 >> HookCon_Service сообщает : Game#1023823 Start
17.04.13 03:24:45 >> HookCon_Service сообщает : Game#1023823 Win Number: [15]
17.04.13 03:24:45 >> HookCon_Service сообщает : Game#1023823 End
17.04.13 03:25:15 >> HookCon_Service сообщает : Game#1023824 Start
17.04.13 03:25:49 >> HookCon_Service сообщает : Game#1023824 Win Number: [17]
17.04.13 03:25:50 >> HookCon_Service сообщает : Game#1023824 End
17.04.13 03:26:19 >> HookCon_Service сообщает : Game#1023825 Start
17.04.13 03:26:49 >> HookCon_Service сообщает : Game#1023825 Win Number: [30]
17.04.13 03:26:49 >> HookCon_Service сообщает : Game#1023825 End
17.04.13 03:27:18 >> HookCon_Service сообщает : Game#1023826 Start
17.04.13 03:27:50 >> HookCon_Service сообщает : Game#1023826 Win Number: [11]
17.04.13 03:27:50 >> HookCon_Service сообщает : Game#1023826 End
17.04.13 03:28:19 >> HookCon_Service сообщает : Game#1023827 Start
17.04.13 03:28:54 >> HookCon_Service сообщает : Game#1023827 Win Number: [31]
17.04.13 03:28:54 >> HookCon_Service сообщает : Game#1023827 End
17.04.13 03:29:24 >> HookCon_Service сообщает : Game#1023828 Start
17.04.13 03:29:52 >> HookCon_Service сообщает : Game#1023828 Win Number: [37]
17.04.13 03:29:53 >> HookCon_Service сообщает : Game#1023828 End
17.04.13 03:30:22 >> HookCon_Service сообщает : Game#1023829 Start
17.04.13 03:30:55 >> HookCon_Service сообщает : Game#1023829 Win Number: [22]
17.04.13 03:30:55 >> HookCon_Service сообщает : Game#1023829 End
17.04.13 03:31:26 >> HookCon_Service сообщает : Game#1023830 Start
17.04.13 03:31:57 >> HookCon_Service сообщает : Game#1023830 Win Number: [13]
17.04.13 03:31:57 >> HookCon_Service сообщает : Game#1023830 End
17.04.13 03:32:26 >> HookCon_Service сообщает : Game#1023831 Start
17.04.13 03:32:57 >> HookCon_Service сообщает : Game#1023831 Win Number: [5]
17.04.13 03:32:58 >> HookCon_Service сообщает : Game#1023831 End
17.04.13 03:33:27 >> HookCon_Service сообщает : Game#1023832 Start
17.04.13 03:34:00 >> HookCon_Service сообщает : Game#1023832 Win Number: [5]
17.04.13 03:34:00 >> HookCon_Service сообщает : Game#1023832 End
17.04.13 03:34:29 >> HookCon_Service сообщает : Game#1023833 Start
17.04.13 03:34:58 >> HookCon_Service сообщает : Game#1023833 Win Number: [8]
17.04.13 03:34:58 >> HookCon_Service сообщает : Game#1023833 End
17.04.13 03:35:28 >> HookCon_Service сообщает : Game#1023834 Start
17.04.13 03:36:02 >> HookCon_Service сообщает : Game#1023834 Win Number: [5]
17.04.13 03:36:02 >> HookCon_Service сообщает : Game#1023834 End
17.04.13 03:36:32 >> HookCon_Service сообщает : Game#1023835 Start
17.04.13 03:37:03 >> HookCon_Service сообщает : Game#1023835 Win Number: [8]
17.04.13 03:37:04 >> HookCon_Service сообщает : Game#1023835 End
17.04.13 03:37:34 >> HookCon_Service сообщает : Game#1023836 Start
17.04.13 03:38:06 >> HookCon_Service сообщает : Game#1023836 Win Number: [3]
17.04.13 03:38:06 >> HookCon_Service сообщает : Game#1023836 End
17.04.13 03:38:35 >> HookCon_Service сообщает : Game#1023837 Start
17.04.13 03:39:06 >> HookCon_Service сообщает : Game#1023837 Win Number: [11]
17.04.13 03:39:06 >> HookCon_Service сообщает : Game#1023837 End
17.04.13 03:39:36 >> HookCon_Service сообщает : Game#1023838 Start
17.04.13 03:40:08 >> HookCon_Service сообщает : Game#1023838 Win Number: [24]
17.04.13 03:40:09 >> HookCon_Service сообщает : Game#1023838 End
17.04.13 03:40:38 >> HookCon_Service сообщает : Game#1023839 Start
17.04.13 03:41:08 >> HookCon_Service сообщает : Game#1023839 Win Number: [3]
17.04.13 03:41:09 >> HookCon_Service сообщает : Game#1023839 End
17.04.13 03:41:39 >> HookCon_Service сообщает : Game#1023840 Start
17.04.13 03:42:10 >> HookCon_Service сообщает : Game#1023840 Win Number: [20]
17.04.13 03:42:10 >> HookCon_Service сообщает : Game#1023840 End
17.04.13 03:42:41 >> HookCon_Service сообщает : Game#1023841 Start
17.04.13 03:43:12 >> HookCon_Service сообщает : Game#1023841 Win Number: [3]
17.04.13 03:43:12 >> HookCon_Service сообщает : Game#1023841 End
17.04.13 03:43:42 >> HookCon_Service сообщает : Game#1023842 Start
17.04.13 03:44:17 >> HookCon_Service сообщает : Game#1023842 Win Number: [29]
17.04.13 03:44:17 >> HookCon_Service сообщает : Game#1023842 End
17.04.13 03:44:47 >> HookCon_Service сообщает : Game#1023843 Start
17.04.13 03:45:20 >> HookCon_Service сообщает : Game#1023843 Win Number: [36]
17.04.13 03:45:20 >> HookCon_Service сообщает : Game#1023843 End
17.04.13 03:45:49 >> HookCon_Service сообщает : Game#1023844 Start
17.04.13 03:46:19 >> HookCon_Service сообщает : Game#1023844 Win Number: [1]
17.04.13 03:46:20 >> HookCon_Service сообщает : Game#1023844 End
17.04.13 03:46:49 >> HookCon_Service сообщает : Game#1023845 Start
17.04.13 03:47:21 >> HookCon_Service сообщает : Game#1023845 Win Number: [28]
17.04.13 03:47:22 >> HookCon_Service сообщает : Game#1023845 End
17.04.13 03:47:53 >> HookCon_Service сообщает : Game#1023846 Start
17.04.13 03:48:22 >> HookCon_Service сообщает : Game#1023846 Win Number: [27]
17.04.13 03:48:23 >> HookCon_Service сообщает : Game#1023846 End
17.04.13 03:48:53 >> HookCon_Service сообщает : Game#1023847 Start
17.04.13 03:49:27 >> HookCon_Service сообщает : Game#1023847 Win Number: [34]
17.04.13 03:49:28 >> HookCon_Service сообщает : Game#1023847 End
17.04.13 03:49:58 >> HookCon_Service сообщает : Game#1023848 Start
17.04.13 03:50:31 >> HookCon_Service сообщает : Game#1023848 Win Number: [23]
17.04.13 03:50:31 >> HookCon_Service сообщает : Game#1023848 End
17.04.13 03:51:01 >> HookCon_Service сообщает : Game#1023849 Start
17.04.13 03:51:28 >> HookCon_Service сообщает : Game#1023849 Win Number: [21]
17.04.13 03:51:29 >> HookCon_Service сообщает : Game#1023849 End
17.04.13 03:52:00 >> HookCon_Service сообщает : Game#1023850 Start
17.04.13 03:52:33 >> HookCon_Service сообщает : Game#1023850 Win Number: [37]
17.04.13 03:52:34 >> HookCon_Service сообщает : Game#1023850 End
17.04.13 03:53:04 >> HookCon_Service сообщает : Game#1023851 Start
17.04.13 03:53:39 >> HookCon_Service сообщает : Game#1023851 Win Number: [16]
17.04.13 03:53:39 >> HookCon_Service сообщает : Game#1023851 End
17.04.13 03:54:08 >> HookCon_Service сообщает : Game#1023852 Start
17.04.13 03:54:41 >> HookCon_Service сообщает : Game#1023852 Win Number: [29]
17.04.13 03:54:42 >> HookCon_Service сообщает : Game#1023852 End
17.04.13 03:55:11 >> HookCon_Service сообщает : Game#1023853 Start
17.04.13 03:55:42 >> HookCon_Service сообщает : Game#1023853 Win Number: [2]
17.04.13 03:55:42 >> HookCon_Service сообщает : Game#1023853 End
17.04.13 03:56:13 >> HookCon_Service сообщает : Game#1023854 Start
17.04.13 03:56:45 >> HookCon_Service сообщает : Game#1023854 Win Number: [25]
17.04.13 03:56:46 >> HookCon_Service сообщает : Game#1023854 End
17.04.13 03:57:15 >> HookCon_Service сообщает : Game#1023855 Start
17.04.13 03:57:47 >> HookCon_Service сообщает : Game#1023855 Win Number: [18]
17.04.13 03:57:48 >> HookCon_Service сообщает : Game#1023855 End
17.04.13 03:58:18 >> HookCon_Service сообщает : Game#1023856 Start
17.04.13 03:58:47 >> HookCon_Service сообщает : Game#1023856 Win Number: [7]
17.04.13 03:58:47 >> HookCon_Service сообщает : Game#1023856 End
17.04.13 03:59:17 >> HookCon_Service сообщает : Game#1023857 Start
17.04.13 03:59:48 >> HookCon_Service сообщает : Game#1023857 Win Number: [37]
17.04.13 03:59:49 >> HookCon_Service сообщает : Game#1023857 End
17.04.13 04:00:19 >> HookCon_Service сообщает : Game#1023858 Start
17.04.13 04:00:50 >> HookCon_Service сообщает : Game#1023858 Win Number: [32]
17.04.13 04:00:51 >> HookCon_Service сообщает : Game#1023858 End
17.04.13 04:01:20 >> HookCon_Service сообщает : Game#1023859 Start
17.04.13 04:01:50 >> HookCon_Service сообщает : Game#1023859 Win Number: [6]
17.04.13 04:01:50 >> HookCon_Service сообщает : Game#1023859 End
17.04.13 04:02:22 >> HookCon_Service сообщает : Game#1023860 Start
17.04.13 04:02:54 >> HookCon_Service сообщает : Game#1023860 Win Number: [35]
17.04.13 04:02:54 >> HookCon_Service сообщает : Game#1023860 End
17.04.13 04:03:24 >> HookCon_Service сообщает : Game#1023861 Start
17.04.13 04:03:57 >> HookCon_Service сообщает : Game#1023861 Win Number: [35]
17.04.13 04:03:57 >> HookCon_Service сообщает : Game#1023861 End
17.04.13 04:04:26 >> HookCon_Service сообщает : Game#1023862 Start
17.04.13 04:04:55 >> HookCon_Service сообщает : Game#1023862 Win Number: [2]
17.04.13 04:04:55 >> HookCon_Service сообщает : Game#1023862 End
17.04.13 04:05:25 >> HookCon_Service сообщает : Game#1023863 Start
17.04.13 04:05:54 >> HookCon_Service сообщает : Game#1023863 Win Number: [32]
17.04.13 04:05:54 >> HookCon_Service сообщает : Game#1023863 End
17.04.13 04:06:23 >> HookCon_Service сообщает : Game#1023864 Start
17.04.13 04:06:54 >> HookCon_Service сообщает : Game#1023864 Win Number: [5]
17.04.13 04:06:54 >> HookCon_Service сообщает : Game#1023864 End
17.04.13 04:07:24 >> HookCon_Service сообщает : Game#1023865 Start
17.04.13 04:07:55 >> HookCon_Service сообщает : Game#1023865 Win Number: [14]
17.04.13 04:07:55 >> HookCon_Service сообщает : Game#1023865 End
17.04.13 04:08:24 >> HookCon_Service сообщает : Game#1023866 Start
17.04.13 04:08:57 >> HookCon_Service сообщает : Game#1023866 Win Number: [18]
17.04.13 04:08:57 >> HookCon_Service сообщает : Game#1023866 End
17.04.13 04:09:27 >> HookCon_Service сообщает : Game#1023867 Start
17.04.13 04:10:00 >> HookCon_Service сообщает : Game#1023867 Win Number: [5]
17.04.13 04:10:01 >> HookCon_Service сообщает : Game#1023867 End
17.04.13 04:10:31 >> HookCon_Service сообщает : Game#1023868 Start
17.04.13 04:11:02 >> HookCon_Service сообщает : Game#1023868 Win Number: [15]
17.04.13 04:11:02 >> HookCon_Service сообщает : Game#1023868 End
17.04.13 04:11:32 >> HookCon_Service сообщает : Game#1023869 Start
17.04.13 04:12:01 >> HookCon_Service сообщает : Game#1023869 Win Number: [8]
17.04.13 04:12:02 >> HookCon_Service сообщает : Game#1023869 End
17.04.13 04:12:32 >> HookCon_Service сообщает : Game#1023870 Start
17.04.13 04:13:04 >> HookCon_Service сообщает : Game#1023870 Win Number: [20]
17.04.13 04:13:05 >> HookCon_Service сообщает : Game#1023870 End
17.04.13 04:13:34 >> HookCon_Service сообщает : Game#1023871 Start
17.04.13 04:14:05 >> HookCon_Service сообщает : Game#1023871 Win Number: [36]
17.04.13 04:14:06 >> HookCon_Service сообщает : Game#1023871 End
17.04.13 04:14:35 >> HookCon_Service сообщает : Game#1023872 Start
17.04.13 04:15:06 >> HookCon_Service сообщает : Game#1023872 Win Number: [7]
17.04.13 04:15:06 >> HookCon_Service сообщает : Game#1023872 End
17.04.13 04:15:36 >> HookCon_Service сообщает : Game#1023873 Start
17.04.13 04:16:11 >> HookCon_Service сообщает : Game#1023873 Win Number: [1]
17.04.13 04:16:11 >> HookCon_Service сообщает : Game#1023873 End
17.04.13 04:16:40 >> HookCon_Service сообщает : Game#1023874 Start
17.04.13 04:17:13 >> HookCon_Service сообщает : Game#1023874 Win Number: [10]
17.04.13 04:17:13 >> HookCon_Service сообщает : Game#1023874 End
17.04.13 04:17:43 >> HookCon_Service сообщает : Game#1023875 Start
17.04.13 04:18:10 >> HookCon_Service сообщает : Game#1023875 Win Number: [34]
17.04.13 04:18:10 >> HookCon_Service сообщает : Game#1023875 End
17.04.13 04:18:39 >> HookCon_Service сообщает : Game#1023876 Start
17.04.13 04:19:13 >> HookCon_Service сообщает : Game#1023876 Win Number: [2]
17.04.13 04:19:13 >> HookCon_Service сообщает : Game#1023876 End
17.04.13 04:19:43 >> HookCon_Service сообщает : Game#1023877 Start
17.04.13 04:20:13 >> HookCon_Service сообщает : Game#1023877 Win Number: [18]
17.04.13 04:20:13 >> HookCon_Service сообщает : Game#1023877 End
17.04.13 04:20:43 >> HookCon_Service сообщает : Game#1023878 Start
17.04.13 04:21:12 >> HookCon_Service сообщает : Game#1023878 Win Number: [26]
17.04.13 04:21:13 >> HookCon_Service сообщает : Game#1023878 End
17.04.13 04:21:42 >> HookCon_Service сообщает : Game#1023879 Start
17.04.13 04:22:13 >> HookCon_Service сообщает : Game#1023879 Win Number: [7]
17.04.13 04:22:13 >> HookCon_Service сообщает : Game#1023879 End
17.04.13 04:22:44 >> HookCon_Service сообщает : Game#1023880 Start
17.04.13 04:23:16 >> HookCon_Service сообщает : Game#1023880 Win Number: [21]
17.04.13 04:23:17 >> HookCon_Service сообщает : Game#1023880 End
17.04.13 04:23:46 >> HookCon_Service сообщает : Game#1023881 Start
17.04.13 04:24:17 >> HookCon_Service сообщает : Game#1023881 Win Number: [5]
17.04.13 04:24:17 >> HookCon_Service сообщает : Game#1023881 End
17.04.13 04:24:47 >> HookCon_Service сообщает : Game#1023882 Start
17.04.13 04:25:17 >> HookCon_Service сообщает : Game#1023882 Win Number: [15]
17.04.13 04:25:18 >> HookCon_Service сообщает : Game#1023882 End
17.04.13 04:25:47 >> HookCon_Service сообщает : Game#1023883 Start
17.04.13 04:26:15 >> HookCon_Service сообщает : Game#1023883 Win Number: [13]
17.04.13 04:26:15 >> HookCon_Service сообщает : Game#1023883 End
17.04.13 04:26:45 >> HookCon_Service сообщает : Game#1023884 Start
17.04.13 04:27:14 >> HookCon_Service сообщает : Game#1023884 Win Number: [37]
17.04.13 04:27:14 >> HookCon_Service сообщает : Game#1023884 End
17.04.13 04:27:44 >> HookCon_Service сообщает : Game#1023885 Start
17.04.13 04:28:14 >> HookCon_Service сообщает : Game#1023885 Win Number: [13]
17.04.13 04:28:15 >> HookCon_Service сообщает : Game#1023885 End
17.04.13 04:28:45 >> HookCon_Service сообщает : Game#1023886 Start
17.04.13 04:29:17 >> HookCon_Service сообщает : Game#1023886 Win Number: [13]
17.04.13 04:29:18 >> HookCon_Service сообщает : Game#1023886 End
17.04.13 04:29:47 >> HookCon_Service сообщает : Game#1023887 Start
17.04.13 04:30:18 >> HookCon_Service сообщает : Game#1023887 Win Number: [5]
17.04.13 04:30:18 >> HookCon_Service сообщает : Game#1023887 End
17.04.13 04:30:48 >> HookCon_Service сообщает : Game#1023888 Start
17.04.13 04:31:19 >> HookCon_Service сообщает : Game#1023888 Win Number: [35]
17.04.13 04:31:20 >> HookCon_Service сообщает : Game#1023888 End
17.04.13 04:31:49 >> HookCon_Service сообщает : Game#1023889 Start
17.04.13 04:32:18 >> HookCon_Service сообщает : Game#1023889 Win Number: [28]
17.04.13 04:32:19 >> HookCon_Service сообщает : Game#1023889 End
17.04.13 04:32:50 >> HookCon_Service сообщает : Game#1023890 Start
17.04.13 04:33:22 >> HookCon_Service сообщает : Game#1023890 Win Number: [4]
17.04.13 04:33:22 >> HookCon_Service сообщает : Game#1023890 End
17.04.13 04:33:52 >> HookCon_Service сообщает : Game#1023891 Start
17.04.13 04:34:23 >> HookCon_Service сообщает : Game#1023891 Win Number: [21]
17.04.13 04:34:23 >> HookCon_Service сообщает : Game#1023891 End
17.04.13 04:34:53 >> HookCon_Service сообщает : Game#1023892 Start
17.04.13 04:35:26 >> HookCon_Service сообщает : Game#1023892 Win Number: [14]
17.04.13 04:35:27 >> HookCon_Service сообщает : Game#1023892 End
17.04.13 04:35:56 >> HookCon_Service сообщает : Game#1023893 Start
17.04.13 04:36:27 >> HookCon_Service сообщает : Game#1023893 Win Number: [5]
17.04.13 04:36:27 >> HookCon_Service сообщает : Game#1023893 End
17.04.13 04:36:56 >> HookCon_Service сообщает : Game#1023894 Start
17.04.13 04:37:25 >> HookCon_Service сообщает : Game#1023894 Win Number: [13]
17.04.13 04:37:25 >> HookCon_Service сообщает : Game#1023894 End
17.04.13 04:37:55 >> HookCon_Service сообщает : Game#1023895 Start
17.04.13 04:38:27 >> HookCon_Service сообщает : Game#1023895 Win Number: [6]
17.04.13 04:38:27 >> HookCon_Service сообщает : Game#1023895 End
17.04.13 04:38:57 >> HookCon_Service сообщает : Game#1023896 Start
17.04.13 04:39:30 >> HookCon_Service сообщает : Game#1023896 Win Number: [4]
17.04.13 04:39:30 >> HookCon_Service сообщает : Game#1023896 End
17.04.13 04:40:00 >> HookCon_Service сообщает : Game#1023897 Start
17.04.13 04:40:32 >> HookCon_Service сообщает : Game#1023897 Win Number: [17]
17.04.13 04:40:33 >> HookCon_Service сообщает : Game#1023897 End
17.04.13 04:41:02 >> HookCon_Service сообщает : Game#1023898 Start
17.04.13 04:41:34 >> HookCon_Service сообщает : Game#1023898 Win Number: [10]
17.04.13 04:41:34 >> HookCon_Service сообщает : Game#1023898 End
17.04.13 04:42:04 >> HookCon_Service сообщает : Game#1023899 Start
17.04.13 04:42:34 >> HookCon_Service сообщает : Game#1023899 Win Number: [37]
17.04.13 04:42:35 >> HookCon_Service сообщает : Game#1023899 End
17.04.13 04:43:06 >> HookCon_Service сообщает : Game#1023900 Start
17.04.13 04:43:38 >> HookCon_Service сообщает : Game#1023900 Win Number: [6]
17.04.13 04:43:39 >> HookCon_Service сообщает : Game#1023900 End
17.04.13 04:44:08 >> HookCon_Service сообщает : Game#1023901 Start
17.04.13 04:44:39 >> HookCon_Service сообщает : Game#1023901 Win Number: [7]
17.04.13 04:44:39 >> HookCon_Service сообщает : Game#1023901 End
17.04.13 04:45:09 >> HookCon_Service сообщает : Game#1023902 Start
17.04.13 04:45:38 >> HookCon_Service сообщает : Game#1023902 Win Number: [11]
17.04.13 04:45:39 >> HookCon_Service сообщает : Game#1023902 End
17.04.13 04:46:09 >> HookCon_Service сообщает : Game#1023903 Start
17.04.13 04:46:39 >> HookCon_Service сообщает : Game#1023903 Win Number: [8]
17.04.13 04:46:39 >> HookCon_Service сообщает : Game#1023903 End
17.04.13 04:47:09 >> HookCon_Service сообщает : Game#1023904 Start
17.04.13 04:47:40 >> HookCon_Service сообщает : Game#1023904 Win Number: [14]
17.04.13 04:47:41 >> HookCon_Service сообщает : Game#1023904 End
17.04.13 04:48:10 >> HookCon_Service сообщает : Game#1023905 Start
17.04.13 04:48:40 >> HookCon_Service сообщает : Game#1023905 Win Number: [30]
17.04.13 04:48:40 >> HookCon_Service сообщает : Game#1023905 End
17.04.13 04:49:10 >> HookCon_Service сообщает : Game#1023906 Start
17.04.13 04:49:42 >> HookCon_Service сообщает : Game#1023906 Win Number: [21]
17.04.13 04:49:42 >> HookCon_Service сообщает : Game#1023906 End
17.04.13 04:50:12 >> HookCon_Service сообщает : Game#1023907 Start
17.04.13 04:50:43 >> HookCon_Service сообщает : Game#1023907 Win Number: [24]
17.04.13 04:50:43 >> HookCon_Service сообщает : Game#1023907 End
17.04.13 04:51:13 >> HookCon_Service сообщает : Game#1023908 Start
17.04.13 04:51:45 >> HookCon_Service сообщает : Game#1023908 Win Number: [33]
17.04.13 04:51:45 >> HookCon_Service сообщает : Game#1023908 End
17.04.13 04:52:14 >> HookCon_Service сообщает : Game#1023909 Start
17.04.13 04:52:44 >> HookCon_Service сообщает : Game#1023909 Win Number: [16]
17.04.13 04:53:16 >> HookCon_Service сообщает : Game#1023910 Start
17.04.13 04:53:48 >> HookCon_Service сообщает : Game#1023910 Win Number: [10]
17.04.13 04:53:49 >> HookCon_Service сообщает : Game#1023910 End
17.04.13 04:54:18 >> HookCon_Service сообщает : Game#1023911 Start
17.04.13 04:54:49 >> HookCon_Service сообщает : Game#1023911 Win Number: [26]
17.04.13 04:54:49 >> HookCon_Service сообщает : Game#1023911 End
17.04.13 04:55:19 >> HookCon_Service сообщает : Game#1023912 Start
17.04.13 04:55:51 >> HookCon_Service сообщает : Game#1023912 Win Number: [8]
17.04.13 04:55:51 >> HookCon_Service сообщает : Game#1023912 End
17.04.13 04:56:21 >> HookCon_Service сообщает : Game#1023913 Start
17.04.13 04:56:53 >> HookCon_Service сообщает : Game#1023913 Win Number: [31]
17.04.13 04:56:53 >> HookCon_Service сообщает : Game#1023913 End
17.04.13 04:57:22 >> HookCon_Service сообщает : Game#1023914 Start
17.04.13 04:57:51 >> HookCon_Service сообщает : Game#1023914 Win Number: [12]
17.04.13 04:57:52 >> HookCon_Service сообщает : Game#1023914 End
17.04.13 04:58:22 >> HookCon_Service сообщает : Game#1023915 Start
17.04.13 04:58:52 >> HookCon_Service сообщает : Game#1023915 Win Number: [8]
17.04.13 04:58:53 >> HookCon_Service сообщает : Game#1023915 End
17.04.13 04:59:22 >> HookCon_Service сообщает : Game#1023916 Start
17.04.13 04:59:52 >> HookCon_Service сообщает : Game#1023916 Win Number: [17]
17.04.13 04:59:52 >> HookCon_Service сообщает : Game#1023916 End
17.04.13 05:00:21 >> HookCon_Service сообщает : Game#1023917 Start
17.04.13 05:00:53 >> HookCon_Service сообщает : Game#1023917 Win Number: [32]
17.04.13 05:00:54 >> HookCon_Service сообщает : Game#1023917 End
17.04.13 05:01:23 >> HookCon_Service сообщает : Game#1023918 Start
17.04.13 05:01:55 >> HookCon_Service сообщает : Game#1023918 Win Number: [24]
17.04.13 05:01:55 >> HookCon_Service сообщает : Game#1023918 End
17.04.13 05:02:25 >> HookCon_Service сообщает : Game#1023919 Start
17.04.13 05:02:55 >> HookCon_Service сообщает : Game#1023919 Win Number: [19]
17.04.13 05:02:56 >> HookCon_Service сообщает : Game#1023919 End
17.04.13 05:03:27 >> HookCon_Service сообщает : Game#1023920 Start
17.04.13 05:03:58 >> HookCon_Service сообщает : Game#1023920 Win Number: [9]
17.04.13 05:03:58 >> HookCon_Service сообщает : Game#1023920 End
17.04.13 05:04:28 >> HookCon_Service сообщает : Game#1023921 Start
17.04.13 05:04:58 >> HookCon_Service сообщает : Game#1023921 Win Number: [29]
17.04.13 05:04:59 >> HookCon_Service сообщает : Game#1023921 End
17.04.13 05:05:28 >> HookCon_Service сообщает : Game#1023922 Start
17.04.13 05:05:59 >> HookCon_Service сообщает : Game#1023922 Win Number: [4]
17.04.13 05:05:59 >> HookCon_Service сообщает : Game#1023922 End
17.04.13 05:06:29 >> HookCon_Service сообщает : Game#1023923 Start
17.04.13 05:06:58 >> HookCon_Service сообщает : Game#1023923 Win Number: [30]
17.04.13 05:06:58 >> HookCon_Service сообщает : Game#1023923 End
17.04.13 05:07:28 >> HookCon_Service сообщает : Game#1023924 Start
17.04.13 05:08:01 >> HookCon_Service сообщает : Game#1023924 Win Number: [35]
17.04.13 05:08:01 >> HookCon_Service сообщает : Game#1023924 End
17.04.13 05:08:31 >> HookCon_Service сообщает : Game#1023925 Start
17.04.13 05:09:03 >> HookCon_Service сообщает : Game#1023925 Win Number: [34]
17.04.13 05:09:04 >> HookCon_Service сообщает : Game#1023925 End
17.04.13 05:09:33 >> HookCon_Service сообщает : Game#1023926 Start
17.04.13 05:10:05 >> HookCon_Service сообщает : Game#1023926 Win Number: [24]
17.04.13 05:10:05 >> HookCon_Service сообщает : Game#1023926 End
17.04.13 05:10:34 >> HookCon_Service сообщает : Game#1023927 Start
17.04.13 05:11:05 >> HookCon_Service сообщает : Game#1023927 Win Number: [4]
17.04.13 05:11:05 >> HookCon_Service сообщает : Game#1023927 End
17.04.13 05:11:35 >> HookCon_Service сообщает : Game#1023928 Start
17.04.13 05:12:05 >> HookCon_Service сообщает : Game#1023928 Win Number: [29]
17.04.13 05:12:06 >> HookCon_Service сообщает : Game#1023928 End
17.04.13 05:12:35 >> HookCon_Service сообщает : Game#1023929 Start
17.04.13 05:13:08 >> HookCon_Service сообщает : Game#1023929 Win Number: [9]
17.04.13 05:13:08 >> HookCon_Service сообщает : Game#1023929 End
17.04.13 05:13:39 >> HookCon_Service сообщает : Game#1023930 Start
17.04.13 05:14:11 >> HookCon_Service сообщает : Game#1023930 Win Number: [18]
17.04.13 05:14:11 >> HookCon_Service сообщает : Game#1023930 End
17.04.13 05:14:40 >> HookCon_Service сообщает : Game#1023931 Start
17.04.13 05:15:11 >> HookCon_Service сообщает : Game#1023931 Win Number: [26]
17.04.13 05:15:11 >> HookCon_Service сообщает : Game#1023931 End
17.04.13 05:15:42 >> HookCon_Service сообщает : Game#1023932 Start
17.04.13 05:16:10 >> HookCon_Service сообщает : Game#1023932 Win Number: [37]
17.04.13 05:16:11 >> HookCon_Service сообщает : Game#1023932 End
17.04.13 05:16:41 >> HookCon_Service сообщает : Game#1023933 Start
17.04.13 05:17:10 >> HookCon_Service сообщает : Game#1023933 Win Number: [12]
17.04.13 05:17:10 >> HookCon_Service сообщает : Game#1023933 End
17.04.13 05:17:39 >> HookCon_Service сообщает : Game#1023934 Start
17.04.13 05:18:12 >> HookCon_Service сообщает : Game#1023934 Win Number: [25]
17.04.13 05:18:12 >> HookCon_Service сообщает : Game#1023934 End
17.04.13 05:18:42 >> HookCon_Service сообщает : Game#1023935 Start
17.04.13 05:19:12 >> HookCon_Service сообщает : Game#1023935 Win Number: [21]
17.04.13 05:19:13 >> HookCon_Service сообщает : Game#1023935 End
17.04.13 05:19:44 >> HookCon_Service сообщает : Game#1023936 Start
17.04.13 05:20:16 >> HookCon_Service сообщает : Game#1023936 Win Number: [2]
17.04.13 05:20:17 >> HookCon_Service сообщает : Game#1023936 End
17.04.13 05:20:46 >> HookCon_Service сообщает : Game#1023937 Start
17.04.13 05:21:14 >> HookCon_Service сообщает : Game#1023937 Win Number: [8]
17.04.13 05:21:14 >> HookCon_Service сообщает : Game#1023937 End
17.04.13 05:21:44 >> HookCon_Service сообщает : Game#1023938 Start
17.04.13 05:22:16 >> HookCon_Service сообщает : Game#1023938 Win Number: [29]
17.04.13 05:22:16 >> HookCon_Service сообщает : Game#1023938 End
17.04.13 05:22:46 >> HookCon_Service сообщает : Game#1023939 Start
17.04.13 05:23:16 >> HookCon_Service сообщает : Game#1023939 Win Number: [15]
17.04.13 05:23:17 >> HookCon_Service сообщает : Game#1023939 End
17.04.13 05:23:47 >> HookCon_Service сообщает : Game#1023940 Start
17.04.13 05:24:17 >> HookCon_Service сообщает : Game#1023940 Win Number: [28]
17.04.13 05:24:18 >> HookCon_Service сообщает : Game#1023940 End
17.04.13 05:24:48 >> HookCon_Service сообщает : Game#1023941 Start
17.04.13 05:25:23 >> HookCon_Service сообщает : Game#1023941 Win Number: [34]
17.04.13 05:25:23 >> HookCon_Service сообщает : Game#1023941 End
17.04.13 05:25:53 >> HookCon_Service сообщает : Game#1023942 Start
17.04.13 05:26:21 >> HookCon_Service сообщает : Game#1023942 Win Number: [10]
17.04.13 05:26:21 >> HookCon_Service сообщает : Game#1023942 End
17.04.13 05:26:51 >> HookCon_Service сообщает : Game#1023943 Start
17.04.13 05:27:21 >> HookCon_Service сообщает : Game#1023943 Win Number: [8]
17.04.13 05:27:22 >> HookCon_Service сообщает : Game#1023943 End
17.04.13 05:27:51 >> HookCon_Service сообщает : Game#1023944 Start
17.04.13 05:28:21 >> HookCon_Service сообщает : Game#1023944 Win Number: [37]
17.04.13 05:28:21 >> HookCon_Service сообщает : Game#1023944 End
17.04.13 05:28:50 >> HookCon_Service сообщает : Game#1023945 Start
17.04.13 05:29:24 >> HookCon_Service сообщает : Game#1023945 Win Number: [26]
17.04.13 05:29:24 >> HookCon_Service сообщает : Game#1023945 End
17.04.13 05:29:53 >> HookCon_Service сообщает : Game#1023946 Start
17.04.13 05:30:25 >> HookCon_Service сообщает : Game#1023946 Win Number: [31]
17.04.13 05:30:25 >> HookCon_Service сообщает : Game#1023946 End
17.04.13 05:30:55 >> HookCon_Service сообщает : Game#1023947 Start
17.04.13 05:31:27 >> HookCon_Service сообщает : Game#1023947 Win Number: [25]
17.04.13 05:31:27 >> HookCon_Service сообщает : Game#1023947 End
17.04.13 05:31:57 >> HookCon_Service сообщает : Game#1023948 Start
17.04.13 05:32:28 >> HookCon_Service сообщает : Game#1023948 Win Number: [1]
17.04.13 05:32:29 >> HookCon_Service сообщает : Game#1023948 End
17.04.13 05:32:59 >> HookCon_Service сообщает : Game#1023949 Start
17.04.13 05:33:29 >> HookCon_Service сообщает : Game#1023949 Win Number: [9]
17.04.13 05:33:30 >> HookCon_Service сообщает : Game#1023949 End
17.04.13 05:34:01 >> HookCon_Service сообщает : Game#1023950 Start
17.04.13 05:34:31 >> HookCon_Service сообщает : Game#1023950 Win Number: [29]
17.04.13 05:34:32 >> HookCon_Service сообщает : Game#1023950 End
17.04.13 05:35:01 >> HookCon_Service сообщает : Game#1023951 Start
17.04.13 05:35:32 >> HookCon_Service сообщает : Game#1023951 Win Number: [31]
17.04.13 05:35:32 >> HookCon_Service сообщает : Game#1023951 End
17.04.13 05:36:02 >> HookCon_Service сообщает : Game#1023952 Start
17.04.13 05:36:32 >> HookCon_Service сообщает : Game#1023952 Win Number: [24]
17.04.13 05:36:32 >> HookCon_Service сообщает : Game#1023952 End
17.04.13 05:37:02 >> HookCon_Service сообщает : Game#1023953 Start
17.04.13 05:37:34 >> HookCon_Service сообщает : Game#1023953 Win Number: [16]
17.04.13 05:37:35 >> HookCon_Service сообщает : Game#1023953 End
17.04.13 05:38:04 >> HookCon_Service сообщает : Game#1023954 Start
17.04.13 05:38:34 >> HookCon_Service сообщает : Game#1023954 Win Number: [7]
17.04.13 05:38:35 >> HookCon_Service сообщает : Game#1023954 End
17.04.13 05:39:04 >> HookCon_Service сообщает : Game#1023955 Start
17.04.13 05:39:35 >> HookCon_Service сообщает : Game#1023955 Win Number: [13]
17.04.13 05:39:36 >> HookCon_Service сообщает : Game#1023955 End
17.04.13 05:40:06 >> HookCon_Service сообщает : Game#1023956 Start
17.04.13 05:40:38 >> HookCon_Service сообщает : Game#1023956 Win Number: [15]
17.04.13 05:40:39 >> HookCon_Service сообщает : Game#1023956 End
17.04.13 05:41:08 >> HookCon_Service сообщает : Game#1023957 Start
17.04.13 05:41:38 >> HookCon_Service сообщает : Game#1023957 Win Number: [31]
17.04.13 05:41:38 >> HookCon_Service сообщает : Game#1023957 End
17.04.13 05:42:08 >> HookCon_Service сообщает : Game#1023958 Start
17.04.13 05:42:39 >> HookCon_Service сообщает : Game#1023958 Win Number: [36]
17.04.13 05:42:39 >> HookCon_Service сообщает : Game#1023958 End
17.04.13 05:43:10 >> HookCon_Service сообщает : Game#1023959 Start
17.04.13 05:43:38 >> HookCon_Service сообщает : Game#1023959 Win Number: [7]
17.04.13 05:43:39 >> HookCon_Service сообщает : Game#1023959 End
17.04.13 05:44:10 >> HookCon_Service сообщает : Game#1023960 Start
17.04.13 05:44:42 >> HookCon_Service сообщает : Game#1023960 Win Number: [3]
17.04.13 05:44:42 >> HookCon_Service сообщает : Game#1023960 End
17.04.13 05:45:11 >> HookCon_Service сообщает : Game#1023961 Start
17.04.13 05:45:39 >> HookCon_Service сообщает : Game#1023961 Win Number: [21]
17.04.13 05:45:40 >> HookCon_Service сообщает : Game#1023961 End
17.04.13 05:46:09 >> HookCon_Service сообщает : Game#1023962 Start
17.04.13 05:46:40 >> HookCon_Service сообщает : Game#1023962 Win Number: [29]
17.04.13 05:46:41 >> HookCon_Service сообщает : Game#1023962 End
17.04.13 05:47:11 >> HookCon_Service сообщает : Game#1023963 Start
17.04.13 05:47:40 >> HookCon_Service сообщает : Game#1023963 Win Number: [19]
17.04.13 05:47:41 >> HookCon_Service сообщает : Game#1023963 End
17.04.13 05:48:10 >> HookCon_Service сообщает : Game#1023964 Start
17.04.13 05:48:40 >> HookCon_Service сообщает : Game#1023964 Win Number: [26]
17.04.13 05:48:41 >> HookCon_Service сообщает : Game#1023964 End
17.04.13 05:49:11 >> HookCon_Service сообщает : Game#1023965 Start
17.04.13 05:49:40 >> HookCon_Service сообщает : Game#1023965 Win Number: [5]
17.04.13 05:49:41 >> HookCon_Service сообщает : Game#1023965 End
17.04.13 05:50:11 >> HookCon_Service сообщает : Game#1023966 Start
17.04.13 05:50:42 >> HookCon_Service сообщает : Game#1023966 Win Number: [29]
17.04.13 05:50:42 >> HookCon_Service сообщает : Game#1023966 End
17.04.13 05:51:12 >> HookCon_Service сообщает : Game#1023967 Start
17.04.13 05:51:43 >> HookCon_Service сообщает : Game#1023967 Win Number: [18]
17.04.13 05:51:44 >> HookCon_Service сообщает : Game#1023967 End
17.04.13 05:52:13 >> HookCon_Service сообщает : Game#1023968 Start
17.04.13 05:52:43 >> HookCon_Service сообщает : Game#1023968 Win Number: [3]
17.04.13 05:52:44 >> HookCon_Service сообщает : Game#1023968 End
17.04.13 05:53:14 >> HookCon_Service сообщает : Game#1023969 Start
17.04.13 05:53:41 >> HookCon_Service сообщает : Game#1023969 Win Number: [32]
17.04.13 05:53:42 >> HookCon_Service сообщает : Game#1023969 End
17.04.13 05:54:13 >> HookCon_Service сообщает : Game#1023970 Start
17.04.13 05:54:42 >> HookCon_Service сообщает : Game#1023970 Win Number: [18]
17.04.13 05:54:43 >> HookCon_Service сообщает : Game#1023970 End
17.04.13 05:55:12 >> HookCon_Service сообщает : Game#1023971 Start
17.04.13 05:55:45 >> HookCon_Service сообщает : Game#1023971 Win Number: [21]
17.04.13 05:55:46 >> HookCon_Service сообщает : Game#1023971 End
17.04.13 05:56:15 >> HookCon_Service сообщает : Game#1023972 Start
17.04.13 05:56:48 >> HookCon_Service сообщает : Game#1023972 Win Number: [7]
17.04.13 05:56:49 >> HookCon_Service сообщает : Game#1023972 End
17.04.13 05:57:18 >> HookCon_Service сообщает : Game#1023973 Start
17.04.13 05:57:50 >> HookCon_Service сообщает : Game#1023973 Win Number: [13]
17.04.13 05:57:51 >> HookCon_Service сообщает : Game#1023973 End
17.04.13 05:58:20 >> HookCon_Service сообщает : Game#1023974 Start
17.04.13 05:58:53 >> HookCon_Service сообщает : Game#1023974 Win Number: [3]
17.04.13 05:58:53 >> HookCon_Service сообщает : Game#1023974 End
17.04.13 05:59:23 >> HookCon_Service сообщает : Game#1023975 Start
17.04.13 05:59:53 >> HookCon_Service сообщает : Game#1023975 Win Number: [26]
17.04.13 05:59:53 >> HookCon_Service сообщает : Game#1023975 End
17.04.13 06:00:23 >> HookCon_Service сообщает : Game#1023976 Start
17.04.13 06:00:56 >> HookCon_Service сообщает : Game#1023976 Win Number: [26]
17.04.13 06:00:56 >> HookCon_Service сообщает : Game#1023976 End
17.04.13 06:01:25 >> HookCon_Service сообщает : Game#1023977 Start
17.04.13 06:01:53 >> HookCon_Service сообщает : Game#1023977 Win Number: [35]
17.04.13 06:01:53 >> HookCon_Service сообщает : Game#1023977 End
17.04.13 06:02:23 >> HookCon_Service сообщает : Game#1023978 Start
17.04.13 06:02:52 >> HookCon_Service сообщает : Game#1023978 Win Number: [9]
17.04.13 06:02:52 >> HookCon_Service сообщает : Game#1023978 End
17.04.13 06:03:23 >> HookCon_Service сообщает : Game#1023979 Start
17.04.13 06:03:56 >> HookCon_Service сообщает : Game#1023979 Win Number: [24]
17.04.13 06:03:57 >> HookCon_Service сообщает : Game#1023979 End
17.04.13 06:04:28 >> HookCon_Service сообщает : Game#1023980 Start
17.04.13 06:04:57 >> HookCon_Service сообщает : Game#1023980 Win Number: [35]
17.04.13 06:04:57 >> HookCon_Service сообщает : Game#1023980 End
17.04.13 06:05:27 >> HookCon_Service сообщает : Game#1023981 Start
17.04.13 06:06:00 >> HookCon_Service сообщает : Game#1023981 Win Number: [35]
17.04.13 06:06:00 >> HookCon_Service сообщает : Game#1023981 End
17.04.13 06:06:30 >> HookCon_Service сообщает : Game#1023982 Start
17.04.13 06:07:01 >> HookCon_Service сообщает : Game#1023982 Win Number: [13]
17.04.13 06:07:01 >> HookCon_Service сообщает : Game#1023982 End
17.04.13 06:07:31 >> HookCon_Service сообщает : Game#1023983 Start
17.04.13 06:08:06 >> HookCon_Service сообщает : Game#1023983 Win Number: [25]
17.04.13 06:08:06 >> HookCon_Service сообщает : Game#1023983 End
17.04.13 06:08:36 >> HookCon_Service сообщает : Game#1023984 Start
17.04.13 06:09:08 >> HookCon_Service сообщает : Game#1023984 Win Number: [20]
17.04.13 06:09:08 >> HookCon_Service сообщает : Game#1023984 End
17.04.13 06:09:38 >> HookCon_Service сообщает : Game#1023985 Start
17.04.13 06:10:09 >> HookCon_Service сообщает : Game#1023985 Win Number: [12]
17.04.13 06:10:10 >> HookCon_Service сообщает : Game#1023985 End
17.04.13 06:10:39 >> HookCon_Service сообщает : Game#1023986 Start
17.04.13 06:11:09 >> HookCon_Service сообщает : Game#1023986 Win Number: [33]
17.04.13 06:11:09 >> HookCon_Service сообщает : Game#1023986 End
17.04.13 06:11:38 >> HookCon_Service сообщает : Game#1023987 Start
17.04.13 06:12:07 >> HookCon_Service сообщает : Game#1023987 Win Number: [10]
17.04.13 06:12:07 >> HookCon_Service сообщает : Game#1023987 End
17.04.13 06:12:37 >> HookCon_Service сообщает : Game#1023988 Start
17.04.13 06:13:09 >> HookCon_Service сообщает : Game#1023988 Win Number: [25]
17.04.13 06:13:09 >> HookCon_Service сообщает : Game#1023988 End
17.04.13 06:13:38 >> HookCon_Service сообщает : Game#1023989 Start
17.04.13 06:14:09 >> HookCon_Service сообщает : Game#1023989 Win Number: [6]
17.04.13 06:14:10 >> HookCon_Service сообщает : Game#1023989 End
17.04.13 06:14:41 >> HookCon_Service сообщает : Game#1023990 Start
17.04.13 06:15:13 >> HookCon_Service сообщает : Game#1023990 Win Number: [14]
17.04.13 06:15:13 >> HookCon_Service сообщает : Game#1023990 End
17.04.13 06:15:42 >> HookCon_Service сообщает : Game#1023991 Start
17.04.13 06:16:14 >> HookCon_Service сообщает : Game#1023991 Win Number: [17]
17.04.13 06:16:15 >> HookCon_Service сообщает : Game#1023991 End
17.04.13 06:16:45 >> HookCon_Service сообщает : Game#1023992 Start
17.04.13 06:17:16 >> HookCon_Service сообщает : Game#1023992 Win Number: [23]
17.04.13 06:17:16 >> HookCon_Service сообщает : Game#1023992 End
17.04.13 06:17:45 >> HookCon_Service сообщает : Game#1023993 Start
17.04.13 06:18:17 >> HookCon_Service сообщает : Game#1023993 Win Number: [36]
17.04.13 06:18:17 >> HookCon_Service сообщает : Game#1023993 End
17.04.13 06:18:47 >> HookCon_Service сообщает : Game#1023994 Start
17.04.13 06:19:21 >> HookCon_Service сообщает : Game#1023994 Win Number: [2]
17.04.13 06:19:21 >> HookCon_Service сообщает : Game#1023994 End
17.04.13 06:19:51 >> HookCon_Service сообщает : Game#1023995 Start
17.04.13 06:20:22 >> HookCon_Service сообщает : Game#1023995 Win Number: [15]
17.04.13 06:20:23 >> HookCon_Service сообщает : Game#1023995 End
17.04.13 06:20:52 >> HookCon_Service сообщает : Game#1023996 Start
17.04.13 06:21:24 >> HookCon_Service сообщает : Game#1023996 Win Number: [35]
17.04.13 06:21:24 >> HookCon_Service сообщает : Game#1023996 End
17.04.13 06:21:38 >> HookCon_Service сообщает : сервер рулетки выключен!
17.04.13 06:21:44 >> HookCon_Service отключен. Причина: Удаленный хост принудительно разорвал существующее подключение
