22.07.13 01:41:32 >> Сервер запущен. Ожидание входящих подключений.
22.07.13 01:41:47 >> Подключен клиент: 192.168.10.39
22.07.13 01:41:53 >> HookCon_Service сообщает : Game#1026682 Start
22.07.13 01:41:59 >> Подключен клиент: 127.0.0.1
22.07.13 01:42:19 >> HookCon_Service сообщает : Game#1026682 Win Number: [7]
22.07.13 01:42:20 >> HookCon_Service сообщает : Game#1026682 End
22.07.13 01:43:51 >> HookCon_Service сообщает : Game#1026683 Start
22.07.13 01:43:51 >> WebClient [192.168.10.5:49923] made a next bet(s)0;0;0;0;0;0;0;0;0;0;0;0;0;0;0;0;37.5;0;0;50;0;0;12.5;0;0;0;0;0;0;0;0;0;0;0;0;0;0
22.07.13 01:44:17 >> HookCon_Service сообщает : Game#1026683 Win Number: [14]
22.07.13 01:44:17 >> HookCon_Service сообщает : Game#1026683 End
22.07.13 01:45:48 >> HookCon_Service сообщает : Game#1026684 Start
22.07.13 01:46:18 >> HookCon_Service сообщает : Game#1026684 Win Number: [22]
22.07.13 01:46:18 >> HookCon_Service сообщает : Game#1026684 End
22.07.13 01:47:49 >> HookCon_Service сообщает : Game#1026685 Start
22.07.13 01:48:32 >> HookCon_Service сообщает : Game#1026685 Win Number: [26]
22.07.13 01:48:33 >> HookCon_Service сообщает : Game#1026685 End
22.07.13 01:50:03 >> HookCon_Service сообщает : Game#1026686 Start
22.07.13 01:50:33 >> WebClient [192.168.10.5:63350] made a next bet(s)0;0;0;0;0;1.5;0;0;2;0;0;1.5;0;1.75;2.5;1.75;0.25;0.5;0.25;1.5;1.5;2;2;1.5;2;1.5;2;1.5;0;2;0;1.5;4;1.5;0;1.5;0
22.07.13 01:50:35 >> HookCon_Service сообщает : Game#1026686 Win Number: [2]
22.07.13 01:50:35 >> HookCon_Service сообщает : Game#1026686 End
22.07.13 01:52:03 >> HookCon_Service сообщает : Game#1026687 Start
22.07.13 01:52:35 >> Web Server отключен. Причина: Удаленный хост принудительно разорвал существующее подключение
22.07.13 01:52:38 >> HookCon_Service сообщает : Game#1026687 Win Number: [27]
22.07.13 01:52:39 >> HookCon_Service сообщает : Game#1026687 End
22.07.13 01:52:57 >> Подключен клиент: 127.0.0.1
22.07.13 01:54:10 >> HookCon_Service сообщает : Game#1026688 Start
22.07.13 01:54:38 >> HookCon_Service сообщает : Game#1026688 Win Number: [0]
22.07.13 01:54:39 >> HookCon_Service сообщает : Game#1026688 End
22.07.13 01:56:09 >> HookCon_Service сообщает : Game#1026689 Start
22.07.13 01:56:19 >> WebClient [192.168.10.5:53078] made a next bet(s)0;0;0.5;0;1;2;1;1.3333333333333333;2.3333333333333335;1.3333333333333333;0;2;0;0;2;0;0;2;0;1.5;4;2;1.5;3.5;1.5;0;2;0;0;2;0;0;1.5;0;0;25;0
22.07.13 01:56:38 >> HookCon_Service сообщает : Game#1026689 Win Number: [34]
22.07.13 01:56:39 >> HookCon_Service сообщает : Game#1026689 End
22.07.13 01:56:56 >> Web Server отключен. Причина: Удаленный хост принудительно разорвал существующее подключение
22.07.13 01:58:09 >> HookCon_Service сообщает : Game#1026690 Start
22.07.13 01:58:47 >> HookCon_Service сообщает : Game#1026690 Win Number: [21]
22.07.13 01:58:47 >> HookCon_Service сообщает : Game#1026690 End
22.07.13 02:00:09 >> HookCon_Service сообщает : Game#1026691 Start
22.07.13 02:00:21 >> Подключен клиент: 127.0.0.1
22.07.13 02:00:37 >> Web Server отключен. Причина: Удаленный хост принудительно разорвал существующее подключение
22.07.13 02:00:41 >> HookCon_Service сообщает : Game#1026691 Win Number: [17]
22.07.13 02:00:41 >> HookCon_Service сообщает : Game#1026691 End
22.07.13 02:00:41 >> Подключен клиент: 127.0.0.1
22.07.13 02:02:11 >> HookCon_Service сообщает : Game#1026692 Start
22.07.13 02:02:43 >> HookCon_Service сообщает : Game#1026692 Win Number: [30]
22.07.13 02:02:43 >> HookCon_Service сообщает : Game#1026692 End
22.07.13 02:08:23 >> Web Server отключен. Причина: Удаленный хост принудительно разорвал существующее подключение
22.07.13 02:08:51 >> Подключен клиент: 127.0.0.1
22.07.13 02:11:51 >> WebClient [192.168.10.5:53129] made a next bet(s)0;0;0;0;0;0;0;0;0;0;0.25;2.25;2;0.75;2.75;2;0;2;2;0;1;2.5;0;1.5;2;0;3.5;2;0;2;0;0;2;0;0;1.5;0
22.07.13 02:16:11 >> Сервер остановлен! Все входящие подключения разорваны.
22.07.13 02:18:41 >> Сервер запущен. Ожидание входящих подключений.
22.07.13 02:18:46 >> Подключен клиент: 192.168.10.39
22.07.13 02:18:50 >> HookCon_Service сообщает : Game#1026700 Start
22.07.13 02:19:03 >> Подключен клиент: 127.0.0.1
22.07.13 02:19:08 >> HookCon_Service сообщает : Game#1026700 Win Number: [4]
22.07.13 02:19:13 >> HookCon_Service сообщает : Game#1026700 End
22.07.13 02:20:38 >> HookCon_Service сообщает : Game#1026701 Start
22.07.13 02:20:38 >> WebClient [192.168.10.13:47043] made a next bet(s)0;0;0;0;0;0;0;0;0;0;7.5;0;0;10.5;7;1.5;12.5;11;4.5;4.5;9.5;4.5;0;0;0;0;0;0;0;0;0;0;0;0;0;0;0
22.07.13 02:21:07 >> HookCon_Service сообщает : Game#1026701 Win Number: [19]
22.07.13 02:21:08 >> HookCon_Service сообщает : Game#1026701 End
22.07.13 02:22:37 >> HookCon_Service сообщает : Game#1026702 Start
22.07.13 02:22:37 >> WebClient [192.168.10.13:47043] made a next bet(s)0;0;0;0;0;0;0;0;0;0;0;0;0;16;23.25;3.75;22.25;25.75;5;24.25;34.25;10;7.5;3.75;1.25;0;0;0;0;0;0;0;0;0;0;0;0
22.07.13 02:23:08 >> HookCon_Service сообщает : Game#1026702 Win Number: [22]
22.07.13 02:23:09 >> HookCon_Service сообщает : Game#1026702 End
22.07.13 02:24:37 >> HookCon_Service сообщает : Game#1026703 Start
22.07.13 02:25:09 >> HookCon_Service сообщает : Game#1026703 Win Number: [30]
22.07.13 02:25:09 >> HookCon_Service сообщает : Game#1026703 End
22.07.13 02:26:38 >> HookCon_Service сообщает : Game#1026704 Start
22.07.13 02:27:07 >> HookCon_Service сообщает : Game#1026704 Win Number: [4]
22.07.13 02:27:07 >> HookCon_Service сообщает : Game#1026704 End
22.07.13 02:28:36 >> HookCon_Service сообщает : Game#1026705 Start
22.07.13 02:28:36 >> WebClient [192.168.10.13:47411] made a next bet(s)0;0;0;0;0;0;0;0;0;0;0;0;0;0;0;0;0;0;0;15;24;14;14;19;9;0;0;0;0;0;0;0;0;0;0;0;0
22.07.13 02:29:04 >> HookCon_Service сообщает : Game#1026705 Win Number: [31]
22.07.13 02:29:05 >> HookCon_Service сообщает : Game#1026705 End
22.07.13 02:30:34 >> HookCon_Service сообщает : Game#1026706 Start
22.07.13 02:30:34 >> WebClient [192.168.10.13:47512] made a next bet(s)0;11.25;22.5;11.25;12.5;20;15;15;20;15;15;20;15;15;20;15;15;20;15;15;20;17.5;15;17.5;15;15;20;15;15;20;15;15;20;12.5;11.25;17.5;11.25
22.07.13 02:31:04 >> HookCon_Service сообщает : Game#1026706 Win Number: [8]
22.07.13 02:31:04 >> HookCon_Service сообщает : Game#1026706 End
22.07.13 02:32:34 >> HookCon_Service сообщает : Game#1026707 Start
22.07.13 02:32:34 >> WebClient [192.168.10.13:47586] made a next bet(s)0;7.5;10;7.5;7.5;10;10;10;10;10;5;10;10;5;10;10;2.5;10;10;5;10;12.5;7.5;7.5;10;7.5;10;10;7.5;10;10;7.5;10;7.5;0;10;7.5
22.07.13 02:33:03 >> HookCon_Service сообщает : Game#1026707 Win Number: [31]
22.07.13 02:33:03 >> HookCon_Service сообщает : Game#1026707 End
22.07.13 02:34:32 >> HookCon_Service сообщает : Game#1026708 Start
22.07.13 02:34:59 >> HookCon_Service сообщает : Game#1026708 Win Number: [19]
22.07.13 02:34:59 >> HookCon_Service сообщает : Game#1026708 End
22.07.13 02:36:28 >> HookCon_Service сообщает : Game#1026709 Start
22.07.13 02:37:00 >> HookCon_Service сообщает : Game#1026709 Win Number: [32]
22.07.13 02:37:00 >> HookCon_Service сообщает : Game#1026709 End
22.07.13 02:38:30 >> HookCon_Service сообщает : Game#1026710 Start
22.07.13 02:39:01 >> HookCon_Service сообщает : Game#1026710 Win Number: [23]
22.07.13 02:39:01 >> HookCon_Service сообщает : Game#1026710 End
22.07.13 02:40:30 >> HookCon_Service сообщает : Game#1026711 Start
22.07.13 02:40:31 >> WebClient [192.168.10.13:47956] made a next bet(s)0;11.25;27.5;21.25;15.833333333333334;33.333333333333336;18.333333333333332;18.21428571428571;40.714285714285715;28.214285714285715;18.214285714285715;53.214285714285715;28.214285714285715;22.083333333333332;65.83333333333333;32.083333333333336;22.083333333333332;67.08333333333333;25.833333333333332;18.333333333333332;48.333333333333336;43.333333333333336;18.333333333333332;22.083333333333332;24.583333333333332;18.333333333333332;43.333333333333336;38.333333333333336;18.333333333333332;53.333333333333336;55.833333333333336;18.333333333333332;32.083333333333336;42.083333333333336;13.75;18.75;12.5
22.07.13 02:41:00 >> HookCon_Service сообщает : Game#1026711 Win Number: [6]
22.07.13 02:41:01 >> HookCon_Service сообщает : Game#1026711 End
22.07.13 02:42:29 >> HookCon_Service сообщает : Game#1026712 Start
22.07.13 02:42:29 >> WebClient [192.168.10.5:53163] made a next bet(s)0;5;7.5;7.5;7.5;10;10;10;10;10;10;10;10;10;10;10;10;10;10;10;10;12.5;10;7.5;10;10;7.5;10;10;7.5;10;10;10;7.5;7.5;7.5;5
22.07.13 02:43:03 >> HookCon_Service сообщает : Game#1026712 Win Number: [21]
22.07.13 02:43:03 >> HookCon_Service сообщает : Game#1026712 End
22.07.13 02:44:31 >> HookCon_Service сообщает : Game#1026713 Start
22.07.13 02:44:32 >> WebClient [192.168.10.5:53163] made a next bet(s)0;258.3333333333333;383.33333333333326;308.33333333333326;349.99999999999994;499.99999999999994;399.99999999999994;397.61904761904754;497.61904761904754;397.61904761904754;397.61904761904754;497.61904761904754;397.61904761904754;399.9999999999999;499.99999999999994;399.99999999999994;399.9999999999999;499.99999999999994;399.99999999999994;399.9999999999999;449.99999999999994;399.99999999999994;383.33333333333326;433.33333333333326;383.33333333333326;391.66666666666663;491.66666666666663;391.66666666666663;408.3333333333333;508.3333333333333;408.3333333333333;408.3333333333333;508.3333333333333;358.3333333333333;316.6666666666667;391.66666666666663;266.66666666666663
22.07.13 02:45:02 >> HookCon_Service сообщает : Game#1026713 Win Number: [36]
22.07.13 02:45:02 >> HookCon_Service сообщает : Game#1026713 End
22.07.13 02:46:30 >> HookCon_Service сообщает : Game#1026714 Start
22.07.13 02:47:02 >> HookCon_Service сообщает : Game#1026714 Win Number: [32]
22.07.13 02:47:02 >> HookCon_Service сообщает : Game#1026714 End
22.07.13 02:48:32 >> HookCon_Service сообщает : Game#1026715 Start
22.07.13 02:49:02 >> HookCon_Service сообщает : Game#1026715 Win Number: [5]
22.07.13 02:49:02 >> HookCon_Service сообщает : Game#1026715 End
22.07.13 02:49:06 >> Web Server отключен. Причина: Удаленный хост принудительно разорвал существующее подключение
22.07.13 02:50:29 >> HookCon_Service сообщает : Game#1026716 Start
22.07.13 02:51:01 >> HookCon_Service сообщает : Game#1026716 Win Number: [1]
22.07.13 02:51:01 >> HookCon_Service сообщает : Game#1026716 End
22.07.13 02:52:28 >> HookCon_Service сообщает : Game#1026717 Start
22.07.13 02:53:03 >> HookCon_Service сообщает : Game#1026717 Win Number: [35]
22.07.13 02:53:03 >> HookCon_Service сообщает : Game#1026717 End
22.07.13 02:54:31 >> HookCon_Service сообщает : Game#1026718 Start
22.07.13 02:55:02 >> HookCon_Service сообщает : Game#1026718 Win Number: [3]
22.07.13 02:55:02 >> HookCon_Service сообщает : Game#1026718 End
22.07.13 02:56:32 >> HookCon_Service сообщает : Game#1026719 Start
22.07.13 02:57:00 >> HookCon_Service сообщает : Game#1026719 Win Number: [6]
22.07.13 02:57:01 >> HookCon_Service сообщает : Game#1026719 End
22.07.13 02:58:22 >> Подключен клиент: 127.0.0.1
22.07.13 02:58:31 >> HookCon_Service сообщает : Game#1026720 Start
22.07.13 02:59:01 >> HookCon_Service сообщает : Game#1026720 Win Number: [4]
22.07.13 02:59:02 >> HookCon_Service сообщает : Game#1026720 End
22.07.13 03:00:31 >> HookCon_Service сообщает : Game#1026721 Start
22.07.13 03:01:03 >> HookCon_Service сообщает : Game#1026721 Win Number: [20]
22.07.13 03:01:03 >> HookCon_Service сообщает : Game#1026721 End
22.07.13 03:02:32 >> HookCon_Service сообщает : Game#1026722 Start
22.07.13 03:02:59 >> HookCon_Service сообщает : Game#1026722 Win Number: [29]
22.07.13 03:02:59 >> HookCon_Service сообщает : Game#1026722 End
22.07.13 03:04:17 >> Подключен клиент: 127.0.0.1
22.07.13 03:04:27 >> HookCon_Service сообщает : Game#1026723 Start
22.07.13 03:04:57 >> HookCon_Service сообщает : Game#1026723 Win Number: [14]
22.07.13 03:04:57 >> HookCon_Service сообщает : Game#1026723 End
22.07.13 03:06:16 >> Web Server отключен. Причина: Удаленный хост принудительно разорвал существующее подключение
22.07.13 03:06:27 >> HookCon_Service сообщает : Game#1026724 Start
22.07.13 03:06:57 >> HookCon_Service сообщает : Game#1026724 Win Number: [7]
22.07.13 03:06:57 >> HookCon_Service сообщает : Game#1026724 End
22.07.13 03:08:26 >> HookCon_Service сообщает : Game#1026725 Start
22.07.13 03:08:55 >> HookCon_Service сообщает : Game#1026725 Win Number: [7]
22.07.13 03:08:55 >> HookCon_Service сообщает : Game#1026725 End
22.07.13 03:10:25 >> HookCon_Service сообщает : Game#1026726 Start
22.07.13 03:10:53 >> HookCon_Service сообщает : Game#1026726 Win Number: [8]
22.07.13 03:10:54 >> HookCon_Service сообщает : Game#1026726 End
22.07.13 03:11:44 >> Подключен клиент: 127.0.0.1
22.07.13 03:12:17 >> Web Server отключен. Причина: Удаленный хост принудительно разорвал существующее подключение
22.07.13 03:12:23 >> HookCon_Service сообщает : Game#1026727 Start
22.07.13 03:12:52 >> HookCon_Service сообщает : Game#1026727 Win Number: [35]
22.07.13 03:12:52 >> HookCon_Service сообщает : Game#1026727 End
22.07.13 03:14:16 >> Подключен клиент: 127.0.0.1
22.07.13 03:14:22 >> HookCon_Service сообщает : Game#1026728 Start
22.07.13 03:14:52 >> HookCon_Service сообщает : Game#1026728 Win Number: [7]
22.07.13 03:14:53 >> HookCon_Service сообщает : Game#1026728 End
22.07.13 03:15:17 >> Web Server отключен. Причина: Удаленный хост принудительно разорвал существующее подключение
22.07.13 03:16:14 >> Подключен клиент: 127.0.0.1
22.07.13 03:16:22 >> HookCon_Service сообщает : Game#1026729 Start
22.07.13 03:16:50 >> HookCon_Service сообщает : Game#1026729 Win Number: [17]
22.07.13 03:16:51 >> HookCon_Service сообщает : Game#1026729 End
22.07.13 03:18:22 >> HookCon_Service сообщает : Game#1026730 Start
22.07.13 03:18:22 >> WebClient [192.168.10.13:62544] made a next bet(s)0;1;2;2;1.5;2;2;2;2;2;2;77;77;2;102;102;2;102;102;2;52;52.5;2;101.5;102;2;77;77;2;2;2;2;2;1.5;2;2;1
22.07.13 03:18:52 >> HookCon_Service сообщает : Game#1026730 Win Number: [14]
22.07.13 03:18:52 >> HookCon_Service сообщает : Game#1026730 End
22.07.13 03:20:23 >> HookCon_Service сообщает : Game#1026731 Start
22.07.13 03:20:55 >> HookCon_Service сообщает : Game#1026731 Win Number: [3]
22.07.13 03:20:55 >> HookCon_Service сообщает : Game#1026731 End
22.07.13 03:22:22 >> HookCon_Service сообщает : Game#1026732 Start
22.07.13 03:22:53 >> HookCon_Service сообщает : Game#1026732 Win Number: [27]
22.07.13 03:22:53 >> HookCon_Service сообщает : Game#1026732 End
22.07.13 03:24:21 >> HookCon_Service сообщает : Game#1026733 Start
22.07.13 03:24:53 >> HookCon_Service сообщает : Game#1026733 Win Number: [27]
22.07.13 03:24:53 >> HookCon_Service сообщает : Game#1026733 End
22.07.13 03:26:21 >> HookCon_Service сообщает : Game#1026734 Start
22.07.13 03:26:52 >> HookCon_Service сообщает : Game#1026734 Win Number: [0]
22.07.13 03:26:52 >> HookCon_Service сообщает : Game#1026734 End
22.07.13 03:28:22 >> HookCon_Service сообщает : Game#1026735 Start
22.07.13 03:28:49 >> HookCon_Service сообщает : Game#1026735 Win Number: [30]
22.07.13 03:28:49 >> HookCon_Service сообщает : Game#1026735 End
22.07.13 03:30:20 >> HookCon_Service сообщает : Game#1026736 Start
22.07.13 03:30:50 >> HookCon_Service сообщает : Game#1026736 Win Number: [30]
22.07.13 03:30:50 >> HookCon_Service сообщает : Game#1026736 End
22.07.13 03:31:57 >> Web Server отключен. Причина: Удаленный хост принудительно разорвал существующее подключение
22.07.13 03:32:22 >> HookCon_Service сообщает : Game#1026737 Start
22.07.13 03:32:48 >> HookCon_Service сообщает : Game#1026737 Win Number: [14]
22.07.13 03:32:48 >> HookCon_Service сообщает : Game#1026737 End
22.07.13 03:34:16 >> HookCon_Service сообщает : Game#1026738 Start
22.07.13 03:34:41 >> Подключен клиент: 127.0.0.1
22.07.13 03:34:49 >> HookCon_Service сообщает : Game#1026738 Win Number: [15]
22.07.13 03:34:49 >> HookCon_Service сообщает : Game#1026738 End
22.07.13 03:36:18 >> HookCon_Service сообщает : Game#1026739 Start
22.07.13 03:36:50 >> HookCon_Service сообщает : Game#1026739 Win Number: [21]
22.07.13 03:36:51 >> HookCon_Service сообщает : Game#1026739 End
22.07.13 03:37:07 >> Web Server отключен. Причина: Удаленный хост принудительно разорвал существующее подключение
22.07.13 03:38:08 >> Подключен клиент: 127.0.0.1
22.07.13 03:38:20 >> HookCon_Service сообщает : Game#1026740 Start
22.07.13 03:38:56 >> HookCon_Service сообщает : Game#1026740 Win Number: [34]
22.07.13 03:38:56 >> HookCon_Service сообщает : Game#1026740 End
22.07.13 03:39:25 >> Web Server отключен. Причина: Удаленный хост принудительно разорвал существующее подключение
22.07.13 03:39:54 >> Подключен клиент: 127.0.0.1
22.07.13 03:40:26 >> HookCon_Service сообщает : Game#1026741 Start
22.07.13 03:40:58 >> HookCon_Service сообщает : Game#1026741 Win Number: [23]
22.07.13 03:40:58 >> HookCon_Service сообщает : Game#1026741 End
22.07.13 03:42:26 >> HookCon_Service сообщает : Game#1026742 Start
22.07.13 03:43:01 >> HookCon_Service сообщает : Game#1026742 Win Number: [11]
22.07.13 03:43:01 >> HookCon_Service сообщает : Game#1026742 End
22.07.13 03:43:09 >> Web Server отключен. Причина: Удаленный хост принудительно разорвал существующее подключение
22.07.13 03:43:41 >> Подключен клиент: 127.0.0.1
22.07.13 03:44:31 >> HookCon_Service сообщает : Game#1026743 Start
22.07.13 03:45:02 >> HookCon_Service сообщает : Game#1026743 Win Number: [36]
22.07.13 03:45:02 >> HookCon_Service сообщает : Game#1026743 End
22.07.13 03:46:31 >> HookCon_Service сообщает : Game#1026744 Start
22.07.13 03:47:03 >> HookCon_Service сообщает : Game#1026744 Win Number: [29]
22.07.13 03:47:03 >> HookCon_Service сообщает : Game#1026744 End
22.07.13 03:48:30 >> Web Server отключен. Причина: Удаленный хост принудительно разорвал существующее подключение
22.07.13 03:48:32 >> HookCon_Service сообщает : Game#1026745 Start
22.07.13 03:49:05 >> HookCon_Service сообщает : Game#1026745 Win Number: [0]
22.07.13 03:49:06 >> HookCon_Service сообщает : Game#1026745 End
22.07.13 03:50:35 >> HookCon_Service сообщает : Game#1026746 Start
22.07.13 03:51:04 >> HookCon_Service сообщает : Game#1026746 Win Number: [17]
22.07.13 03:51:04 >> HookCon_Service сообщает : Game#1026746 End
22.07.13 03:52:33 >> HookCon_Service сообщает : Game#1026747 Start
22.07.13 03:53:05 >> HookCon_Service сообщает : Game#1026747 Win Number: [33]
22.07.13 03:53:05 >> HookCon_Service сообщает : Game#1026747 End
22.07.13 03:54:35 >> HookCon_Service сообщает : Game#1026748 Start
22.07.13 03:55:06 >> HookCon_Service сообщает : Game#1026748 Win Number: [21]
22.07.13 03:55:06 >> HookCon_Service сообщает : Game#1026748 End
22.07.13 03:55:07 >> Подключен клиент: 127.0.0.1
22.07.13 03:56:34 >> HookCon_Service сообщает : Game#1026749 Start
22.07.13 03:56:58 >> Web Server отключен. Причина: Удаленный хост принудительно разорвал существующее подключение
22.07.13 03:57:06 >> HookCon_Service сообщает : Game#1026749 Win Number: [4]
22.07.13 03:57:06 >> HookCon_Service сообщает : Game#1026749 End
22.07.13 03:58:36 >> HookCon_Service сообщает : Game#1026750 Start
22.07.13 03:59:07 >> HookCon_Service сообщает : Game#1026750 Win Number: [35]
22.07.13 03:59:08 >> HookCon_Service сообщает : Game#1026750 End
22.07.13 03:59:37 >> Подключен клиент: 127.0.0.1
22.07.13 04:00:35 >> HookCon_Service сообщает : Game#1026751 Start
22.07.13 04:00:57 >> Подключен клиент: 127.0.0.1
22.07.13 04:00:58 >> Web Server отключен. Причина: Удаленный хост принудительно разорвал существующее подключение
22.07.13 04:01:04 >> Подключен клиент: 127.0.0.1
22.07.13 04:01:08 >> HookCon_Service сообщает : Game#1026751 Win Number: [15]
22.07.13 04:01:09 >> HookCon_Service сообщает : Game#1026751 End
22.07.13 04:02:37 >> HookCon_Service сообщает : Game#1026752 Start
22.07.13 04:03:08 >> HookCon_Service сообщает : Game#1026752 Win Number: [13]
22.07.13 04:03:08 >> HookCon_Service сообщает : Game#1026752 End
22.07.13 04:04:06 >> Web Server отключен. Причина: Удаленный хост принудительно разорвал существующее подключение
22.07.13 04:04:36 >> HookCon_Service сообщает : Game#1026753 Start
22.07.13 04:05:12 >> HookCon_Service сообщает : Game#1026753 Win Number: [25]
22.07.13 04:05:12 >> HookCon_Service сообщает : Game#1026753 End
22.07.13 04:06:41 >> HookCon_Service сообщает : Game#1026754 Start
22.07.13 04:07:14 >> HookCon_Service сообщает : Game#1026754 Win Number: [6]
22.07.13 04:07:14 >> HookCon_Service сообщает : Game#1026754 End
22.07.13 04:08:44 >> HookCon_Service сообщает : Game#1026755 Start
22.07.13 04:09:13 >> HookCon_Service сообщает : Game#1026755 Win Number: [14]
22.07.13 04:09:13 >> HookCon_Service сообщает : Game#1026755 End
22.07.13 04:10:41 >> HookCon_Service сообщает : Game#1026756 Start
22.07.13 04:11:12 >> HookCon_Service сообщает : Game#1026756 Win Number: [27]
22.07.13 04:11:13 >> HookCon_Service сообщает : Game#1026756 End
22.07.13 04:11:21 >> Подключен клиент: 127.0.0.1
22.07.13 04:12:36 >> Web Server отключен. Причина: Удаленный хост принудительно разорвал существующее подключение
22.07.13 04:12:42 >> HookCon_Service сообщает : Game#1026757 Start
22.07.13 04:13:01 >> Подключен клиент: 127.0.0.1
22.07.13 04:13:12 >> HookCon_Service сообщает : Game#1026757 Win Number: [6]
22.07.13 04:13:12 >> HookCon_Service сообщает : Game#1026757 End
22.07.13 04:14:42 >> HookCon_Service сообщает : Game#1026758 Start
22.07.13 04:15:15 >> HookCon_Service сообщает : Game#1026758 Win Number: [34]
22.07.13 04:15:23 >> HookCon_Service сообщает : Game#1026758 End
22.07.13 04:16:57 >> HookCon_Service сообщает : Game#1026759 Start
22.07.13 04:17:23 >> HookCon_Service сообщает : Game#1026759 Win Number: [14]
22.07.13 04:17:31 >> HookCon_Service сообщает : Game#1026759 End
22.07.13 04:19:00 >> HookCon_Service сообщает : Game#1026760 Start
22.07.13 04:19:30 >> HookCon_Service сообщает : Game#1026760 Win Number: [28]
22.07.13 04:19:38 >> HookCon_Service сообщает : Game#1026760 End
22.07.13 04:20:15 >> Web Server отключен. Причина: Удаленный хост принудительно разорвал существующее подключение
22.07.13 04:21:09 >> HookCon_Service сообщает : Game#1026761 Start
22.07.13 04:21:38 >> HookCon_Service сообщает : Game#1026761 Win Number: [31]
22.07.13 04:21:46 >> HookCon_Service сообщает : Game#1026761 End
22.07.13 04:21:54 >> Подключен клиент: 127.0.0.1
22.07.13 04:23:16 >> HookCon_Service сообщает : Game#1026762 Start
22.07.13 04:23:23 >> Web Server отключен. Причина: Удаленный хост принудительно разорвал существующее подключение
22.07.13 04:23:36 >> Подключен клиент: 127.0.0.1
22.07.13 04:23:48 >> HookCon_Service сообщает : Game#1026762 Win Number: [4]
22.07.13 04:23:56 >> HookCon_Service сообщает : Game#1026762 End
22.07.13 04:24:27 >> Web Server отключен. Причина: Удаленный хост принудительно разорвал существующее подключение
22.07.13 04:24:41 >> Подключен клиент: 127.0.0.1
22.07.13 04:25:24 >> HookCon_Service сообщает : Game#1026763 Start
22.07.13 04:25:59 >> HookCon_Service сообщает : Game#1026763 Win Number: [11]
22.07.13 04:26:08 >> HookCon_Service сообщает : Game#1026763 End
22.07.13 04:27:37 >> HookCon_Service сообщает : Game#1026764 Start
22.07.13 04:28:09 >> HookCon_Service сообщает : Game#1026764 Win Number: [21]
22.07.13 04:28:18 >> HookCon_Service сообщает : Game#1026764 End
22.07.13 04:29:47 >> HookCon_Service сообщает : Game#1026765 Start
22.07.13 04:30:21 >> HookCon_Service сообщает : Game#1026765 Win Number: [5]
22.07.13 04:30:24 >> Web Server отключен. Причина: Удаленный хост принудительно разорвал существующее подключение
22.07.13 04:30:28 >> HookCon_Service сообщает : Game#1026765 End
22.07.13 04:30:31 >> Подключен клиент: 127.0.0.1
22.07.13 04:31:27 >> Web Server отключен. Причина: Удаленный хост принудительно разорвал существующее подключение
22.07.13 04:31:33 >> Подключен клиент: 127.0.0.1
22.07.13 04:31:56 >> HookCon_Service сообщает : Game#1026766 Start
22.07.13 04:32:33 >> HookCon_Service сообщает : Game#1026766 Win Number: [27]
22.07.13 04:32:41 >> HookCon_Service сообщает : Game#1026766 End
22.07.13 04:33:41 >> Web Server отключен. Причина: Удаленный хост принудительно разорвал существующее подключение
22.07.13 04:34:10 >> HookCon_Service сообщает : Game#1026767 Start
22.07.13 04:34:29 >> Подключен клиент: 127.0.0.1
22.07.13 04:34:40 >> HookCon_Service сообщает : Game#1026767 Win Number: [21]
22.07.13 04:34:48 >> HookCon_Service сообщает : Game#1026767 End
22.07.13 04:35:31 >> Web Server отключен. Причина: Удаленный хост принудительно разорвал существующее подключение
22.07.13 04:36:17 >> HookCon_Service сообщает : Game#1026768 Start
22.07.13 04:36:51 >> HookCon_Service сообщает : Game#1026768 Win Number: [8]
22.07.13 04:36:58 >> HookCon_Service сообщает : Game#1026768 End
22.07.13 04:38:28 >> HookCon_Service сообщает : Game#1026769 Start
22.07.13 04:38:57 >> HookCon_Service сообщает : Game#1026769 Win Number: [10]
22.07.13 04:38:58 >> HookCon_Service сообщает : Game#1026769 End
22.07.13 04:40:29 >> HookCon_Service сообщает : Game#1026770 Start
22.07.13 04:41:10 >> HookCon_Service сообщает : Game#1026770 Win Number: [20]
22.07.13 04:41:18 >> HookCon_Service сообщает : Game#1026770 End
22.07.13 04:42:46 >> HookCon_Service сообщает : Game#1026771 Start
22.07.13 04:42:52 >> Подключен клиент: 127.0.0.1
22.07.13 04:43:18 >> HookCon_Service сообщает : Game#1026771 Win Number: [27]
22.07.13 04:43:26 >> HookCon_Service сообщает : Game#1026771 End
22.07.13 04:43:56 >> Web Server отключен. Причина: Удаленный хост принудительно разорвал существующее подключение
22.07.13 04:44:27 >> Подключен клиент: 127.0.0.1
22.07.13 04:44:55 >> HookCon_Service сообщает : Game#1026772 Start
22.07.13 04:45:26 >> HookCon_Service сообщает : Game#1026772 Win Number: [17]
22.07.13 04:45:34 >> HookCon_Service сообщает : Game#1026772 End
22.07.13 04:46:38 >> Web Server отключен. Причина: Удаленный хост принудительно разорвал существующее подключение
22.07.13 04:47:02 >> HookCon_Service сообщает : Game#1026773 Start
22.07.13 04:47:33 >> HookCon_Service сообщает : Game#1026773 Win Number: [26]
22.07.13 04:47:41 >> HookCon_Service сообщает : Game#1026773 End
22.07.13 04:48:42 >> Подключен клиент: 127.0.0.1
22.07.13 04:49:10 >> HookCon_Service сообщает : Game#1026774 Start
22.07.13 04:49:42 >> HookCon_Service сообщает : Game#1026774 Win Number: [1]
22.07.13 04:49:49 >> HookCon_Service сообщает : Game#1026774 End
22.07.13 04:51:18 >> HookCon_Service сообщает : Game#1026775 Start
22.07.13 04:51:51 >> HookCon_Service сообщает : Game#1026775 Win Number: [32]
22.07.13 04:51:59 >> HookCon_Service сообщает : Game#1026775 End
22.07.13 04:52:06 >> Web Server отключен. Причина: Удаленный хост принудительно разорвал существующее подключение
22.07.13 04:52:44 >> Подключен клиент: 127.0.0.1
22.07.13 04:53:35 >> HookCon_Service сообщает : Game#1026776 Start
22.07.13 04:53:49 >> Web Server отключен. Причина: Удаленный хост принудительно разорвал существующее подключение
22.07.13 04:53:58 >> HookCon_Service сообщает : Game#1026776 Win Number: [6]
22.07.13 04:54:06 >> HookCon_Service сообщает : Game#1026776 End
22.07.13 04:54:24 >> Подключен клиент: 127.0.0.1
22.07.13 04:55:20 >> Web Server отключен. Причина: Удаленный хост принудительно разорвал существующее подключение
22.07.13 04:55:35 >> HookCon_Service сообщает : Game#1026777 Start
22.07.13 04:56:09 >> HookCon_Service сообщает : Game#1026777 Win Number: [9]
22.07.13 04:56:10 >> Подключен клиент: 127.0.0.1
22.07.13 04:56:17 >> HookCon_Service сообщает : Game#1026777 End
22.07.13 04:56:54 >> Web Server отключен. Причина: Удаленный хост принудительно разорвал существующее подключение
22.07.13 04:57:32 >> Подключен клиент: 127.0.0.1
22.07.13 04:57:45 >> HookCon_Service сообщает : Game#1026778 Start
22.07.13 04:58:16 >> Web Server отключен. Причина: Удаленный хост принудительно разорвал существующее подключение
22.07.13 04:58:19 >> HookCon_Service сообщает : Game#1026778 Win Number: [18]
22.07.13 04:58:20 >> HookCon_Service сообщает : Game#1026778 End
22.07.13 04:59:49 >> HookCon_Service сообщает : Game#1026779 Start
22.07.13 05:00:22 >> HookCon_Service сообщает : Game#1026779 Win Number: [22]
22.07.13 05:00:22 >> HookCon_Service сообщает : Game#1026779 End
22.07.13 05:01:53 >> HookCon_Service сообщает : Game#1026780 Start
22.07.13 05:02:26 >> HookCon_Service сообщает : Game#1026780 Win Number: [10]
22.07.13 05:03:55 >> HookCon_Service сообщает : Game#1026781 Start
22.07.13 05:04:27 >> HookCon_Service сообщает : Game#1026781 Win Number: [4]
22.07.13 05:04:27 >> HookCon_Service сообщает : Game#1026781 End
22.07.13 05:05:56 >> HookCon_Service сообщает : Game#1026782 Start
22.07.13 05:06:29 >> HookCon_Service сообщает : Game#1026782 Win Number: [35]
22.07.13 05:06:30 >> HookCon_Service сообщает : Game#1026782 End
22.07.13 05:07:58 >> HookCon_Service сообщает : Game#1026783 Start
22.07.13 05:08:30 >> HookCon_Service сообщает : Game#1026783 Win Number: [36]
22.07.13 05:08:30 >> HookCon_Service сообщает : Game#1026783 End
22.07.13 05:09:59 >> HookCon_Service сообщает : Game#1026784 Start
22.07.13 05:10:27 >> HookCon_Service сообщает : Game#1026784 Win Number: [0]
22.07.13 05:10:28 >> HookCon_Service сообщает : Game#1026784 End
22.07.13 05:11:57 >> HookCon_Service сообщает : Game#1026785 Start
22.07.13 05:12:28 >> HookCon_Service сообщает : Game#1026785 Win Number: [20]
22.07.13 05:12:29 >> HookCon_Service сообщает : Game#1026785 End
22.07.13 05:14:10 >> HookCon_Service сообщает : Game#1026786 Start
22.07.13 05:14:31 >> HookCon_Service сообщает : Game#1026786 Win Number: [24]
22.07.13 05:14:32 >> HookCon_Service сообщает : Game#1026786 End
22.07.13 05:14:54 >> Подключен клиент: 127.0.0.1
22.07.13 05:15:10 >> Web Server отключен. Причина: Удаленный хост принудительно разорвал существующее подключение
22.07.13 05:15:30 >> Подключен клиент: 127.0.0.1
22.07.13 05:16:01 >> HookCon_Service сообщает : Game#1026787 Start
22.07.13 05:16:32 >> HookCon_Service сообщает : Game#1026787 Win Number: [21]
22.07.13 05:16:33 >> HookCon_Service сообщает : Game#1026787 End
22.07.13 05:17:50 >> Web Server отключен. Причина: Удаленный хост принудительно разорвал существующее подключение
22.07.13 05:18:02 >> HookCon_Service сообщает : Game#1026788 Start
22.07.13 05:18:31 >> HookCon_Service сообщает : Game#1026788 Win Number: [31]
22.07.13 05:18:31 >> HookCon_Service сообщает : Game#1026788 End
22.07.13 05:20:00 >> HookCon_Service сообщает : Game#1026789 Start
22.07.13 05:20:31 >> HookCon_Service сообщает : Game#1026789 Win Number: [15]
22.07.13 05:20:32 >> HookCon_Service сообщает : Game#1026789 End
22.07.13 05:22:02 >> HookCon_Service сообщает : Game#1026790 Start
22.07.13 05:22:25 >> Подключен клиент: 127.0.0.1
22.07.13 05:22:33 >> HookCon_Service сообщает : Game#1026790 Win Number: [21]
22.07.13 05:22:34 >> HookCon_Service сообщает : Game#1026790 End
22.07.13 05:24:05 >> HookCon_Service сообщает : Game#1026791 Start
22.07.13 05:24:05 >> WebClient [192.168.10.13:42951] made a next bet(s)14.583333333333334;18.333333333333332;26.250000000000007;18.333333333333336;17.5;25.000000000000004;20;19.880952380952383;24.880952380952387;19.880952380952383;19.880952380952383;24.880952380952387;19.880952380952383;20;25.000000000000004;20;20;25.000000000000004;20;20;25.000000000000004;22.500000000000004;20;22.500000000000004;20;20;25.000000000000004;20;20;25.000000000000004;20;20;25.000000000000004;17.5;15.416666666666668;19.166666666666668;12.916666666666668
22.07.13 05:24:34 >> HookCon_Service сообщает : Game#1026791 Win Number: [15]
22.07.13 05:24:34 >> HookCon_Service сообщает : Game#1026791 End
22.07.13 05:26:03 >> HookCon_Service сообщает : Game#1026792 Start
22.07.13 05:26:32 >> HookCon_Service сообщает : Game#1026792 Win Number: [21]
22.07.13 05:26:33 >> HookCon_Service сообщает : Game#1026792 End
22.07.13 05:28:01 >> HookCon_Service сообщает : Game#1026793 Start
22.07.13 05:28:32 >> HookCon_Service сообщает : Game#1026793 Win Number: [10]
22.07.13 05:28:32 >> HookCon_Service сообщает : Game#1026793 End
22.07.13 05:30:01 >> HookCon_Service сообщает : Game#1026794 Start
22.07.13 05:30:02 >> WebClient [192.168.10.13:42951] made a next bet(s)0;0;3.75;11.25;0;5;15;0;5;15;0;5;15;0;5;15;0;5;15;0;7.5;17.5;0;5;15;0;5;15;0;5;15;0;5;12.5;0;3.75;8.75
22.07.13 05:30:30 >> HookCon_Service сообщает : Game#1026794 Win Number: [7]
22.07.13 05:30:31 >> HookCon_Service сообщает : Game#1026794 End
22.07.13 05:32:00 >> HookCon_Service сообщает : Game#1026795 Start
22.07.13 05:32:01 >> WebClient [192.168.10.13:43183] made a next bet(s)0;3.75;23.333333333333332;19.583333333333336;5;30.833333333333332;25.833333333333332;5;30.833333333333332;25.833333333333332;5;30.833333333333332;25.833333333333332;5;30.833333333333332;25.833333333333332;5;30.833333333333332;25.833333333333332;5;30.833333333333332;25.833333333333332;5;30.833333333333332;25.833333333333332;5;30.833333333333332;25.833333333333332;5;30.833333333333332;25.833333333333332;5;30.833333333333332;25.833333333333332;3.75;23.333333333333336;19.583333333333336
22.07.13 05:32:30 >> HookCon_Service сообщает : Game#1026795 Win Number: [19]
22.07.13 05:32:31 >> HookCon_Service сообщает : Game#1026795 End
22.07.13 05:33:34 >> WebClient [192.168.10.13:43300] made a next bet(s)0;0;0;0;0;0;0;0;0;0;0;0;0;0;1.25;1.25;0;1.25;1.25;0;0;0;0;0;0;0;0;0;0;0;0;0;0;0;0;0;0
22.07.13 05:33:58 >> HookCon_Service сообщает : Game#1026796 Start
22.07.13 05:33:59 >> WebClient [192.168.10.13:43300] made a next bet(s)0;0;0;0;0;0;0;0;0;0;0;0;0;0;1.25;1.25;0;1.25;1.25;0;0;0;0;0;0;0;0;0;0;0;0;0;0;0;0;0;0
22.07.13 05:34:40 >> HookCon_Service сообщает : Game#1026796 Win Number: [34]
22.07.13 05:34:40 >> HookCon_Service сообщает : Game#1026796 End
22.07.13 05:35:15 >> WebClient [192.168.10.13:43300] made a next bet(s)0;0;0;0;0;0;0;0;0;0;0;0;0;0;1.25;1.25;0;1.25;1.25;0;0;0;0;0;0;0;0;0;0;0;0;0;0;0;0;0;0
22.07.13 05:36:06 >> HookCon_Service сообщает : Game#1026797 Start
22.07.13 05:36:36 >> HookCon_Service сообщает : Game#1026797 Win Number: [20]
22.07.13 05:36:36 >> HookCon_Service сообщает : Game#1026797 End
22.07.13 05:37:23 >> Web Server отключен. Причина: Удаленный хост принудительно разорвал существующее подключение
22.07.13 05:38:05 >> HookCon_Service сообщает : Game#1026798 Start
22.07.13 05:38:36 >> HookCon_Service сообщает : Game#1026798 Win Number: [9]
22.07.13 05:38:37 >> HookCon_Service сообщает : Game#1026798 End
22.07.13 05:40:05 >> HookCon_Service сообщает : Game#1026799 Start
22.07.13 05:40:33 >> HookCon_Service сообщает : Game#1026799 Win Number: [21]
22.07.13 05:40:34 >> HookCon_Service сообщает : Game#1026799 End
22.07.13 05:42:05 >> HookCon_Service сообщает : Game#1026800 Start
22.07.13 05:42:34 >> HookCon_Service сообщает : Game#1026800 Win Number: [11]
22.07.13 05:42:35 >> HookCon_Service сообщает : Game#1026800 End
22.07.13 05:44:04 >> HookCon_Service сообщает : Game#1026801 Start
22.07.13 05:44:36 >> HookCon_Service сообщает : Game#1026801 Win Number: [20]
22.07.13 05:44:36 >> HookCon_Service сообщает : Game#1026801 End
22.07.13 05:46:04 >> HookCon_Service сообщает : Game#1026802 Start
22.07.13 05:46:37 >> HookCon_Service сообщает : Game#1026802 Win Number: [4]
22.07.13 05:46:37 >> HookCon_Service сообщает : Game#1026802 End
22.07.13 05:48:06 >> HookCon_Service сообщает : Game#1026803 Start
22.07.13 05:48:38 >> HookCon_Service сообщает : Game#1026803 Win Number: [27]
22.07.13 05:48:39 >> HookCon_Service сообщает : Game#1026803 End
22.07.13 05:50:08 >> HookCon_Service сообщает : Game#1026804 Start
22.07.13 05:50:36 >> HookCon_Service сообщает : Game#1026804 Win Number: [10]
22.07.13 05:50:37 >> HookCon_Service сообщает : Game#1026804 End
22.07.13 05:52:06 >> HookCon_Service сообщает : Game#1026805 Start
22.07.13 05:52:34 >> HookCon_Service сообщает : Game#1026805 Win Number: [1]
22.07.13 05:52:34 >> HookCon_Service сообщает : Game#1026805 End
22.07.13 05:54:04 >> HookCon_Service сообщает : Game#1026806 Start
22.07.13 05:54:32 >> HookCon_Service сообщает : Game#1026806 Win Number: [36]
22.07.13 05:54:33 >> HookCon_Service сообщает : Game#1026806 End
22.07.13 05:56:02 >> HookCon_Service сообщает : Game#1026807 Start
22.07.13 05:56:30 >> HookCon_Service сообщает : Game#1026807 Win Number: [31]
22.07.13 05:56:30 >> HookCon_Service сообщает : Game#1026807 End
22.07.13 05:57:57 >> HookCon_Service сообщает : Game#1026808 Start
22.07.13 05:58:31 >> HookCon_Service сообщает : Game#1026808 Win Number: [31]
22.07.13 05:58:31 >> HookCon_Service сообщает : Game#1026808 End
22.07.13 06:00:01 >> HookCon_Service сообщает : Game#1026809 Start
22.07.13 06:00:30 >> HookCon_Service сообщает : Game#1026809 Win Number: [2]
22.07.13 06:00:30 >> HookCon_Service сообщает : Game#1026809 End
22.07.13 06:01:59 >> HookCon_Service сообщает : Game#1026810 Start
22.07.13 06:02:30 >> HookCon_Service сообщает : Game#1026810 Win Number: [10]
22.07.13 06:02:31 >> HookCon_Service сообщает : Game#1026810 End
22.07.13 06:03:59 >> HookCon_Service сообщает : Game#1026811 Start
22.07.13 06:04:31 >> HookCon_Service сообщает : Game#1026811 Win Number: [1]
22.07.13 06:04:31 >> HookCon_Service сообщает : Game#1026811 End
22.07.13 06:06:02 >> HookCon_Service сообщает : Game#1026812 Start
22.07.13 06:06:32 >> HookCon_Service сообщает : Game#1026812 Win Number: [15]
22.07.13 06:06:33 >> HookCon_Service сообщает : Game#1026812 End
22.07.13 06:08:01 >> HookCon_Service сообщает : Game#1026813 Start
22.07.13 06:08:33 >> HookCon_Service сообщает : Game#1026813 Win Number: [32]
22.07.13 06:08:33 >> HookCon_Service сообщает : Game#1026813 End
22.07.13 06:10:03 >> HookCon_Service сообщает : Game#1026814 Start
22.07.13 06:10:35 >> HookCon_Service сообщает : Game#1026814 Win Number: [36]
22.07.13 06:10:35 >> HookCon_Service сообщает : Game#1026814 End
